{"C:\\Nadia\\ProyectoFinal\\inia-frontend-jc\\app\\listado\\analisis\\pureza\\page.tsx": {"path":"C:\\Nadia\\ProyectoFinal\\inia-frontend-jc\\app\\listado\\analisis\\pureza\\page.tsx","statementMap":{"0":{"start":{"line":63,"column":24},"end":{"line":63,"column":null}},"1":{"start":{"line":3,"column":36},"end":{"line":3,"column":null}},"2":{"start":{"line":4,"column":57},"end":{"line":4,"column":null}},"3":{"start":{"line":5,"column":23},"end":{"line":5,"column":null}},"4":{"start":{"line":6,"column":22},"end":{"line":6,"column":null}},"5":{"start":{"line":7,"column":22},"end":{"line":7,"column":null}},"6":{"start":{"line":8,"column":78},"end":{"line":8,"column":null}},"7":{"start":{"line":9,"column":107},"end":{"line":9,"column":null}},"8":{"start":{"line":10,"column":17},"end":{"line":10,"column":null}},"9":{"start":{"line":11,"column":73},"end":{"line":11,"column":null}},"10":{"start":{"line":12,"column":23},"end":{"line":12,"column":null}},"11":{"start":{"line":29,"column":22},"end":{"line":29,"column":null}},"12":{"start":{"line":30,"column":24},"end":{"line":30,"column":null}},"13":{"start":{"line":31,"column":36},"end":{"line":31,"column":null}},"14":{"start":{"line":32,"column":32},"end":{"line":32,"column":null}},"15":{"start":{"line":35,"column":28},"end":{"line":61,"column":null}},"16":{"start":{"line":36,"column":2},"end":{"line":36,"column":null}},"17":{"start":{"line":36,"column":20},"end":{"line":36,"column":null}},"18":{"start":{"line":38,"column":2},"end":{"line":60,"column":null}},"19":{"start":{"line":40,"column":4},"end":{"line":48,"column":null}},"20":{"start":{"line":41,"column":33},"end":{"line":41,"column":null}},"21":{"start":{"line":42,"column":20},"end":{"line":42,"column":51}},"22":{"start":{"line":43,"column":6},"end":{"line":47,"column":null}},"23":{"start":{"line":51,"column":18},"end":{"line":51,"column":null}},"24":{"start":{"line":52,"column":4},"end":{"line":56,"column":null}},"25":{"start":{"line":58,"column":4},"end":{"line":58,"column":null}},"26":{"start":{"line":59,"column":4},"end":{"line":59,"column":null}},"27":{"start":{"line":64,"column":19},"end":{"line":64,"column":null}},"28":{"start":{"line":65,"column":38},"end":{"line":65,"column":null}},"29":{"start":{"line":66,"column":46},"end":{"line":66,"column":null}},"30":{"start":{"line":67,"column":42},"end":{"line":67,"column":null}},"31":{"start":{"line":68,"column":32},"end":{"line":68,"column":null}},"32":{"start":{"line":69,"column":32},"end":{"line":69,"column":null}},"33":{"start":{"line":70,"column":28},"end":{"line":70,"column":null}},"34":{"start":{"line":71,"column":40},"end":{"line":71,"column":null}},"35":{"start":{"line":72,"column":38},"end":{"line":72,"column":null}},"36":{"start":{"line":73,"column":44},"end":{"line":73,"column":null}},"37":{"start":{"line":74,"column":30},"end":{"line":74,"column":null}},"38":{"start":{"line":75,"column":32},"end":{"line":75,"column":null}},"39":{"start":{"line":76,"column":19},"end":{"line":76,"column":null}},"40":{"start":{"line":79,"column":4},"end":{"line":79,"column":null}},"41":{"start":{"line":80,"column":4},"end":{"line":80,"column":null}},"42":{"start":{"line":85,"column":30},"end":{"line":91,"column":null}},"43":{"start":{"line":86,"column":4},"end":{"line":90,"column":null}},"44":{"start":{"line":87,"column":6},"end":{"line":87,"column":null}},"45":{"start":{"line":88,"column":6},"end":{"line":88,"column":null}},"46":{"start":{"line":89,"column":6},"end":{"line":89,"column":null}},"47":{"start":{"line":94,"column":28},"end":{"line":97,"column":null}},"48":{"start":{"line":95,"column":4},"end":{"line":95,"column":null}},"49":{"start":{"line":96,"column":4},"end":{"line":96,"column":null}},"50":{"start":{"line":99,"column":23},"end":{"line":130,"column":null}},"51":{"start":{"line":100,"column":4},"end":{"line":129,"column":null}},"52":{"start":{"line":101,"column":6},"end":{"line":101,"column":null}},"53":{"start":{"line":103,"column":27},"end":{"line":103,"column":null}},"54":{"start":{"line":105,"column":19},"end":{"line":111,"column":null}},"55":{"start":{"line":113,"column":6},"end":{"line":113,"column":null}},"56":{"start":{"line":116,"column":23},"end":{"line":116,"column":null}},"57":{"start":{"line":118,"column":6},"end":{"line":118,"column":null}},"58":{"start":{"line":119,"column":6},"end":{"line":119,"column":null}},"59":{"start":{"line":120,"column":6},"end":{"line":120,"column":null}},"60":{"start":{"line":121,"column":6},"end":{"line":121,"column":null}},"61":{"start":{"line":122,"column":6},"end":{"line":122,"column":null}},"62":{"start":{"line":123,"column":6},"end":{"line":123,"column":null}},"63":{"start":{"line":125,"column":6},"end":{"line":125,"column":null}},"64":{"start":{"line":126,"column":6},"end":{"line":126,"column":null}},"65":{"start":{"line":128,"column":6},"end":{"line":128,"column":null}},"66":{"start":{"line":133,"column":27},"end":{"line":142,"column":null}},"67":{"start":{"line":134,"column":4},"end":{"line":134,"column":null}},"68":{"start":{"line":134,"column":73},"end":{"line":134,"column":null}},"69":{"start":{"line":135,"column":4},"end":{"line":141,"column":null}},"70":{"start":{"line":136,"column":6},"end":{"line":136,"column":null}},"71":{"start":{"line":137,"column":6},"end":{"line":137,"column":null}},"72":{"start":{"line":138,"column":6},"end":{"line":138,"column":null}},"73":{"start":{"line":140,"column":6},"end":{"line":140,"column":null}},"74":{"start":{"line":144,"column":26},"end":{"line":152,"column":null}},"75":{"start":{"line":145,"column":4},"end":{"line":151,"column":null}},"76":{"start":{"line":146,"column":6},"end":{"line":146,"column":null}},"77":{"start":{"line":147,"column":6},"end":{"line":147,"column":null}},"78":{"start":{"line":148,"column":6},"end":{"line":148,"column":null}},"79":{"start":{"line":150,"column":6},"end":{"line":150,"column":null}},"80":{"start":{"line":155,"column":27},"end":{"line":155,"column":null}},"81":{"start":{"line":158,"column":24},"end":{"line":158,"column":null}},"82":{"start":{"line":159,"column":28},"end":{"line":159,"column":79}},"83":{"start":{"line":159,"column":48},"end":{"line":159,"column":73}},"84":{"start":{"line":160,"column":29},"end":{"line":160,"column":82}},"85":{"start":{"line":160,"column":49},"end":{"line":160,"column":76}},"86":{"start":{"line":161,"column":26},"end":{"line":161,"column":118}},"87":{"start":{"line":161,"column":46},"end":{"line":161,"column":112}},"88":{"start":{"line":164,"column":26},"end":{"line":164,"column":null}},"89":{"start":{"line":164,"column":46},"end":{"line":164,"column":null}},"90":{"start":{"line":165,"column":25},"end":{"line":167,"column":null}},"91":{"start":{"line":166,"column":41},"end":{"line":166,"column":74}},"92":{"start":{"line":169,"column":32},"end":{"line":184,"column":null}},"93":{"start":{"line":170,"column":4},"end":{"line":183,"column":null}},"94":{"start":{"line":172,"column":8},"end":{"line":172,"column":null}},"95":{"start":{"line":174,"column":8},"end":{"line":174,"column":null}},"96":{"start":{"line":176,"column":8},"end":{"line":176,"column":null}},"97":{"start":{"line":178,"column":8},"end":{"line":178,"column":null}},"98":{"start":{"line":180,"column":8},"end":{"line":180,"column":null}},"99":{"start":{"line":182,"column":8},"end":{"line":182,"column":null}},"100":{"start":{"line":268,"column":16},"end":{"line":268,"column":null}},"101":{"start":{"line":269,"column":16},"end":{"line":269,"column":null}},"102":{"start":{"line":278,"column":35},"end":{"line":278,"column":null}},"103":{"start":{"line":290,"column":33},"end":{"line":290,"column":null}},"104":{"start":{"line":302,"column":33},"end":{"line":302,"column":null}},"105":{"start":{"line":351,"column":39},"end":{"line":353,"column":null}},"106":{"start":{"line":356,"column":40},"end":{"line":358,"column":null}},"107":{"start":{"line":360,"column":20},"end":{"line":361,"column":null}},"108":{"start":{"line":401,"column":49},"end":{"line":401,"column":null}},"109":{"start":{"line":411,"column":49},"end":{"line":411,"column":null}},"110":{"start":{"line":441,"column":35},"end":{"line":441,"column":null}}},"fnMap":{"0":{"name":"(anonymous_2)","decl":{"start":{"line":35,"column":28},"end":{"line":35,"column":29}},"loc":{"start":{"line":35,"column":29},"end":{"line":61,"column":null}}},"1":{"name":"ListadoPurezaPage","decl":{"start":{"line":63,"column":24},"end":{"line":63,"column":null}},"loc":{"start":{"line":63,"column":24},"end":{"line":451,"column":null}}},"2":{"name":"(anonymous_4)","decl":{"start":{"line":78,"column":12},"end":{"line":78,"column":null}},"loc":{"start":{"line":78,"column":12},"end":{"line":82,"column":5}}},"3":{"name":"(anonymous_5)","decl":{"start":{"line":85,"column":30},"end":{"line":85,"column":31}},"loc":{"start":{"line":85,"column":31},"end":{"line":91,"column":null}}},"4":{"name":"(anonymous_6)","decl":{"start":{"line":94,"column":28},"end":{"line":94,"column":null}},"loc":{"start":{"line":94,"column":28},"end":{"line":97,"column":null}}},"5":{"name":"(anonymous_7)","decl":{"start":{"line":99,"column":23},"end":{"line":99,"column":30}},"loc":{"start":{"line":99,"column":46},"end":{"line":130,"column":null}}},"6":{"name":"(anonymous_8)","decl":{"start":{"line":133,"column":27},"end":{"line":133,"column":34}},"loc":{"start":{"line":133,"column":34},"end":{"line":142,"column":null}}},"7":{"name":"(anonymous_9)","decl":{"start":{"line":144,"column":26},"end":{"line":144,"column":33}},"loc":{"start":{"line":144,"column":33},"end":{"line":152,"column":null}}},"8":{"name":"(anonymous_10)","decl":{"start":{"line":159,"column":43},"end":{"line":159,"column":48}},"loc":{"start":{"line":159,"column":48},"end":{"line":159,"column":73}}},"9":{"name":"(anonymous_11)","decl":{"start":{"line":160,"column":44},"end":{"line":160,"column":49}},"loc":{"start":{"line":160,"column":49},"end":{"line":160,"column":76}}},"10":{"name":"(anonymous_12)","decl":{"start":{"line":161,"column":41},"end":{"line":161,"column":46}},"loc":{"start":{"line":161,"column":46},"end":{"line":161,"column":112}}},"11":{"name":"(anonymous_13)","decl":{"start":{"line":164,"column":41},"end":{"line":164,"column":46}},"loc":{"start":{"line":164,"column":46},"end":{"line":164,"column":null}}},"12":{"name":"(anonymous_14)","decl":{"start":{"line":166,"column":29},"end":{"line":166,"column":30}},"loc":{"start":{"line":166,"column":41},"end":{"line":166,"column":74}}},"13":{"name":"(anonymous_15)","decl":{"start":{"line":169,"column":32},"end":{"line":169,"column":33}},"loc":{"start":{"line":169,"column":33},"end":{"line":184,"column":null}}},"14":{"name":"(anonymous_16)","decl":{"start":{"line":267,"column":24},"end":{"line":267,"column":25}},"loc":{"start":{"line":267,"column":25},"end":{"line":270,"column":null}}},"15":{"name":"(anonymous_17)","decl":{"start":{"line":278,"column":28},"end":{"line":278,"column":29}},"loc":{"start":{"line":278,"column":35},"end":{"line":278,"column":null}}},"16":{"name":"(anonymous_18)","decl":{"start":{"line":290,"column":26},"end":{"line":290,"column":27}},"loc":{"start":{"line":290,"column":33},"end":{"line":290,"column":null}}},"17":{"name":"(anonymous_19)","decl":{"start":{"line":302,"column":26},"end":{"line":302,"column":27}},"loc":{"start":{"line":302,"column":33},"end":{"line":302,"column":null}}},"18":{"name":"(anonymous_20)","decl":{"start":{"line":349,"column":39},"end":{"line":349,"column":40}},"loc":{"start":{"line":349,"column":40},"end":{"line":423,"column":null}}},"19":{"name":"(anonymous_21)","decl":{"start":{"line":401,"column":43},"end":{"line":401,"column":49}},"loc":{"start":{"line":401,"column":49},"end":{"line":401,"column":null}}},"20":{"name":"(anonymous_22)","decl":{"start":{"line":411,"column":43},"end":{"line":411,"column":49}},"loc":{"start":{"line":411,"column":49},"end":{"line":411,"column":null}}},"21":{"name":"(anonymous_23)","decl":{"start":{"line":441,"column":28},"end":{"line":441,"column":29}},"loc":{"start":{"line":441,"column":35},"end":{"line":441,"column":null}}}},"branchMap":{"0":{"loc":{"start":{"line":36,"column":2},"end":{"line":36,"column":null}},"type":"if","locations":[{"start":{"line":36,"column":2},"end":{"line":36,"column":null}}]},"1":{"loc":{"start":{"line":40,"column":4},"end":{"line":48,"column":null}},"type":"if","locations":[{"start":{"line":40,"column":4},"end":{"line":48,"column":null}}]},"2":{"loc":{"start":{"line":86,"column":4},"end":{"line":90,"column":null}},"type":"if","locations":[{"start":{"line":86,"column":4},"end":{"line":90,"column":null}}]},"3":{"loc":{"start":{"line":99,"column":30},"end":{"line":99,"column":46}},"type":"default-arg","locations":[{"start":{"line":99,"column":45},"end":{"line":99,"column":46}}]},"4":{"loc":{"start":{"line":103,"column":27},"end":{"line":103,"column":null}},"type":"cond-expr","locations":[{"start":{"line":103,"column":54},"end":{"line":103,"column":66}},{"start":{"line":103,"column":66},"end":{"line":103,"column":null}}]},"5":{"loc":{"start":{"line":110,"column":8},"end":{"line":110,"column":null}},"type":"cond-expr","locations":[{"start":{"line":110,"column":35},"end":{"line":110,"column":52}},{"start":{"line":110,"column":52},"end":{"line":110,"column":null}}]},"6":{"loc":{"start":{"line":134,"column":4},"end":{"line":134,"column":null}},"type":"if","locations":[{"start":{"line":134,"column":4},"end":{"line":134,"column":null}}]},"7":{"loc":{"start":{"line":161,"column":46},"end":{"line":161,"column":112}},"type":"binary-expr","locations":[{"start":{"line":161,"column":46},"end":{"line":161,"column":75}},{"start":{"line":161,"column":75},"end":{"line":161,"column":112}}]},"8":{"loc":{"start":{"line":164,"column":46},"end":{"line":164,"column":null}},"type":"binary-expr","locations":[{"start":{"line":164,"column":46},"end":{"line":164,"column":82}},{"start":{"line":164,"column":82},"end":{"line":164,"column":null}}]},"9":{"loc":{"start":{"line":165,"column":25},"end":{"line":167,"column":null}},"type":"cond-expr","locations":[{"start":{"line":166,"column":6},"end":{"line":166,"column":101}},{"start":{"line":167,"column":6},"end":{"line":167,"column":null}}]},"10":{"loc":{"start":{"line":166,"column":48},"end":{"line":166,"column":74}},"type":"binary-expr","locations":[{"start":{"line":166,"column":48},"end":{"line":166,"column":66}},{"start":{"line":166,"column":70},"end":{"line":166,"column":74}}]},"11":{"loc":{"start":{"line":170,"column":4},"end":{"line":183,"column":null}},"type":"switch","locations":[{"start":{"line":171,"column":6},"end":{"line":172,"column":null}},{"start":{"line":173,"column":6},"end":{"line":174,"column":null}},{"start":{"line":175,"column":6},"end":{"line":176,"column":null}},{"start":{"line":177,"column":6},"end":{"line":178,"column":null}},{"start":{"line":179,"column":6},"end":{"line":180,"column":null}},{"start":{"line":181,"column":6},"end":{"line":182,"column":null}}]},"12":{"loc":{"start":{"line":339,"column":17},"end":{"line":423,"column":null}},"type":"cond-expr","locations":[{"start":{"line":340,"column":18},"end":{"line":349,"column":35}},{"start":{"line":349,"column":18},"end":{"line":423,"column":null}}]},"13":{"loc":{"start":{"line":351,"column":39},"end":{"line":353,"column":null}},"type":"cond-expr","locations":[{"start":{"line":352,"column":24},"end":{"line":352,"column":null}},{"start":{"line":353,"column":24},"end":{"line":353,"column":null}}]},"14":{"loc":{"start":{"line":351,"column":39},"end":{"line":351,"column":null}},"type":"binary-expr","locations":[{"start":{"line":351,"column":39},"end":{"line":351,"column":82}},{"start":{"line":351,"column":82},"end":{"line":351,"column":null}}]},"15":{"loc":{"start":{"line":356,"column":40},"end":{"line":358,"column":null}},"type":"cond-expr","locations":[{"start":{"line":357,"column":24},"end":{"line":357,"column":null}},{"start":{"line":358,"column":24},"end":{"line":358,"column":null}}]},"16":{"loc":{"start":{"line":356,"column":40},"end":{"line":356,"column":null}},"type":"binary-expr","locations":[{"start":{"line":356,"column":40},"end":{"line":356,"column":76}},{"start":{"line":356,"column":76},"end":{"line":356,"column":null}}]},"17":{"loc":{"start":{"line":367,"column":52},"end":{"line":367,"column":null}},"type":"binary-expr","locations":[{"start":{"line":367,"column":52},"end":{"line":367,"column":68}},{"start":{"line":367,"column":72},"end":{"line":367,"column":null}}]},"18":{"loc":{"start":{"line":382,"column":27},"end":{"line":382,"column":null}},"type":"cond-expr","locations":[{"start":{"line":382,"column":47},"end":{"line":382,"column":88}},{"start":{"line":382,"column":88},"end":{"line":382,"column":null}}]},"19":{"loc":{"start":{"line":396,"column":29},"end":{"line":417,"column":null}},"type":"binary-expr","locations":[{"start":{"line":396,"column":29},"end":{"line":396,"column":null}},{"start":{"line":397,"column":30},"end":{"line":417,"column":null}}]},"20":{"loc":{"start":{"line":397,"column":30},"end":{"line":417,"column":null}},"type":"cond-expr","locations":[{"start":{"line":398,"column":32},"end":{"line":408,"column":33}},{"start":{"line":408,"column":32},"end":{"line":417,"column":null}}]},"21":{"loc":{"start":{"line":432,"column":16},"end":{"line":434,"column":18}},"type":"cond-expr","locations":[{"start":{"line":432,"column":16},"end":{"line":434,"column":18}}]}},"s":{"0":41,"1":1,"2":1,"3":1,"4":1,"5":1,"6":1,"7":1,"8":1,"9":1,"10":1,"11":1,"12":1,"13":1,"14":1,"15":1,"16":160,"17":0,"18":160,"19":160,"20":160,"21":160,"22":160,"23":0,"24":0,"25":0,"26":0,"27":100,"28":100,"29":100,"30":100,"31":100,"32":100,"33":100,"34":100,"35":100,"36":100,"37":100,"38":100,"39":100,"40":43,"41":43,"42":100,"43":2,"44":2,"45":2,"46":2,"47":100,"48":1,"49":1,"50":100,"51":46,"52":46,"53":46,"54":46,"55":45,"56":45,"57":45,"58":45,"59":45,"60":45,"61":45,"62":45,"63":1,"64":1,"65":46,"66":100,"67":0,"68":0,"69":0,"70":0,"71":0,"72":0,"73":0,"74":100,"75":0,"76":0,"77":0,"78":0,"79":0,"80":100,"81":100,"82":100,"83":118,"84":100,"85":118,"86":100,"87":118,"88":100,"89":118,"90":100,"91":117,"92":100,"93":118,"94":40,"95":38,"96":38,"97":1,"98":1,"99":0,"100":0,"101":0,"102":5,"103":2,"104":0,"105":118,"106":118,"107":118,"108":0,"109":0,"110":0},"f":{"0":160,"1":100,"2":43,"3":2,"4":1,"5":46,"6":0,"7":0,"8":118,"9":118,"10":118,"11":118,"12":117,"13":118,"14":0,"15":5,"16":2,"17":0,"18":118,"19":0,"20":0,"21":0},"b":{"0":[0],"1":[160],"2":[2],"3":[0],"4":[46,0],"5":[2,44],"6":[0],"7":[118,80],"8":[118,117],"9":[41,59],"10":[117,0],"11":[40,38,38,1,1,0],"12":[58,42],"13":[117,1],"14":[118,117],"15":[117,1],"16":[118,118],"17":[118,0],"18":[42,76],"19":[118,12],"20":[12,0],"21":[58]}}
}
