{"C:\\Nadia\\ProyectoFinal\\inia-frontend-jc\\app\\listado\\analisis\\pureza\\loading.tsx": {"path":"C:\\Nadia\\ProyectoFinal\\inia-frontend-jc\\app\\listado\\analisis\\pureza\\loading.tsx","statementMap":{"0":{"start":{"line":1,"column":24},"end":{"line":1,"column":null}},"1":{"start":{"line":2,"column":2},"end":{"line":2,"column":null}}},"fnMap":{"0":{"name":"Loading","decl":{"start":{"line":1,"column":24},"end":{"line":1,"column":null}},"loc":{"start":{"line":1,"column":24},"end":{"line":3,"column":null}}}},"branchMap":{},"s":{"0":0,"1":0},"f":{"0":0},"b":{}}
,"C:\\Nadia\\ProyectoFinal\\inia-frontend-jc\\app\\listado\\analisis\\pureza\\page.tsx": {"path":"C:\\Nadia\\ProyectoFinal\\inia-frontend-jc\\app\\listado\\analisis\\pureza\\page.tsx","statementMap":{"0":{"start":{"line":63,"column":24},"end":{"line":63,"column":null}},"1":{"start":{"line":3,"column":36},"end":{"line":3,"column":null}},"2":{"start":{"line":4,"column":57},"end":{"line":4,"column":null}},"3":{"start":{"line":5,"column":23},"end":{"line":5,"column":null}},"4":{"start":{"line":6,"column":22},"end":{"line":6,"column":null}},"5":{"start":{"line":7,"column":22},"end":{"line":7,"column":null}},"6":{"start":{"line":8,"column":78},"end":{"line":8,"column":null}},"7":{"start":{"line":9,"column":107},"end":{"line":9,"column":null}},"8":{"start":{"line":10,"column":17},"end":{"line":10,"column":null}},"9":{"start":{"line":11,"column":73},"end":{"line":11,"column":null}},"10":{"start":{"line":12,"column":23},"end":{"line":12,"column":null}},"11":{"start":{"line":29,"column":22},"end":{"line":29,"column":null}},"12":{"start":{"line":30,"column":24},"end":{"line":30,"column":null}},"13":{"start":{"line":31,"column":36},"end":{"line":31,"column":null}},"14":{"start":{"line":32,"column":32},"end":{"line":32,"column":null}},"15":{"start":{"line":35,"column":28},"end":{"line":61,"column":null}},"16":{"start":{"line":36,"column":2},"end":{"line":36,"column":null}},"17":{"start":{"line":36,"column":20},"end":{"line":36,"column":null}},"18":{"start":{"line":38,"column":2},"end":{"line":60,"column":null}},"19":{"start":{"line":40,"column":4},"end":{"line":48,"column":null}},"20":{"start":{"line":41,"column":33},"end":{"line":41,"column":null}},"21":{"start":{"line":42,"column":20},"end":{"line":42,"column":51}},"22":{"start":{"line":43,"column":6},"end":{"line":47,"column":null}},"23":{"start":{"line":51,"column":18},"end":{"line":51,"column":null}},"24":{"start":{"line":52,"column":4},"end":{"line":56,"column":null}},"25":{"start":{"line":58,"column":4},"end":{"line":58,"column":null}},"26":{"start":{"line":59,"column":4},"end":{"line":59,"column":null}},"27":{"start":{"line":64,"column":19},"end":{"line":64,"column":null}},"28":{"start":{"line":65,"column":38},"end":{"line":65,"column":null}},"29":{"start":{"line":66,"column":46},"end":{"line":66,"column":null}},"30":{"start":{"line":67,"column":42},"end":{"line":67,"column":null}},"31":{"start":{"line":68,"column":32},"end":{"line":68,"column":null}},"32":{"start":{"line":69,"column":32},"end":{"line":69,"column":null}},"33":{"start":{"line":70,"column":28},"end":{"line":70,"column":null}},"34":{"start":{"line":71,"column":40},"end":{"line":71,"column":null}},"35":{"start":{"line":72,"column":38},"end":{"line":72,"column":null}},"36":{"start":{"line":73,"column":44},"end":{"line":73,"column":null}},"37":{"start":{"line":74,"column":30},"end":{"line":74,"column":null}},"38":{"start":{"line":75,"column":32},"end":{"line":75,"column":null}},"39":{"start":{"line":76,"column":19},"end":{"line":76,"column":null}},"40":{"start":{"line":79,"column":4},"end":{"line":79,"column":null}},"41":{"start":{"line":80,"column":4},"end":{"line":80,"column":null}},"42":{"start":{"line":85,"column":30},"end":{"line":91,"column":null}},"43":{"start":{"line":86,"column":4},"end":{"line":90,"column":null}},"44":{"start":{"line":87,"column":6},"end":{"line":87,"column":null}},"45":{"start":{"line":88,"column":6},"end":{"line":88,"column":null}},"46":{"start":{"line":89,"column":6},"end":{"line":89,"column":null}},"47":{"start":{"line":94,"column":28},"end":{"line":97,"column":null}},"48":{"start":{"line":95,"column":4},"end":{"line":95,"column":null}},"49":{"start":{"line":96,"column":4},"end":{"line":96,"column":null}},"50":{"start":{"line":99,"column":23},"end":{"line":130,"column":null}},"51":{"start":{"line":100,"column":4},"end":{"line":129,"column":null}},"52":{"start":{"line":101,"column":6},"end":{"line":101,"column":null}},"53":{"start":{"line":103,"column":27},"end":{"line":103,"column":null}},"54":{"start":{"line":105,"column":19},"end":{"line":111,"column":null}},"55":{"start":{"line":113,"column":6},"end":{"line":113,"column":null}},"56":{"start":{"line":116,"column":23},"end":{"line":116,"column":null}},"57":{"start":{"line":118,"column":6},"end":{"line":118,"column":null}},"58":{"start":{"line":119,"column":6},"end":{"line":119,"column":null}},"59":{"start":{"line":120,"column":6},"end":{"line":120,"column":null}},"60":{"start":{"line":121,"column":6},"end":{"line":121,"column":null}},"61":{"start":{"line":122,"column":6},"end":{"line":122,"column":null}},"62":{"start":{"line":123,"column":6},"end":{"line":123,"column":null}},"63":{"start":{"line":125,"column":6},"end":{"line":125,"column":null}},"64":{"start":{"line":126,"column":6},"end":{"line":126,"column":null}},"65":{"start":{"line":128,"column":6},"end":{"line":128,"column":null}},"66":{"start":{"line":133,"column":27},"end":{"line":142,"column":null}},"67":{"start":{"line":134,"column":4},"end":{"line":134,"column":null}},"68":{"start":{"line":134,"column":73},"end":{"line":134,"column":null}},"69":{"start":{"line":135,"column":4},"end":{"line":141,"column":null}},"70":{"start":{"line":136,"column":6},"end":{"line":136,"column":null}},"71":{"start":{"line":137,"column":6},"end":{"line":137,"column":null}},"72":{"start":{"line":138,"column":6},"end":{"line":138,"column":null}},"73":{"start":{"line":140,"column":6},"end":{"line":140,"column":null}},"74":{"start":{"line":144,"column":26},"end":{"line":152,"column":null}},"75":{"start":{"line":145,"column":4},"end":{"line":151,"column":null}},"76":{"start":{"line":146,"column":6},"end":{"line":146,"column":null}},"77":{"start":{"line":147,"column":6},"end":{"line":147,"column":null}},"78":{"start":{"line":148,"column":6},"end":{"line":148,"column":null}},"79":{"start":{"line":150,"column":6},"end":{"line":150,"column":null}},"80":{"start":{"line":155,"column":27},"end":{"line":155,"column":null}},"81":{"start":{"line":158,"column":24},"end":{"line":158,"column":null}},"82":{"start":{"line":159,"column":28},"end":{"line":159,"column":79}},"83":{"start":{"line":159,"column":48},"end":{"line":159,"column":73}},"84":{"start":{"line":160,"column":29},"end":{"line":160,"column":82}},"85":{"start":{"line":160,"column":49},"end":{"line":160,"column":76}},"86":{"start":{"line":161,"column":26},"end":{"line":161,"column":118}},"87":{"start":{"line":161,"column":46},"end":{"line":161,"column":112}},"88":{"start":{"line":164,"column":26},"end":{"line":164,"column":null}},"89":{"start":{"line":164,"column":46},"end":{"line":164,"column":null}},"90":{"start":{"line":165,"column":25},"end":{"line":167,"column":null}},"91":{"start":{"line":166,"column":41},"end":{"line":166,"column":74}},"92":{"start":{"line":169,"column":32},"end":{"line":184,"column":null}},"93":{"start":{"line":170,"column":4},"end":{"line":183,"column":null}},"94":{"start":{"line":172,"column":8},"end":{"line":172,"column":null}},"95":{"start":{"line":174,"column":8},"end":{"line":174,"column":null}},"96":{"start":{"line":176,"column":8},"end":{"line":176,"column":null}},"97":{"start":{"line":178,"column":8},"end":{"line":178,"column":null}},"98":{"start":{"line":180,"column":8},"end":{"line":180,"column":null}},"99":{"start":{"line":182,"column":8},"end":{"line":182,"column":null}},"100":{"start":{"line":268,"column":16},"end":{"line":268,"column":null}},"101":{"start":{"line":269,"column":16},"end":{"line":269,"column":null}},"102":{"start":{"line":278,"column":35},"end":{"line":278,"column":null}},"103":{"start":{"line":290,"column":33},"end":{"line":290,"column":null}},"104":{"start":{"line":302,"column":33},"end":{"line":302,"column":null}},"105":{"start":{"line":351,"column":39},"end":{"line":353,"column":null}},"106":{"start":{"line":356,"column":40},"end":{"line":358,"column":null}},"107":{"start":{"line":360,"column":20},"end":{"line":361,"column":null}},"108":{"start":{"line":401,"column":49},"end":{"line":401,"column":null}},"109":{"start":{"line":411,"column":49},"end":{"line":411,"column":null}},"110":{"start":{"line":441,"column":35},"end":{"line":441,"column":null}}},"fnMap":{"0":{"name":"(anonymous_2)","decl":{"start":{"line":35,"column":28},"end":{"line":35,"column":29}},"loc":{"start":{"line":35,"column":29},"end":{"line":61,"column":null}}},"1":{"name":"ListadoPurezaPage","decl":{"start":{"line":63,"column":24},"end":{"line":63,"column":null}},"loc":{"start":{"line":63,"column":24},"end":{"line":451,"column":null}}},"2":{"name":"(anonymous_4)","decl":{"start":{"line":78,"column":12},"end":{"line":78,"column":null}},"loc":{"start":{"line":78,"column":12},"end":{"line":82,"column":5}}},"3":{"name":"(anonymous_5)","decl":{"start":{"line":85,"column":30},"end":{"line":85,"column":31}},"loc":{"start":{"line":85,"column":31},"end":{"line":91,"column":null}}},"4":{"name":"(anonymous_6)","decl":{"start":{"line":94,"column":28},"end":{"line":94,"column":null}},"loc":{"start":{"line":94,"column":28},"end":{"line":97,"column":null}}},"5":{"name":"(anonymous_7)","decl":{"start":{"line":99,"column":23},"end":{"line":99,"column":30}},"loc":{"start":{"line":99,"column":46},"end":{"line":130,"column":null}}},"6":{"name":"(anonymous_8)","decl":{"start":{"line":133,"column":27},"end":{"line":133,"column":34}},"loc":{"start":{"line":133,"column":34},"end":{"line":142,"column":null}}},"7":{"name":"(anonymous_9)","decl":{"start":{"line":144,"column":26},"end":{"line":144,"column":33}},"loc":{"start":{"line":144,"column":33},"end":{"line":152,"column":null}}},"8":{"name":"(anonymous_10)","decl":{"start":{"line":159,"column":43},"end":{"line":159,"column":48}},"loc":{"start":{"line":159,"column":48},"end":{"line":159,"column":73}}},"9":{"name":"(anonymous_11)","decl":{"start":{"line":160,"column":44},"end":{"line":160,"column":49}},"loc":{"start":{"line":160,"column":49},"end":{"line":160,"column":76}}},"10":{"name":"(anonymous_12)","decl":{"start":{"line":161,"column":41},"end":{"line":161,"column":46}},"loc":{"start":{"line":161,"column":46},"end":{"line":161,"column":112}}},"11":{"name":"(anonymous_13)","decl":{"start":{"line":164,"column":41},"end":{"line":164,"column":46}},"loc":{"start":{"line":164,"column":46},"end":{"line":164,"column":null}}},"12":{"name":"(anonymous_14)","decl":{"start":{"line":166,"column":29},"end":{"line":166,"column":30}},"loc":{"start":{"line":166,"column":41},"end":{"line":166,"column":74}}},"13":{"name":"(anonymous_15)","decl":{"start":{"line":169,"column":32},"end":{"line":169,"column":33}},"loc":{"start":{"line":169,"column":33},"end":{"line":184,"column":null}}},"14":{"name":"(anonymous_16)","decl":{"start":{"line":267,"column":24},"end":{"line":267,"column":25}},"loc":{"start":{"line":267,"column":25},"end":{"line":270,"column":null}}},"15":{"name":"(anonymous_17)","decl":{"start":{"line":278,"column":28},"end":{"line":278,"column":29}},"loc":{"start":{"line":278,"column":35},"end":{"line":278,"column":null}}},"16":{"name":"(anonymous_18)","decl":{"start":{"line":290,"column":26},"end":{"line":290,"column":27}},"loc":{"start":{"line":290,"column":33},"end":{"line":290,"column":null}}},"17":{"name":"(anonymous_19)","decl":{"start":{"line":302,"column":26},"end":{"line":302,"column":27}},"loc":{"start":{"line":302,"column":33},"end":{"line":302,"column":null}}},"18":{"name":"(anonymous_20)","decl":{"start":{"line":349,"column":39},"end":{"line":349,"column":40}},"loc":{"start":{"line":349,"column":40},"end":{"line":423,"column":null}}},"19":{"name":"(anonymous_21)","decl":{"start":{"line":401,"column":43},"end":{"line":401,"column":49}},"loc":{"start":{"line":401,"column":49},"end":{"line":401,"column":null}}},"20":{"name":"(anonymous_22)","decl":{"start":{"line":411,"column":43},"end":{"line":411,"column":49}},"loc":{"start":{"line":411,"column":49},"end":{"line":411,"column":null}}},"21":{"name":"(anonymous_23)","decl":{"start":{"line":441,"column":28},"end":{"line":441,"column":29}},"loc":{"start":{"line":441,"column":35},"end":{"line":441,"column":null}}}},"branchMap":{"0":{"loc":{"start":{"line":36,"column":2},"end":{"line":36,"column":null}},"type":"if","locations":[{"start":{"line":36,"column":2},"end":{"line":36,"column":null}}]},"1":{"loc":{"start":{"line":40,"column":4},"end":{"line":48,"column":null}},"type":"if","locations":[{"start":{"line":40,"column":4},"end":{"line":48,"column":null}}]},"2":{"loc":{"start":{"line":86,"column":4},"end":{"line":90,"column":null}},"type":"if","locations":[{"start":{"line":86,"column":4},"end":{"line":90,"column":null}}]},"3":{"loc":{"start":{"line":99,"column":30},"end":{"line":99,"column":46}},"type":"default-arg","locations":[{"start":{"line":99,"column":45},"end":{"line":99,"column":46}}]},"4":{"loc":{"start":{"line":103,"column":27},"end":{"line":103,"column":null}},"type":"cond-expr","locations":[{"start":{"line":103,"column":54},"end":{"line":103,"column":66}},{"start":{"line":103,"column":66},"end":{"line":103,"column":null}}]},"5":{"loc":{"start":{"line":110,"column":8},"end":{"line":110,"column":null}},"type":"cond-expr","locations":[{"start":{"line":110,"column":35},"end":{"line":110,"column":52}},{"start":{"line":110,"column":52},"end":{"line":110,"column":null}}]},"6":{"loc":{"start":{"line":134,"column":4},"end":{"line":134,"column":null}},"type":"if","locations":[{"start":{"line":134,"column":4},"end":{"line":134,"column":null}}]},"7":{"loc":{"start":{"line":161,"column":46},"end":{"line":161,"column":112}},"type":"binary-expr","locations":[{"start":{"line":161,"column":46},"end":{"line":161,"column":75}},{"start":{"line":161,"column":75},"end":{"line":161,"column":112}}]},"8":{"loc":{"start":{"line":164,"column":46},"end":{"line":164,"column":null}},"type":"binary-expr","locations":[{"start":{"line":164,"column":46},"end":{"line":164,"column":82}},{"start":{"line":164,"column":82},"end":{"line":164,"column":null}}]},"9":{"loc":{"start":{"line":165,"column":25},"end":{"line":167,"column":null}},"type":"cond-expr","locations":[{"start":{"line":166,"column":6},"end":{"line":166,"column":101}},{"start":{"line":167,"column":6},"end":{"line":167,"column":null}}]},"10":{"loc":{"start":{"line":166,"column":48},"end":{"line":166,"column":74}},"type":"binary-expr","locations":[{"start":{"line":166,"column":48},"end":{"line":166,"column":66}},{"start":{"line":166,"column":70},"end":{"line":166,"column":74}}]},"11":{"loc":{"start":{"line":170,"column":4},"end":{"line":183,"column":null}},"type":"switch","locations":[{"start":{"line":171,"column":6},"end":{"line":172,"column":null}},{"start":{"line":173,"column":6},"end":{"line":174,"column":null}},{"start":{"line":175,"column":6},"end":{"line":176,"column":null}},{"start":{"line":177,"column":6},"end":{"line":178,"column":null}},{"start":{"line":179,"column":6},"end":{"line":180,"column":null}},{"start":{"line":181,"column":6},"end":{"line":182,"column":null}}]},"12":{"loc":{"start":{"line":339,"column":17},"end":{"line":423,"column":null}},"type":"cond-expr","locations":[{"start":{"line":340,"column":18},"end":{"line":349,"column":35}},{"start":{"line":349,"column":18},"end":{"line":423,"column":null}}]},"13":{"loc":{"start":{"line":351,"column":39},"end":{"line":353,"column":null}},"type":"cond-expr","locations":[{"start":{"line":352,"column":24},"end":{"line":352,"column":null}},{"start":{"line":353,"column":24},"end":{"line":353,"column":null}}]},"14":{"loc":{"start":{"line":351,"column":39},"end":{"line":351,"column":null}},"type":"binary-expr","locations":[{"start":{"line":351,"column":39},"end":{"line":351,"column":82}},{"start":{"line":351,"column":82},"end":{"line":351,"column":null}}]},"15":{"loc":{"start":{"line":356,"column":40},"end":{"line":358,"column":null}},"type":"cond-expr","locations":[{"start":{"line":357,"column":24},"end":{"line":357,"column":null}},{"start":{"line":358,"column":24},"end":{"line":358,"column":null}}]},"16":{"loc":{"start":{"line":356,"column":40},"end":{"line":356,"column":null}},"type":"binary-expr","locations":[{"start":{"line":356,"column":40},"end":{"line":356,"column":76}},{"start":{"line":356,"column":76},"end":{"line":356,"column":null}}]},"17":{"loc":{"start":{"line":367,"column":52},"end":{"line":367,"column":null}},"type":"binary-expr","locations":[{"start":{"line":367,"column":52},"end":{"line":367,"column":68}},{"start":{"line":367,"column":72},"end":{"line":367,"column":null}}]},"18":{"loc":{"start":{"line":382,"column":27},"end":{"line":382,"column":null}},"type":"cond-expr","locations":[{"start":{"line":382,"column":47},"end":{"line":382,"column":88}},{"start":{"line":382,"column":88},"end":{"line":382,"column":null}}]},"19":{"loc":{"start":{"line":396,"column":29},"end":{"line":417,"column":null}},"type":"binary-expr","locations":[{"start":{"line":396,"column":29},"end":{"line":396,"column":null}},{"start":{"line":397,"column":30},"end":{"line":417,"column":null}}]},"20":{"loc":{"start":{"line":397,"column":30},"end":{"line":417,"column":null}},"type":"cond-expr","locations":[{"start":{"line":398,"column":32},"end":{"line":408,"column":33}},{"start":{"line":408,"column":32},"end":{"line":417,"column":null}}]},"21":{"loc":{"start":{"line":432,"column":16},"end":{"line":434,"column":18}},"type":"cond-expr","locations":[{"start":{"line":432,"column":16},"end":{"line":434,"column":18}}]}},"s":{"0":37,"1":1,"2":1,"3":1,"4":1,"5":1,"6":1,"7":1,"8":1,"9":1,"10":1,"11":1,"12":1,"13":1,"14":1,"15":1,"16":136,"17":0,"18":136,"19":136,"20":136,"21":136,"22":136,"23":0,"24":0,"25":0,"26":0,"27":83,"28":83,"29":83,"30":83,"31":83,"32":83,"33":83,"34":83,"35":83,"36":83,"37":83,"38":83,"39":83,"40":38,"41":38,"42":83,"43":1,"44":1,"45":1,"46":1,"47":83,"48":0,"49":0,"50":83,"51":39,"52":39,"53":39,"54":39,"55":38,"56":38,"57":38,"58":38,"59":38,"60":38,"61":38,"62":38,"63":1,"64":1,"65":39,"66":83,"67":0,"68":0,"69":0,"70":0,"71":0,"72":0,"73":0,"74":83,"75":0,"76":0,"77":0,"78":0,"79":0,"80":83,"81":83,"82":83,"83":101,"84":83,"85":101,"86":83,"87":101,"88":83,"89":101,"90":83,"91":100,"92":83,"93":101,"94":35,"95":33,"96":33,"97":0,"98":0,"99":0,"100":0,"101":0,"102":3,"103":1,"104":0,"105":101,"106":101,"107":101,"108":0,"109":0,"110":0},"f":{"0":136,"1":83,"2":38,"3":1,"4":0,"5":39,"6":0,"7":0,"8":101,"9":101,"10":101,"11":101,"12":100,"13":101,"14":0,"15":3,"16":1,"17":0,"18":101,"19":0,"20":0,"21":0},"b":{"0":[0],"1":[136],"2":[1],"3":[0],"4":[39,0],"5":[1,38],"6":[0],"7":[101,68],"8":[101,100],"9":[34,49],"10":[100,0],"11":[35,33,33,0,0,0],"12":[48,35],"13":[100,1],"14":[101,100],"15":[100,1],"16":[101,101],"17":[101,0],"18":[35,66],"19":[101,12],"20":[12,0],"21":[48]}}
,"C:\\Nadia\\ProyectoFinal\\inia-frontend-jc\\app\\listado\\analisis\\pureza\\[id]\\loading.tsx": {"path":"C:\\Nadia\\ProyectoFinal\\inia-frontend-jc\\app\\listado\\analisis\\pureza\\[id]\\loading.tsx","statementMap":{"0":{"start":{"line":1,"column":24},"end":{"line":1,"column":null}}},"fnMap":{"0":{"name":"Loading","decl":{"start":{"line":1,"column":24},"end":{"line":1,"column":null}},"loc":{"start":{"line":1,"column":24},"end":{"line":10,"column":null}}}},"branchMap":{},"s":{"0":0},"f":{"0":0},"b":{}}
,"C:\\Nadia\\ProyectoFinal\\inia-frontend-jc\\app\\listado\\analisis\\pureza\\[id]\\page.tsx": {"path":"C:\\Nadia\\ProyectoFinal\\inia-frontend-jc\\app\\listado\\analisis\\pureza\\[id]\\page.tsx","statementMap":{"0":{"start":{"line":141,"column":24},"end":{"line":141,"column":null}},"1":{"start":{"line":3,"column":43},"end":{"line":3,"column":null}},"2":{"start":{"line":4,"column":57},"end":{"line":4,"column":null}},"3":{"start":{"line":5,"column":23},"end":{"line":5,"column":null}},"4":{"start":{"line":6,"column":22},"end":{"line":6,"column":null}},"5":{"start":{"line":7,"column":27},"end":{"line":7,"column":null}},"6":{"start":{"line":18,"column":7},"end":{"line":18,"column":null}},"7":{"start":{"line":19,"column":17},"end":{"line":19,"column":null}},"8":{"start":{"line":20,"column":26},"end":{"line":20,"column":null}},"9":{"start":{"line":21,"column":35},"end":{"line":21,"column":null}},"10":{"start":{"line":24,"column":36},"end":{"line":24,"column":null}},"11":{"start":{"line":25,"column":39},"end":{"line":25,"column":null}},"12":{"start":{"line":26,"column":40},"end":{"line":26,"column":null}},"13":{"start":{"line":27,"column":32},"end":{"line":27,"column":null}},"14":{"start":{"line":30,"column":30},"end":{"line":45,"column":null}},"15":{"start":{"line":31,"column":2},"end":{"line":44,"column":null}},"16":{"start":{"line":33,"column":6},"end":{"line":33,"column":null}},"17":{"start":{"line":35,"column":6},"end":{"line":35,"column":null}},"18":{"start":{"line":37,"column":6},"end":{"line":37,"column":null}},"19":{"start":{"line":39,"column":6},"end":{"line":39,"column":null}},"20":{"start":{"line":41,"column":6},"end":{"line":41,"column":null}},"21":{"start":{"line":43,"column":6},"end":{"line":43,"column":null}},"22":{"start":{"line":48,"column":33},"end":{"line":63,"column":null}},"23":{"start":{"line":49,"column":2},"end":{"line":62,"column":null}},"24":{"start":{"line":51,"column":6},"end":{"line":51,"column":null}},"25":{"start":{"line":53,"column":6},"end":{"line":53,"column":null}},"26":{"start":{"line":55,"column":6},"end":{"line":55,"column":null}},"27":{"start":{"line":57,"column":6},"end":{"line":57,"column":null}},"28":{"start":{"line":59,"column":6},"end":{"line":59,"column":null}},"29":{"start":{"line":61,"column":6},"end":{"line":61,"column":null}},"30":{"start":{"line":66,"column":28},"end":{"line":92,"column":null}},"31":{"start":{"line":67,"column":2},"end":{"line":67,"column":null}},"32":{"start":{"line":67,"column":20},"end":{"line":67,"column":null}},"33":{"start":{"line":69,"column":2},"end":{"line":91,"column":null}},"34":{"start":{"line":71,"column":4},"end":{"line":79,"column":null}},"35":{"start":{"line":72,"column":33},"end":{"line":72,"column":null}},"36":{"start":{"line":73,"column":20},"end":{"line":73,"column":51}},"37":{"start":{"line":74,"column":6},"end":{"line":78,"column":null}},"38":{"start":{"line":82,"column":18},"end":{"line":82,"column":null}},"39":{"start":{"line":83,"column":4},"end":{"line":87,"column":null}},"40":{"start":{"line":89,"column":4},"end":{"line":89,"column":null}},"41":{"start":{"line":90,"column":4},"end":{"line":90,"column":null}},"42":{"start":{"line":95,"column":28},"end":{"line":102,"column":null}},"43":{"start":{"line":96,"column":2},"end":{"line":96,"column":null}},"44":{"start":{"line":96,"column":45},"end":{"line":96,"column":null}},"45":{"start":{"line":98,"column":2},"end":{"line":98,"column":null}},"46":{"start":{"line":98,"column":19},"end":{"line":98,"column":null}},"47":{"start":{"line":100,"column":2},"end":{"line":100,"column":null}},"48":{"start":{"line":100,"column":33},"end":{"line":100,"column":null}},"49":{"start":{"line":101,"column":2},"end":{"line":101,"column":null}},"50":{"start":{"line":106,"column":33},"end":{"line":112,"column":null}},"51":{"start":{"line":108,"column":2},"end":{"line":108,"column":null}},"52":{"start":{"line":108,"column":60},"end":{"line":108,"column":null}},"53":{"start":{"line":110,"column":2},"end":{"line":110,"column":null}},"54":{"start":{"line":110,"column":33},"end":{"line":110,"column":null}},"55":{"start":{"line":111,"column":2},"end":{"line":111,"column":null}},"56":{"start":{"line":116,"column":39},"end":{"line":139,"column":null}},"57":{"start":{"line":121,"column":2},"end":{"line":130,"column":null}},"58":{"start":{"line":123,"column":4},"end":{"line":125,"column":null}},"59":{"start":{"line":124,"column":6},"end":{"line":124,"column":null}},"60":{"start":{"line":127,"column":4},"end":{"line":129,"column":null}},"61":{"start":{"line":128,"column":6},"end":{"line":128,"column":null}},"62":{"start":{"line":133,"column":2},"end":{"line":135,"column":null}},"63":{"start":{"line":134,"column":4},"end":{"line":134,"column":null}},"64":{"start":{"line":138,"column":2},"end":{"line":138,"column":null}},"65":{"start":{"line":142,"column":17},"end":{"line":142,"column":null}},"66":{"start":{"line":143,"column":22},"end":{"line":143,"column":null}},"67":{"start":{"line":144,"column":19},"end":{"line":144,"column":28}},"68":{"start":{"line":145,"column":30},"end":{"line":145,"column":null}},"69":{"start":{"line":146,"column":32},"end":{"line":146,"column":null}},"70":{"start":{"line":147,"column":28},"end":{"line":147,"column":null}},"71":{"start":{"line":149,"column":2},"end":{"line":166,"column":null}},"72":{"start":{"line":150,"column":24},"end":{"line":161,"column":null}},"73":{"start":{"line":151,"column":6},"end":{"line":160,"column":null}},"74":{"start":{"line":152,"column":8},"end":{"line":152,"column":null}},"75":{"start":{"line":153,"column":21},"end":{"line":153,"column":null}},"76":{"start":{"line":154,"column":8},"end":{"line":154,"column":null}},"77":{"start":{"line":156,"column":8},"end":{"line":156,"column":null}},"78":{"start":{"line":157,"column":8},"end":{"line":157,"column":null}},"79":{"start":{"line":159,"column":8},"end":{"line":159,"column":null}},"80":{"start":{"line":163,"column":4},"end":{"line":165,"column":null}},"81":{"start":{"line":164,"column":6},"end":{"line":164,"column":null}},"82":{"start":{"line":168,"column":32},"end":{"line":181,"column":null}},"83":{"start":{"line":169,"column":4},"end":{"line":180,"column":null}},"84":{"start":{"line":171,"column":8},"end":{"line":171,"column":null}},"85":{"start":{"line":173,"column":8},"end":{"line":173,"column":null}},"86":{"start":{"line":175,"column":8},"end":{"line":175,"column":null}},"87":{"start":{"line":177,"column":8},"end":{"line":177,"column":null}},"88":{"start":{"line":179,"column":8},"end":{"line":179,"column":null}},"89":{"start":{"line":183,"column":2},"end":{"line":195,"column":null}},"90":{"start":{"line":197,"column":2},"end":{"line":217,"column":null}},"91":{"start":{"line":220,"column":22},"end":{"line":220,"column":null}},"92":{"start":{"line":221,"column":32},"end":{"line":228,"column":null}},"93":{"start":{"line":429,"column":40},"end":{"line":429,"column":null}},"94":{"start":{"line":430,"column":26},"end":{"line":430,"column":null}},"95":{"start":{"line":438,"column":40},"end":{"line":438,"column":null}},"96":{"start":{"line":439,"column":26},"end":{"line":439,"column":null}},"97":{"start":{"line":447,"column":40},"end":{"line":447,"column":null}},"98":{"start":{"line":448,"column":26},"end":{"line":448,"column":null}},"99":{"start":{"line":456,"column":40},"end":{"line":456,"column":null}},"100":{"start":{"line":457,"column":26},"end":{"line":457,"column":null}},"101":{"start":{"line":465,"column":40},"end":{"line":465,"column":null}},"102":{"start":{"line":466,"column":26},"end":{"line":466,"column":null}},"103":{"start":{"line":474,"column":40},"end":{"line":474,"column":null}},"104":{"start":{"line":475,"column":26},"end":{"line":475,"column":null}},"105":{"start":{"line":513,"column":42},"end":{"line":513,"column":null}},"106":{"start":{"line":514,"column":28},"end":{"line":514,"column":null}},"107":{"start":{"line":522,"column":42},"end":{"line":522,"column":null}},"108":{"start":{"line":523,"column":28},"end":{"line":523,"column":null}},"109":{"start":{"line":531,"column":42},"end":{"line":531,"column":null}},"110":{"start":{"line":532,"column":28},"end":{"line":532,"column":null}},"111":{"start":{"line":540,"column":42},"end":{"line":540,"column":null}},"112":{"start":{"line":541,"column":28},"end":{"line":541,"column":null}},"113":{"start":{"line":549,"column":42},"end":{"line":549,"column":null}},"114":{"start":{"line":550,"column":28},"end":{"line":550,"column":null}},"115":{"start":{"line":558,"column":42},"end":{"line":558,"column":null}},"116":{"start":{"line":559,"column":28},"end":{"line":559,"column":null}},"117":{"start":{"line":584,"column":24},"end":{"line":585,"column":null}}},"fnMap":{"0":{"name":"(anonymous_5)","decl":{"start":{"line":30,"column":30},"end":{"line":30,"column":31}},"loc":{"start":{"line":30,"column":31},"end":{"line":45,"column":null}}},"1":{"name":"(anonymous_6)","decl":{"start":{"line":48,"column":33},"end":{"line":48,"column":34}},"loc":{"start":{"line":48,"column":34},"end":{"line":63,"column":null}}},"2":{"name":"(anonymous_7)","decl":{"start":{"line":66,"column":28},"end":{"line":66,"column":29}},"loc":{"start":{"line":66,"column":29},"end":{"line":92,"column":null}}},"3":{"name":"(anonymous_8)","decl":{"start":{"line":95,"column":28},"end":{"line":95,"column":29}},"loc":{"start":{"line":95,"column":84},"end":{"line":102,"column":null}}},"4":{"name":"(anonymous_9)","decl":{"start":{"line":106,"column":33},"end":{"line":106,"column":34}},"loc":{"start":{"line":106,"column":89},"end":{"line":112,"column":null}}},"5":{"name":"(anonymous_10)","decl":{"start":{"line":116,"column":39},"end":{"line":116,"column":null}},"loc":{"start":{"line":118,"column":2},"end":{"line":139,"column":null}}},"6":{"name":"PurezaDetailPage","decl":{"start":{"line":141,"column":24},"end":{"line":141,"column":null}},"loc":{"start":{"line":141,"column":24},"end":{"line":697,"column":null}}},"7":{"name":"(anonymous_12)","decl":{"start":{"line":149,"column":12},"end":{"line":149,"column":null}},"loc":{"start":{"line":149,"column":12},"end":{"line":166,"column":5}}},"8":{"name":"(anonymous_13)","decl":{"start":{"line":150,"column":24},"end":{"line":150,"column":null}},"loc":{"start":{"line":150,"column":24},"end":{"line":161,"column":null}}},"9":{"name":"(anonymous_14)","decl":{"start":{"line":168,"column":32},"end":{"line":168,"column":33}},"loc":{"start":{"line":168,"column":33},"end":{"line":181,"column":null}}},"10":{"name":"(anonymous_15)","decl":{"start":{"line":428,"column":26},"end":{"line":428,"column":null}},"loc":{"start":{"line":428,"column":26},"end":{"line":431,"column":null}}},"11":{"name":"(anonymous_16)","decl":{"start":{"line":437,"column":26},"end":{"line":437,"column":null}},"loc":{"start":{"line":437,"column":26},"end":{"line":440,"column":null}}},"12":{"name":"(anonymous_17)","decl":{"start":{"line":446,"column":26},"end":{"line":446,"column":null}},"loc":{"start":{"line":446,"column":26},"end":{"line":449,"column":null}}},"13":{"name":"(anonymous_18)","decl":{"start":{"line":455,"column":26},"end":{"line":455,"column":null}},"loc":{"start":{"line":455,"column":26},"end":{"line":458,"column":null}}},"14":{"name":"(anonymous_19)","decl":{"start":{"line":464,"column":26},"end":{"line":464,"column":null}},"loc":{"start":{"line":464,"column":26},"end":{"line":467,"column":null}}},"15":{"name":"(anonymous_20)","decl":{"start":{"line":473,"column":26},"end":{"line":473,"column":null}},"loc":{"start":{"line":473,"column":26},"end":{"line":476,"column":null}}},"16":{"name":"(anonymous_21)","decl":{"start":{"line":512,"column":28},"end":{"line":512,"column":null}},"loc":{"start":{"line":512,"column":28},"end":{"line":515,"column":null}}},"17":{"name":"(anonymous_22)","decl":{"start":{"line":521,"column":28},"end":{"line":521,"column":null}},"loc":{"start":{"line":521,"column":28},"end":{"line":524,"column":null}}},"18":{"name":"(anonymous_23)","decl":{"start":{"line":530,"column":28},"end":{"line":530,"column":null}},"loc":{"start":{"line":530,"column":28},"end":{"line":533,"column":null}}},"19":{"name":"(anonymous_24)","decl":{"start":{"line":539,"column":28},"end":{"line":539,"column":null}},"loc":{"start":{"line":539,"column":28},"end":{"line":542,"column":null}}},"20":{"name":"(anonymous_25)","decl":{"start":{"line":548,"column":28},"end":{"line":548,"column":null}},"loc":{"start":{"line":548,"column":28},"end":{"line":551,"column":null}}},"21":{"name":"(anonymous_26)","decl":{"start":{"line":557,"column":28},"end":{"line":557,"column":null}},"loc":{"start":{"line":557,"column":28},"end":{"line":560,"column":null}}},"22":{"name":"(anonymous_27)","decl":{"start":{"line":583,"column":48},"end":{"line":583,"column":49}},"loc":{"start":{"line":584,"column":24},"end":{"line":585,"column":null}}}},"branchMap":{"0":{"loc":{"start":{"line":31,"column":2},"end":{"line":44,"column":null}},"type":"switch","locations":[{"start":{"line":32,"column":4},"end":{"line":33,"column":null}},{"start":{"line":34,"column":4},"end":{"line":35,"column":null}},{"start":{"line":36,"column":4},"end":{"line":37,"column":null}},{"start":{"line":38,"column":4},"end":{"line":39,"column":null}},{"start":{"line":40,"column":4},"end":{"line":41,"column":null}},{"start":{"line":42,"column":4},"end":{"line":43,"column":null}}]},"1":{"loc":{"start":{"line":49,"column":2},"end":{"line":62,"column":null}},"type":"switch","locations":[{"start":{"line":50,"column":4},"end":{"line":51,"column":null}},{"start":{"line":52,"column":4},"end":{"line":53,"column":null}},{"start":{"line":54,"column":4},"end":{"line":55,"column":null}},{"start":{"line":56,"column":4},"end":{"line":57,"column":null}},{"start":{"line":58,"column":4},"end":{"line":59,"column":null}},{"start":{"line":60,"column":4},"end":{"line":61,"column":null}}]},"2":{"loc":{"start":{"line":67,"column":2},"end":{"line":67,"column":null}},"type":"if","locations":[{"start":{"line":67,"column":2},"end":{"line":67,"column":null}}]},"3":{"loc":{"start":{"line":71,"column":4},"end":{"line":79,"column":null}},"type":"if","locations":[{"start":{"line":71,"column":4},"end":{"line":79,"column":null}}]},"4":{"loc":{"start":{"line":95,"column":63},"end":{"line":95,"column":84}},"type":"default-arg","locations":[{"start":{"line":95,"column":83},"end":{"line":95,"column":84}}]},"5":{"loc":{"start":{"line":96,"column":2},"end":{"line":96,"column":null}},"type":"if","locations":[{"start":{"line":96,"column":2},"end":{"line":96,"column":null}}]},"6":{"loc":{"start":{"line":96,"column":6},"end":{"line":96,"column":45}},"type":"binary-expr","locations":[{"start":{"line":96,"column":6},"end":{"line":96,"column":29}},{"start":{"line":96,"column":29},"end":{"line":96,"column":45}}]},"7":{"loc":{"start":{"line":98,"column":2},"end":{"line":98,"column":null}},"type":"if","locations":[{"start":{"line":98,"column":2},"end":{"line":98,"column":null}}]},"8":{"loc":{"start":{"line":100,"column":2},"end":{"line":100,"column":null}},"type":"if","locations":[{"start":{"line":100,"column":2},"end":{"line":100,"column":null}}]},"9":{"loc":{"start":{"line":100,"column":6},"end":{"line":100,"column":33}},"type":"binary-expr","locations":[{"start":{"line":100,"column":6},"end":{"line":100,"column":22}},{"start":{"line":100,"column":22},"end":{"line":100,"column":33}}]},"10":{"loc":{"start":{"line":106,"column":68},"end":{"line":106,"column":89}},"type":"default-arg","locations":[{"start":{"line":106,"column":88},"end":{"line":106,"column":89}}]},"11":{"loc":{"start":{"line":108,"column":2},"end":{"line":108,"column":null}},"type":"if","locations":[{"start":{"line":108,"column":2},"end":{"line":108,"column":null}}]},"12":{"loc":{"start":{"line":108,"column":6},"end":{"line":108,"column":60}},"type":"binary-expr","locations":[{"start":{"line":108,"column":6},"end":{"line":108,"column":29}},{"start":{"line":108,"column":29},"end":{"line":108,"column":47}},{"start":{"line":108,"column":47},"end":{"line":108,"column":60}}]},"13":{"loc":{"start":{"line":110,"column":2},"end":{"line":110,"column":null}},"type":"if","locations":[{"start":{"line":110,"column":2},"end":{"line":110,"column":null}}]},"14":{"loc":{"start":{"line":110,"column":6},"end":{"line":110,"column":33}},"type":"binary-expr","locations":[{"start":{"line":110,"column":6},"end":{"line":110,"column":22}},{"start":{"line":110,"column":22},"end":{"line":110,"column":33}}]},"15":{"loc":{"start":{"line":121,"column":2},"end":{"line":130,"column":null}},"type":"if","locations":[{"start":{"line":121,"column":2},"end":{"line":130,"column":null}}]},"16":{"loc":{"start":{"line":121,"column":6},"end":{"line":121,"column":77}},"type":"binary-expr","locations":[{"start":{"line":121,"column":6},"end":{"line":121,"column":45}},{"start":{"line":121,"column":45},"end":{"line":121,"column":77}}]},"17":{"loc":{"start":{"line":123,"column":4},"end":{"line":125,"column":null}},"type":"if","locations":[{"start":{"line":123,"column":4},"end":{"line":125,"column":null}}]},"18":{"loc":{"start":{"line":123,"column":8},"end":{"line":123,"column":67}},"type":"binary-expr","locations":[{"start":{"line":123,"column":8},"end":{"line":123,"column":37}},{"start":{"line":123,"column":37},"end":{"line":123,"column":67}}]},"19":{"loc":{"start":{"line":127,"column":4},"end":{"line":129,"column":null}},"type":"if","locations":[{"start":{"line":127,"column":4},"end":{"line":129,"column":null}}]},"20":{"loc":{"start":{"line":133,"column":2},"end":{"line":135,"column":null}},"type":"if","locations":[{"start":{"line":133,"column":2},"end":{"line":135,"column":null}}]},"21":{"loc":{"start":{"line":133,"column":6},"end":{"line":133,"column":65}},"type":"binary-expr","locations":[{"start":{"line":133,"column":6},"end":{"line":133,"column":39}},{"start":{"line":133,"column":39},"end":{"line":133,"column":65}}]},"22":{"loc":{"start":{"line":163,"column":4},"end":{"line":165,"column":null}},"type":"if","locations":[{"start":{"line":163,"column":4},"end":{"line":165,"column":null}}]},"23":{"loc":{"start":{"line":169,"column":4},"end":{"line":180,"column":null}},"type":"switch","locations":[{"start":{"line":170,"column":6},"end":{"line":171,"column":null}},{"start":{"line":172,"column":6},"end":{"line":173,"column":null}},{"start":{"line":174,"column":6},"end":{"line":175,"column":null}},{"start":{"line":176,"column":6},"end":{"line":177,"column":null}},{"start":{"line":178,"column":6},"end":{"line":179,"column":null}}]},"24":{"loc":{"start":{"line":183,"column":2},"end":{"line":195,"column":null}},"type":"if","locations":[{"start":{"line":183,"column":2},"end":{"line":195,"column":null}}]},"25":{"loc":{"start":{"line":197,"column":2},"end":{"line":217,"column":null}},"type":"if","locations":[{"start":{"line":197,"column":2},"end":{"line":217,"column":null}}]},"26":{"loc":{"start":{"line":197,"column":6},"end":{"line":197,"column":24}},"type":"binary-expr","locations":[{"start":{"line":197,"column":6},"end":{"line":197,"column":15}},{"start":{"line":197,"column":15},"end":{"line":197,"column":24}}]},"27":{"loc":{"start":{"line":206,"column":62},"end":{"line":206,"column":null}},"type":"binary-expr","locations":[{"start":{"line":206,"column":62},"end":{"line":206,"column":71}},{"start":{"line":206,"column":71},"end":{"line":206,"column":null}}]},"28":{"loc":{"start":{"line":220,"column":22},"end":{"line":220,"column":null}},"type":"binary-expr","locations":[{"start":{"line":220,"column":22},"end":{"line":220,"column":54}},{"start":{"line":220,"column":54},"end":{"line":220,"column":null}}]},"29":{"loc":{"start":{"line":221,"column":32},"end":{"line":228,"column":null}},"type":"cond-expr","locations":[{"start":{"line":221,"column":50},"end":{"line":228,"column":6}},{"start":{"line":228,"column":6},"end":{"line":228,"column":null}}]},"30":{"loc":{"start":{"line":259,"column":27},"end":{"line":259,"column":61}},"type":"binary-expr","locations":[{"start":{"line":259,"column":27},"end":{"line":259,"column":40}},{"start":{"line":259,"column":44},"end":{"line":259,"column":61}}]},"31":{"loc":{"start":{"line":323,"column":19},"end":{"line":323,"column":31}},"type":"binary-expr","locations":[{"start":{"line":323,"column":19},"end":{"line":323,"column":31}}]},"32":{"loc":{"start":{"line":372,"column":15},"end":{"line":372,"column":null}},"type":"binary-expr","locations":[{"start":{"line":372,"column":15},"end":{"line":372,"column":null}}]},"33":{"loc":{"start":{"line":430,"column":33},"end":{"line":430,"column":68}},"type":"cond-expr","locations":[{"start":{"line":430,"column":50},"end":{"line":430,"column":57}},{"start":{"line":430,"column":57},"end":{"line":430,"column":68}}]},"34":{"loc":{"start":{"line":439,"column":33},"end":{"line":439,"column":68}},"type":"cond-expr","locations":[{"start":{"line":439,"column":50},"end":{"line":439,"column":57}},{"start":{"line":439,"column":57},"end":{"line":439,"column":68}}]},"35":{"loc":{"start":{"line":448,"column":33},"end":{"line":448,"column":68}},"type":"cond-expr","locations":[{"start":{"line":448,"column":50},"end":{"line":448,"column":57}},{"start":{"line":448,"column":57},"end":{"line":448,"column":68}}]},"36":{"loc":{"start":{"line":457,"column":33},"end":{"line":457,"column":68}},"type":"cond-expr","locations":[{"start":{"line":457,"column":50},"end":{"line":457,"column":57}},{"start":{"line":457,"column":57},"end":{"line":457,"column":68}}]},"37":{"loc":{"start":{"line":466,"column":33},"end":{"line":466,"column":68}},"type":"cond-expr","locations":[{"start":{"line":466,"column":50},"end":{"line":466,"column":57}},{"start":{"line":466,"column":57},"end":{"line":466,"column":68}}]},"38":{"loc":{"start":{"line":475,"column":33},"end":{"line":475,"column":68}},"type":"cond-expr","locations":[{"start":{"line":475,"column":50},"end":{"line":475,"column":57}},{"start":{"line":475,"column":57},"end":{"line":475,"column":68}}]},"39":{"loc":{"start":{"line":482,"column":25},"end":{"line":484,"column":null}},"type":"cond-expr","locations":[{"start":{"line":483,"column":28},"end":{"line":483,"column":66}},{"start":{"line":484,"column":28},"end":{"line":484,"column":null}}]},"40":{"loc":{"start":{"line":482,"column":25},"end":{"line":482,"column":null}},"type":"binary-expr","locations":[{"start":{"line":482,"column":25},"end":{"line":482,"column":59}},{"start":{"line":482,"column":59},"end":{"line":482,"column":null}}]},"41":{"loc":{"start":{"line":503,"column":23},"end":{"line":503,"column":40}},"type":"binary-expr","locations":[{"start":{"line":503,"column":23},"end":{"line":503,"column":40}}]},"42":{"loc":{"start":{"line":514,"column":35},"end":{"line":514,"column":70}},"type":"cond-expr","locations":[{"start":{"line":514,"column":52},"end":{"line":514,"column":59}},{"start":{"line":514,"column":59},"end":{"line":514,"column":70}}]},"43":{"loc":{"start":{"line":523,"column":35},"end":{"line":523,"column":70}},"type":"cond-expr","locations":[{"start":{"line":523,"column":52},"end":{"line":523,"column":59}},{"start":{"line":523,"column":59},"end":{"line":523,"column":70}}]},"44":{"loc":{"start":{"line":532,"column":35},"end":{"line":532,"column":70}},"type":"cond-expr","locations":[{"start":{"line":532,"column":52},"end":{"line":532,"column":59}},{"start":{"line":532,"column":59},"end":{"line":532,"column":70}}]},"45":{"loc":{"start":{"line":541,"column":35},"end":{"line":541,"column":70}},"type":"cond-expr","locations":[{"start":{"line":541,"column":52},"end":{"line":541,"column":59}},{"start":{"line":541,"column":59},"end":{"line":541,"column":70}}]},"46":{"loc":{"start":{"line":550,"column":35},"end":{"line":550,"column":70}},"type":"cond-expr","locations":[{"start":{"line":550,"column":52},"end":{"line":550,"column":59}},{"start":{"line":550,"column":59},"end":{"line":550,"column":70}}]},"47":{"loc":{"start":{"line":559,"column":35},"end":{"line":559,"column":70}},"type":"cond-expr","locations":[{"start":{"line":559,"column":52},"end":{"line":559,"column":59}},{"start":{"line":559,"column":59},"end":{"line":559,"column":70}}]},"48":{"loc":{"start":{"line":568,"column":15},"end":{"line":568,"column":35}},"type":"binary-expr","locations":[{"start":{"line":568,"column":15},"end":{"line":568,"column":35}},{"start":{"line":568,"column":39},"end":{"line":568,"column":null}}]},"49":{"loc":{"start":{"line":595,"column":34},"end":{"line":601,"column":44}},"type":"cond-expr","locations":[{"start":{"line":595,"column":34},"end":{"line":601,"column":44}}]},"50":{"loc":{"start":{"line":602,"column":34},"end":{"line":613,"column":44}},"type":"cond-expr","locations":[{"start":{"line":602,"column":34},"end":{"line":613,"column":44}}]},"51":{"loc":{"start":{"line":601,"column":36},"end":{"line":601,"column":null}},"type":"binary-expr","locations":[{"start":{"line":601,"column":36},"end":{"line":601,"column":74}},{"start":{"line":601,"column":74},"end":{"line":601,"column":108}},{"start":{"line":601,"column":108},"end":{"line":601,"column":null}}]},"52":{"loc":{"start":{"line":614,"column":34},"end":{"line":621,"column":null}},"type":"cond-expr","locations":[{"start":{"line":614,"column":34},"end":{"line":621,"column":null}}]},"53":{"loc":{"start":{"line":613,"column":36},"end":{"line":613,"column":null}},"type":"binary-expr","locations":[{"start":{"line":613,"column":36},"end":{"line":613,"column":71}},{"start":{"line":613,"column":71},"end":{"line":613,"column":105}},{"start":{"line":613,"column":105},"end":{"line":613,"column":null}}]},"54":{"loc":{"start":{"line":623,"column":39},"end":{"line":625,"column":null}},"type":"binary-expr","locations":[{"start":{"line":623,"column":39},"end":{"line":623,"column":null}},{"start":{"line":624,"column":39},"end":{"line":624,"column":null}},{"start":{"line":625,"column":39},"end":{"line":625,"column":null}}]},"55":{"loc":{"start":{"line":627,"column":37},"end":{"line":627,"column":null}},"type":"binary-expr","locations":[{"start":{"line":627,"column":37},"end":{"line":627,"column":null}}]},"56":{"loc":{"start":{"line":632,"column":37},"end":{"line":632,"column":null}},"type":"binary-expr","locations":[{"start":{"line":632,"column":37},"end":{"line":632,"column":null}}]},"57":{"loc":{"start":{"line":646,"column":36},"end":{"line":653,"column":37}},"type":"cond-expr","locations":[{"start":{"line":646,"column":36},"end":{"line":653,"column":37}}]},"58":{"loc":{"start":{"line":671,"column":72},"end":{"line":671,"column":null}},"type":"binary-expr","locations":[{"start":{"line":671,"column":72},"end":{"line":671,"column":90}},{"start":{"line":671,"column":94},"end":{"line":671,"column":null}}]}},"s":{"0":41,"1":1,"2":1,"3":1,"4":1,"5":1,"6":1,"7":1,"8":1,"9":1,"10":1,"11":1,"12":1,"13":1,"14":1,"15":72,"16":0,"17":0,"18":36,"19":0,"20":36,"21":0,"22":1,"23":72,"24":0,"25":0,"26":36,"27":0,"28":36,"29":0,"30":1,"31":75,"32":0,"33":75,"34":75,"35":75,"36":75,"37":75,"38":0,"39":0,"40":0,"41":0,"42":1,"43":0,"44":0,"45":0,"46":0,"47":0,"48":0,"49":0,"50":1,"51":228,"52":2,"53":226,"54":1,"55":225,"56":1,"57":228,"58":228,"59":5,"60":223,"61":2,"62":221,"63":221,"64":0,"65":81,"66":81,"67":81,"68":81,"69":81,"70":81,"71":81,"72":41,"73":41,"74":41,"75":41,"76":39,"77":1,"78":1,"79":40,"80":41,"81":41,"82":81,"83":38,"84":1,"85":1,"86":35,"87":1,"88":0,"89":81,"90":40,"91":38,"92":38,"93":38,"94":38,"95":38,"96":38,"97":38,"98":38,"99":38,"100":38,"101":38,"102":38,"103":38,"104":38,"105":38,"106":38,"107":38,"108":38,"109":38,"110":38,"111":38,"112":38,"113":38,"114":38,"115":38,"116":38,"117":73},"f":{"0":72,"1":72,"2":75,"3":0,"4":228,"5":228,"6":81,"7":41,"8":41,"9":38,"10":38,"11":38,"12":38,"13":38,"14":38,"15":38,"16":38,"17":38,"18":38,"19":38,"20":38,"21":38,"22":73},"b":{"0":[0,0,36,0,36,0],"1":[0,0,36,0,36,0],"2":[0],"3":[75],"4":[0],"5":[0],"6":[0,0],"7":[0],"8":[0],"9":[0,0],"10":[228],"11":[2],"12":[228,228,228],"13":[1],"14":[226,1],"15":[228],"16":[228,228],"17":[5],"18":[228,226],"19":[2],"20":[221],"21":[221,221],"22":[41],"23":[1,1,35,1,0],"24":[41],"25":[2],"26":[40,39],"27":[2,1],"28":[38,0],"29":[38,0],"30":[38,0],"31":[38],"32":[38],"33":[0,38],"34":[1,37],"35":[1,37],"36":[1,37],"37":[1,37],"38":[1,37],"39":[38,0],"40":[38,38],"41":[38],"42":[0,38],"43":[0,38],"44":[0,38],"45":[0,38],"46":[0,38],"47":[1,37],"48":[38,38],"49":[1],"50":[0],"51":[72,0,0],"52":[0],"53":[72,36,36],"54":[72,36,0],"55":[72],"56":[72],"57":[1],"58":[73,1]}}
,"C:\\Nadia\\ProyectoFinal\\inia-frontend-jc\\app\\listado\\analisis\\pureza\\[id]\\editar\\loading.tsx": {"path":"C:\\Nadia\\ProyectoFinal\\inia-frontend-jc\\app\\listado\\analisis\\pureza\\[id]\\editar\\loading.tsx","statementMap":{"0":{"start":{"line":1,"column":24},"end":{"line":1,"column":null}}},"fnMap":{"0":{"name":"Loading","decl":{"start":{"line":1,"column":24},"end":{"line":1,"column":null}},"loc":{"start":{"line":1,"column":24},"end":{"line":10,"column":null}}}},"branchMap":{},"s":{"0":0},"f":{"0":0},"b":{}}
,"C:\\Nadia\\ProyectoFinal\\inia-frontend-jc\\app\\listado\\analisis\\pureza\\[id]\\editar\\page.tsx": {"path":"C:\\Nadia\\ProyectoFinal\\inia-frontend-jc\\app\\listado\\analisis\\pureza\\[id]\\editar\\page.tsx","statementMap":{"0":{"start":{"line":64,"column":24},"end":{"line":64,"column":null}},"1":{"start":{"line":3,"column":45},"end":{"line":3,"column":null}},"2":{"start":{"line":4,"column":37},"end":{"line":4,"column":null}},"3":{"start":{"line":5,"column":57},"end":{"line":5,"column":null}},"4":{"start":{"line":6,"column":23},"end":{"line":6,"column":null}},"5":{"start":{"line":7,"column":22},"end":{"line":7,"column":null}},"6":{"start":{"line":8,"column":22},"end":{"line":8,"column":null}},"7":{"start":{"line":9,"column":25},"end":{"line":9,"column":null}},"8":{"start":{"line":10,"column":22},"end":{"line":10,"column":null}},"9":{"start":{"line":11,"column":78},"end":{"line":11,"column":null}},"10":{"start":{"line":12,"column":78},"end":{"line":12,"column":null}},"11":{"start":{"line":13,"column":40},"end":{"line":13,"column":null}},"12":{"start":{"line":14,"column":188},"end":{"line":14,"column":null}},"13":{"start":{"line":15,"column":17},"end":{"line":15,"column":null}},"14":{"start":{"line":22,"column":7},"end":{"line":22,"column":null}},"15":{"start":{"line":23,"column":32},"end":{"line":23,"column":null}},"16":{"start":{"line":24,"column":37},"end":{"line":24,"column":null}},"17":{"start":{"line":26,"column":22},"end":{"line":26,"column":null}},"18":{"start":{"line":27,"column":34},"end":{"line":27,"column":null}},"19":{"start":{"line":28,"column":37},"end":{"line":28,"column":null}},"20":{"start":{"line":29,"column":39},"end":{"line":29,"column":null}},"21":{"start":{"line":30,"column":33},"end":{"line":30,"column":null}},"22":{"start":{"line":33,"column":30},"end":{"line":46,"column":null}},"23":{"start":{"line":34,"column":2},"end":{"line":45,"column":null}},"24":{"start":{"line":36,"column":6},"end":{"line":36,"column":null}},"25":{"start":{"line":38,"column":6},"end":{"line":38,"column":null}},"26":{"start":{"line":40,"column":6},"end":{"line":40,"column":null}},"27":{"start":{"line":42,"column":6},"end":{"line":42,"column":null}},"28":{"start":{"line":44,"column":6},"end":{"line":44,"column":null}},"29":{"start":{"line":49,"column":33},"end":{"line":62,"column":null}},"30":{"start":{"line":50,"column":2},"end":{"line":61,"column":null}},"31":{"start":{"line":52,"column":6},"end":{"line":52,"column":null}},"32":{"start":{"line":54,"column":6},"end":{"line":54,"column":null}},"33":{"start":{"line":56,"column":6},"end":{"line":56,"column":null}},"34":{"start":{"line":58,"column":6},"end":{"line":58,"column":null}},"35":{"start":{"line":60,"column":6},"end":{"line":60,"column":null}},"36":{"start":{"line":65,"column":17},"end":{"line":65,"column":null}},"37":{"start":{"line":66,"column":17},"end":{"line":66,"column":null}},"38":{"start":{"line":67,"column":19},"end":{"line":67,"column":28}},"39":{"start":{"line":69,"column":30},"end":{"line":69,"column":null}},"40":{"start":{"line":70,"column":32},"end":{"line":70,"column":null}},"41":{"start":{"line":71,"column":30},"end":{"line":71,"column":null}},"42":{"start":{"line":72,"column":28},"end":{"line":72,"column":null}},"43":{"start":{"line":73,"column":36},"end":{"line":73,"column":null}},"44":{"start":{"line":74,"column":34},"end":{"line":74,"column":null}},"45":{"start":{"line":77,"column":46},"end":{"line":77,"column":null}},"46":{"start":{"line":78,"column":38},"end":{"line":84,"column":null}},"47":{"start":{"line":87,"column":34},"end":{"line":117,"column":null}},"48":{"start":{"line":119,"column":2},"end":{"line":224,"column":null}},"49":{"start":{"line":120,"column":22},"end":{"line":219,"column":null}},"50":{"start":{"line":121,"column":6},"end":{"line":218,"column":null}},"51":{"start":{"line":122,"column":8},"end":{"line":122,"column":null}},"52":{"start":{"line":123,"column":8},"end":{"line":123,"column":null}},"53":{"start":{"line":125,"column":25},"end":{"line":125,"column":null}},"54":{"start":{"line":126,"column":8},"end":{"line":126,"column":null}},"55":{"start":{"line":128,"column":27},"end":{"line":128,"column":null}},"56":{"start":{"line":129,"column":8},"end":{"line":129,"column":null}},"57":{"start":{"line":130,"column":8},"end":{"line":130,"column":null}},"58":{"start":{"line":133,"column":8},"end":{"line":142,"column":null}},"59":{"start":{"line":134,"column":10},"end":{"line":134,"column":null}},"60":{"start":{"line":135,"column":32},"end":{"line":135,"column":null}},"61":{"start":{"line":136,"column":10},"end":{"line":138,"column":null}},"62":{"start":{"line":137,"column":12},"end":{"line":137,"column":null}},"63":{"start":{"line":140,"column":10},"end":{"line":140,"column":null}},"64":{"start":{"line":141,"column":10},"end":{"line":141,"column":null}},"65":{"start":{"line":145,"column":8},"end":{"line":154,"column":null}},"66":{"start":{"line":146,"column":10},"end":{"line":146,"column":null}},"67":{"start":{"line":147,"column":31},"end":{"line":147,"column":null}},"68":{"start":{"line":148,"column":10},"end":{"line":150,"column":null}},"69":{"start":{"line":149,"column":12},"end":{"line":149,"column":null}},"70":{"start":{"line":152,"column":10},"end":{"line":152,"column":null}},"71":{"start":{"line":153,"column":10},"end":{"line":153,"column":null}},"72":{"start":{"line":157,"column":35},"end":{"line":169,"column":null}},"73":{"start":{"line":158,"column":10},"end":{"line":158,"column":null}},"74":{"start":{"line":158,"column":27},"end":{"line":158,"column":null}},"75":{"start":{"line":159,"column":10},"end":{"line":159,"column":null}},"76":{"start":{"line":159,"column":54},"end":{"line":159,"column":null}},"77":{"start":{"line":160,"column":10},"end":{"line":168,"column":null}},"78":{"start":{"line":161,"column":25},"end":{"line":161,"column":null}},"79":{"start":{"line":162,"column":25},"end":{"line":162,"column":null}},"80":{"start":{"line":163,"column":26},"end":{"line":163,"column":null}},"81":{"start":{"line":164,"column":24},"end":{"line":164,"column":null}},"82":{"start":{"line":165,"column":12},"end":{"line":165,"column":null}},"83":{"start":{"line":167,"column":12},"end":{"line":167,"column":null}},"84":{"start":{"line":172,"column":8},"end":{"line":212,"column":null}},"85":{"start":{"line":201,"column":64},"end":{"line":211,"column":17}},"86":{"start":{"line":214,"column":8},"end":{"line":214,"column":null}},"87":{"start":{"line":215,"column":8},"end":{"line":215,"column":null}},"88":{"start":{"line":217,"column":8},"end":{"line":217,"column":null}},"89":{"start":{"line":221,"column":4},"end":{"line":223,"column":null}},"90":{"start":{"line":222,"column":6},"end":{"line":222,"column":null}},"91":{"start":{"line":226,"column":28},"end":{"line":231,"column":null}},"92":{"start":{"line":227,"column":4},"end":{"line":230,"column":null}},"93":{"start":{"line":227,"column":27},"end":{"line":230,"column":null}},"94":{"start":{"line":234,"column":29},"end":{"line":250,"column":null}},"95":{"start":{"line":235,"column":24},"end":{"line":235,"column":null}},"96":{"start":{"line":236,"column":26},"end":{"line":236,"column":null}},"97":{"start":{"line":237,"column":26},"end":{"line":237,"column":null}},"98":{"start":{"line":238,"column":20},"end":{"line":238,"column":null}},"99":{"start":{"line":239,"column":29},"end":{"line":239,"column":null}},"100":{"start":{"line":240,"column":27},"end":{"line":240,"column":null}},"101":{"start":{"line":242,"column":4},"end":{"line":242,"column":null}},"102":{"start":{"line":253,"column":2},"end":{"line":258,"column":null}},"103":{"start":{"line":254,"column":4},"end":{"line":257,"column":null}},"104":{"start":{"line":254,"column":27},"end":{"line":257,"column":null}},"105":{"start":{"line":261,"column":22},"end":{"line":297,"column":null}},"106":{"start":{"line":262,"column":22},"end":{"line":262,"column":null}},"107":{"start":{"line":263,"column":24},"end":{"line":263,"column":null}},"108":{"start":{"line":264,"column":26},"end":{"line":264,"column":null}},"109":{"start":{"line":265,"column":26},"end":{"line":265,"column":null}},"110":{"start":{"line":266,"column":20},"end":{"line":266,"column":null}},"111":{"start":{"line":267,"column":29},"end":{"line":267,"column":null}},"112":{"start":{"line":268,"column":27},"end":{"line":268,"column":null}},"113":{"start":{"line":270,"column":4},"end":{"line":279,"column":null}},"114":{"start":{"line":271,"column":6},"end":{"line":278,"column":null}},"115":{"start":{"line":281,"column":4},"end":{"line":288,"column":null}},"116":{"start":{"line":300,"column":37},"end":{"line":317,"column":null}},"117":{"start":{"line":302,"column":6},"end":{"line":307,"column":null}},"118":{"start":{"line":309,"column":4},"end":{"line":309,"column":null}},"119":{"start":{"line":320,"column":34},"end":{"line":337,"column":null}},"120":{"start":{"line":322,"column":6},"end":{"line":327,"column":null}},"121":{"start":{"line":329,"column":4},"end":{"line":329,"column":null}},"122":{"start":{"line":340,"column":2},"end":{"line":345,"column":null}},"123":{"start":{"line":341,"column":4},"end":{"line":344,"column":null}},"124":{"start":{"line":341,"column":27},"end":{"line":344,"column":null}},"125":{"start":{"line":347,"column":27},"end":{"line":352,"column":null}},"126":{"start":{"line":348,"column":4},"end":{"line":351,"column":null}},"127":{"start":{"line":348,"column":27},"end":{"line":351,"column":null}},"128":{"start":{"line":354,"column":30},"end":{"line":359,"column":null}},"129":{"start":{"line":355,"column":4},"end":{"line":358,"column":null}},"130":{"start":{"line":355,"column":27},"end":{"line":358,"column":null}},"131":{"start":{"line":357,"column":47},"end":{"line":357,"column":null}},"132":{"start":{"line":361,"column":21},"end":{"line":416,"column":null}},"133":{"start":{"line":362,"column":4},"end":{"line":362,"column":null}},"134":{"start":{"line":362,"column":17},"end":{"line":362,"column":null}},"135":{"start":{"line":364,"column":4},"end":{"line":415,"column":null}},"136":{"start":{"line":365,"column":6},"end":{"line":365,"column":null}},"137":{"start":{"line":367,"column":43},"end":{"line":405,"column":null}},"138":{"start":{"line":398,"column":59},"end":{"line":404,"column":null}},"139":{"start":{"line":407,"column":6},"end":{"line":407,"column":null}},"140":{"start":{"line":408,"column":6},"end":{"line":408,"column":null}},"141":{"start":{"line":409,"column":6},"end":{"line":409,"column":null}},"142":{"start":{"line":411,"column":6},"end":{"line":411,"column":null}},"143":{"start":{"line":412,"column":6},"end":{"line":412,"column":null}},"144":{"start":{"line":414,"column":6},"end":{"line":414,"column":null}},"145":{"start":{"line":419,"column":34},"end":{"line":433,"column":null}},"146":{"start":{"line":420,"column":4},"end":{"line":420,"column":null}},"147":{"start":{"line":420,"column":17},"end":{"line":420,"column":null}},"148":{"start":{"line":422,"column":4},"end":{"line":432,"column":null}},"149":{"start":{"line":423,"column":6},"end":{"line":423,"column":null}},"150":{"start":{"line":424,"column":6},"end":{"line":424,"column":null}},"151":{"start":{"line":425,"column":6},"end":{"line":425,"column":null}},"152":{"start":{"line":426,"column":6},"end":{"line":426,"column":null}},"153":{"start":{"line":428,"column":6},"end":{"line":428,"column":null}},"154":{"start":{"line":429,"column":6},"end":{"line":431,"column":null}},"155":{"start":{"line":436,"column":24},"end":{"line":450,"column":null}},"156":{"start":{"line":437,"column":4},"end":{"line":437,"column":null}},"157":{"start":{"line":437,"column":17},"end":{"line":437,"column":null}},"158":{"start":{"line":439,"column":4},"end":{"line":449,"column":null}},"159":{"start":{"line":440,"column":6},"end":{"line":440,"column":null}},"160":{"start":{"line":441,"column":6},"end":{"line":441,"column":null}},"161":{"start":{"line":442,"column":6},"end":{"line":442,"column":null}},"162":{"start":{"line":443,"column":6},"end":{"line":443,"column":null}},"163":{"start":{"line":445,"column":6},"end":{"line":445,"column":null}},"164":{"start":{"line":446,"column":6},"end":{"line":448,"column":null}},"165":{"start":{"line":453,"column":34},"end":{"line":467,"column":null}},"166":{"start":{"line":454,"column":4},"end":{"line":454,"column":null}},"167":{"start":{"line":454,"column":17},"end":{"line":454,"column":null}},"168":{"start":{"line":456,"column":4},"end":{"line":466,"column":null}},"169":{"start":{"line":457,"column":6},"end":{"line":457,"column":null}},"170":{"start":{"line":458,"column":6},"end":{"line":458,"column":null}},"171":{"start":{"line":459,"column":6},"end":{"line":459,"column":null}},"172":{"start":{"line":460,"column":6},"end":{"line":460,"column":null}},"173":{"start":{"line":462,"column":6},"end":{"line":462,"column":null}},"174":{"start":{"line":463,"column":6},"end":{"line":465,"column":null}},"175":{"start":{"line":470,"column":34},"end":{"line":486,"column":null}},"176":{"start":{"line":471,"column":4},"end":{"line":471,"column":null}},"177":{"start":{"line":471,"column":17},"end":{"line":471,"column":null}},"178":{"start":{"line":473,"column":4},"end":{"line":485,"column":null}},"179":{"start":{"line":474,"column":6},"end":{"line":474,"column":null}},"180":{"start":{"line":477,"column":6},"end":{"line":477,"column":null}},"181":{"start":{"line":478,"column":6},"end":{"line":478,"column":null}},"182":{"start":{"line":479,"column":6},"end":{"line":479,"column":null}},"183":{"start":{"line":481,"column":6},"end":{"line":481,"column":null}},"184":{"start":{"line":482,"column":6},"end":{"line":484,"column":null}},"185":{"start":{"line":488,"column":2},"end":{"line":499,"column":null}},"186":{"start":{"line":501,"column":2},"end":{"line":523,"column":null}},"187":{"start":{"line":534,"column":31},"end":{"line":534,"column":null}},"188":{"start":{"line":582,"column":39},"end":{"line":582,"column":null}},"189":{"start":{"line":597,"column":39},"end":{"line":597,"column":null}},"190":{"start":{"line":613,"column":39},"end":{"line":613,"column":null}},"191":{"start":{"line":629,"column":39},"end":{"line":629,"column":null}},"192":{"start":{"line":645,"column":39},"end":{"line":645,"column":null}},"193":{"start":{"line":661,"column":39},"end":{"line":661,"column":null}},"194":{"start":{"line":677,"column":39},"end":{"line":677,"column":null}},"195":{"start":{"line":693,"column":39},"end":{"line":693,"column":null}},"196":{"start":{"line":837,"column":37},"end":{"line":837,"column":null}},"197":{"start":{"line":854,"column":37},"end":{"line":854,"column":null}},"198":{"start":{"line":871,"column":37},"end":{"line":871,"column":null}},"199":{"start":{"line":888,"column":37},"end":{"line":888,"column":null}},"200":{"start":{"line":905,"column":37},"end":{"line":905,"column":null}},"201":{"start":{"line":922,"column":37},"end":{"line":922,"column":null}},"202":{"start":{"line":999,"column":39},"end":{"line":999,"column":null}},"203":{"start":{"line":1014,"column":39},"end":{"line":1014,"column":null}},"204":{"start":{"line":1030,"column":39},"end":{"line":1030,"column":null}},"205":{"start":{"line":1046,"column":39},"end":{"line":1046,"column":null}},"206":{"start":{"line":1062,"column":39},"end":{"line":1062,"column":null}},"207":{"start":{"line":1078,"column":39},"end":{"line":1078,"column":null}},"208":{"start":{"line":1094,"column":39},"end":{"line":1094,"column":null}},"209":{"start":{"line":1117,"column":44},"end":{"line":1117,"column":null}},"210":{"start":{"line":1183,"column":35},"end":{"line":1183,"column":null}},"211":{"start":{"line":1200,"column":39},"end":{"line":1200,"column":64}},"212":{"start":{"line":1216,"column":26},"end":{"line":1221,"column":null}},"213":{"start":{"line":1216,"column":51},"end":{"line":1221,"column":null}},"214":{"start":{"line":1245,"column":26},"end":{"line":1250,"column":null}},"215":{"start":{"line":1245,"column":51},"end":{"line":1250,"column":null}},"216":{"start":{"line":1264,"column":32},"end":{"line":1264,"column":68}},"217":{"start":{"line":1275,"column":30},"end":{"line":1275,"column":68}},"218":{"start":{"line":1288,"column":50},"end":{"line":1288,"column":null}},"219":{"start":{"line":1288,"column":75},"end":{"line":1288,"column":null}},"220":{"start":{"line":1306,"column":26},"end":{"line":1309,"column":null}},"221":{"start":{"line":1306,"column":51},"end":{"line":1309,"column":null}},"222":{"start":{"line":1320,"column":48},"end":{"line":1320,"column":null}},"223":{"start":{"line":1321,"column":50},"end":{"line":1323,"column":88}},"224":{"start":{"line":1325,"column":24},"end":{"line":1352,"column":null}},"225":{"start":{"line":1326,"column":26},"end":{"line":1346,"column":null}},"226":{"start":{"line":1328,"column":44},"end":{"line":1328,"column":null}},"227":{"start":{"line":1328,"column":65},"end":{"line":1328,"column":101}},"228":{"start":{"line":1329,"column":28},"end":{"line":1335,"column":null}},"229":{"start":{"line":1338,"column":45},"end":{"line":1338,"column":null}},"230":{"start":{"line":1338,"column":67},"end":{"line":1338,"column":105}},"231":{"start":{"line":1339,"column":28},"end":{"line":1345,"column":null}},"232":{"start":{"line":1347,"column":26},"end":{"line":1347,"column":null}},"233":{"start":{"line":1348,"column":26},"end":{"line":1348,"column":null}},"234":{"start":{"line":1349,"column":26},"end":{"line":1349,"column":null}},"235":{"start":{"line":1351,"column":26},"end":{"line":1351,"column":null}},"236":{"start":{"line":1361,"column":24},"end":{"line":1361,"column":null}},"237":{"start":{"line":1362,"column":24},"end":{"line":1362,"column":null}},"238":{"start":{"line":1392,"column":24},"end":{"line":1392,"column":null}},"239":{"start":{"line":1451,"column":32},"end":{"line":1451,"column":null}},"240":{"start":{"line":1452,"column":32},"end":{"line":1452,"column":null}},"241":{"start":{"line":1477,"column":12},"end":{"line":1477,"column":null}},"242":{"start":{"line":1478,"column":12},"end":{"line":1478,"column":null}},"243":{"start":{"line":1479,"column":12},"end":{"line":1479,"column":null}},"244":{"start":{"line":1482,"column":12},"end":{"line":1482,"column":null}},"245":{"start":{"line":1483,"column":12},"end":{"line":1483,"column":null}},"246":{"start":{"line":1484,"column":12},"end":{"line":1484,"column":null}},"247":{"start":{"line":1487,"column":12},"end":{"line":1487,"column":null}},"248":{"start":{"line":1488,"column":12},"end":{"line":1488,"column":null}},"249":{"start":{"line":1489,"column":12},"end":{"line":1489,"column":null}},"250":{"start":{"line":1492,"column":12},"end":{"line":1492,"column":null}},"251":{"start":{"line":1493,"column":12},"end":{"line":1493,"column":null}},"252":{"start":{"line":1494,"column":12},"end":{"line":1494,"column":null}}},"fnMap":{"0":{"name":"(anonymous_5)","decl":{"start":{"line":33,"column":30},"end":{"line":33,"column":31}},"loc":{"start":{"line":33,"column":31},"end":{"line":46,"column":null}}},"1":{"name":"(anonymous_6)","decl":{"start":{"line":49,"column":33},"end":{"line":49,"column":34}},"loc":{"start":{"line":49,"column":34},"end":{"line":62,"column":null}}},"2":{"name":"EditarPurezaPage","decl":{"start":{"line":64,"column":24},"end":{"line":64,"column":null}},"loc":{"start":{"line":64,"column":24},"end":{"line":1509,"column":null}}},"3":{"name":"(anonymous_8)","decl":{"start":{"line":119,"column":12},"end":{"line":119,"column":null}},"loc":{"start":{"line":119,"column":12},"end":{"line":224,"column":5}}},"4":{"name":"(anonymous_9)","decl":{"start":{"line":120,"column":22},"end":{"line":120,"column":null}},"loc":{"start":{"line":120,"column":22},"end":{"line":219,"column":null}}},"5":{"name":"(anonymous_10)","decl":{"start":{"line":157,"column":35},"end":{"line":157,"column":36}},"loc":{"start":{"line":157,"column":36},"end":{"line":169,"column":null}}},"6":{"name":"(anonymous_11)","decl":{"start":{"line":201,"column":50},"end":{"line":201,"column":51}},"loc":{"start":{"line":201,"column":64},"end":{"line":211,"column":17}}},"7":{"name":"(anonymous_12)","decl":{"start":{"line":226,"column":28},"end":{"line":226,"column":29}},"loc":{"start":{"line":226,"column":44},"end":{"line":231,"column":null}}},"8":{"name":"(anonymous_13)","decl":{"start":{"line":227,"column":16},"end":{"line":227,"column":17}},"loc":{"start":{"line":227,"column":27},"end":{"line":230,"column":null}}},"9":{"name":"(anonymous_14)","decl":{"start":{"line":234,"column":37},"end":{"line":234,"column":null}},"loc":{"start":{"line":234,"column":37},"end":{"line":243,"column":5}}},"10":{"name":"(anonymous_15)","decl":{"start":{"line":253,"column":12},"end":{"line":253,"column":null}},"loc":{"start":{"line":253,"column":12},"end":{"line":258,"column":5}}},"11":{"name":"(anonymous_16)","decl":{"start":{"line":254,"column":16},"end":{"line":254,"column":17}},"loc":{"start":{"line":254,"column":27},"end":{"line":257,"column":null}}},"12":{"name":"(anonymous_17)","decl":{"start":{"line":261,"column":30},"end":{"line":261,"column":null}},"loc":{"start":{"line":261,"column":30},"end":{"line":289,"column":5}}},"13":{"name":"(anonymous_18)","decl":{"start":{"line":300,"column":45},"end":{"line":300,"column":null}},"loc":{"start":{"line":300,"column":45},"end":{"line":310,"column":5}}},"14":{"name":"(anonymous_19)","decl":{"start":{"line":320,"column":42},"end":{"line":320,"column":null}},"loc":{"start":{"line":320,"column":42},"end":{"line":330,"column":5}}},"15":{"name":"(anonymous_20)","decl":{"start":{"line":340,"column":12},"end":{"line":340,"column":null}},"loc":{"start":{"line":340,"column":12},"end":{"line":345,"column":5}}},"16":{"name":"(anonymous_21)","decl":{"start":{"line":341,"column":16},"end":{"line":341,"column":17}},"loc":{"start":{"line":341,"column":27},"end":{"line":344,"column":null}}},"17":{"name":"(anonymous_22)","decl":{"start":{"line":347,"column":27},"end":{"line":347,"column":28}},"loc":{"start":{"line":347,"column":28},"end":{"line":352,"column":null}}},"18":{"name":"(anonymous_23)","decl":{"start":{"line":348,"column":16},"end":{"line":348,"column":17}},"loc":{"start":{"line":348,"column":27},"end":{"line":351,"column":null}}},"19":{"name":"(anonymous_24)","decl":{"start":{"line":354,"column":30},"end":{"line":354,"column":31}},"loc":{"start":{"line":354,"column":31},"end":{"line":359,"column":null}}},"20":{"name":"(anonymous_25)","decl":{"start":{"line":355,"column":16},"end":{"line":355,"column":17}},"loc":{"start":{"line":355,"column":27},"end":{"line":358,"column":null}}},"21":{"name":"(anonymous_26)","decl":{"start":{"line":357,"column":37},"end":{"line":357,"column":38}},"loc":{"start":{"line":357,"column":47},"end":{"line":357,"column":null}}},"22":{"name":"(anonymous_27)","decl":{"start":{"line":361,"column":21},"end":{"line":361,"column":null}},"loc":{"start":{"line":361,"column":21},"end":{"line":416,"column":null}}},"23":{"name":"(anonymous_28)","decl":{"start":{"line":398,"column":45},"end":{"line":398,"column":46}},"loc":{"start":{"line":398,"column":59},"end":{"line":404,"column":null}}},"24":{"name":"(anonymous_29)","decl":{"start":{"line":419,"column":34},"end":{"line":419,"column":null}},"loc":{"start":{"line":419,"column":34},"end":{"line":433,"column":null}}},"25":{"name":"(anonymous_30)","decl":{"start":{"line":436,"column":24},"end":{"line":436,"column":null}},"loc":{"start":{"line":436,"column":24},"end":{"line":450,"column":null}}},"26":{"name":"(anonymous_31)","decl":{"start":{"line":453,"column":34},"end":{"line":453,"column":null}},"loc":{"start":{"line":453,"column":34},"end":{"line":467,"column":null}}},"27":{"name":"(anonymous_32)","decl":{"start":{"line":470,"column":34},"end":{"line":470,"column":null}},"loc":{"start":{"line":470,"column":34},"end":{"line":486,"column":null}}},"28":{"name":"(anonymous_33)","decl":{"start":{"line":534,"column":25},"end":{"line":534,"column":31}},"loc":{"start":{"line":534,"column":31},"end":{"line":534,"column":null}}},"29":{"name":"(anonymous_34)","decl":{"start":{"line":582,"column":32},"end":{"line":582,"column":33}},"loc":{"start":{"line":582,"column":39},"end":{"line":582,"column":null}}},"30":{"name":"(anonymous_35)","decl":{"start":{"line":597,"column":32},"end":{"line":597,"column":33}},"loc":{"start":{"line":597,"column":39},"end":{"line":597,"column":null}}},"31":{"name":"(anonymous_36)","decl":{"start":{"line":613,"column":32},"end":{"line":613,"column":33}},"loc":{"start":{"line":613,"column":39},"end":{"line":613,"column":null}}},"32":{"name":"(anonymous_37)","decl":{"start":{"line":629,"column":32},"end":{"line":629,"column":33}},"loc":{"start":{"line":629,"column":39},"end":{"line":629,"column":null}}},"33":{"name":"(anonymous_38)","decl":{"start":{"line":645,"column":32},"end":{"line":645,"column":33}},"loc":{"start":{"line":645,"column":39},"end":{"line":645,"column":null}}},"34":{"name":"(anonymous_39)","decl":{"start":{"line":661,"column":32},"end":{"line":661,"column":33}},"loc":{"start":{"line":661,"column":39},"end":{"line":661,"column":null}}},"35":{"name":"(anonymous_40)","decl":{"start":{"line":677,"column":32},"end":{"line":677,"column":33}},"loc":{"start":{"line":677,"column":39},"end":{"line":677,"column":null}}},"36":{"name":"(anonymous_41)","decl":{"start":{"line":693,"column":32},"end":{"line":693,"column":33}},"loc":{"start":{"line":693,"column":39},"end":{"line":693,"column":null}}},"37":{"name":"(anonymous_42)","decl":{"start":{"line":837,"column":30},"end":{"line":837,"column":31}},"loc":{"start":{"line":837,"column":37},"end":{"line":837,"column":null}}},"38":{"name":"(anonymous_43)","decl":{"start":{"line":854,"column":30},"end":{"line":854,"column":31}},"loc":{"start":{"line":854,"column":37},"end":{"line":854,"column":null}}},"39":{"name":"(anonymous_44)","decl":{"start":{"line":871,"column":30},"end":{"line":871,"column":31}},"loc":{"start":{"line":871,"column":37},"end":{"line":871,"column":null}}},"40":{"name":"(anonymous_45)","decl":{"start":{"line":888,"column":30},"end":{"line":888,"column":31}},"loc":{"start":{"line":888,"column":37},"end":{"line":888,"column":null}}},"41":{"name":"(anonymous_46)","decl":{"start":{"line":905,"column":30},"end":{"line":905,"column":31}},"loc":{"start":{"line":905,"column":37},"end":{"line":905,"column":null}}},"42":{"name":"(anonymous_47)","decl":{"start":{"line":922,"column":30},"end":{"line":922,"column":31}},"loc":{"start":{"line":922,"column":37},"end":{"line":922,"column":null}}},"43":{"name":"(anonymous_48)","decl":{"start":{"line":999,"column":32},"end":{"line":999,"column":33}},"loc":{"start":{"line":999,"column":39},"end":{"line":999,"column":null}}},"44":{"name":"(anonymous_49)","decl":{"start":{"line":1014,"column":32},"end":{"line":1014,"column":33}},"loc":{"start":{"line":1014,"column":39},"end":{"line":1014,"column":null}}},"45":{"name":"(anonymous_50)","decl":{"start":{"line":1030,"column":32},"end":{"line":1030,"column":33}},"loc":{"start":{"line":1030,"column":39},"end":{"line":1030,"column":null}}},"46":{"name":"(anonymous_51)","decl":{"start":{"line":1046,"column":32},"end":{"line":1046,"column":33}},"loc":{"start":{"line":1046,"column":39},"end":{"line":1046,"column":null}}},"47":{"name":"(anonymous_52)","decl":{"start":{"line":1062,"column":32},"end":{"line":1062,"column":33}},"loc":{"start":{"line":1062,"column":39},"end":{"line":1062,"column":null}}},"48":{"name":"(anonymous_53)","decl":{"start":{"line":1078,"column":32},"end":{"line":1078,"column":33}},"loc":{"start":{"line":1078,"column":39},"end":{"line":1078,"column":null}}},"49":{"name":"(anonymous_54)","decl":{"start":{"line":1094,"column":32},"end":{"line":1094,"column":33}},"loc":{"start":{"line":1094,"column":39},"end":{"line":1094,"column":null}}},"50":{"name":"(anonymous_55)","decl":{"start":{"line":1117,"column":33},"end":{"line":1117,"column":34}},"loc":{"start":{"line":1117,"column":44},"end":{"line":1117,"column":null}}},"51":{"name":"(anonymous_56)","decl":{"start":{"line":1183,"column":28},"end":{"line":1183,"column":29}},"loc":{"start":{"line":1183,"column":35},"end":{"line":1183,"column":null}}},"52":{"name":"(anonymous_57)","decl":{"start":{"line":1200,"column":33},"end":{"line":1200,"column":39}},"loc":{"start":{"line":1200,"column":39},"end":{"line":1200,"column":64}}},"53":{"name":"(anonymous_58)","decl":{"start":{"line":1215,"column":39},"end":{"line":1215,"column":40}},"loc":{"start":{"line":1216,"column":26},"end":{"line":1221,"column":null}}},"54":{"name":"(anonymous_59)","decl":{"start":{"line":1216,"column":40},"end":{"line":1216,"column":41}},"loc":{"start":{"line":1216,"column":51},"end":{"line":1221,"column":null}}},"55":{"name":"(anonymous_60)","decl":{"start":{"line":1244,"column":39},"end":{"line":1244,"column":40}},"loc":{"start":{"line":1245,"column":26},"end":{"line":1250,"column":null}}},"56":{"name":"(anonymous_61)","decl":{"start":{"line":1245,"column":40},"end":{"line":1245,"column":41}},"loc":{"start":{"line":1245,"column":51},"end":{"line":1250,"column":null}}},"57":{"name":"(anonymous_62)","decl":{"start":{"line":1263,"column":43},"end":{"line":1263,"column":44}},"loc":{"start":{"line":1264,"column":32},"end":{"line":1264,"column":68}}},"58":{"name":"(anonymous_63)","decl":{"start":{"line":1274,"column":42},"end":{"line":1274,"column":43}},"loc":{"start":{"line":1275,"column":30},"end":{"line":1275,"column":68}}},"59":{"name":"(anonymous_64)","decl":{"start":{"line":1288,"column":39},"end":{"line":1288,"column":40}},"loc":{"start":{"line":1288,"column":50},"end":{"line":1288,"column":null}}},"60":{"name":"(anonymous_65)","decl":{"start":{"line":1288,"column":64},"end":{"line":1288,"column":65}},"loc":{"start":{"line":1288,"column":75},"end":{"line":1288,"column":null}}},"61":{"name":"(anonymous_66)","decl":{"start":{"line":1305,"column":34},"end":{"line":1305,"column":35}},"loc":{"start":{"line":1306,"column":26},"end":{"line":1309,"column":null}}},"62":{"name":"(anonymous_67)","decl":{"start":{"line":1306,"column":40},"end":{"line":1306,"column":41}},"loc":{"start":{"line":1306,"column":51},"end":{"line":1309,"column":null}}},"63":{"name":"(anonymous_68)","decl":{"start":{"line":1318,"column":31},"end":{"line":1318,"column":null}},"loc":{"start":{"line":1318,"column":31},"end":{"line":1353,"column":null}}},"64":{"name":"(anonymous_69)","decl":{"start":{"line":1328,"column":58},"end":{"line":1328,"column":59}},"loc":{"start":{"line":1328,"column":65},"end":{"line":1328,"column":101}}},"65":{"name":"(anonymous_70)","decl":{"start":{"line":1338,"column":60},"end":{"line":1338,"column":61}},"loc":{"start":{"line":1338,"column":67},"end":{"line":1338,"column":105}}},"66":{"name":"(anonymous_71)","decl":{"start":{"line":1360,"column":31},"end":{"line":1360,"column":null}},"loc":{"start":{"line":1360,"column":31},"end":{"line":1363,"column":null}}},"67":{"name":"(anonymous_72)","decl":{"start":{"line":1391,"column":45},"end":{"line":1391,"column":46}},"loc":{"start":{"line":1392,"column":24},"end":{"line":1392,"column":null}}},"68":{"name":"(anonymous_73)","decl":{"start":{"line":1450,"column":39},"end":{"line":1450,"column":null}},"loc":{"start":{"line":1450,"column":39},"end":{"line":1453,"column":null}}},"69":{"name":"(anonymous_74)","decl":{"start":{"line":1476,"column":21},"end":{"line":1476,"column":null}},"loc":{"start":{"line":1476,"column":21},"end":{"line":1480,"column":null}}},"70":{"name":"(anonymous_75)","decl":{"start":{"line":1481,"column":31},"end":{"line":1481,"column":null}},"loc":{"start":{"line":1481,"column":31},"end":{"line":1485,"column":null}}},"71":{"name":"(anonymous_76)",
[...]
,"end":{"line":865,"column":null}},{"start":{"line":866,"column":50},"end":{"line":866,"column":null}}]},"120":{"loc":{"start":{"line":870,"column":48},"end":{"line":875,"column":null}},"type":"cond-expr","locations":[{"start":{"line":870,"column":48},"end":{"line":875,"column":null}}]},"121":{"loc":{"start":{"line":892,"column":91},"end":{"line":892,"column":null}},"type":"binary-expr","locations":[{"start":{"line":892,"column":91},"end":{"line":892,"column":113}},{"start":{"line":892,"column":113},"end":{"line":892,"column":null}}]}},"s":{"0":41,"1":1,"2":1,"3":1,"4":1,"5":1,"6":1,"7":1,"8":1,"9":1,"10":1,"11":1,"12":1,"13":1,"14":1,"15":41,"16":41,"17":41,"18":41,"19":40,"20":40,"21":40,"22":40,"23":40,"24":40,"25":40,"26":41,"27":40,"28":41,"29":41,"30":41,"31":41,"32":41,"33":41,"34":41,"35":41,"36":41,"37":41,"38":41,"39":41,"40":41,"41":41,"42":1,"43":1,"44":40,"45":40,"46":40,"47":41,"48":39,"49":39,"50":41,"51":39,"52":39,"53":41,"54":39,"55":41,"56":41,"57":41,"58":41,"59":41,"60":41,"61":0,"62":0,"63":1,"64":0,"65":0,"66":0,"67":0,"68":0,"69":0,"70":0,"71":0,"72":0,"73":0,"74":0,"75":0,"76":0,"77":0,"78":0,"79":0,"80":0,"81":0,"82":0,"83":1},"f":{"0":41,"1":40,"2":40,"3":41,"4":39,"5":39,"6":39,"7":0,"8":0,"9":1,"10":0,"11":0,"12":0,"13":0,"14":0,"15":0,"16":0,"17":0,"18":0,"19":0,"20":0,"21":0,"22":0,"23":0,"24":0,"25":0,"26":0,"27":0,"28":0,"29":0},"b":{"0":[1,40],"1":[41,41,2],"2":[1,40],"3":[41,41,2],"4":[40,2],"5":[40,1],"6":[40,0],"7":[40,0],"8":[40,0],"9":[40,0],"10":[41,1],"11":[41,2],"12":[41,1],"13":[41,0],"14":[41,0],"15":[41,0],"16":[41,0],"17":[1],"18":[41,40],"19":[39,0],"20":[39,0],"21":[39,0],"22":[39,0],"23":[39,0],"24":[39,0],"25":[39,0],"26":[39,0],"27":[39,0],"28":[39,0],"29":[39,0],"30":[39,0],"31":[41,0],"32":[41,1],"33":[41,40],"34":[40,1],"35":[41,41],"36":[41,0],"37":[41,0],"38":[41,2],"39":[41,1],"40":[41,0],"41":[41,0],"42":[41,0],"43":[41,0],"44":[41],"45":[41],"46":[1,40],"47":[41,39],"48":[1,40],"49":[41,39],"50":[40,0],"51":[1,40],"52":[41,39],"53":[41,39],"54":[1,40],"55":[41,39],"56":[0,41],"57":[41,39],"58":[0,41],"59":[41,39],"60":[41,0],"61":[0,41],"62":[41,39],"63":[41,39],"64":[0,41],"65":[41,39],"66":[0,41],"67":[41,40],"68":[0,41],"69":[41,40],"70":[41,0],"71":[0,41],"72":[41,40],"73":[41,40],"74":[0,41],"75":[41,40],"76":[1,40],"77":[41,40],"78":[1,40],"79":[41,40],"80":[40,0],"81":[1,40],"82":[41,40],"83":[41,40],"84":[1,40],"85":[41,40],"86":[1,40],"87":[41,40],"88":[1,40],"89":[41,40],"90":[40,0],"91":[1,40],"92":[41,40],"93":[41,40],"94":[1,40],"95":[41,40],"96":[1,40],"97":[41,40],"98":[1,40],"99":[41,40],"100":[40,0],"101":[1,40],"102":[41,40],"103":[41,40],"104":[1,40],"105":[41,40],"106":[40,1],"107":[40,1],"108":[40],"109":[41,41],"110":[41,41],"111":[41,41],"112":[41,41],"113":[41,41],"114":[41,41],"115":[41,41],"116":[41,39],"117":[41],"118":[1,1],"119":[1,1],"120":[1],"121":[41,0]}}
,"C:\\Nadia\\ProyectoFinal\\inia-frontend-jc\\app\\reportes\\pureza\\layout.tsx": {"path":"C:\\Nadia\\ProyectoFinal\\inia-frontend-jc\\app\\reportes\\pureza\\layout.tsx","statementMap":{"0":{"start":{"line":3,"column":24},"end":{"line":3,"column":37}}},"fnMap":{"0":{"name":"PurezaLayout","decl":{"start":{"line":3,"column":24},"end":{"line":3,"column":37}},"loc":{"start":{"line":7,"column":1},"end":{"line":9,"column":null}}}},"branchMap":{},"s":{"0":0},"f":{"0":0},"b":{}}
,"C:\\Nadia\\ProyectoFinal\\inia-frontend-jc\\app\\reportes\\pureza\\page.tsx": {"path":"C:\\Nadia\\ProyectoFinal\\inia-frontend-jc\\app\\reportes\\pureza\\page.tsx","statementMap":{"0":{"start":{"line":15,"column":24},"end":{"line":15,"column":null}},"1":{"start":{"line":3,"column":36},"end":{"line":3,"column":null}},"2":{"start":{"line":4,"column":74},"end":{"line":4,"column":null}},"3":{"start":{"line":5,"column":23},"end":{"line":5,"column":null}},"4":{"start":{"line":6,"column":22},"end":{"line":6,"column":null}},"5":{"start":{"line":7,"column":22},"end":{"line":7,"column":null}},"6":{"start":{"line":8,"column":110},"end":{"line":8,"column":null}},"7":{"start":{"line":9,"column":44},"end":{"line":9,"column":null}},"8":{"start":{"line":10,"column":17},"end":{"line":10,"column":null}},"9":{"start":{"line":11,"column":65},"end":{"line":11,"column":null}},"10":{"start":{"line":13,"column":25},"end":{"line":13,"column":null}},"11":{"start":{"line":16,"column":40},"end":{"line":16,"column":null}},"12":{"start":{"line":17,"column":34},"end":{"line":17,"column":null}},"13":{"start":{"line":18,"column":32},"end":{"line":18,"column":null}},"14":{"start":{"line":19,"column":36},"end":{"line":19,"column":null}},"15":{"start":{"line":20,"column":56},"end":{"line":20,"column":null}},"16":{"start":{"line":21,"column":44},"end":{"line":21,"column":null}},"17":{"start":{"line":22,"column":62},"end":{"line":22,"column":null}},"18":{"start":{"line":24,"column":24},"end":{"line":44,"column":null}},"19":{"start":{"line":25,"column":4},"end":{"line":25,"column":null}},"20":{"start":{"line":26,"column":4},"end":{"line":43,"column":null}},"21":{"start":{"line":27,"column":22},"end":{"line":30,"column":null}},"22":{"start":{"line":31,"column":19},"end":{"line":31,"column":null}},"23":{"start":{"line":32,"column":6},"end":{"line":32,"column":null}},"24":{"start":{"line":35,"column":6},"end":{"line":38,"column":null}},"25":{"start":{"line":36,"column":31},"end":{"line":36,"column":75}},"26":{"start":{"line":37,"column":8},"end":{"line":37,"column":null}},"27":{"start":{"line":40,"column":6},"end":{"line":40,"column":null}},"28":{"start":{"line":42,"column":6},"end":{"line":42,"column":null}},"29":{"start":{"line":46,"column":30},"end":{"line":62,"column":null}},"30":{"start":{"line":47,"column":4},"end":{"line":47,"column":null}},"31":{"start":{"line":47,"column":18},"end":{"line":47,"column":null}},"32":{"start":{"line":49,"column":4},"end":{"line":49,"column":null}},"33":{"start":{"line":50,"column":4},"end":{"line":61,"column":null}},"34":{"start":{"line":51,"column":22},"end":{"line":54,"column":null}},"35":{"start":{"line":55,"column":19},"end":{"line":55,"column":null}},"36":{"start":{"line":56,"column":6},"end":{"line":56,"column":null}},"37":{"start":{"line":58,"column":6},"end":{"line":58,"column":null}},"38":{"start":{"line":60,"column":6},"end":{"line":60,"column":null}},"39":{"start":{"line":64,"column":2},"end":{"line":66,"column":null}},"40":{"start":{"line":65,"column":4},"end":{"line":65,"column":null}},"41":{"start":{"line":68,"column":2},"end":{"line":72,"column":null}},"42":{"start":{"line":69,"column":4},"end":{"line":71,"column":null}},"43":{"start":{"line":70,"column":6},"end":{"line":70,"column":null}},"44":{"start":{"line":74,"column":29},"end":{"line":79,"column":8}},"45":{"start":{"line":75,"column":78},"end":{"line":78,"column":null}},"46":{"start":{"line":81,"column":22},"end":{"line":86,"column":8}},"47":{"start":{"line":82,"column":71},"end":{"line":85,"column":null}},"48":{"start":{"line":88,"column":28},"end":{"line":93,"column":8}},"49":{"start":{"line":89,"column":77},"end":{"line":92,"column":null}},"50":{"start":{"line":96,"column":23},"end":{"line":96,"column":null}},"51":{"start":{"line":97,"column":29},"end":{"line":97,"column":null}},"52":{"start":{"line":100,"column":35},"end":{"line":103,"column":null}},"53":{"start":{"line":103,"column":19},"end":{"line":103,"column":null}},"54":{"start":{"line":106,"column":33},"end":{"line":111,"column":null}},"55":{"start":{"line":107,"column":23},"end":{"line":107,"column":null}},"56":{"start":{"line":108,"column":28},"end":{"line":111,"column":null}},"57":{"start":{"line":114,"column":34},"end":{"line":119,"column":null}},"58":{"start":{"line":115,"column":23},"end":{"line":115,"column":null}},"59":{"start":{"line":116,"column":28},"end":{"line":119,"column":null}},"60":{"start":{"line":156,"column":33},"end":{"line":156,"column":null}},"61":{"start":{"line":165,"column":33},"end":{"line":165,"column":null}},"62":{"start":{"line":200,"column":57},"end":{"line":203,"column":null}},"63":{"start":{"line":228,"column":57},"end":{"line":228,"column":76}},"64":{"start":{"line":234,"column":46},"end":{"line":234,"column":64}},"65":{"start":{"line":264,"column":57},"end":{"line":264,"column":76}},"66":{"start":{"line":267,"column":44},"end":{"line":270,"column":null}},"67":{"start":{"line":271,"column":26},"end":{"line":271,"column":61}},"68":{"start":{"line":275,"column":46},"end":{"line":275,"column":64}},"69":{"start":{"line":305,"column":57},"end":{"line":305,"column":76}},"70":{"start":{"line":308,"column":47},"end":{"line":311,"column":null}},"71":{"start":{"line":312,"column":26},"end":{"line":312,"column":61}},"72":{"start":{"line":316,"column":46},"end":{"line":316,"column":64}},"73":{"start":{"line":365,"column":42},"end":{"line":365,"column":null}},"74":{"start":{"line":403,"column":42},"end":{"line":403,"column":null}},"75":{"start":{"line":442,"column":40},"end":{"line":442,"column":null}}},"fnMap":{"0":{"name":"ReportePurezaPage","decl":{"start":{"line":15,"column":24},"end":{"line":15,"column":null}},"loc":{"start":{"line":15,"column":24},"end":{"line":462,"column":null}}},"1":{"name":"(anonymous_3)","decl":{"start":{"line":24,"column":24},"end":{"line":24,"column":null}},"loc":{"start":{"line":24,"column":24},"end":{"line":44,"column":null}}},"2":{"name":"(anonymous_4)","decl":{"start":{"line":46,"column":30},"end":{"line":46,"column":37}},"loc":{"start":{"line":46,"column":37},"end":{"line":62,"column":null}}},"3":{"name":"(anonymous_5)","decl":{"start":{"line":64,"column":12},"end":{"line":64,"column":null}},"loc":{"start":{"line":64,"column":12},"end":{"line":66,"column":5}}},"4":{"name":"(anonymous_6)","decl":{"start":{"line":68,"column":12},"end":{"line":68,"column":null}},"loc":{"start":{"line":68,"column":12},"end":{"line":72,"column":5}}},"5":{"name":"(anonymous_7)","decl":{"start":{"line":75,"column":59},"end":{"line":75,"column":60}},"loc":{"start":{"line":75,"column":78},"end":{"line":78,"column":null}}},"6":{"name":"(anonymous_8)","decl":{"start":{"line":82,"column":52},"end":{"line":82,"column":53}},"loc":{"start":{"line":82,"column":71},"end":{"line":85,"column":null}}},"7":{"name":"(anonymous_9)","decl":{"start":{"line":89,"column":58},"end":{"line":89,"column":59}},"loc":{"start":{"line":89,"column":77},"end":{"line":92,"column":null}}},"8":{"name":"(anonymous_10)","decl":{"start":{"line":103,"column":11},"end":{"line":103,"column":19}},"loc":{"start":{"line":103,"column":19},"end":{"line":103,"column":null}}},"9":{"name":"(anonymous_11)","decl":{"start":{"line":107,"column":12},"end":{"line":107,"column":13}},"loc":{"start":{"line":107,"column":23},"end":{"line":107,"column":null}}},"10":{"name":"(anonymous_12)","decl":{"start":{"line":108,"column":9},"end":{"line":108,"column":10}},"loc":{"start":{"line":108,"column":28},"end":{"line":111,"column":null}}},"11":{"name":"(anonymous_13)","decl":{"start":{"line":115,"column":12},"end":{"line":115,"column":13}},"loc":{"start":{"line":115,"column":23},"end":{"line":115,"column":null}}},"12":{"name":"(anonymous_14)","decl":{"start":{"line":116,"column":9},"end":{"line":116,"column":10}},"loc":{"start":{"line":116,"column":28},"end":{"line":119,"column":null}}},"13":{"name":"(anonymous_15)","decl":{"start":{"line":156,"column":26},"end":{"line":156,"column":27}},"loc":{"start":{"line":156,"column":33},"end":{"line":156,"column":null}}},"14":{"name":"(anonymous_16)","decl":{"start":{"line":165,"column":26},"end":{"line":165,"column":27}},"loc":{"start":{"line":165,"column":33},"end":{"line":165,"column":null}}},"15":{"name":"(anonymous_17)","decl":{"start":{"line":200,"column":46},"end":{"line":200,"column":47}},"loc":{"start":{"line":200,"column":57},"end":{"line":203,"column":null}}},"16":{"name":"(anonymous_18)","decl":{"start":{"line":228,"column":31},"end":{"line":228,"column":32}},"loc":{"start":{"line":228,"column":57},"end":{"line":228,"column":76}}},"17":{"name":"(anonymous_19)","decl":{"start":{"line":234,"column":35},"end":{"line":234,"column":36}},"loc":{"start":{"line":234,"column":46},"end":{"line":234,"column":64}}},"18":{"name":"(anonymous_20)","decl":{"start":{"line":264,"column":31},"end":{"line":264,"column":32}},"loc":{"start":{"line":264,"column":57},"end":{"line":264,"column":76}}},"19":{"name":"(anonymous_21)","decl":{"start":{"line":266,"column":52},"end":{"line":266,"column":53}},"loc":{"start":{"line":266,"column":60},"end":{"line":272,"column":null}}},"20":{"name":"(anonymous_22)","decl":{"start":{"line":275,"column":35},"end":{"line":275,"column":36}},"loc":{"start":{"line":275,"column":46},"end":{"line":275,"column":64}}},"21":{"name":"(anonymous_23)","decl":{"start":{"line":305,"column":31},"end":{"line":305,"column":32}},"loc":{"start":{"line":305,"column":57},"end":{"line":305,"column":76}}},"22":{"name":"(anonymous_24)","decl":{"start":{"line":307,"column":53},"end":{"line":307,"column":54}},"loc":{"start":{"line":307,"column":61},"end":{"line":313,"column":null}}},"23":{"name":"(anonymous_25)","decl":{"start":{"line":316,"column":35},"end":{"line":316,"column":36}},"loc":{"start":{"line":316,"column":46},"end":{"line":316,"column":64}}},"24":{"name":"(anonymous_26)","decl":{"start":{"line":365,"column":31},"end":{"line":365,"column":32}},"loc":{"start":{"line":365,"column":42},"end":{"line":365,"column":null}}},"25":{"name":"(anonymous_27)","decl":{"start":{"line":403,"column":31},"end":{"line":403,"column":32}},"loc":{"start":{"line":403,"column":42},"end":{"line":403,"column":null}}},"26":{"name":"(anonymous_28)","decl":{"start":{"line":442,"column":29},"end":{"line":442,"column":30}},"loc":{"start":{"line":442,"column":40},"end":{"line":442,"column":null}}}},"branchMap":{"0":{"loc":{"start":{"line":28,"column":21},"end":{"line":28,"column":null}},"type":"binary-expr","locations":[{"start":{"line":28,"column":21},"end":{"line":28,"column":36}},{"start":{"line":28,"column":36},"end":{"line":28,"column":null}}]},"1":{"loc":{"start":{"line":29,"column":18},"end":{"line":29,"column":null}},"type":"binary-expr","locations":[{"start":{"line":29,"column":18},"end":{"line":29,"column":30}},{"start":{"line":29,"column":30},"end":{"line":29,"column":null}}]},"2":{"loc":{"start":{"line":35,"column":6},"end":{"line":38,"column":null}},"type":"if","locations":[{"start":{"line":35,"column":6},"end":{"line":38,"column":null}}]},"3":{"loc":{"start":{"line":35,"column":10},"end":{"line":35,"column":96}},"type":"binary-expr","locations":[{"start":{"line":35,"column":10},"end":{"line":35,"column":38}},{"start":{"line":35,"column":42},"end":{"line":35,"column":96}}]},"4":{"loc":{"start":{"line":47,"column":4},"end":{"line":47,"column":null}},"type":"if","locations":[{"start":{"line":47,"column":4},"end":{"line":47,"column":null}}]},"5":{"loc":{"start":{"line":52,"column":21},"end":{"line":52,"column":null}},"type":"binary-expr","locations":[{"start":{"line":52,"column":21},"end":{"line":52,"column":36}},{"start":{"line":52,"column":36},"end":{"line":52,"column":null}}]},"6":{"loc":{"start":{"line":53,"column":18},"end":{"line":53,"column":null}},"type":"binary-expr","locations":[{"start":{"line":53,"column":18},"end":{"line":53,"column":30}},{"start":{"line":53,"column":30},"end":{"line":53,"column":null}}]},"7":{"loc":{"start":{"line":69,"column":4},"end":{"line":71,"column":null}},"type":"if","locations":[{"start":{"line":69,"column":4},"end":{"line":71,"column":null}}]},"8":{"loc":{"start":{"line":74,"column":29},"end":{"line":79,"column":8}},"type":"cond-expr","locations":[{"start":{"line":75,"column":6},"end":{"line":78,"column":null}},{"start":{"line":79,"column":6},"end":{"line":79,"column":8}}]},"9":{"loc":{"start":{"line":81,"column":22},"end":{"line":86,"column":8}},"type":"cond-expr","locations":[{"start":{"line":82,"column":6},"end":{"line":85,"column":null}},{"start":{"line":86,"column":6},"end":{"line":86,"column":8}}]},"10":{"loc":{"start":{"line":88,"column":28},"end":{"line":93,"column":8}},"type":"cond-expr","locations":[{"start":{"line":89,"column":6},"end":{"line":92,"column":null}},{"start":{"line":93,"column":6},"end":{"line":93,"column":8}}]},"11":{"loc":{"start":{"line":96,"column":23},"end":{"line":96,"column":null}},"type":"binary-expr","locations":[{"start":{"line":96,"column":23},"end":{"line":96,"column":53}},{"start":{"line":96,"column":57},"end":{"line":96,"column":null}}]},"12":{"loc":{"start":{"line":97,"column":29},"end":{"line":97,"column":null}},"type":"binary-expr","locations":[{"start":{"line":97,"column":29},"end":{"line":97,"column":66}},{"start":{"line":97,"column":70},"end":{"line":97,"column":null}}]},"13":{"loc":{"start":{"line":170,"column":17},"end":{"line":170,"column":null}},"type":"cond-expr","locations":[{"start":{"line":170,"column":29},"end":{"line":170,"column":45}},{"start":{"line":170,"column":45},"end":{"line":170,"column":null}}]},"14":{"loc":{"start":{"line":182,"column":49},"end":{"line":182,"column":null}},"type":"binary-expr","locations":[{"start":{"line":182,"column":49},"end":{"line":182,"column":74}},{"start":{"line":182,"column":74},"end":{"line":182,"column":null}}]},"15":{"loc":{"start":{"line":210,"column":12},"end":{"line":213,"column":38}},"type":"cond-expr","locations":[{"start":{"line":210,"column":12},"end":{"line":213,"column":38}}]},"16":{"loc":{"start":{"line":214,"column":12},"end":{"line":333,"column":null}},"type":"cond-expr","locations":[{"start":{"line":214,"column":12},"end":{"line":333,"column":null}}]},"17":{"loc":{"start":{"line":213,"column":14},"end":{"line":213,"column":null}},"type":"binary-expr","locations":[{"start":{"line":213,"column":14},"end":{"line":213,"column":38}},{"start":{"line":213,"column":38},"end":{"line":213,"column":58}},{"start":{"line":213,"column":58},"end":{"line":213,"column":null}}]},"18":{"loc":{"start":{"line":219,"column":18},"end":{"line":245,"column":19}},"type":"cond-expr","locations":[{"start":{"line":219,"column":18},"end":{"line":245,"column":19}}]},"19":{"loc":{"start":{"line":255,"column":18},"end":{"line":286,"column":19}},"type":"cond-expr","locations":[{"start":{"line":255,"column":18},"end":{"line":286,"column":19}}]},"20":{"loc":{"start":{"line":296,"column":18},"end":{"line":327,"column":19}},"type":"cond-expr","locations":[{"start":{"line":296,"column":18},"end":{"line":327,"column":19}}]},"21":{"loc":{"start":{"line":334,"column":12},"end":{"line":338,"column":13}},"type":"cond-expr","locations":[{"start":{"line":334,"column":12},"end":{"line":338,"column":13}}]},"22":{"loc":{"start":{"line":353,"column":14},"end":{"line":377,"column":15}},"type":"cond-expr","locations":[{"start":{"line":353,"column":14},"end":{"line":377,"column":15}}]},"23":{"loc":{"start":{"line":391,"column":14},"end":{"line":415,"column":15}},"type":"cond-expr","locations":[{"start":{"line":391,"column":14},"end":{"line":415,"column":15}}]},"24":{"loc":{"start":{"line":430,"column":12},"end":{"line":454,"column":13}},"type":"cond-expr","locations":[{"start":{"line":430,"column":12},"end":{"line":454,"column":13}}]}},"s":{"0":0,"1":0,"2":0,"3":0,"4":0,"5":0,"6":0,"7":0,"8":0,"9":0,"10":0,"11":0,"12":0,"13":0,"14":0,"15":0,"16":0,"17":0,"18":0,"19":0,"20":0,"21":0,"22":0,"23":0,"24":0,"25":0,"26":0,"27":0,"28":0,"29":0,"30":0,"31":0,"32":0,"33":0,"34":0,"35":0,"36":0,"37":0,"38":0,"39":0,"40":0,"41":0,"42":0,"43":0,"44":0,"45":0,"46":0,"47":0,"48":0,"49":0,"50":0,"51":0,"52":0,"53":0,"54":0,"55":0,"56":0,"57":0,"58":0,"59":0,"60":0,"61":0,"62":0,"63":0,"64":0,"65":0,"66":0,"67":0,"68":0,"69":0,"70":0,"71":0,"72":0,"73":0,"74":0,"75":0},"f":{"0":0,"1":0,"2":0,"3":0,"4":0,"5":0,"6":0,"7":0,"8":0,"9":0,"10":0,"11":0,"12":0,"13":0,"14":0,"15":0,"16":0,"17":0,"18":0,"19":0,"20":0,"21":0,"22":0,"23":0,"24":0,"25":0,"26":0},"b":{"0":[0,0],"1":[0,0],"2":[0],"3":[0,0],"4":[0],"5":[0,0],"6":[0,0],"7":[0],"8":[0,0],"9":[0,0],"10":[0,0],"11":[0,0],"12":[0,0],"13":[0,0],"14":[0,0],"15":[0],"16":[0],"17":[0,0,0],"18":[0],"19":[0],"20":[0],"21":[0],"22":[0],"23":[0],"24":[0]}}
}
