TN:
SF:app\page.tsx
FN:3,HomePage
FNF:1
FNH:0
FNDA:0,HomePage
DA:1,0
DA:3,0
DA:4,0
LF:3
LH:0
BRF:0
BRH:0
end_of_record
TN:
SF:app\admin-setup\page.tsx
FN:24,AdminSetupPage
FN:50,(anonymous_3)
FN:56,loadSetupData
FN:88,(anonymous_5)
FN:95,(anonymous_6)
FN:105,(anonymous_7)
FN:106,(anonymous_8)
FN:109,(anonymous_9)
FN:171,(anonymous_10)
FN:172,(anonymous_11)
FN:189,(anonymous_12)
FN:190,(anonymous_13)
FN:195,(anonymous_14)
FN:233,(anonymous_15)
FN:317,(anonymous_16)
FN:334,(anonymous_17)
FN:340,(anonymous_18)
FN:376,(anonymous_19)
FN:382,(anonymous_20)
FN:466,(anonymous_21)
FNF:20
FNH:0
FNDA:0,AdminSetupPage
FNDA:0,(anonymous_3)
FNDA:0,loadSetupData
FNDA:0,(anonymous_5)
FNDA:0,(anonymous_6)
FNDA:0,(anonymous_7)
FNDA:0,(anonymous_8)
FNDA:0,(anonymous_9)
FNDA:0,(anonymous_10)
FNDA:0,(anonymous_11)
FNDA:0,(anonymous_12)
FNDA:0,(anonymous_13)
FNDA:0,(anonymous_14)
FNDA:0,(anonymous_15)
FNDA:0,(anonymous_16)
FNDA:0,(anonymous_17)
FNDA:0,(anonymous_18)
FNDA:0,(anonymous_19)
FNDA:0,(anonymous_20)
FNDA:0,(anonymous_21)
DA:5,0
DA:6,0
DA:7,0
DA:8,0
DA:9,0
DA:10,0
DA:11,0
DA:12,0
DA:13,0
DA:20,0
DA:21,0
DA:22,0
DA:24,0
DA:25,0
DA:26,0
DA:33,0
DA:34,0
DA:35,0
DA:36,0
DA:37,0
DA:38,0
DA:43,0
DA:44,0
DA:48,0
DA:50,0
DA:52,0
DA:53,0
DA:58,0
DA:60,0
DA:61,0
DA:62,0
DA:63,0
DA:66,0
DA:67,0
DA:70,0
DA:73,0
DA:74,0
DA:76,0
DA:79,0
DA:81,0
DA:82,0
DA:88,0
DA:92,0
DA:95,0
DA:97,0
DA:98,0
DA:99,0
DA:101,0
DA:105,0
DA:106,0
DA:109,0
DA:110,0
DA:111,0
DA:113,0
DA:115,0
DA:116,0
DA:119,0
DA:120,0
DA:123,0
DA:124,0
DA:127,0
DA:128,0
DA:132,0
DA:133,0
DA:134,0
DA:137,0
DA:139,0
DA:146,0
DA:149,0
DA:150,0
DA:152,0
DA:158,0
DA:160,0
DA:162,0
DA:167,0
DA:171,0
DA:172,0
DA:173,0
DA:180,0
DA:181,0
DA:182,0
DA:183,0
DA:184,0
DA:185,0
DA:186,0
DA:189,0
DA:190,0
DA:191,0
DA:192,0
DA:195,0
DA:196,0
DA:198,0
DA:201,0
DA:210,0
DA:234,0
DA:317,0
DA:334,0
DA:340,0
DA:376,0
DA:382,0
DA:467,0
DA:468,0
LF:102
LH:0
BRDA:52,0,0,0
BRDA:60,1,0,0
BRDA:83,2,0,0
BRDA:83,2,1,0
BRDA:97,3,0,0
BRDA:97,3,1,0
BRDA:115,4,0,0
BRDA:119,5,0,0
BRDA:119,6,0,0
BRDA:119,6,1,0
BRDA:123,7,0,0
BRDA:127,8,0,0
BRDA:127,9,0,0
BRDA:127,9,1,0
BRDA:133,10,0,0
BRDA:160,11,0,0
BRDA:160,11,1,0
BRDA:201,12,0,0
BRDA:210,13,0,0
BRDA:210,14,0,0
BRDA:210,14,1,0
BRDA:331,15,0,0
BRDA:331,15,1,0
BRDA:343,16,0,0
BRDA:346,17,0,0
BRDA:351,18,0,0
BRDA:351,18,1,0
BRDA:352,19,0,0
BRDA:352,19,1,0
BRDA:358,20,0,0
BRDA:358,20,1,0
BRDA:359,21,0,0
BRDA:359,21,1,0
BRDA:373,22,0,0
BRDA:373,22,1,0
BRDA:385,23,0,0
BRDA:388,24,0,0
BRDA:388,24,1,0
BRDA:434,25,0,0
BRDA:483,26,0,0
BRDA:483,26,1,0
BRDA:483,26,2,0
BRDA:483,26,3,0
BRDA:483,26,4,0
BRDA:487,27,0,0
BRF:45
BRH:0
end_of_record
TN:
SF:app\administracion\layout.tsx
FN:4,AdministracionLayout
FNF:1
FNH:0
FNDA:0,AdministracionLayout
DA:2,0
DA:4,0
LF:2
LH:0
BRF:0
BRH:0
end_of_record
TN:
SF:app\administracion\page.tsx
FN:8,AdministracionPage
FNF:1
FNH:0
FNDA:0,AdministracionPage
DA:3,0
DA:4,0
DA:5,0
DA:6,0
DA:8,0
LF:5
LH:0
BRF:0
BRH:0
end_of_record
TN:
SF:app\administracion\catalogos\page.tsx
FN:113,CatalogosPage
FN:188,(anonymous_3)
FN:196,(anonymous_4)
FN:206,(anonymous_5)
FN:216,(anonymous_6)
FN:224,(anonymous_7)
FN:232,(anonymous_8)
FN:250,(anonymous_9)
FN:269,(anonymous_10)
FN:299,(anonymous_11)
FN:328,(anonymous_12)
FN:338,(anonymous_13)
FN:367,(anonymous_14)
FN:396,(anonymous_15)
FN:416,(anonymous_16)
FN:427,(anonymous_17)
FN:438,(anonymous_18)
FN:454,(anonymous_19)
FN:466,(anonymous_20)
FN:499,(anonymous_21)
FN:510,(anonymous_22)
FN:521,(anonymous_23)
FN:537,(anonymous_24)
FN:549,(anonymous_25)
FN:582,(anonymous_26)
FN:596,(anonymous_27)
FN:610,(anonymous_28)
FN:626,(anonymous_29)
FN:638,(anonymous_30)
FN:671,(anonymous_31)
FN:682,(anonymous_32)
FN:693,(anonymous_33)
FN:709,(anonymous_34)
FN:721,(anonymous_35)
FN:754,(anonymous_36)
FN:823,(anonymous_37)
FN:834,(anonymous_38)
FN:876,(anonymous_39)
FN:881,(anonymous_40)
FN:894,(anonymous_41)
FN:929,(anonymous_42)
FN:942,(anonymous_43)
FN:951,(anonymous_44)
FN:961,(anonymous_45)
FN:990,(anonymous_46)
FN:1000,(anonymous_47)
FN:1035,(anonymous_48)
FN:1051,(anonymous_49)
FN:1060,(anonymous_50)
FN:1070,(anonymous_51)
FN:1099,(anonymous_52)
FN:1109,(anonymous_53)
FN:1158,(anonymous_54)
FN:1159,(anonymous_55)
FN:1187,(anonymous_56)
FN:1196,(anonymous_57)
FN:1206,(anonymous_58)
FN:1237,(anonymous_59)
FN:1248,(anonymous_60)
FN:1283,(anonymous_61)
FN:1299,(anonymous_62)
FN:1308,(anonymous_63)
FN:1318,(anonymous_64)
FN:1347,(anonymous_65)
FN:1404,(anonymous_66)
FN:1411,(anonymous_67)
FN:1424,(anonymous_68)
FN:1438,(anonymous_69)
FN:1447,(anonymous_70)
FN:1462,(anonymous_71)
FN:1470,(anonymous_72)
FN:1476,(anonymous_73)
FN:1494,(anonymous_74)
FN:1503,(anonymous_75)
FN:1515,(anonymous_76)
FN:1540,setMalezasCultivosForm
FNF:76
FNH:0
FNDA:0,CatalogosPage
FNDA:0,(anonymous_3)
FNDA:0,(anonymous_4)
FNDA:0,(anonymous_5)
FNDA:0,(anonymous_6)
FNDA:0,(anonymous_7)
FNDA:0,(anonymous_8)
FNDA:0,(anonymous_9)
FNDA:0,(anonymous_10)
FNDA:0,(anonymous_11)
FNDA:0,(anonymous_12)
FNDA:0,(anonymous_13)
FNDA:0,(anonymous_14)
FNDA:0,(anonymous_15)
FNDA:0,(anonymous_16)
FNDA:0,(anonymous_17)
FNDA:0,(anonymous_18)
FNDA:0,(anonymous_19)
FNDA:0,(anonymous_20)
FNDA:0,(anonymous_21)
FNDA:0,(anonymous_22)
FNDA:0,(anonymous_23)
FNDA:0,(anonymous_24)
FNDA:0,(anonymous_25)
FNDA:0,(anonymous_26)
FNDA:0,(anonymous_27)
FNDA:0,(anonymous_28)
FNDA:0,(anonymous_29)
FNDA:0,(anonymous_30)
FNDA:0,(anonymous_31)
FNDA:0,(anonymous_32)
FNDA:0,(anonymous_33)
FNDA:0,(anonymous_34)
FNDA:0,(anonymous_35)
FNDA:0,(anonymous_36)
FNDA:0,(anonymous_37)
FNDA:0,(anonymous_38)
FNDA:0,(anonymous_39)
FNDA:0,(anonymous_40)
FNDA:0,(anonymous_41)
FNDA:0,(anonymous_42)
FNDA:0,(anonymous_43)
FNDA:0,(anonymous_44)
FNDA:0,(anonymous_45)
FNDA:0,(anonymous_46)
FNDA:0,(anonymous_47)
FNDA:0,(anonymous_48)
FNDA:0,(anonymous_49)
FNDA:0,(anonymous_50)
FNDA:0,(anonymous_51)
FNDA:0,(anonymous_52)
FNDA:0,(anonymous_53)
FNDA:0,(anonymous_54)
FNDA:0,(anonymous_55)
FNDA:0,(anonymous_56)
FNDA:0,(anonymous_57)
FNDA:0,(anonymous_58)
FNDA:0,(anonymous_59)
FNDA:0,(anonymous_60)
FNDA:0,(anonymous_61)
FNDA:0,(anonymous_62)
FNDA:0,(anonymous_63)
FNDA:0,(anonymous_64)
FNDA:0,(anonymous_65)
FNDA:0,(anonymous_66)
FNDA:0,(anonymous_67)
FNDA:0,(anonymous_68)
FNDA:0,(anonymous_69)
FNDA:0,(anonymous_70)
FNDA:0,(anonymous_71)
FNDA:0,(anonymous_72)
FNDA:0,(anonymous_73)
FNDA:0,(anonymous_74)
FNDA:0,(anonymous_75)
FNDA:0,(anonymous_76)
FNDA:0,setMalezasCultivosForm
DA:3,0
DA:4,0
DA:5,0
DA:6,0
DA:7,0
DA:8,0
DA:9,0
DA:10,0
DA:11,0
DA:35,0
DA:36,0
DA:37,0
DA:38,0
DA:46,0
DA:53,0
DA:65,0
DA:73,0
DA:81,0
DA:90,0
DA:104,0
DA:113,0
DA:115,0
DA:116,0
DA:117,0
DA:120,0
DA:121,0
DA:122,0
DA:124,0
DA:125,0
DA:126,0
DA:128,0
DA:129,0
DA:130,0
DA:132,0
DA:133,0
DA:134,0
DA:136,0
DA:139,0
DA:140,0
DA:141,0
DA:142,0
DA:145,0
DA:146,0
DA:149,0
DA:150,0
DA:151,0
DA:154,0
DA:157,0
DA:160,0
DA:161,0
DA:162,0
DA:163,0
DA:164,0
DA:167,0
DA:172,0
DA:177,0
DA:182,0
DA:189,0
DA:190,0
DA:197,0
DA:198,0
DA:201,0
DA:207,0
DA:208,0
DA:210,0
DA:217,0
DA:218,0
DA:224,0
DA:225,0
DA:226,0
DA:227,0
DA:232,0
DA:233,0
DA:235,0
DA:236,0
DA:238,0
DA:239,0
DA:241,0
DA:242,0
DA:244,0
DA:245,0
DA:250,0
DA:251,0
DA:253,0
DA:255,0
DA:256,0
DA:258,0
DA:259,0
DA:261,0
DA:262,0
DA:264,0
DA:265,0
DA:269,0
DA:270,0
DA:271,0
DA:272,0
DA:273,0
DA:275,0
DA:283,0
DA:285,0
DA:286,0
DA:287,0
DA:288,0
DA:290,0
DA:293,0
DA:295,0
DA:299,0
DA:300,0
DA:301,0
DA:302,0
DA:303,0
DA:305,0
DA:312,0
DA:314,0
DA:315,0
DA:316,0
DA:317,0
DA:319,0
DA:322,0
DA:324,0
DA:328,0
DA:329,0
DA:330,0
DA:331,0
DA:332,0
DA:334,0
DA:338,0
DA:339,0
DA:340,0
DA:341,0
DA:342,0
DA:344,0
DA:351,0
DA:353,0
DA:354,0
DA:355,0
DA:356,0
DA:358,0
DA:361,0
DA:363,0
DA:367,0
DA:368,0
DA:369,0
DA:370,0
DA:371,0
DA:373,0
DA:380,0
DA:382,0
DA:383,0
DA:384,0
DA:385,0
DA:387,0
DA:390,0
DA:392,0
DA:396,0
DA:398,0
DA:400,0
DA:401,0
DA:403,0
DA:404,0
DA:405,0
DA:407,0
DA:408,0
DA:410,0
DA:411,0
DA:416,0
DA:417,0
DA:421,0
DA:422,0
DA:423,0
DA:424,0
DA:427,0
DA:428,0
DA:432,0
DA:433,0
DA:434,0
DA:435,0
DA:438,0
DA:439,0
DA:440,0
DA:443,0
DA:444,0
DA:445,0
DA:446,0
DA:448,0
DA:454,0
DA:455,0
DA:456,0
DA:457,0
DA:458,0
DA:460,0
DA:466,0
DA:467,0
DA:468,0
DA:469,0
DA:472,0
DA:473,0
DA:474,0
DA:479,0
DA:480,0
DA:481,0
DA:482,0
DA:483,0
DA:484,0
DA:487,0
DA:488,0
DA:490,0
DA:494,0
DA:499,0
DA:500,0
DA:504,0
DA:505,0
DA:506,0
DA:507,0
DA:510,0
DA:511,0
DA:515,0
DA:516,0
DA:517,0
DA:518,0
DA:521,0
DA:522,0
DA:523,0
DA:526,0
DA:527,0
DA:528,0
DA:529,0
DA:531,0
DA:537,0
DA:538,0
DA:539,0
DA:540,0
DA:541,0
DA:543,0
DA:549,0
DA:550,0
DA:551,0
DA:552,0
DA:555,0
DA:556,0
DA:557,0
DA:562,0
DA:563,0
DA:564,0
DA:565,0
DA:566,0
DA:567,0
DA:570,0
DA:571,0
DA:573,0
DA:577,0
DA:582,0
DA:584,0
DA:586,0
DA:590,0
DA:591,0
DA:592,0
DA:593,0
DA:596,0
DA:598,0
DA:600,0
DA:604,0
DA:605,0
DA:606,0
DA:607,0
DA:610,0
DA:611,0
DA:612,0
DA:615,0
DA:616,0
DA:617,0
DA:618,0
DA:620,0
DA:626,0
DA:627,0
DA:628,0
DA:629,0
DA:630,0
DA:632,0
DA:638,0
DA:639,0
DA:640,0
DA:641,0
DA:644,0
DA:645,0
DA:646,0
DA:651,0
DA:652,0
DA:653,0
DA:654,0
DA:655,0
DA:656,0
DA:659,0
DA:660,0
DA:662,0
DA:666,0
DA:671,0
DA:672,0
DA:676,0
DA:677,0
DA:678,0
DA:679,0
DA:682,0
DA:683,0
DA:687,0
DA:688,0
DA:689,0
DA:690,0
DA:693,0
DA:694,0
DA:695,0
DA:698,0
DA:699,0
DA:700,0
DA:701,0
DA:703,0
DA:709,0
DA:710,0
DA:711,0
DA:712,0
DA:713,0
DA:715,0
DA:721,0
DA:722,0
DA:723,0
DA:724,0
DA:727,0
DA:728,0
DA:729,0
DA:734,0
DA:735,0
DA:736,0
DA:737,0
DA:738,0
DA:739,0
DA:742,0
DA:743,0
DA:745,0
DA:749,0
DA:754,0
DA:755,0
DA:757,0
DA:758,0
DA:760,0
DA:761,0
DA:763,0
DA:764,0
DA:766,0
DA:767,0
DA:771,0
DA:824,0
DA:825,0
DA:834,0
DA:876,0
DA:882,0
DA:883,0
DA:894,0
DA:930,0
DA:942,0
DA:951,0
DA:961,0
DA:990,0
DA:1000,0
DA:1036,0
DA:1051,0
DA:1060,0
DA:1070,0
DA:1099,0
DA:1109,0
DA:1159,0
DA:1160,0
DA:1187,0
DA:1196,0
DA:1206,0
DA:1237,0
DA:1248,0
DA:1284,0
DA:1299,0
DA:1308,0
DA:1318,0
DA:1347,0
DA:1404,0
DA:1412,0
DA:1424,0
DA:1438,0
DA:1447,0
DA:1462,0
DA:1470,0
DA:1477,0
DA:1494,0
DA:1503,0
DA:1515,0
DA:1541,0
LF:393
LH:0
BRDA:189,0,0,0
BRDA:197,1,0,0
BRDA:207,2,0,0
BRDA:217,3,0,0
BRDA:225,4,0,0
BRDA:233,5,0,0
BRDA:233,5,1,0
BRDA:233,5,2,0
BRDA:233,5,3,0
BRDA:253,6,0,0
BRDA:253,6,1,0
BRDA:253,6,2,0
BRDA:253,6,3,0
BRDA:272,7,0,0
BRDA:272,7,1,0
BRDA:273,8,0,0
BRDA:273,8,1,0
BRDA:278,9,0,0
BRDA:278,9,1,0
BRDA:291,10,0,0
BRDA:291,10,1,0
BRDA:302,11,0,0
BRDA:302,11,1,0
BRDA:303,12,0,0
BRDA:303,12,1,0
BRDA:308,13,0,0
BRDA:308,13,1,0
BRDA:341,14,0,0
BRDA:341,14,1,0
BRDA:342,15,0,0
BRDA:342,15,1,0
BRDA:347,16,0,0
BRDA:347,16,1,0
BRDA:370,17,0,0
BRDA:370,17,1,0
BRDA:371,18,0,0
BRDA:371,18,1,0
BRDA:376,19,0,0
BRDA:376,19,1,0
BRDA:398,20,0,0
BRDA:398,20,1,0
BRDA:398,20,2,0
BRDA:398,20,3,0
BRDA:430,21,0,0
BRDA:430,21,1,0
BRDA:439,22,0,0
BRDA:449,23,0,0
BRDA:449,23,1,0
BRDA:461,24,0,0
BRDA:461,24,1,0
BRDA:467,25,0,0
BRDA:479,26,0,0
BRDA:479,26,1,0
BRDA:482,27,0,0
BRDA:490,28,0,0
BRDA:490,28,1,0
BRDA:491,29,0,0
BRDA:491,29,1,0
BRDA:512,30,0,0
BRDA:512,30,1,0
BRDA:513,31,0,0
BRDA:513,31,1,0
BRDA:522,32,0,0
BRDA:550,33,0,0
BRDA:550,34,0,0
BRDA:550,34,1,0
BRDA:562,35,0,0
BRDA:562,35,1,0
BRDA:565,36,0,0
BRDA:573,37,0,0
BRDA:573,37,1,0
BRDA:588,38,0,0
BRDA:588,38,1,0
BRDA:601,39,0,0
BRDA:601,39,1,0
BRDA:602,40,0,0
BRDA:602,40,1,0
BRDA:611,41,0,0
BRDA:639,42,0,0
BRDA:639,43,0,0
BRDA:639,43,1,0
BRDA:651,44,0,0
BRDA:651,44,1,0
BRDA:654,45,0,0
BRDA:662,46,0,0
BRDA:662,46,1,0
BRDA:684,47,0,0
BRDA:684,47,1,0
BRDA:685,48,0,0
BRDA:685,48,1,0
BRDA:694,49,0,0
BRDA:722,50,0,0
BRDA:722,51,0,0
BRDA:722,51,1,0
BRDA:734,52,0,0
BRDA:734,52,1,0
BRDA:737,53,0,0
BRDA:745,54,0,0
BRDA:745,54,1,0
BRDA:755,55,0,0
BRDA:755,55,1,0
BRDA:755,55,2,0
BRDA:755,55,3,0
BRDA:771,56,0,0
BRDA:842,57,0,0
BRDA:921,58,0,0
BRDA:921,58,1,0
BRDA:933,59,0,0
BRDA:933,59,1,0
BRDA:934,60,0,0
BRDA:934,60,1,0
BRDA:948,61,0,0
BRDA:981,62,0,0
BRDA:1027,63,0,0
BRDA:1027,63,1,0
BRDA:1042,64,0,0
BRDA:1042,64,1,0
BRDA:1043,65,0,0
BRDA:1043,65,1,0
BRDA:1057,66,0,0
BRDA:1090,67,0,0
BRDA:1125,68,0,0
BRDA:1150,69,0,0
BRDA:1150,69,1,0
BRDA:1165,70,0,0
BRDA:1167,71,0,0
BRDA:1178,72,0,0
BRDA:1178,72,1,0
BRDA:1179,73,0,0
BRDA:1179,73,1,0
BRDA:1193,74,0,0
BRDA:1224,75,0,0
BRDA:1228,76,0,0
BRDA:1275,77,0,0
BRDA:1275,77,1,0
BRDA:1290,78,0,0
BRDA:1290,78,1,0
BRDA:1291,79,0,0
BRDA:1291,79,1,0
BRDA:1305,80,0,0
BRDA:1338,81,0,0
BRDA:1363,82,0,0
BRDA:1363,82,1,0
BRDA:1364,83,0,0
BRDA:1364,83,1,0
BRDA:1366,84,0,0
BRDA:1366,84,1,0
BRDA:1368,85,0,0
BRDA:1368,85,1,0
BRDA:1374,86,0,0
BRDA:1374,86,1,0
BRDA:1376,87,0,0
BRDA:1376,87,1,0
BRDA:1378,88,0,0
BRDA:1378,88,1,0
BRDA:1380,89,0,0
BRDA:1380,89,1,0
BRDA:1385,90,0,0
BRDA:1385,90,1,0
BRDA:1387,91,0,0
BRDA:1387,91,1,0
BRDA:1389,92,0,0
BRDA:1389,92,1,0
BRDA:1398,93,0,0
BRDA:1431,94,0,0
BRDA:1455,95,0,0
BRDA:1487,96,0,0
BRDA:1523,97,0,0
BRF:168
BRH:0
end_of_record
TN:
SF:app\administracion\contactos\page.tsx
FN:63,ContactosPage
FN:100,(anonymous_3)
FN:130,(anonymous_4)
FN:160,(anonymous_5)
FN:168,(anonymous_6)
FN:176,(anonymous_7)
FN:188,(anonymous_8)
FN:197,(anonymous_9)
FN:208,(anonymous_10)
FN:213,(anonymous_11)
FN:219,(anonymous_12)
FN:236,(anonymous_13)
FN:247,(anonymous_14)
FN:258,(anonymous_15)
FN:274,(anonymous_16)
FN:287,(anonymous_17)
FN:298,(anonymous_18)
FN:309,(anonymous_19)
FN:325,(anonymous_20)
FN:338,(anonymous_21)
FN:435,(anonymous_22)
FN:446,(anonymous_23)
FN:464,(anonymous_24)
FN:494,(anonymous_25)
FN:498,(anonymous_26)
FN:535,(anonymous_27)
FN:567,(anonymous_28)
FN:576,(anonymous_29)
FN:586,(anonymous_30)
FN:615,(anonymous_31)
FN:642,(anonymous_32)
FN:646,(anonymous_33)
FN:683,(anonymous_34)
FN:715,(anonymous_35)
FN:724,(anonymous_36)
FN:734,(anonymous_37)
FN:763,(anonymous_38)
FN:797,(anonymous_39)
FN:809,(anonymous_40)
FN:823,(anonymous_41)
FNF:40
FNH:0
FNDA:0,ContactosPage
FNDA:0,(anonymous_3)
FNDA:0,(anonymous_4)
FNDA:0,(anonymous_5)
FNDA:0,(anonymous_6)
FNDA:0,(anonymous_7)
FNDA:0,(anonymous_8)
FNDA:0,(anonymous_9)
FNDA:0,(anonymous_10)
FNDA:0,(anonymous_11)
FNDA:0,(anonymous_12)
FNDA:0,(anonymous_13)
FNDA:0,(anonymous_14)
FNDA:0,(anonymous_15)
FNDA:0,(anonymous_16)
FNDA:0,(anonymous_17)
FNDA:0,(anonymous_18)
FNDA:0,(anonymous_19)
FNDA:0,(anonymous_20)
FNDA:0,(anonymous_21)
FNDA:0,(anonymous_22)
FNDA:0,(anonymous_23)
FNDA:0,(anonymous_24)
FNDA:0,(anonymous_25)
FNDA:0,(anonymous_26)
FNDA:0,(anonymous_27)
FNDA:0,(anonymous_28)
FNDA:0,(anonymous_29)
FNDA:0,(anonymous_30)
FNDA:0,(anonymous_31)
FNDA:0,(anonymous_32)
FNDA:0,(anonymous_33)
FNDA:0,(anonymous_34)
FNDA:0,(anonymous_35)
FNDA:0,(anonymous_36)
FNDA:0,(anonymous_37)
FNDA:0,(anonymous_38)
FNDA:0,(anonymous_39)
FNDA:0,(anonymous_40)
FNDA:0,(anonymous_41)
DA:3,0
DA:4,0
DA:5,0
DA:6,0
DA:7,0
DA:8,0
DA:9,0
DA:10,0
DA:11,0
DA:27,0
DA:28,0
DA:29,0
DA:30,0
DA:38,0
DA:45,0
DA:57,0
DA:63,0
DA:65,0
DA:66,0
DA:67,0
DA:70,0
DA:71,0
DA:74,0
DA:75,0
DA:78,0
DA:79,0
DA:80,0
DA:82,0
DA:83,0
DA:84,0
DA:87,0
DA:88,0
DA:89,0
DA:90,0
DA:91,0
DA:94,0
DA:100,0
DA:101,0
DA:102,0
DA:103,0
DA:104,0
DA:106,0
DA:114,0
DA:116,0
DA:117,0
DA:118,0
DA:119,0
DA:121,0
DA:125,0
DA:130,0
DA:131,0
DA:132,0
DA:133,0
DA:134,0
DA:136,0
DA:144,0
DA:146,0
DA:147,0
DA:148,0
DA:149,0
DA:151,0
DA:155,0
DA:160,0
DA:161,0
DA:162,0
DA:168,0
DA:169,0
DA:170,0
DA:176,0
DA:177,0
DA:178,0
DA:179,0
DA:180,0
DA:182,0
DA:188,0
DA:189,0
DA:190,0
DA:192,0
DA:197,0
DA:198,0
DA:200,0
DA:201,0
DA:203,0
DA:208,0
DA:209,0
DA:210,0
DA:213,0
DA:215,0
DA:216,0
DA:219,0
DA:220,0
DA:221,0
DA:224,0
DA:225,0
DA:228,0
DA:229,0
DA:232,0
DA:236,0
DA:237,0
DA:241,0
DA:242,0
DA:243,0
DA:244,0
DA:247,0
DA:248,0
DA:252,0
DA:253,0
DA:254,0
DA:255,0
DA:258,0
DA:259,0
DA:260,0
DA:263,0
DA:264,0
DA:265,0
DA:266,0
DA:268,0
DA:274,0
DA:275,0
DA:276,0
DA:277,0
DA:278,0
DA:280,0
DA:287,0
DA:288,0
DA:292,0
DA:293,0
DA:294,0
DA:295,0
DA:298,0
DA:299,0
DA:303,0
DA:304,0
DA:305,0
DA:306,0
DA:309,0
DA:310,0
DA:311,0
DA:314,0
DA:315,0
DA:316,0
DA:317,0
DA:319,0
DA:325,0
DA:326,0
DA:327,0
DA:328,0
DA:329,0
DA:331,0
DA:338,0
DA:340,0
DA:341,0
DA:342,0
DA:346,0
DA:347,0
DA:348,0
DA:349,0
DA:352,0
DA:353,0
DA:354,0
DA:360,0
DA:361,0
DA:362,0
DA:363,0
DA:364,0
DA:365,0
DA:368,0
DA:369,0
DA:370,0
DA:372,0
DA:375,0
DA:379,0
DA:383,0
DA:436,0
DA:437,0
DA:446,0
DA:464,0
DA:494,0
DA:498,0
DA:536,0
DA:567,0
DA:576,0
DA:586,0
DA:615,0
DA:642,0
DA:646,0
DA:684,0
DA:715,0
DA:724,0
DA:734,0
DA:763,0
DA:797,0
DA:809,0
DA:823,0
LF:194
LH:0
BRDA:100,0,0,0
BRDA:103,1,0,0
BRDA:103,1,1,0
BRDA:104,2,0,0
BRDA:104,2,1,0
BRDA:109,3,0,0
BRDA:109,3,1,0
BRDA:122,4,0,0
BRDA:122,4,1,0
BRDA:130,5,0,0
BRDA:133,6,0,0
BRDA:133,6,1,0
BRDA:134,7,0,0
BRDA:134,7,1,0
BRDA:139,8,0,0
BRDA:139,8,1,0
BRDA:152,9,0,0
BRDA:152,9,1,0
BRDA:161,10,0,0
BRDA:169,11,0,0
BRDA:177,12,0,0
BRDA:179,13,0,0
BRDA:179,13,1,0
BRDA:189,14,0,0
BRDA:189,14,1,0
BRDA:200,15,0,0
BRDA:200,15,1,0
BRDA:216,16,0,0
BRDA:216,16,1,0
BRDA:220,17,0,0
BRDA:224,18,0,0
BRDA:228,19,0,0
BRDA:249,20,0,0
BRDA:249,20,1,0
BRDA:250,21,0,0
BRDA:250,21,1,0
BRDA:259,22,0,0
BRDA:300,23,0,0
BRDA:300,23,1,0
BRDA:301,24,0,0
BRDA:301,24,1,0
BRDA:310,25,0,0
BRDA:340,26,0,0
BRDA:347,27,0,0
BRDA:348,28,0,0
BRDA:348,28,1,0
BRDA:360,29,0,0
BRDA:360,29,1,0
BRDA:362,30,0,0
BRDA:362,30,1,0
BRDA:363,31,0,0
BRDA:365,32,0,0
BRDA:365,32,1,0
BRDA:369,33,0,0
BRDA:369,33,1,0
BRDA:375,34,0,0
BRDA:375,34,1,0
BRDA:376,35,0,0
BRDA:376,35,1,0
BRDA:383,36,0,0
BRDA:454,37,0,0
BRDA:527,38,0,0
BRDA:527,38,1,0
BRDA:540,39,0,0
BRDA:542,40,0,0
BRDA:558,41,0,0
BRDA:558,41,1,0
BRDA:559,42,0,0
BRDA:559,42,1,0
BRDA:573,43,0,0
BRDA:606,44,0,0
BRDA:675,45,0,0
BRDA:675,45,1,0
BRDA:688,46,0,0
BRDA:690,47,0,0
BRDA:706,48,0,0
BRDA:706,48,1,0
BRDA:707,49,0,0
BRDA:707,49,1,0
BRDA:721,50,0,0
BRDA:754,51,0,0
BRDA:781,52,0,0
BRDA:781,52,1,0
BRDA:781,53,0,0
BRDA:781,53,1,0
BRDA:784,54,0,0
BRDA:784,54,1,0
BRDA:785,55,0,0
BRDA:785,55,1,0
BRDA:786,56,0,0
BRDA:786,56,1,0
BRDA:798,57,0,0
BRDA:798,57,1,0
BRDA:831,58,0,0
BRDA:838,59,0,0
BRDA:838,59,1,0
BRF:96
BRH:0
end_of_record
TN:
SF:app\administracion\usuario\page.tsx
FN:66,UsuarioValidacionPage
FN:102,(anonymous_3)
FN:110,(anonymous_4)
FN:117,(anonymous_5)
FN:139,(anonymous_6)
FN:154,(anonymous_7)
FN:155,(anonymous_8)
FN:183,(anonymous_9)
FN:191,(anonymous_10)
FN:197,(anonymous_11)
FN:205,(anonymous_12)
FN:210,(anonymous_13)
FN:216,(anonymous_14)
FN:221,(anonymous_15)
FN:249,(anonymous_16)
FN:276,(anonymous_17)
FN:294,(anonymous_18)
FN:309,(anonymous_19)
FN:316,(anonymous_20)
FN:321,(anonymous_21)
FN:351,(anonymous_22)
FN:380,(anonymous_23)
FN:402,(anonymous_24)
FN:409,(anonymous_25)
FN:418,(anonymous_26)
FN:423,(anonymous_27)
FN:428,(anonymous_28)
FN:510,(anonymous_29)
FN:518,(anonymous_30)
FN:544,(anonymous_31)
FN:582,(anonymous_32)
FN:604,(anonymous_33)
FN:612,(anonymous_34)
FN:636,(anonymous_35)
FN:664,(anonymous_36)
FN:732,(anonymous_37)
FN:762,(anonymous_38)
FN:772,(anonymous_39)
FN:782,(anonymous_40)
FN:808,(anonymous_41)
FN:860,(anonymous_42)
FN:899,(anonymous_43)
FN:936,(anonymous_44)
FN:957,(anonymous_45)
FN:997,(anonymous_46)
FNF:45
FNH:0
FNDA:0,UsuarioValidacionPage
FNDA:0,(anonymous_3)
FNDA:0,(anonymous_4)
FNDA:0,(anonymous_5)
FNDA:0,(anonymous_6)
FNDA:0,(anonymous_7)
FNDA:0,(anonymous_8)
FNDA:0,(anonymous_9)
FNDA:0,(anonymous_10)
FNDA:0,(anonymous_11)
FNDA:0,(anonymous_12)
FNDA:0,(anonymous_13)
FNDA:0,(anonymous_14)
FNDA:0,(anonymous_15)
FNDA:0,(anonymous_16)
FNDA:0,(anonymous_17)
FNDA:0,(anonymous_18)
FNDA:0,(anonymous_19)
FNDA:0,(anonymous_20)
FNDA:0,(anonymous_21)
FNDA:0,(anonymous_22)
FNDA:0,(anonymous_23)
FNDA:0,(anonymous_24)
FNDA:0,(anonymous_25)
FNDA:0,(anonymous_26)
FNDA:0,(anonymous_27)
FNDA:0,(anonymous_28)
FNDA:0,(anonymous_29)
FNDA:0,(anonymous_30)
FNDA:0,(anonymous_31)
FNDA:0,(anonymous_32)
FNDA:0,(anonymous_33)
FNDA:0,(anonymous_34)
FNDA:0,(anonymous_35)
FNDA:0,(anonymous_36)
FNDA:0,(anonymous_37)
FNDA:0,(anonymous_38)
FNDA:0,(anonymous_39)
FNDA:0,(anonymous_40)
FNDA:0,(anonymous_41)
FNDA:0,(anonymous_42)
FNDA:0,(anonymous_43)
FNDA:0,(anonymous_44)
FNDA:0,(anonymous_45)
FNDA:0,(anonymous_46)
DA:3,0
DA:4,0
DA:5,0
DA:6,0
DA:14,0
DA:15,0
DA:17,0
DA:18,0
DA:19,0
DA:20,0
DA:28,0
DA:41,0
DA:48,0
DA:49,0
DA:50,0
DA:53,0
DA:60,0
DA:66,0
DA:67,0
DA:68,0
DA:71,0
DA:72,0
DA:73,0
DA:74,0
DA:75,0
DA:78,0
DA:79,0
DA:80,0
DA:81,0
DA:82,0
DA:85,0
DA:86,0
DA:88,0
DA:89,0
DA:90,0
DA:91,0
DA:92,0
DA:93,0
DA:94,0
DA:95,0
DA:96,0
DA:97,0
DA:98,0
DA:100,0
DA:102,0
DA:103,0
DA:104,0
DA:106,0
DA:110,0
DA:111,0
DA:112,0
DA:113,0
DA:117,0
DA:118,0
DA:119,0
DA:120,0
DA:123,0
DA:125,0
DA:126,0
DA:127,0
DA:128,0
DA:130,0
DA:131,0
DA:135,0
DA:139,0
DA:140,0
DA:141,0
DA:142,0
DA:145,0
DA:147,0
DA:148,0
DA:149,0
DA:150,0
DA:153,0
DA:154,0
DA:155,0
DA:156,0
DA:157,0
DA:162,0
DA:163,0
DA:164,0
DA:167,0
DA:168,0
DA:169,0
DA:173,0
DA:174,0
DA:178,0
DA:183,0
DA:184,0
DA:185,0
DA:186,0
DA:187,0
DA:191,0
DA:192,0
DA:193,0
DA:197,0
DA:198,0
DA:199,0
DA:200,0
DA:201,0
DA:205,0
DA:206,0
DA:207,0
DA:210,0
DA:211,0
DA:212,0
DA:213,0
DA:216,0
DA:217,0
DA:218,0
DA:221,0
DA:222,0
DA:224,0
DA:225,0
DA:226,0
DA:228,0
DA:232,0
DA:233,0
DA:234,0
DA:237,0
DA:240,0
DA:241,0
DA:245,0
DA:249,0
DA:250,0
DA:252,0
DA:253,0
DA:254,0
DA:256,0
DA:260,0
DA:261,0
DA:264,0
DA:267,0
DA:268,0
DA:272,0
DA:276,0
DA:277,0
DA:278,0
DA:280,0
DA:281,0
DA:282,0
DA:290,0
DA:294,0
DA:295,0
DA:296,0
DA:297,0
DA:298,0
DA:299,0
DA:305,0
DA:309,0
DA:310,0
DA:311,0
DA:312,0
DA:313,0
DA:316,0
DA:317,0
DA:318,0
DA:321,0
DA:322,0
DA:324,0
DA:325,0
DA:326,0
DA:330,0
DA:334,0
DA:335,0
DA:336,0
DA:339,0
DA:342,0
DA:343,0
DA:347,0
DA:351,0
DA:352,0
DA:354,0
DA:355,0
DA:356,0
DA:360,0
DA:364,0
DA:365,0
DA:368,0
DA:371,0
DA:372,0
DA:376,0
DA:380,0
DA:381,0
DA:382,0
DA:386,0
DA:391,0
DA:394,0
DA:395,0
DA:402,0
DA:404,0
DA:405,0
DA:406,0
DA:409,0
DA:410,0
DA:411,0
DA:412,0
DA:413,0
DA:414,0
DA:418,0
DA:420,0
DA:423,0
DA:425,0
DA:428,0
DA:429,0
DA:430,0
DA:431,0
DA:432,0
DA:433,0
DA:436,0
DA:438,0
DA:440,0
DA:442,0
DA:510,0
DA:518,0
DA:544,0
DA:583,0
DA:604,0
DA:612,0
DA:636,0
DA:664,0
DA:733,0
DA:762,0
DA:772,0
DA:782,0
DA:808,0
DA:860,0
DA:899,0
DA:937,0
DA:957,0
DA:997,0
LF:231
LH:0
BRDA:103,0,0,0
BRDA:103,0,1,0
BRDA:111,1,0,0
BRDA:117,2,0,0
BRDA:139,3,0,0
BRDA:153,4,0,0
BRDA:154,5,0,0
BRDA:154,5,1,0
BRDA:155,6,0,0
BRDA:155,6,1,0
BRDA:157,7,0,0
BRDA:157,7,1,0
BRDA:162,8,0,0
BRDA:162,8,1,0
BRDA:167,9,0,0
BRDA:167,9,1,0
BRDA:184,10,0,0
BRDA:198,11,0,0
BRDA:222,12,0,0
BRDA:222,13,0,0
BRDA:222,13,1,0
BRDA:250,14,0,0
BRDA:277,15,0,0
BRDA:281,16,0,0
BRDA:295,17,0,0
BRDA:298,18,0,0
BRDA:312,19,0,0
BRDA:312,19,1,0
BRDA:322,20,0,0
BRDA:322,21,0,0
BRDA:322,21,1,0
BRDA:352,22,0,0
BRDA:386,23,0,0
BRDA:386,23,1,0
BRDA:387,24,0,0
BRDA:387,24,1,0
BRDA:404,25,0,0
BRDA:405,26,0,0
BRDA:405,27,0,0
BRDA:405,27,1,0
BRDA:410,28,0,0
BRDA:412,29,0,0
BRDA:412,30,0,0
BRDA:412,30,1,0
BRDA:414,31,0,0
BRDA:414,31,1,0
BRDA:420,32,0,0
BRDA:420,32,1,0
BRDA:420,32,2,0
BRDA:425,33,0,0
BRDA:425,33,1,0
BRDA:425,33,2,0
BRDA:429,34,0,0
BRDA:431,35,0,0
BRDA:431,36,0,0
BRDA:431,36,1,0
BRDA:433,37,0,0
BRDA:433,37,1,0
BRDA:433,37,2,0
BRDA:433,37,3,0
BRDA:433,37,4,0
BRDA:509,38,0,0
BRDA:509,38,1,0
BRDA:517,39,0,0
BRDA:517,39,1,0
BRDA:529,40,0,0
BRDA:555,41,0,0
BRDA:562,42,0,0
BRDA:628,43,0,0
BRDA:703,44,0,0
BRDA:710,45,0,0
BRDA:750,46,0,0
BRDA:750,46,1,0
BRDA:751,47,0,0
BRDA:751,47,1,0
BRDA:769,48,0,0
BRDA:800,49,0,0
BRDA:848,50,0,0
BRDA:867,51,0,0
BRDA:867,51,1,0
BRDA:869,52,0,0
BRDA:869,52,1,0
BRDA:888,53,0,0
BRDA:909,54,0,0
BRDA:909,54,1,0
BRDA:945,55,0,0
BRDA:964,56,0,0
BRDA:964,56,1,0
BRDA:966,57,0,0
BRDA:966,57,1,0
BRDA:986,58,0,0
BRDA:1007,59,0,0
BRDA:1007,59,1,0
BRF:93
BRH:0
end_of_record
TN:
SF:app\dashboard\layout.tsx
FN:4,Layout
FNF:1
FNH:0
FNDA:0,Layout
DA:2,0
DA:4,0
LF:2
LH:0
BRF:0
BRH:0
end_of_record
TN:
SF:app\dashboard\loading.tsx
FN:3,Loading
FNF:1
FNH:0
FNDA:0,Loading
DA:1,0
DA:3,0
LF:2
LH:0
BRF:0
BRH:0
end_of_record
TN:
SF:app\dashboard\page.tsx
FN:23,DashboardPage
FN:28,(anonymous_3)
FN:29,(anonymous_4)
FN:96,(anonymous_5)
FN:222,(anonymous_6)
FN:264,(anonymous_7)
FNF:6
FNH:0
FNDA:0,DashboardPage
FNDA:0,(anonymous_3)
FNDA:0,(anonymous_4)
FNDA:0,(anonymous_5)
FNDA:0,(anonymous_6)
FNDA:0,(anonymous_7)
DA:3,0
DA:4,0
DA:17,0
DA:18,0
DA:19,0
DA:20,0
DA:21,0
DA:23,0
DA:24,0
DA:25,0
DA:26,0
DA:28,0
DA:29,0
DA:31,0
DA:32,0
DA:33,0
DA:34,0
DA:40,0
DA:42,0
DA:43,0
DA:44,0
DA:45,0
DA:46,0
DA:47,0
DA:48,0
DA:49,0
DA:50,0
DA:51,0
DA:52,0
DA:53,0
DA:54,0
DA:55,0
DA:60,0
DA:64,0
DA:65,0
DA:68,0
DA:69,0
DA:70,0
DA:73,0
DA:74,0
DA:76,0
DA:80,0
DA:81,0
DA:82,0
DA:83,0
DA:85,0
DA:86,0
DA:88,0
DA:92,0
DA:96,0
DA:97,0
DA:98,0
DA:107,0
DA:119,0
DA:120,0
DA:121,0
DA:130,0
DA:134,0
DA:151,0
DA:154,0
DA:246,0
DA:265,0
LF:62
LH:0
BRDA:44,0,0,0
BRDA:45,1,0,0
BRDA:45,1,1,0
BRDA:45,2,0,0
BRDA:45,2,1,0
BRDA:47,3,0,0
BRDA:47,3,1,0
BRDA:47,4,0,0
BRDA:47,4,1,0
BRDA:49,5,0,0
BRDA:49,5,1,0
BRDA:49,6,0,0
BRDA:49,6,1,0
BRDA:51,7,0,0
BRDA:52,8,0,0
BRDA:52,8,1,0
BRDA:52,9,0,0
BRDA:52,9,1,0
BRDA:54,10,0,0
BRDA:54,11,0,0
BRDA:54,11,1,0
BRDA:64,12,0,0
BRDA:68,13,0,0
BRDA:110,14,0,0
BRDA:110,14,1,0
BRDA:110,15,0,0
BRDA:110,15,1,0
BRDA:119,16,0,0
BRDA:119,16,1,0
BRDA:123,17,0,0
BRDA:123,17,1,0
BRDA:123,18,0,0
BRDA:123,18,1,0
BRDA:137,19,0,0
BRDA:137,19,1,0
BRDA:137,20,0,0
BRDA:137,20,1,0
BRDA:144,21,0,0
BRDA:144,21,1,0
BRDA:144,22,0,0
BRDA:144,22,1,0
BRDA:225,23,0,0
BRDA:225,23,1,0
BRDA:234,24,0,0
BRDA:238,25,0,0
BRDA:238,25,1,0
BRDA:246,26,0,0
BRDA:246,26,1,0
BRF:48
BRH:0
end_of_record
TN:
SF:app\dashboard\analisis-pendientes\page.tsx
FN:31,AnalisisPendientesPage
FN:43,(anonymous_3)
FN:47,(anonymous_4)
FN:70,(anonymous_5)
FN:93,(anonymous_6)
FN:119,(anonymous_7)
FN:156,(anonymous_8)
FN:176,(anonymous_9)
FN:191,(anonymous_10)
FN:215,(anonymous_11)
FNF:10
FNH:0
FNDA:0,AnalisisPendientesPage
FNDA:0,(anonymous_3)
FNDA:0,(anonymous_4)
FNDA:0,(anonymous_5)
FNDA:0,(anonymous_6)
FNDA:0,(anonymous_7)
FNDA:0,(anonymous_8)
FNDA:0,(anonymous_9)
FNDA:0,(anonymous_10)
FNDA:0,(anonymous_11)
DA:3,0
DA:4,0
DA:5,0
DA:6,0
DA:7,0
DA:8,0
DA:9,0
DA:10,0
DA:11,0
DA:12,0
DA:13,0
DA:15,0
DA:23,0
DA:31,0
DA:32,0
DA:33,0
DA:34,0
DA:35,0
DA:36,0
DA:37,0
DA:38,0
DA:39,0
DA:40,0
DA:41,0
DA:43,0
DA:44,0
DA:47,0
DA:48,0
DA:49,0
DA:50,0
DA:51,0
DA:54,0
DA:56,0
DA:57,0
DA:58,0
DA:59,0
DA:60,0
DA:61,0
DA:63,0
DA:64,0
DA:66,0
DA:70,0
DA:71,0
DA:72,0
DA:73,0
DA:74,0
DA:77,0
DA:79,0
DA:80,0
DA:81,0
DA:82,0
DA:83,0
DA:84,0
DA:86,0
DA:87,0
DA:89,0
DA:93,0
DA:94,0
DA:97,0
DA:119,0
DA:156,0
DA:177,0
DA:191,0
DA:215,0
LF:64
LH:0
BRDA:70,0,0,0
BRDA:97,1,0,0
BRDA:134,2,0,0
BRDA:150,3,0,0
BRDA:184,4,0,0
BRDA:184,4,1,0
BRDA:185,5,0,0
BRDA:185,5,1,0
BRDA:207,6,0,0
BRF:9
BRH:0
end_of_record
TN:
SF:app\dashboard\analisis-por-aprobar\page.tsx
FN:42,AnalisisPorAprobarPage
FN:55,(anonymous_3)
FN:59,(anonymous_4)
FN:95,(anonymous_5)
FN:118,(anonymous_6)
FN:125,(anonymous_7)
FN:167,(anonymous_8)
FN:180,(anonymous_9)
FN:217,(anonymous_10)
FN:238,(anonymous_11)
FN:254,(anonymous_12)
FN:278,(anonymous_13)
FNF:12
FNH:0
FNDA:0,AnalisisPorAprobarPage
FNDA:0,(anonymous_3)
FNDA:0,(anonymous_4)
FNDA:0,(anonymous_5)
FNDA:0,(anonymous_6)
FNDA:0,(anonymous_7)
FNDA:0,(anonymous_8)
FNDA:0,(anonymous_9)
FNDA:0,(anonymous_10)
FNDA:0,(anonymous_11)
FNDA:0,(anonymous_12)
FNDA:0,(anonymous_13)
DA:3,0
DA:4,0
DA:5,0
DA:6,0
DA:7,0
DA:8,0
DA:9,0
DA:10,0
DA:11,0
DA:12,0
DA:13,0
DA:14,0
DA:15,0
DA:16,0
DA:18,0
DA:26,0
DA:34,0
DA:42,0
DA:43,0
DA:44,0
DA:45,0
DA:46,0
DA:47,0
DA:48,0
DA:49,0
DA:50,0
DA:51,0
DA:52,0
DA:53,0
DA:55,0
DA:56,0
DA:59,0
DA:60,0
DA:61,0
DA:62,0
DA:65,0
DA:66,0
DA:67,0
DA:69,0
DA:70,0
DA:71,0
DA:72,0
DA:76,0
DA:79,0
DA:81,0
DA:82,0
DA:83,0
DA:84,0
DA:85,0
DA:86,0
DA:88,0
DA:89,0
DA:91,0
DA:95,0
DA:96,0
DA:97,0
DA:98,0
DA:99,0
DA:102,0
DA:104,0
DA:105,0
DA:106,0
DA:107,0
DA:108,0
DA:109,0
DA:111,0
DA:112,0
DA:114,0
DA:118,0
DA:119,0
DA:120,0
DA:121,0
DA:125,0
DA:126,0
DA:127,0
DA:128,0
DA:130,0
DA:134,0
DA:152,0
DA:167,0
DA:180,0
DA:217,0
DA:239,0
DA:254,0
DA:278,0
LF:85
LH:0
BRDA:66,0,0,0
BRDA:66,0,1,0
BRDA:66,0,2,0
BRDA:66,0,3,0
BRDA:69,1,0,0
BRDA:95,2,0,0
BRDA:120,3,0,0
BRDA:126,4,0,0
BRDA:134,5,0,0
BRDA:152,6,0,0
BRDA:195,7,0,0
BRDA:211,8,0,0
BRDA:242,9,0,0
BRDA:242,9,1,0
BRDA:243,10,0,0
BRDA:243,10,1,0
BRDA:270,11,0,0
BRF:17
BRH:0
end_of_record
TN:
SF:app\forgot-password\page.tsx
FN:16,ForgotPasswordPage
FN:23,(anonymous_6)
FN:41,(anonymous_7)
FN:159,(anonymous_8)
FNF:4
FNH:0
FNDA:0,ForgotPasswordPage
FNDA:0,(anonymous_6)
FNDA:0,(anonymous_7)
FNDA:0,(anonymous_8)
DA:3,0
DA:4,0
DA:5,0
DA:6,0
DA:7,0
DA:8,0
DA:9,0
DA:10,0
DA:11,0
DA:12,0
DA:13,0
DA:14,0
DA:16,0
DA:17,0
DA:18,0
DA:19,0
DA:20,0
DA:21,0
DA:23,0
DA:24,0
DA:25,0
DA:26,0
DA:28,0
DA:29,0
DA:31,0
DA:33,0
DA:35,0
DA:41,0
DA:42,0
DA:46,0
DA:48,0
DA:50,0
DA:52,0
DA:53,0
DA:54,0
DA:55,0
DA:56,0
DA:57,0
DA:60,0
DA:62,0
DA:67,0
DA:159,0
LF:42
LH:0
BRDA:50,0,0,0
BRDA:50,0,1,0
BRDA:52,1,0,0
BRDA:52,1,1,0
BRDA:52,2,0,0
BRDA:52,2,1,0
BRDA:54,3,0,0
BRDA:54,3,1,0
BRDA:54,4,0,0
BRDA:54,4,1,0
BRDA:56,5,0,0
BRDA:82,6,0,0
BRDA:82,6,1,0
BRDA:85,7,0,0
BRDA:85,7,1,0
BRDA:95,8,0,0
BRDA:130,9,0,0
BRDA:172,10,0,0
BRDA:172,10,1,0
BRDA:175,11,0,0
BRF:20
BRH:0
end_of_record
TN:
SF:app\listado\layout.tsx
FN:4,ListadoLayout
FNF:1
FNH:0
FNDA:0,ListadoLayout
DA:2,0
DA:4,0
LF:2
LH:0
BRF:0
BRH:0
end_of_record
TN:
SF:app\listado\loading.tsx
FN:3,Loading
FNF:1
FNH:0
FNDA:0,Loading
DA:1,0
DA:3,0
LF:2
LH:0
BRF:0
BRH:0
end_of_record
TN:
SF:app\listado\page.tsx
FN:87,ListadoPage
FN:101,(anonymous_3)
FN:102,(anonymous_4)
FN:108,(anonymous_5)
FN:109,(anonymous_6)
FN:110,(anonymous_7)
FN:111,(anonymous_8)
FN:112,(anonymous_9)
FN:113,(anonymous_10)
FN:131,(anonymous_11)
FN:137,(anonymous_12)
FN:143,(anonymous_13)
FN:149,(anonymous_14)
FN:155,(anonymous_15)
FN:258,(anonymous_16)
FNF:15
FNH:0
FNDA:0,ListadoPage
FNDA:0,(anonymous_3)
FNDA:0,(anonymous_4)
FNDA:0,(anonymous_5)
FNDA:0,(anonymous_6)
FNDA:0,(anonymous_7)
FNDA:0,(anonymous_8)
FNDA:0,(anonymous_9)
FNDA:0,(anonymous_10)
FNDA:0,(anonymous_11)
FNDA:0,(anonymous_12)
FNDA:0,(anonymous_13)
FNDA:0,(anonymous_14)
FNDA:0,(anonymous_15)
FNDA:0,(anonymous_16)
DA:3,0
DA:4,0
DA:5,0
DA:6,0
DA:7,0
DA:8,0
DA:9,0
DA:10,0
DA:11,0
DA:12,0
DA:14,0
DA:87,0
DA:88,0
DA:89,0
DA:101,0
DA:102,0
DA:103,0
DA:104,0
DA:107,0
DA:108,0
DA:109,0
DA:110,0
DA:111,0
DA:112,0
DA:113,0
DA:117,0
DA:118,0
DA:119,0
DA:120,0
DA:121,0
DA:122,0
DA:124,0
DA:127,0
DA:128,0
DA:131,0
DA:132,0
DA:133,0
DA:137,0
DA:138,0
DA:139,0
DA:143,0
DA:144,0
DA:145,0
DA:149,0
DA:150,0
DA:151,0
DA:155,0
DA:156,0
DA:157,0
DA:160,0
DA:172,0
DA:174,0
DA:178,0
DA:259,0
DA:262,0
DA:263,0
DA:264,0
DA:266,0
DA:267,0
DA:269,0
DA:270,0
DA:272,0
DA:273,0
DA:275,0
DA:276,0
DA:278,0
DA:279,0
DA:281,0
DA:282,0
DA:284,0
DA:285,0
DA:289,0
LF:72
LH:0
BRDA:117,0,0,0
BRDA:117,0,1,0
BRDA:118,1,0,0
BRDA:118,1,1,0
BRDA:119,2,0,0
BRDA:119,2,1,0
BRDA:120,3,0,0
BRDA:120,3,1,0
BRDA:121,4,0,0
BRDA:121,4,1,0
BRDA:122,5,0,0
BRDA:122,5,1,0
BRDA:132,6,0,0
BRDA:132,6,1,0
BRDA:132,7,0,0
BRDA:132,7,1,0
BRDA:133,8,0,0
BRDA:133,9,0,0
BRDA:133,9,1,0
BRDA:138,10,0,0
BRDA:138,10,1,0
BRDA:138,11,0,0
BRDA:138,11,1,0
BRDA:139,12,0,0
BRDA:139,13,0,0
BRDA:139,13,1,0
BRDA:144,14,0,0
BRDA:144,14,1,0
BRDA:144,15,0,0
BRDA:144,15,1,0
BRDA:145,16,0,0
BRDA:145,17,0,0
BRDA:145,17,1,0
BRDA:150,18,0,0
BRDA:150,18,1,0
BRDA:150,19,0,0
BRDA:150,19,1,0
BRDA:151,20,0,0
BRDA:151,21,0,0
BRDA:151,21,1,0
BRDA:156,22,0,0
BRDA:156,22,1,0
BRDA:156,23,0,0
BRDA:156,23,1,0
BRDA:157,24,0,0
BRDA:157,25,0,0
BRDA:157,25,1,0
BRDA:198,26,0,0
BRDA:213,27,0,0
BRDA:228,28,0,0
BRDA:243,29,0,0
BRDA:263,30,0,0
BRDA:264,31,0,0
BRDA:264,31,1,0
BRDA:264,31,2,0
BRDA:264,31,3,0
BRDA:264,31,4,0
BRDA:264,31,5,0
BRDA:264,31,6,0
BRDA:304,32,0,0
BRF:60
BRH:0
end_of_record
TN:
SF:app\listado\analisis\dosn\loading.tsx
FN:1,Loading
FNF:1
FNH:0
FNDA:0,Loading
DA:1,0
DA:2,0
LF:2
LH:0
BRF:0
BRH:0
end_of_record
TN:
SF:app\listado\analisis\dosn\page.tsx
FN:34,ListadoDOSNPage
FN:47,(anonymous_3)
FN:54,(anonymous_4)
FN:63,(anonymous_5)
FN:68,(anonymous_6)
FN:100,(anonymous_7)
FN:112,(anonymous_8)
FN:126,(anonymous_9)
FN:127,(anonymous_10)
FN:128,(anonymous_11)
FN:132,(anonymous_12)
FN:148,(anonymous_13)
FN:165,(anonymous_14)
FN:262,(anonymous_15)
FN:273,(anonymous_16)
FN:297,(anonymous_17)
FN:349,(anonymous_18)
FN:395,(anonymous_19)
FN:405,(anonymous_20)
FN:433,(anonymous_21)
FNF:20
FNH:0
FNDA:0,ListadoDOSNPage
FNDA:0,(anonymous_3)
FNDA:0,(anonymous_4)
FNDA:0,(anonymous_5)
FNDA:0,(anonymous_6)
FNDA:0,(anonymous_7)
FNDA:0,(anonymous_8)
FNDA:0,(anonymous_9)
FNDA:0,(anonymous_10)
FNDA:0,(anonymous_11)
FNDA:0,(anonymous_12)
FNDA:0,(anonymous_13)
FNDA:0,(anonymous_14)
FNDA:0,(anonymous_15)
FNDA:0,(anonymous_16)
FNDA:0,(anonymous_17)
FNDA:0,(anonymous_18)
FNDA:0,(anonymous_19)
FNDA:0,(anonymous_20)
FNDA:0,(anonymous_21)
DA:3,0
DA:4,0
DA:5,0
DA:6,0
DA:7,0
DA:8,0
DA:9,0
DA:10,0
DA:11,0
DA:12,0
DA:13,0
DA:15,0
DA:16,0
DA:17,0
DA:34,0
DA:35,0
DA:36,0
DA:37,0
DA:38,0
DA:39,0
DA:40,0
DA:41,0
DA:42,0
DA:43,0
DA:44,0
DA:45,0
DA:48,0
DA:49,0
DA:54,0
DA:55,0
DA:56,0
DA:57,0
DA:58,0
DA:63,0
DA:64,0
DA:65,0
DA:68,0
DA:69,0
DA:70,0
DA:72,0
DA:74,0
DA:82,0
DA:85,0
DA:87,0
DA:88,0
DA:89,0
DA:90,0
DA:92,0
DA:93,0
DA:95,0
DA:100,0
DA:101,0
DA:102,0
DA:103,0
DA:104,0
DA:105,0
DA:107,0
DA:108,0
DA:112,0
DA:113,0
DA:114,0
DA:115,0
DA:116,0
DA:118,0
DA:119,0
DA:124,0
DA:125,0
DA:126,0
DA:127,0
DA:128,0
DA:129,0
DA:132,0
DA:133,0
DA:135,0
DA:138,0
DA:140,0
DA:142,0
DA:144,0
DA:148,0
DA:149,0
DA:151,0
DA:153,0
DA:155,0
DA:157,0
DA:159,0
DA:161,0
DA:165,0
DA:166,0
DA:167,0
DA:168,0
DA:169,0
DA:170,0
DA:171,0
DA:263,0
DA:264,0
DA:273,0
DA:297,0
DA:350,0
DA:395,0
DA:405,0
DA:433,0
LF:101
LH:0
BRDA:55,0,0,0
BRDA:68,1,0,0
BRDA:72,2,0,0
BRDA:72,2,1,0
BRDA:79,3,0,0
BRDA:79,3,1,0
BRDA:101,4,0,0
BRDA:127,5,0,0
BRDA:127,5,1,0
BRDA:129,6,0,0
BRDA:129,6,1,0
BRDA:133,7,0,0
BRDA:133,7,1,0
BRDA:133,7,2,0
BRDA:133,7,3,0
BRDA:133,7,4,0
BRDA:133,7,5,0
BRDA:149,8,0,0
BRDA:149,8,1,0
BRDA:149,8,2,0
BRDA:149,8,3,0
BRDA:149,8,4,0
BRDA:149,8,5,0
BRDA:166,9,0,0
BRDA:330,10,0,0
BRDA:330,10,1,0
BRDA:339,11,0,0
BRDA:339,11,1,0
BRDA:355,12,0,0
BRDA:355,12,1,0
BRDA:358,13,0,0
BRDA:358,13,1,0
BRDA:367,14,0,0
BRDA:368,15,0,0
BRDA:368,15,1,0
BRDA:371,16,0,0
BRDA:371,16,1,0
BRDA:389,17,0,0
BRDA:389,17,1,0
BRDA:390,18,0,0
BRDA:390,18,1,0
BRDA:424,19,0,0
BRF:42
BRH:0
end_of_record
TN:
SF:app\listado\analisis\dosn\[id]\loading.tsx
FN:1,Loading
FN:26,(anonymous_2)
FN:36,(anonymous_3)
FN:40,(anonymous_4)
FN:57,(anonymous_5)
FN:67,(anonymous_6)
FNF:6
FNH:0
FNDA:0,Loading
FNDA:0,(anonymous_2)
FNDA:0,(anonymous_3)
FNDA:0,(anonymous_4)
FNDA:0,(anonymous_5)
FNDA:0,(anonymous_6)
DA:1,0
DA:27,0
DA:37,0
DA:41,0
DA:58,0
DA:68,0
LF:6
LH:0
BRF:0
BRH:0
end_of_record
TN:
SF:app\listado\analisis\dosn\[id]\page.tsx
FN:35,(anonymous_5)
FN:53,(anonymous_6)
FN:71,(anonymous_7)
FN:99,DosnDetailPage
FN:107,(anonymous_9)
FN:108,(anonymous_10)
FN:126,(anonymous_11)
FN:141,(anonymous_12)
FN:144,(anonymous_13)
FN:386,(anonymous_14)
FN:462,(anonymous_15)
FNF:11
FNH:0
FNDA:0,(anonymous_5)
FNDA:0,(anonymous_6)
FNDA:0,(anonymous_7)
FNDA:0,DosnDetailPage
FNDA:0,(anonymous_9)
FNDA:0,(anonymous_10)
FNDA:0,(anonymous_11)
FNDA:0,(anonymous_12)
FNDA:0,(anonymous_13)
FNDA:0,(anonymous_14)
FNDA:0,(anonymous_15)
DA:3,0
DA:4,0
DA:5,0
DA:6,0
DA:8,0
DA:20,0
DA:21,0
DA:22,0
DA:23,0
DA:26,0
DA:29,0
DA:30,0
DA:31,0
DA:35,0
DA:36,0
DA:38,0
DA:40,0
DA:42,0
DA:44,0
DA:46,0
DA:48,0
DA:53,0
DA:54,0
DA:56,0
DA:58,0
DA:60,0
DA:62,0
DA:64,0
DA:66,0
DA:71,0
DA:72,0
DA:74,0
DA:76,0
DA:77,0
DA:78,0
DA:79,0
DA:87,0
DA:88,0
DA:94,0
DA:95,0
DA:99,0
DA:100,0
DA:101,0
DA:102,0
DA:103,0
DA:104,0
DA:105,0
DA:107,0
DA:108,0
DA:109,0
DA:110,0
DA:111,0
DA:112,0
DA:114,0
DA:115,0
DA:117,0
DA:121,0
DA:122,0
DA:126,0
DA:127,0
DA:129,0
DA:131,0
DA:133,0
DA:135,0
DA:137,0
DA:141,0
DA:142,0
DA:143,0
DA:145,0
DA:147,0
DA:149,0
DA:151,0
DA:153,0
DA:155,0
DA:161,0
DA:176,0
DA:387,0
DA:389,0
DA:463,0
LF:79
LH:0
BRDA:36,0,0,0
BRDA:36,0,1,0
BRDA:36,0,2,0
BRDA:36,0,3,0
BRDA:36,0,4,0
BRDA:36,0,5,0
BRDA:54,1,0,0
BRDA:54,1,1,0
BRDA:54,1,2,0
BRDA:54,1,3,0
BRDA:54,1,4,0
BRDA:54,1,5,0
BRDA:72,2,0,0
BRDA:76,3,0,0
BRDA:121,4,0,0
BRDA:127,5,0,0
BRDA:127,5,1,0
BRDA:127,5,2,0
BRDA:127,5,3,0
BRDA:127,5,4,0
BRDA:142,6,0,0
BRDA:142,7,0,0
BRDA:142,7,1,0
BRDA:145,8,0,0
BRDA:145,8,1,0
BRDA:145,8,2,0
BRDA:145,8,3,0
BRDA:145,8,4,0
BRDA:161,9,0,0
BRDA:176,10,0,0
BRDA:176,11,0,0
BRDA:176,11,1,0
BRDA:185,12,0,0
BRDA:185,12,1,0
BRDA:227,13,0,0
BRDA:227,13,1,0
BRDA:280,14,0,0
BRDA:280,14,1,0
BRDA:280,14,2,0
BRDA:292,15,0,0
BRDA:302,16,0,0
BRDA:310,17,0,0
BRDA:335,18,0,0
BRDA:334,19,0,0
BRDA:334,19,1,0
BRDA:334,19,2,0
BRDA:334,19,3,0
BRDA:340,20,0,0
BRDA:350,21,0,0
BRDA:358,22,0,0
BRDA:358,22,1,0
BRDA:371,23,0,0
BRDA:371,23,1,0
BRDA:380,24,0,0
BRDA:380,24,1,0
BRDA:387,25,0,0
BRDA:387,25,1,0
BRDA:387,25,2,0
BRDA:387,25,3,0
BRDA:397,26,0,0
BRDA:402,27,0,0
BRDA:412,28,0,0
BRDA:418,29,0,0
BRDA:424,30,0,0
BRDA:424,30,1,0
BRDA:424,30,2,0
BRDA:430,31,0,0
BRDA:430,31,1,0
BRDA:430,31,2,0
BRDA:390,32,0,0
BRDA:390,32,1,0
BRDA:447,33,0,0
BRDA:447,33,1,0
BRDA:474,34,0,0
BRDA:481,35,0,0
BRDA:480,36,0,0
BRDA:480,36,1,0
BRDA:480,36,2,0
BRDA:493,37,0,0
BRDA:492,38,0,0
BRDA:492,38,1,0
BRDA:492,38,2,0
BRDA:502,39,0,0
BRDA:502,39,1,0
BRDA:502,39,2,0
BRDA:505,40,0,0
BRDA:510,41,0,0
BRDA:524,42,0,0
BRDA:549,43,0,0
BRDA:549,43,1,0
BRF:90
BRH:0
end_of_record
TN:
SF:app\listado\analisis\dosn\[id]\editar\loading.tsx
FN:1,Loading
FN:23,(anonymous_2)
FN:37,(anonymous_3)
FN:44,(anonymous_4)
FN:55,(anonymous_5)
FNF:5
FNH:0
FNDA:0,Loading
FNDA:0,(anonymous_2)
FNDA:0,(anonymous_3)
FNDA:0,(anonymous_4)
FNDA:0,(anonymous_5)
DA:1,0
DA:24,0
DA:38,0
DA:45,0
DA:56,0
LF:5
LH:0
BRF:0
BRH:0
end_of_record
TN:
SF:app\listado\analisis\dosn\[id]\editar\page.tsx
FN:33,(anonymous_5)
FN:51,(anonymous_6)
FN:68,EditarDosnPage
FN:105,(anonymous_8)
FN:106,(anonymous_9)
FN:120,(anonymous_10)
FN:123,(anonymous_11)
FN:126,(anonymous_12)
FN:178,(anonymous_13)
FN:207,(anonymous_14)
FN:216,(anonymous_15)
FN:248,(anonymous_16)
FN:249,(anonymous_17)
FN:255,(anonymous_18)
FN:257,(anonymous_19)
FN:259,(anonymous_20)
FN:263,(anonymous_21)
FN:264,(anonymous_22)
FN:270,(anonymous_23)
FN:271,(anonymous_24)
FN:273,(anonymous_25)
FN:277,(anonymous_26)
FN:278,(anonymous_27)
FN:293,(anonymous_28)
FN:294,(anonymous_29)
FN:296,(anonymous_30)
FN:300,(anonymous_31)
FN:301,(anonymous_32)
FN:320,(anonymous_33)
FN:324,(anonymous_34)
FN:328,(anonymous_35)
FN:336,(anonymous_36)
FN:341,(anonymous_37)
FN:368,(anonymous_38)
FN:389,(anonymous_39)
FN:422,(anonymous_40)
FN:423,(anonymous_41)
FN:430,(anonymous_42)
FN:453,(anonymous_43)
FN:470,(anonymous_44)
FN:489,(anonymous_45)
FN:508,(anonymous_46)
FN:562,(anonymous_47)
FN:581,(anonymous_48)
FN:618,(anonymous_49)
FN:647,(anonymous_50)
FN:687,(anonymous_51)
FN:705,(anonymous_52)
FN:735,(anonymous_53)
FN:744,(anonymous_54)
FN:782,(anonymous_55)
FN:797,(anonymous_56)
FN:821,(anonymous_57)
FN:829,(anonymous_58)
FN:868,(anonymous_59)
FN:876,(anonymous_60)
FN:889,(anonymous_61)
FN:904,(anonymous_62)
FN:922,(anonymous_63)
FN:945,(anonymous_64)
FN:975,(anonymous_65)
FN:993,(anonymous_66)
FN:994,(anonymous_67)
FN:1033,(anonymous_68)
FN:1034,(anonymous_69)
FN:1052,(anonymous_70)
FN:1063,(anonymous_71)
FN:1073,(anonymous_72)
FN:1087,(anonymous_73)
FN:1087,(anonymous_74)
FN:1105,(anonymous_75)
FN:1106,(anonymous_76)
FN:1120,(anonymous_77)
FN:1136,(anonymous_78)
FN:1137,(anonymous_79)
FN:1176,(anonymous_80)
FN:1215,(anonymous_81)
FN:1272,(anonymous_82)
FN:1297,(anonymous_83)
FN:1302,(anonymous_84)
FN:1307,(anonymous_85)
FN:1313,(anonymous_86)
FNF:82
FNH:0
FNDA:0,(anonymous_5)
FNDA:0,(anonymous_6)
FNDA:0,EditarDosnPage
FNDA:0,(anonymous_8)
FNDA:0,(anonymous_9)
FNDA:0,(anonymous_10)
FNDA:0,(anonymous_11)
FNDA:0,(anonymous_12)
FNDA:0,(anonymous_13)
FNDA:0,(anonymous_14)
FNDA:0,(anonymous_15)
FNDA:0,(anonymous_16)
FNDA:0,(anonymous_17)
FNDA:0,(anonymous_18)
FNDA:0,(anonymous_19)
FNDA:0,(anonymous_20)
FNDA:0,(anonymous_21)
FNDA:0,(anonymous_22)
FNDA:0,(anonymous_23)
FNDA:0,(anonymous_24)
FNDA:0,(anonymous_25)
FNDA:0,(anonymous_26)
FNDA:0,(anonymous_27)
FNDA:0,(anonymous_28)
FNDA:0,(anonymous_29)
FNDA:0,(anonymous_30)
FNDA:0,(anonymous_31)
FNDA:0,(anonymous_32)
FNDA:0,(anonymous_33)
FNDA:0,(anonymous_34)
FNDA:0,(anonymous_35)
FNDA:0,(anonymous_36)
FNDA:0,(anonymous_37)
FNDA:0,(anonymous_38)
FNDA:0,(anonymous_39)
FNDA:0,(anonymous_40)
FNDA:0,(anonymous_41)
FNDA:0,(anonymous_42)
FNDA:0,(anonymous_43)
FNDA:0,(anonymous_44)
FNDA:0,(anonymous_45)
FNDA:0,(anonymous_46)
FNDA:0,(anonymous_47)
FNDA:0,(anonymous_48)
FNDA:0,(anonymous_49)
FNDA:0,(anonymous_50)
FNDA:0,(anonymous_51)
FNDA:0,(anonymous_52)
FNDA:0,(anonymous_53)
FNDA:0,(anonymous_54)
FNDA:0,(anonymous_55)
FNDA:0,(anonymous_56)
FNDA:0,(anonymous_57)
FNDA:0,(anonymous_58)
FNDA:0,(anonymous_59)
FNDA:0,(anonymous_60)
FNDA:0,(anonymous_61)
FNDA:0,(anonymous_62)
FNDA:0,(anonymous_63)
FNDA:0,(anonymous_64)
FNDA:0,(anonymous_65)
FNDA:0,(anonymous_66)
FNDA:0,(anonymous_67)
FNDA:0,(anonymous_68)
FNDA:0,(anonymous_69)
FNDA:0,(anonymous_70)
FNDA:0,(anonymous_71)
FNDA:0,(anonymous_72)
FNDA:0,(anonymous_73)
FNDA:0,(anonymous_74)
FNDA:0,(anonymous_75)
FNDA:0,(anonymous_76)
FNDA:0,(anonymous_77)
FNDA:0,(anonymous_78)
FNDA:0,(anonymous_79)
FNDA:0,(anonymous_80)
FNDA:0,(anonymous_81)
FNDA:0,(anonymous_82)
FNDA:0,(anonymous_83)
FNDA:0,(anonymous_84)
FNDA:0,(anonymous_85)
FNDA:0,(anonymous_86)
DA:3,0
DA:4,0
DA:5,0
DA:6,0
DA:7,0
DA:8,0
DA:9,0
DA:10,0
DA:11,0
DA:12,0
DA:13,0
DA:14,0
DA:15,0
DA:23,0
DA:24,0
DA:25,0
DA:27,0
DA:28,0
DA:29,0
DA:30,0
DA:33,0
DA:34,0
DA:36,0
DA:38,0
DA:40,0
DA:42,0
DA:44,0
DA:46,0
DA:51,0
DA:52,0
DA:54,0
DA:56,0
DA:58,0
DA:60,0
DA:62,0
DA:64,0
DA:68,0
DA:69,0
DA:70,0
DA:71,0
DA:73,0
DA:74,0
DA:75,0
DA:76,0
DA:77,0
DA:78,0
DA:79,0
DA:82,0
DA:83,0
DA:92,0
DA:105,0
DA:106,0
DA:107,0
DA:108,0
DA:109,0
DA:111,0
DA:112,0
DA:115,0
DA:116,0
DA:117,0
DA:118,0
DA:120,0
DA:123,0
DA:124,0
DA:125,0
DA:126,0
DA:129,0
DA:131,0
DA:132,0
DA:133,0
DA:137,0
DA:138,0
DA:139,0
DA:140,0
DA:143,0
DA:144,0
DA:145,0
DA:146,0
DA:147,0
DA:148,0
DA:150,0
DA:151,0
DA:153,0
DA:154,0
DA:156,0
DA:158,0
DA:159,0
DA:162,0
DA:163,0
DA:166,0
DA:167,0
DA:168,0
DA:169,0
DA:170,0
DA:172,0
DA:173,0
DA:178,0
DA:179,0
DA:180,0
DA:182,0
DA:183,0
DA:186,0
DA:187,0
DA:188,0
DA:189,0
DA:190,0
DA:192,0
DA:193,0
DA:198,0
DA:207,0
DA:216,0
DA:229,0
DA:230,0
DA:232,0
DA:233,0
DA:234,0
DA:236,0
DA:240,0
DA:241,0
DA:243,0
DA:244,0
DA:248,0
DA:249,0
DA:255,0
DA:256,0
DA:257,0
DA:259,0
DA:263,0
DA:264,0
DA:270,0
DA:271,0
DA:273,0
DA:277,0
DA:278,0
DA:293,0
DA:294,0
DA:296,0
DA:300,0
DA:301,0
DA:302,0
DA:305,0
DA:306,0
DA:313,0
DA:316,0
DA:320,0
DA:321,0
DA:324,0
DA:325,0
DA:328,0
DA:329,0
DA:330,0
DA:331,0
DA:332,0
DA:333,0
DA:336,0
DA:337,0
DA:338,0
DA:341,0
DA:342,0
DA:346,0
DA:347,0
DA:350,0
DA:351,0
DA:354,0
DA:355,0
DA:359,0
DA:360,0
DA:362,0
DA:363,0
DA:367,0
DA:368,0
DA:369,0
DA:370,0
DA:375,0
DA:376,0
DA:380,0
DA:381,0
DA:382,0
DA:385,0
DA:386,0
DA:389,0
DA:390,0
DA:391,0
DA:393,0
DA:394,0
DA:395,0
DA:396,0
DA:399,0
DA:401,0
DA:402,0
DA:406,0
DA:407,0
DA:408,0
DA:409,0
DA:411,0
DA:422,0
DA:423,0
DA:430,0
DA:439,0
DA:441,0
DA:442,0
DA:443,0
DA:445,0
DA:446,0
DA:448,0
DA:453,0
DA:454,0
DA:456,0
DA:457,0
DA:458,0
DA:459,0
DA:460,0
DA:462,0
DA:463,0
DA:470,0
DA:471,0
DA:473,0
DA:474,0
DA:475,0
DA:476,0
DA:478,0
DA:479,0
DA:481,0
DA:482,0
DA:489,0
DA:490,0
DA:492,0
DA:493,0
DA:494,0
DA:495,0
DA:497,0
DA:498,0
DA:500,0
DA:501,0
DA:508,0
DA:509,0
DA:511,0
DA:512,0
DA:514,0
DA:515,0
DA:516,0
DA:518,0
DA:519,0
DA:525,0
DA:539,0
DA:562,0
DA:581,0
DA:618,0
DA:647,0
DA:687,0
DA:706,0
DA:736,0
DA:744,0
DA:782,0
DA:798,0
DA:822,0
DA:829,0
DA:869,0
DA:876,0
DA:889,0
DA:904,0
DA:923,0
DA:946,0
DA:975,0
DA:994,0
DA:1034,0
DA:1053,0
DA:1064,0
DA:1087,0
DA:1106,0
DA:1122,0
DA:1123,0
DA:1127,0
DA:1131,0
DA:1133,0
DA:1136,0
DA:1137,0
DA:1140,0
DA:1156,0
DA:1163,0
DA:1164,0
DA:1166,0
DA:1177,0
DA:1178,0
DA:1216,0
DA:1273,0
DA:1274,0
DA:1298,0
DA:1299,0
DA:1300,0
DA:1303,0
DA:1304,0
DA:1305,0
DA:1309,0
DA:1310,0
DA:1311,0
DA:1314,0
DA:1315,0
DA:1316,0
LF:299
LH:0
BRDA:34,0,0,0
BRDA:34,0,1,0
BRDA:34,0,2,0
BRDA:34,0,3,0
BRDA:34,0,4,0
BRDA:34,0,5,0
BRDA:52,1,0,0
BRDA:52,1,1,0
BRDA:52,1,2,0
BRDA:52,1,3,0
BRDA:52,1,4,0
BRDA:52,1,5,0
BRDA:124,2,0,0
BRDA:150,3,0,0
BRDA:150,3,1,0
BRDA:153,4,0,0
BRDA:179,5,0,0
BRDA:182,6,0,0
BRDA:199,7,0,0
BRDA:199,7,1,0
BRDA:200,8,0,0
BRDA:200,8,1,0
BRDA:202,9,0,0
BRDA:202,9,1,0
BRDA:203,10,0,0
BRDA:203,10,1,0
BRDA:205,11,0,0
BRDA:205,11,1,0
BRDA:206,12,0,0
BRDA:206,12,1,0
BRDA:207,13,0,0
BRDA:207,13,1,0
BRDA:209,14,0,0
BRDA:209,14,1,0
BRDA:209,14,2,0
BRDA:209,14,3,0
BRDA:211,15,0,0
BRDA:211,15,1,0
BRDA:212,16,0,0
BRDA:212,16,1,0
BRDA:216,17,0,0
BRDA:216,17,1,0
BRDA:220,18,0,0
BRDA:220,18,1,0
BRDA:221,19,0,0
BRDA:221,19,1,0
BRDA:222,20,0,0
BRDA:222,20,1,0
BRDA:223,21,0,0
BRDA:223,21,1,0
BRDA:224,22,0,0
BRDA:224,22,1,0
BRDA:225,23,0,0
BRDA:225,23,1,0
BRDA:233,24,0,0
BRDA:233,24,1,0
BRDA:240,25,0,0
BRDA:240,25,1,0
BRDA:240,26,0,0
BRDA:240,26,1,0
BRDA:240,26,2,0
BRDA:256,27,0,0
BRDA:256,27,1,0
BRDA:259,28,0,0
BRDA:259,28,1,0
BRDA:305,29,0,0
BRDA:305,29,1,0
BRDA:305,30,0,0
BRDA:305,30,1,0
BRDA:321,31,0,0
BRDA:329,32,0,0
BRDA:333,33,0,0
BRDA:333,33,1,0
BRDA:338,34,0,0
BRDA:338,34,1,0
BRDA:342,35,0,0
BRDA:342,35,1,0
BRDA:346,36,0,0
BRDA:350,37,0,0
BRDA:354,38,0,0
BRDA:359,39,0,0
BRDA:359,40,0,0
BRDA:359,40,1,0
BRDA:362,41,0,0
BRDA:362,42,0,0
BRDA:362,42,1,0
BRDA:367,43,0,0
BRDA:367,44,0,0
BRDA:367,44,1,0
BRDA:369,45,0,0
BRDA:369,46,0,0
BRDA:369,46,1,0
BRDA:380,47,0,0
BRDA:390,48,0,0
BRDA:394,49,0,0
BRDA:412,50,0,0
BRDA:412,50,1,0
BRDA:416,51,0,0
BRDA:416,51,1,0
BRDA:419,52,0,0
BRDA:419,52,1,0
BRDA:426,53,0,0
BRDA:426,53,1,0
BRDA:427,54,0,0
BRDA:427,54,1,0
BRDA:428,55,0,0
BRDA:428,55,1,0
BRDA:434,56,0,0
BRDA:434,56,1,0
BRDA:435,57,0,0
BRDA:435,57,1,0
BRDA:454,58,0,0
BRDA:464,59,0,0
BRDA:464,59,1,0
BRDA:471,60,0,0
BRDA:483,61,0,0
BRDA:483,61,1,0
BRDA:490,62,0,0
BRDA:502,63,0,0
BRDA:502,63,1,0
BRDA:509,64,0,0
BRDA:520,65,0,0
BRDA:520,65,1,0
BRDA:525,66,0,0
BRDA:539,67,0,0
BRDA:539,68,0,0
BRDA:539,68,1,0
BRDA:578,69,0,0
BRDA:578,69,1,0
BRDA:621,70,0,0
BRDA:621,70,1,0
BRDA:688,71,0,0
BRDA:688,71,1,0
BRDA:690,72,0,0
BRDA:704,73,0,0
BRDA:704,73,1,0
BRDA:708,74,0,0
BRDA:708,74,1,0
BRDA:708,75,0,0
BRDA:708,75,1,0
BRDA:714,76,0,0
BRDA:714,76,1,0
BRDA:720,77,0,0
BRDA:729,78,0,0
BRDA:729,78,1,0
BRDA:738,79,0,0
BRDA:738,79,1,0
BRDA:747,80,0,0
BRDA:747,80,1,0
BRDA:752,81,0,0
BRDA:796,82,0,0
BRDA:796,82,1,0
BRDA:800,83,0,0
BRDA:800,83,1,0
BRDA:800,84,0,0
BRDA:800,84,1,0
BRDA:832,85,0,0
BRDA:832,85,1,0
BRDA:862,86,0,0
BRDA:862,86,1,0
BRDA:873,87,0,0
BRDA:873,87,1,0
BRDA:888,88,0,0
BRDA:888,88,1,0
BRDA:903,89,0,0
BRDA:903,89,1,0
BRDA:921,90,0,0
BRDA:921,90,1,0
BRDA:926,91,0,0
BRDA:926,91,1,0
BRDA:926,92,0,0
BRDA:926,92,1,0
BRDA:944,93,0,0
BRDA:944,93,1,0
BRDA:949,94,0,0
BRDA:949,94,1,0
BRDA:949,95,0,0
BRDA:949,95,1,0
BRDA:982,96,0,0
BRDA:1018,97,0,0
BRDA:1021,98,0,0
BRDA:1029,99,0,0
BRDA:1029,99,1,0
BRDA:1036,100,0,0
BRDA:1036,100,1,0
BRDA:1046,101,0,0
BRDA:1046,101,1,0
BRDA:1047,102,0,0
BRDA:1047,102,1,0
BRDA:1058,103,0,0
BRDA:1058,103,1,0
BRDA:1073,104,0,0
BRDA:1073,104,1,0
BRDA:1073,104,2,0
BRDA:1104,105,0,0
BRDA:1104,105,1,0
BRDA:1108,106,0,0
BRDA:1108,106,1,0
BRDA:1108,107,0,0
BRDA:1108,107,1,0
BRDA:1127,108,0,0
BRDA:1127,108,1,0
BRDA:1127,108,2,0
BRDA:1127,108,3,0
BRDA:1129,109,0,0
BRDA:1129,109,1,0
BRDA:1131,110,0,0
BRDA:1131,110,1,0
BRDA:1133,111,0,0
BRDA:1133,111,1,0
BRDA:1135,112,0,0
BRDA:1135,112,1,0
BRDA:1143,113,0,0
BRDA:1143,113,1,0
BRDA:1143,114,0,0
BRDA:1143,114,1,0
BRDA:1146,115,0,0
BRDA:1146,115,1,0
BRDA:1148,116,0,0
BRDA:1148,116,1,0
BRDA:1149,117,0,0
BRDA:1149,117,1,0
BRDA:1150,118,0,0
BRDA:1150,118,1,0
BRDA:1151,119,0,0
BRDA:1151,119,1,0
BRDA:1151,120,0,0
BRDA:1151,120,1,0
BRDA:1152,121,0,0
BRDA:1152,121,1,0
BRDA:1152,122,0,0
BRDA:1152,122,1,0
BRDA:1197,123,0,0
BRDA:1219,124,0,0
BRDA:1231,125,0,0
BRDA:1235,126,0,0
BRDA:1234,127,0,0
BRDA:1234,127,1,0
BRDA:1234,127,2,0
BRDA:1247,128,0,0
BRDA:1246,129,0,0
BRDA:1246,129,1,0
BRDA:1246,129,2,0
BRDA:1253,130,0,0
BRDA:1253,130,1,0
BRDA:1253,130,2,0
BRDA:1256,131,0,0
BRDA:1256,131,1,0
BRDA:1268,132,0,0
BRDA:1268,132,1,0
BRDA:1296,133,0,0
BRDA:1296,133,1,0
BRF:252
BRH:0
end_of_record
TN:
SF:app\listado\analisis\germinacion\loading.tsx
FN:1,Loading
FNF:1
FNH:0
FNDA:0,Loading
DA:1,0
LF:1
LH:0
BRF:0
BRH:0
end_of_record
TN:
SF:app\listado\analisis\germinacion\page.tsx
FN:20,(anonymous_2)
FN:48,(anonymous_3)
FN:66,ListadoGerminacionPage
FN:81,(anonymous_5)
FN:88,(anonymous_6)
FN:97,(anonymous_7)
FN:102,(anonymous_8)
FN:141,(anonymous_9)
FN:153,(anonymous_10)
FN:168,(anonymous_11)
FN:169,(anonymous_12)
FN:170,(anonymous_13)
FN:171,(anonymous_14)
FN:173,(anonymous_15)
FN:189,(anonymous_16)
FN:206,(anonymous_17)
FN:293,(anonymous_18)
FN:304,(anonymous_19)
FN:316,(anonymous_20)
FN:328,(anonymous_21)
FN:377,(anonymous_22)
FN:436,(anonymous_23)
FN:446,(anonymous_24)
FN:474,(anonymous_25)
FNF:24
FNH:0
FNDA:0,(anonymous_2)
FNDA:0,(anonymous_3)
FNDA:0,ListadoGerminacionPage
FNDA:0,(anonymous_5)
FNDA:0,(anonymous_6)
FNDA:0,(anonymous_7)
FNDA:0,(anonymous_8)
FNDA:0,(anonymous_9)
FNDA:0,(anonymous_10)
FNDA:0,(anonymous_11)
FNDA:0,(anonymous_12)
FNDA:0,(anonymous_13)
FNDA:0,(anonymous_14)
FNDA:0,(anonymous_15)
FNDA:0,(anonymous_16)
FNDA:0,(anonymous_17)
FNDA:0,(anonymous_18)
FNDA:0,(anonymous_19)
FNDA:0,(anonymous_20)
FNDA:0,(anonymous_21)
FNDA:0,(anonymous_22)
FNDA:0,(anonymous_23)
FNDA:0,(anonymous_24)
FNDA:0,(anonymous_25)
DA:3,0
DA:4,0
DA:5,0
DA:6,0
DA:7,0
DA:8,0
DA:9,0
DA:10,0
DA:11,0
DA:14,0
DA:15,0
DA:16,0
DA:17,0
DA:20,0
DA:21,0
DA:23,0
DA:25,0
DA:26,0
DA:27,0
DA:28,0
DA:36,0
DA:37,0
DA:43,0
DA:44,0
DA:48,0
DA:49,0
DA:51,0
DA:52,0
DA:53,0
DA:61,0
DA:62,0
DA:66,0
DA:67,0
DA:68,0
DA:69,0
DA:70,0
DA:71,0
DA:72,0
DA:73,0
DA:74,0
DA:75,0
DA:76,0
DA:77,0
DA:78,0
DA:79,0
DA:82,0
DA:83,0
DA:88,0
DA:89,0
DA:90,0
DA:91,0
DA:92,0
DA:97,0
DA:98,0
DA:99,0
DA:102,0
DA:103,0
DA:104,0
DA:106,0
DA:108,0
DA:118,0
DA:121,0
DA:122,0
DA:123,0
DA:126,0
DA:127,0
DA:128,0
DA:129,0
DA:130,0
DA:131,0
DA:133,0
DA:134,0
DA:136,0
DA:141,0
DA:142,0
DA:143,0
DA:144,0
DA:145,0
DA:146,0
DA:148,0
DA:149,0
DA:153,0
DA:154,0
DA:155,0
DA:156,0
DA:157,0
DA:159,0
DA:160,0
DA:164,0
DA:167,0
DA:168,0
DA:169,0
DA:170,0
DA:171,0
DA:173,0
DA:174,0
DA:176,0
DA:179,0
DA:181,0
DA:183,0
DA:185,0
DA:189,0
DA:190,0
DA:192,0
DA:194,0
DA:196,0
DA:198,0
DA:200,0
DA:202,0
DA:206,0
DA:207,0
DA:208,0
DA:294,0
DA:295,0
DA:304,0
DA:316,0
DA:328,0
DA:378,0
DA:436,0
DA:446,0
DA:474,0
LF:121
LH:0
BRDA:21,0,0,0
BRDA:25,1,0,0
BRDA:49,2,0,0
BRDA:89,3,0,0
BRDA:102,4,0,0
BRDA:106,5,0,0
BRDA:106,5,1,0
BRDA:113,6,0,0
BRDA:113,6,1,0
BRDA:122,7,0,0
BRDA:142,8,0,0
BRDA:169,9,0,0
BRDA:169,9,1,0
BRDA:171,10,0,0
BRDA:171,10,1,0
BRDA:174,11,0,0
BRDA:174,11,1,0
BRDA:174,11,2,0
BRDA:174,11,3,0
BRDA:174,11,4,0
BRDA:174,11,5,0
BRDA:190,12,0,0
BRDA:190,12,1,0
BRDA:190,12,2,0
BRDA:190,12,3,0
BRDA:190,12,4,0
BRDA:190,12,5,0
BRDA:207,13,0,0
BRDA:207,14,0,0
BRDA:207,14,1,0
BRDA:367,15,0,0
BRDA:367,15,1,0
BRDA:382,16,0,0
BRDA:382,16,1,0
BRDA:383,17,0,0
BRDA:389,18,0,0
BRDA:389,18,1,0
BRDA:397,19,0,0
BRDA:397,19,1,0
BRDA:402,20,0,0
BRDA:402,20,1,0
BRDA:406,21,0,0
BRDA:406,21,1,0
BRDA:407,22,0,0
BRDA:407,22,1,0
BRDA:409,23,0,0
BRDA:409,23,1,0
BRDA:410,24,0,0
BRDA:410,24,1,0
BRDA:414,25,0,0
BRDA:414,25,1,0
BRDA:415,26,0,0
BRDA:415,26,1,0
BRDA:430,27,0,0
BRDA:430,27,1,0
BRDA:431,28,0,0
BRDA:431,28,1,0
BRDA:465,29,0,0
BRF:58
BRH:0
end_of_record
TN:
SF:app\listado\analisis\germinacion\[id]\page.tsx
FN:38,(anonymous_2)
FN:66,GerminacionDetailPage
FN:74,(anonymous_4)
FN:75,(anonymous_5)
FN:82,(anonymous_6)
FN:100,(anonymous_7)
FN:152,(anonymous_8)
FN:261,(anonymous_9)
FN:325,(anonymous_10)
FN:402,(anonymous_11)
FN:403,(anonymous_12)
FN:430,(anonymous_13)
FN:431,(anonymous_14)
FN:438,(anonymous_15)
FN:444,(anonymous_16)
FN:450,(anonymous_17)
FN:456,(anonymous_18)
FN:471,(anonymous_19)
FN:473,(anonymous_20)
FN:474,(anonymous_21)
FN:476,(anonymous_22)
FN:477,(anonymous_23)
FN:478,(anonymous_24)
FN:479,(anonymous_25)
FN:588,(anonymous_26)
FN:598,(anonymous_27)
FN:640,(anonymous_28)
FN:645,(anonymous_29)
FN:678,(anonymous_30)
FNF:29
FNH:0
FNDA:0,(anonymous_2)
FNDA:0,GerminacionDetailPage
FNDA:0,(anonymous_4)
FNDA:0,(anonymous_5)
FNDA:0,(anonymous_6)
FNDA:0,(anonymous_7)
FNDA:0,(anonymous_8)
FNDA:0,(anonymous_9)
FNDA:0,(anonymous_10)
FNDA:0,(anonymous_11)
FNDA:0,(anonymous_12)
FNDA:0,(anonymous_13)
FNDA:0,(anonymous_14)
FNDA:0,(anonymous_15)
FNDA:0,(anonymous_16)
FNDA:0,(anonymous_17)
FNDA:0,(anonymous_18)
FNDA:0,(anonymous_19)
FNDA:0,(anonymous_20)
FNDA:0,(anonymous_21)
FNDA:0,(anonymous_22)
FNDA:0,(anonymous_23)
FNDA:0,(anonymous_24)
FNDA:0,(anonymous_25)
FNDA:0,(anonymous_26)
FNDA:0,(anonymous_27)
FNDA:0,(anonymous_28)
FNDA:0,(anonymous_29)
FNDA:0,(anonymous_30)
DA:3,0
DA:4,0
DA:5,0
DA:6,0
DA:25,0
DA:26,0
DA:27,0
DA:28,0
DA:32,0
DA:33,0
DA:34,0
DA:35,0
DA:38,0
DA:39,0
DA:41,0
DA:43,0
DA:44,0
DA:45,0
DA:46,0
DA:54,0
DA:55,0
DA:61,0
DA:62,0
DA:66,0
DA:67,0
DA:68,0
DA:69,0
DA:70,0
DA:71,0
DA:72,0
DA:74,0
DA:75,0
DA:76,0
DA:77,0
DA:80,0
DA:82,0
DA:85,0
DA:86,0
DA:88,0
DA:89,0
DA:91,0
DA:95,0
DA:96,0
DA:100,0
DA:101,0
DA:103,0
DA:105,0
DA:107,0
DA:109,0
DA:111,0
DA:115,0
DA:129,0
DA:152,0
DA:262,0
DA:326,0
DA:403,0
DA:404,0
DA:406,0
DA:407,0
DA:409,0
DA:431,0
DA:438,0
DA:444,0
DA:450,0
DA:456,0
DA:473,0
DA:474,0
DA:476,0
DA:477,0
DA:478,0
DA:479,0
DA:480,0
DA:589,0
DA:599,0
DA:641,0
DA:646,0
DA:679,0
LF:77
LH:0
BRDA:39,0,0,0
BRDA:43,1,0,0
BRDA:95,2,0,0
BRDA:101,3,0,0
BRDA:101,3,1,0
BRDA:101,3,2,0
BRDA:101,3,3,0
BRDA:101,3,4,0
BRDA:115,4,0,0
BRDA:129,5,0,0
BRDA:129,6,0,0
BRDA:129,6,1,0
BRDA:138,7,0,0
BRDA:138,7,1,0
BRDA:177,8,0,0
BRDA:177,8,1,0
BRDA:241,9,0,0
BRDA:272,10,0,0
BRDA:272,10,1,0
BRDA:277,11,0,0
BRDA:277,11,1,0
BRDA:278,12,0,0
BRDA:278,12,1,0
BRDA:280,13,0,0
BRDA:291,14,0,0
BRDA:291,14,1,0
BRDA:291,14,2,0
BRDA:298,15,0,0
BRDA:304,16,0,0
BRDA:310,17,0,0
BRDA:319,18,0,0
BRDA:319,18,1,0
BRDA:362,19,0,0
BRDA:364,20,0,0
BRDA:365,21,0,0
BRDA:376,22,0,0
BRDA:378,23,0,0
BRDA:379,24,0,0
BRDA:386,25,0,0
BRDA:395,26,0,0
BRDA:395,26,1,0
BRDA:395,26,2,0
BRDA:403,27,0,0
BRDA:403,27,1,0
BRDA:404,28,0,0
BRDA:404,28,1,0
BRDA:404,29,0,0
BRDA:404,29,1,0
BRDA:406,30,0,0
BRDA:406,30,1,0
BRDA:421,31,0,0
BRDA:421,31,1,0
BRDA:430,32,0,0
BRDA:430,32,1,0
BRDA:431,33,0,0
BRDA:431,33,1,0
BRDA:432,34,0,0
BRDA:432,34,1,0
BRDA:438,35,0,0
BRDA:438,35,1,0
BRDA:438,36,0,0
BRDA:438,36,1,0
BRDA:438,37,0,0
BRDA:438,37,1,0
BRDA:444,38,0,0
BRDA:444,38,1,0
BRDA:444,39,0,0
BRDA:444,39,1,0
BRDA:444,40,0,0
BRDA:444,40,1,0
BRDA:450,41,0,0
BRDA:450,41,1,0
BRDA:450,42,0,0
BRDA:450,42,1,0
BRDA:450,43,0,0
BRDA:450,43,1,0
BRDA:456,44,0,0
BRDA:456,44,1,0
BRDA:456,45,0,0
BRDA:456,45,1,0
BRDA:456,46,0,0
BRDA:456,46,1,0
BRDA:465,47,0,0
BRDA:465,47,1,0
BRDA:473,48,0,0
BRDA:473,48,1,0
BRDA:474,49,0,0
BRDA:474,49,1,0
BRDA:476,50,0,0
BRDA:476,50,1,0
BRDA:476,51,0,0
BRDA:476,51,1,0
BRDA:477,52,0,0
BRDA:477,52,1,0
BRDA:477,53,0,0
BRDA:477,53,1,0
BRDA:478,54,0,0
BRDA:478,54,1,0
BRDA:478,55,0,0
BRDA:478,55,1,0
BRDA:479,56,0,0
BRDA:479,56,1,0
BRDA:479,57,0,0
BRDA:479,57,1,0
BRDA:486,58,0,0
BRDA:486,58,1,0
BRDA:492,59,0,0
BRDA:492,59,1,0
BRDA:498,60,0,0
BRDA:498,60,1,0
BRDA:504,61,0,0
BRDA:504,61,1,0
BRDA:510,62,0,0
BRDA:510,62,1,0
BRDA:521,63,0,0
BRDA:521,63,1,0
BRDA:521,63,2,0
BRDA:521,63,3,0
BRDA:521,63,4,0
BRDA:536,64,0,0
BRDA:542,65,0,0
BRDA:548,66,0,0
BRDA:554,67,0,0
BRDA:560,68,0,0
BRDA:571,69,0,0
BRDA:571,69,1,0
BRDA:667,70,0,0
BRDA:667,70,1,0
BRF:128
BRH:0
end_of_record
TN:
SF:app\listado\analisis\germinacion\[id]\editar\page.tsx
FN:33,(anonymous_1)
FN:48,(anonymous_2)
FN:68,(anonymous_3)
FN:84,GerminacionDetailPage
FN:112,(anonymous_5)
FN:151,(anonymous_6)
FN:157,(anonymous_7)
FN:178,(anonymous_8)
FN:212,(anonymous_9)
FN:228,(anonymous_10)
FN:236,(anonymous_11)
FN:241,(anonymous_12)
FN:273,(anonymous_13)
FN:288,(anonymous_14)
FN:303,(anonymous_15)
FN:318,(anonymous_16)
FN:352,(anonymous_17)
FN:424,(anonymous_18)
FN:424,(anonymous_19)
FN:433,(anonymous_20)
FN:449,(anonymous_21)
FN:449,(anonymous_22)
FN:464,(anonymous_23)
FN:470,(anonymous_24)
FN:471,(anonymous_25)
FN:576,(anonymous_26)
FN:584,(anonymous_27)
FN:589,(anonymous_28)
FN:594,(anonymous_29)
FN:600,(anonymous_30)
FNF:30
FNH:0
FNDA:0,(anonymous_1)
FNDA:0,(anonymous_2)
FNDA:0,(anonymous_3)
FNDA:0,GerminacionDetailPage
FNDA:0,(anonymous_5)
FNDA:0,(anonymous_6)
FNDA:0,(anonymous_7)
FNDA:0,(anonymous_8)
FNDA:0,(anonymous_9)
FNDA:0,(anonymous_10)
FNDA:0,(anonymous_11)
FNDA:0,(anonymous_12)
FNDA:0,(anonymous_13)
FNDA:0,(anonymous_14)
FNDA:0,(anonymous_15)
FNDA:0,(anonymous_16)
FNDA:0,(anonymous_17)
FNDA:0,(anonymous_18)
FNDA:0,(anonymous_19)
FNDA:0,(anonymous_20)
FNDA:0,(anonymous_21)
FNDA:0,(anonymous_22)
FNDA:0,(anonymous_23)
FNDA:0,(anonymous_24)
FNDA:0,(anonymous_25)
FNDA:0,(anonymous_26)
FNDA:0,(anonymous_27)
FNDA:0,(anonymous_28)
FNDA:0,(anonymous_29)
FNDA:0,(anonymous_30)
DA:3,0
DA:4,0
DA:5,0
DA:6,0
DA:8,0
DA:9,0
DA:18,0
DA:19,0
DA:23,0
DA:24,0
DA:25,0
DA:26,0
DA:27,0
DA:28,0
DA:29,0
DA:30,0
DA:33,0
DA:34,0
DA:37,0
DA:38,0
DA:40,0
DA:48,0
DA:49,0
DA:51,0
DA:52,0
DA:55,0
DA:63,0
DA:68,0
DA:69,0
DA:72,0
DA:73,0
DA:77,0
DA:81,0
DA:84,0
DA:85,0
DA:86,0
DA:87,0
DA:88,0
DA:90,0
DA:91,0
DA:92,0
DA:93,0
DA:94,0
DA:95,0
DA:96,0
DA:99,0
DA:107,0
DA:112,0
DA:113,0
DA:114,0
DA:115,0
DA:118,0
DA:123,0
DA:124,0
DA:125,0
DA:126,0
DA:129,0
DA:130,0
DA:131,0
DA:132,0
DA:134,0
DA:136,0
DA:137,0
DA:138,0
DA:144,0
DA:145,0
DA:147,0
DA:151,0
DA:152,0
DA:153,0
DA:157,0
DA:158,0
DA:159,0
DA:160,0
DA:162,0
DA:164,0
DA:165,0
DA:168,0
DA:169,0
DA:171,0
DA:172,0
DA:174,0
DA:178,0
DA:179,0
DA:187,0
DA:188,0
DA:191,0
DA:192,0
DA:194,0
DA:197,0
DA:198,0
DA:205,0
DA:207,0
DA:208,0
DA:212,0
DA:213,0
DA:215,0
DA:218,0
DA:223,0
DA:224,0
DA:225,0
DA:228,0
DA:229,0
DA:230,0
DA:232,0
DA:233,0
DA:236,0
DA:237,0
DA:238,0
DA:241,0
DA:242,0
DA:243,0
DA:244,0
DA:245,0
DA:248,0
DA:249,0
DA:252,0
DA:257,0
DA:259,0
DA:260,0
DA:263,0
DA:264,0
DA:265,0
DA:267,0
DA:268,0
DA:273,0
DA:274,0
DA:276,0
DA:277,0
DA:278,0
DA:279,0
DA:280,0
DA:282,0
DA:283,0
DA:288,0
DA:289,0
DA:291,0
DA:292,0
DA:293,0
DA:294,0
DA:295,0
DA:297,0
DA:298,0
DA:303,0
DA:304,0
DA:306,0
DA:307,0
DA:308,0
DA:309,0
DA:310,0
DA:312,0
DA:313,0
DA:318,0
DA:319,0
DA:321,0
DA:322,0
DA:324,0
DA:325,0
DA:326,0
DA:328,0
DA:329,0
DA:333,0
DA:345,0
DA:352,0
DA:424,0
DA:434,0
DA:449,0
DA:464,0
DA:471,0
DA:472,0
DA:576,0
DA:585,0
DA:586,0
DA:587,0
DA:590,0
DA:591,0
DA:592,0
DA:596,0
DA:597,0
DA:598,0
DA:601,0
DA:609,0
DA:610,0
DA:612,0
DA:613,0
DA:614,0
LF:186
LH:0
BRDA:34,0,0,0
BRDA:49,1,0,0
BRDA:69,2,0,0
BRDA:72,3,0,0
BRDA:136,4,0,0
BRDA:136,4,1,0
BRDA:136,5,0,0
BRDA:136,5,1,0
BRDA:145,6,0,0
BRDA:145,6,1,0
BRDA:152,7,0,0
BRDA:172,8,0,0
BRDA:172,8,1,0
BRDA:187,9,0,0
BRDA:197,10,0,0
BRDA:208,11,0,0
BRDA:208,11,1,0
BRDA:213,12,0,0
BRDA:219,13,0,0
BRDA:219,13,1,0
BRDA:220,14,0,0
BRDA:220,14,1,0
BRDA:229,15,0,0
BRDA:237,16,0,0
BRDA:242,17,0,0
BRDA:268,18,0,0
BRDA:268,18,1,0
BRDA:274,19,0,0
BRDA:283,20,0,0
BRDA:283,20,1,0
BRDA:289,21,0,0
BRDA:298,22,0,0
BRDA:298,22,1,0
BRDA:304,23,0,0
BRDA:313,24,0,0
BRDA:313,24,1,0
BRDA:319,25,0,0
BRDA:329,26,0,0
BRDA:329,26,1,0
BRDA:333,27,0,0
BRDA:345,28,0,0
BRDA:370,29,0,0
BRDA:370,29,1,0
BRDA:376,30,0,0
BRDA:397,31,0,0
BRDA:413,32,0,0
BRDA:423,33,0,0
BRDA:423,33,1,0
BRDA:464,34,0,0
BRDA:464,34,1,0
BRDA:472,35,0,0
BRDA:472,35,1,0
BRDA:484,36,0,0
BRDA:484,36,1,0
BRDA:508,37,0,0
BRDA:508,37,1,0
BRDA:513,38,0,0
BRDA:513,38,1,0
BRDA:525,39,0,0
BRDA:525,39,1,0
BRDA:531,40,0,0
BRDA:540,41,0,0
BRDA:549,42,0,0
BRDA:555,43,0,0
BRDA:559,44,0,0
BRDA:559,44,1,0
BRDA:573,45,0,0
BRDA:573,45,1,0
BRDA:583,46,0,0
BRDA:583,46,1,0
BRDA:609,47,0,0
BRF:71
BRH:0
end_of_record
TN:
SF:app\listado\analisis\pms\loading.tsx
FN:1,Loading
FNF:1
FNH:0
FNDA:0,Loading
DA:1,0
DA:2,0
LF:2
LH:0
BRF:0
BRH:0
end_of_record
TN:
SF:app\listado\analisis\pms\page.tsx
FN:34,ListadoPMSPage
FN:47,(anonymous_3)
FN:54,(anonymous_4)
FN:63,(anonymous_5)
FN:69,(anonymous_6)
FN:100,(anonymous_7)
FN:112,(anonymous_8)
FN:126,(anonymous_9)
FN:127,(anonymous_10)
FN:130,(anonymous_11)
FN:134,(anonymous_12)
FN:138,(anonymous_13)
FN:154,(anonymous_14)
FN:171,(anonymous_15)
FN:295,(anonymous_16)
FN:306,(anonymous_17)
FN:330,(anonymous_18)
FN:380,(anonymous_19)
FN:420,(anonymous_20)
FN:430,(anonymous_21)
FN:457,(anonymous_22)
FNF:21
FNH:0
FNDA:0,ListadoPMSPage
FNDA:0,(anonymous_3)
FNDA:0,(anonymous_4)
FNDA:0,(anonymous_5)
FNDA:0,(anonymous_6)
FNDA:0,(anonymous_7)
FNDA:0,(anonymous_8)
FNDA:0,(anonymous_9)
FNDA:0,(anonymous_10)
FNDA:0,(anonymous_11)
FNDA:0,(anonymous_12)
FNDA:0,(anonymous_13)
FNDA:0,(anonymous_14)
FNDA:0,(anonymous_15)
FNDA:0,(anonymous_16)
FNDA:0,(anonymous_17)
FNDA:0,(anonymous_18)
FNDA:0,(anonymous_19)
FNDA:0,(anonymous_20)
FNDA:0,(anonymous_21)
FNDA:0,(anonymous_22)
DA:3,0
DA:4,0
DA:5,0
DA:6,0
DA:7,0
DA:8,0
DA:9,0
DA:10,0
DA:11,0
DA:12,0
DA:13,0
DA:14,0
DA:16,0
DA:17,0
DA:34,0
DA:35,0
DA:36,0
DA:37,0
DA:38,0
DA:39,0
DA:40,0
DA:41,0
DA:42,0
DA:43,0
DA:44,0
DA:45,0
DA:48,0
DA:49,0
DA:54,0
DA:55,0
DA:56,0
DA:57,0
DA:58,0
DA:63,0
DA:64,0
DA:65,0
DA:69,0
DA:70,0
DA:71,0
DA:73,0
DA:75,0
DA:85,0
DA:87,0
DA:88,0
DA:89,0
DA:90,0
DA:92,0
DA:93,0
DA:95,0
DA:100,0
DA:101,0
DA:102,0
DA:103,0
DA:104,0
DA:105,0
DA:107,0
DA:108,0
DA:112,0
DA:113,0
DA:114,0
DA:115,0
DA:116,0
DA:118,0
DA:119,0
DA:124,0
DA:125,0
DA:126,0
DA:127,0
DA:129,0
DA:130,0
DA:133,0
DA:134,0
DA:138,0
DA:139,0
DA:141,0
DA:144,0
DA:146,0
DA:148,0
DA:150,0
DA:154,0
DA:155,0
DA:157,0
DA:159,0
DA:161,0
DA:163,0
DA:165,0
DA:167,0
DA:171,0
DA:172,0
DA:173,0
DA:174,0
DA:175,0
DA:176,0
DA:177,0
DA:296,0
DA:297,0
DA:306,0
DA:330,0
DA:381,0
DA:420,0
DA:430,0
DA:457,0
LF:102
LH:0
BRDA:55,0,0,0
BRDA:69,1,0,0
BRDA:73,2,0,0
BRDA:73,2,1,0
BRDA:80,3,0,0
BRDA:80,3,1,0
BRDA:101,4,0,0
BRDA:127,5,0,0
BRDA:127,5,1,0
BRDA:129,6,0,0
BRDA:129,6,1,0
BRDA:130,7,0,0
BRDA:130,7,1,0
BRDA:133,8,0,0
BRDA:133,8,1,0
BRDA:134,9,0,0
BRDA:134,9,1,0
BRDA:139,10,0,0
BRDA:139,10,1,0
BRDA:139,10,2,0
BRDA:139,10,3,0
BRDA:139,10,4,0
BRDA:139,10,5,0
BRDA:155,11,0,0
BRDA:155,11,1,0
BRDA:155,11,2,0
BRDA:155,11,3,0
BRDA:155,11,4,0
BRDA:155,11,5,0
BRDA:172,12,0,0
BRDA:257,13,0,0
BRDA:257,13,1,0
BRDA:268,14,0,0
BRDA:364,15,0,0
BRDA:364,15,1,0
BRDA:373,16,0,0
BRDA:373,16,1,0
BRDA:386,17,0,0
BRDA:386,17,1,0
BRDA:389,18,0,0
BRDA:389,18,1,0
BRDA:397,19,0,0
BRDA:397,19,1,0
BRDA:400,20,0,0
BRDA:400,20,1,0
BRDA:414,21,0,0
BRDA:414,21,1,0
BRDA:415,22,0,0
BRDA:415,22,1,0
BRDA:448,23,0,0
BRF:50
BRH:0
end_of_record
TN:
SF:app\listado\analisis\pms\[id]\page.tsx
FN:32,DetallePMSPage
FN:44,(anonymous_3)
FN:45,(anonymous_4)
FN:73,(anonymous_5)
FN:90,(anonymous_6)
FN:107,(anonymous_7)
FN:124,(anonymous_8)
FN:143,(anonymous_9)
FN:159,(anonymous_10)
FN:163,(anonymous_11)
FN:398,(anonymous_12)
FNF:11
FNH:0
FNDA:0,DetallePMSPage
FNDA:0,(anonymous_3)
FNDA:0,(anonymous_4)
FNDA:0,(anonymous_5)
FNDA:0,(anonymous_6)
FNDA:0,(anonymous_7)
FNDA:0,(anonymous_8)
FNDA:0,(anonymous_9)
FNDA:0,(anonymous_10)
FNDA:0,(anonymous_11)
FNDA:0,(anonymous_12)
DA:3,0
DA:4,0
DA:5,0
DA:6,0
DA:7,0
DA:8,0
DA:21,0
DA:22,0
DA:23,0
DA:25,0
DA:26,0
DA:27,0
DA:28,0
DA:29,0
DA:30,0
DA:32,0
DA:33,0
DA:34,0
DA:35,0
DA:37,0
DA:38,0
DA:39,0
DA:40,0
DA:41,0
DA:44,0
DA:45,0
DA:46,0
DA:48,0
DA:49,0
DA:51,0
DA:52,0
DA:57,0
DA:58,0
DA:60,0
DA:61,0
DA:62,0
DA:66,0
DA:70,0
DA:73,0
DA:74,0
DA:76,0
DA:77,0
DA:78,0
DA:79,0
DA:80,0
DA:82,0
DA:86,0
DA:90,0
DA:91,0
DA:93,0
DA:94,0
DA:95,0
DA:96,0
DA:97,0
DA:99,0
DA:103,0
DA:107,0
DA:108,0
DA:110,0
DA:111,0
DA:112,0
DA:113,0
DA:114,0
DA:116,0
DA:120,0
DA:124,0
DA:125,0
DA:127,0
DA:128,0
DA:131,0
DA:132,0
DA:133,0
DA:134,0
DA:135,0
DA:137,0
DA:143,0
DA:144,0
DA:146,0
DA:150,0
DA:153,0
DA:155,0
DA:159,0
DA:160,0
DA:163,0
DA:164,0
DA:179,0
DA:192,0
DA:399,0
LF:88
LH:0
BRDA:46,0,0,0
BRDA:60,1,0,0
BRDA:60,1,1,0
BRDA:74,2,0,0
BRDA:83,3,0,0
BRDA:83,3,1,0
BRDA:91,4,0,0
BRDA:100,5,0,0
BRDA:100,5,1,0
BRDA:108,6,0,0
BRDA:117,7,0,0
BRDA:117,7,1,0
BRDA:125,8,0,0
BRDA:127,9,0,0
BRDA:138,10,0,0
BRDA:138,10,1,0
BRDA:144,11,0,0
BRDA:144,11,1,0
BRDA:144,11,2,0
BRDA:144,11,3,0
BRDA:144,11,4,0
BRDA:144,11,5,0
BRDA:144,11,6,0
BRDA:164,12,0,0
BRDA:164,12,1,0
BRDA:164,12,2,0
BRDA:179,13,0,0
BRDA:192,14,0,0
BRDA:192,15,0,0
BRDA:192,15,1,0
BRDA:209,16,0,0
BRDA:209,16,1,0
BRDA:243,17,0,0
BRDA:243,17,1,0
BRDA:248,18,0,0
BRDA:248,18,1,0
BRDA:302,19,0,0
BRDA:302,19,1,0
BRDA:306,20,0,0
BRDA:306,20,1,0
BRDA:311,21,0,0
BRDA:311,21,1,0
BRDA:317,22,0,0
BRDA:317,22,1,0
BRDA:323,23,0,0
BRDA:323,23,1,0
BRDA:323,24,0,0
BRDA:323,24,1,0
BRDA:327,25,0,0
BRDA:327,25,1,0
BRDA:334,26,0,0
BRDA:334,26,1,0
BRDA:340,27,0,0
BRDA:342,28,0,0
BRDA:342,28,1,0
BRDA:348,29,0,0
BRDA:353,30,0,0
BRDA:353,30,1,0
BRDA:377,31,0,0
BRDA:380,32,0,0
BRDA:402,33,0,0
BRDA:402,33,1,0
BRDA:404,34,0,0
BRDA:404,34,1,0
BRDA:404,35,0,0
BRDA:404,35,1,0
BRDA:405,36,0,0
BRDA:405,36,1,0
BRDA:405,37,0,0
BRDA:405,37,1,0
BRF:70
BRH:0
end_of_record
TN:
SF:app\listado\analisis\pms\[id]\editar\page.tsx
FN:56,EditarPMSPage
FN:97,(anonymous_3)
FN:114,(anonymous_4)
FN:120,(anonymous_5)
FN:129,(anonymous_6)
FN:138,(anonymous_7)
FN:139,(anonymous_8)
FN:157,(anonymous_9)
FN:163,(anonymous_10)
FN:190,(anonymous_11)
FN:191,(anonymous_12)
FN:196,(anonymous_13)
FN:221,(anonymous_14)
FN:239,(anonymous_15)
FN:268,(anonymous_16)
FN:271,(anonymous_17)
FN:277,(anonymous_18)
FN:277,(anonymous_19)
FN:283,(anonymous_20)
FN:287,(anonymous_21)
FN:296,(anonymous_22)
FN:299,(anonymous_23)
FN:299,(anonymous_24)
FN:309,(anonymous_25)
FN:314,(anonymous_26)
FN:331,(anonymous_27)
FN:331,(anonymous_28)
FN:349,(anonymous_29)
FN:368,(anonymous_30)
FN:368,(anonymous_31)
FN:385,(anonymous_32)
FN:386,(anonymous_33)
FN:386,(anonymous_34)
FN:392,(anonymous_35)
FN:417,(anonymous_36)
FN:451,(anonymous_37)
FN:468,(anonymous_38)
FN:485,(anonymous_39)
FN:503,(anonymous_40)
FN:505,(anonymous_41)
FN:510,(anonymous_42)
FN:515,(anonymous_43)
FN:534,(anonymous_44)
FN:540,(anonymous_45)
FN:552,(anonymous_46)
FN:557,(anonymous_47)
FN:566,(anonymous_48)
FN:577,(anonymous_49)
FN:578,(anonymous_50)
FN:579,(anonymous_51)
FN:599,(anonymous_52)
FN:600,(anonymous_53)
FN:601,(anonymous_54)
FN:638,(anonymous_55)
FN:656,(anonymous_56)
FN:662,(anonymous_57)
FN:663,(anonymous_58)
FN:664,(anonymous_59)
FN:678,(anonymous_60)
FN:693,(anonymous_61)
FN:694,(anonymous_62)
FN:695,(anonymous_63)
FN:774,(anonymous_64)
FN:811,(anonymous_65)
FN:822,(anonymous_66)
FN:909,(anonymous_67)
FN:917,(anonymous_68)
FN:936,(anonymous_69)
FN:991,(anonymous_70)
FN:1030,(anonymous_71)
FN:1036,(anonymous_72)
FN:1042,(anonymous_73)
FN:1058,(anonymous_74)
FN:1096,(anonymous_75)
FN:1104,(anonymous_76)
FN:1117,(anonymous_77)
FN:1129,(anonymous_78)
FN:1134,(anonymous_79)
FN:1145,(anonymous_80)
FN:1156,(anonymous_81)
FN:1186,(anonymous_82)
FN:1194,(anonymous_83)
FN:1205,(anonymous_84)
FN:1213,(anonymous_85)
FN:1268,(anonymous_86)
FN:1357,(anonymous_87)
FN:1377,(anonymous_88)
FN:1381,(anonymous_89)
FN:1395,(anonymous_90)
FN:1441,(anonymous_91)
FN:1457,(anonymous_92)
FN:1479,(anonymous_93)
FN:1484,(anonymous_94)
FN:1489,(anonymous_95)
FNF:94
FNH:0
FNDA:0,EditarPMSPage
FNDA:0,(anonymous_3)
FNDA:0,(anonymous_4)
FNDA:0,(anonymous_5)
FNDA:0,(anonymous_6)
FNDA:0,(anonymous_7)
FNDA:0,(anonymous_8)
FNDA:0,(anonymous_9)
FNDA:0,(anonymous_10)
FNDA:0,(anonymous_11)
FNDA:0,(anonymous_12)
FNDA:0,(anonymous_13)
FNDA:0,(anonymous_14)
FNDA:0,(anonymous_15)
FNDA:0,(anonymous_16)
FNDA:0,(anonymous_17)
FNDA:0,(anonymous_18)
FNDA:0,(anonymous_19)
FNDA:0,(anonymous_20)
FNDA:0,(anonymous_21)
FNDA:0,(anonymous_22)
FNDA:0,(anonymous_23)
FNDA:0,(anonymous_24)
FNDA:0,(anonymous_25)
FNDA:0,(anonymous_26)
FNDA:0,(anonymous_27)
FNDA:0,(anonymous_28)
FNDA:0,(anonymous_29)
FNDA:0,(anonymous_30)
FNDA:0,(anonymous_31)
FNDA:0,(anonymous_32)
FNDA:0,(anonymous_33)
FNDA:0,(anonymous_34)
FNDA:0,(anonymous_35)
FNDA:0,(anonymous_36)
FNDA:0,(anonymous_37)
FNDA:0,(anonymous_38)
FNDA:0,(anonymous_39)
FNDA:0,(anonymous_40)
FNDA:0,(anonymous_41)
FNDA:0,(anonymous_42)
FNDA:0,(anonymous_43)
FNDA:0,(anonymous_44)
FNDA:0,(anonymous_45)
FNDA:0,(anonymous_46)
FNDA:0,(anonymous_47)
FNDA:0,(anonymous_48)
FNDA:0,(anonymous_49)
FNDA:0,(anonymous_50)
FNDA:0,(anonymous_51)
FNDA:0,(anonymous_52)
FNDA:0,(anonymous_53)
FNDA:0,(anonymous_54)
FNDA:0,(anonymous_55)
FNDA:0,(anonymous_56)
FNDA:0,(anonymous_57)
FNDA:0,(anonymous_58)
FNDA:0,(anonymous_59)
FNDA:0,(anonymous_60)
FNDA:0,(anonymous_61)
FNDA:0,(anonymous_62)
FNDA:0,(anonymous_63)
FNDA:0,(anonymous_64)
FNDA:0,(anonymous_65)
FNDA:0,(anonymous_66)
FNDA:0,(anonymous_67)
FNDA:0,(anonymous_68)
FNDA:0,(anonymous_69)
FNDA:0,(anonymous_70)
FNDA:0,(anonymous_71)
FNDA:0,(anonymous_72)
FNDA:0,(anonymous_73)
FNDA:0,(anonymous_74)
FNDA:0,(anonymous_75)
FNDA:0,(anonymous_76)
FNDA:0,(anonymous_77)
FNDA:0,(anonymous_78)
FNDA:0,(anonymous_79)
FNDA:0,(anonymous_80)
FNDA:0,(anonymous_81)
FNDA:0,(anonymous_82)
FNDA:0,(anonymous_83)
FNDA:0,(anonymous_84)
FNDA:0,(anonymous_85)
FNDA:0,(anonymous_86)
FNDA:0,(anonymous_87)
FNDA:0,(anonymous_88)
FNDA:0,(anonymous_89)
FNDA:0,(anonymous_90)
FNDA:0,(anonymous_91)
FNDA:0,(anonymous_92)
FNDA:0,(anonymous_93)
FNDA:0,(anonymous_94)
FNDA:0,(anonymous_95)
DA:3,0
DA:4,0
DA:5,0
DA:6,0
DA:7,0
DA:8,0
DA:9,0
DA:10,0
DA:11,0
DA:12,0
DA:14,0
DA:27,0
DA:28,0
DA:29,0
DA:39,0
DA:40,0
DA:41,0
DA:42,0
DA:48,0
DA:49,0
DA:56,0
DA:57,0
DA:58,0
DA:59,0
DA:60,0
DA:62,0
DA:63,0
DA:64,0
DA:65,0
DA:66,0
DA:67,0
DA:68,0
DA:71,0
DA:75,0
DA:78,0
DA:79,0
DA:85,0
DA:89,0
DA:92,0
DA:93,0
DA:94,0
DA:97,0
DA:98,0
DA:100,0
DA:101,0
DA:102,0
DA:107,0
DA:108,0
DA:110,0
DA:113,0
DA:115,0
DA:116,0
DA:118,0
DA:120,0
DA:122,0
DA:125,0
DA:127,0
DA:128,0
DA:129,0
DA:130,0
DA:133,0
DA:138,0
DA:139,0
DA:140,0
DA:142,0
DA:143,0
DA:145,0
DA:146,0
DA:152,0
DA:153,0
DA:156,0
DA:158,0
DA:159,0
DA:161,0
DA:163,0
DA:165,0
DA:168,0
DA:174,0
DA:176,0
DA:177,0
DA:178,0
DA:182,0
DA:186,0
DA:190,0
DA:191,0
DA:192,0
DA:196,0
DA:197,0
DA:199,0
DA:200,0
DA:201,0
DA:207,0
DA:208,0
DA:209,0
DA:210,0
DA:212,0
DA:216,0
DA:221,0
DA:222,0
DA:224,0
DA:225,0
DA:226,0
DA:228,0
DA:230,0
DA:237,0
DA:239,0
DA:242,0
DA:248,0
DA:249,0
DA:251,0
DA:254,0
DA:255,0
DA:257,0
DA:260,0
DA:261,0
DA:268,0
DA:269,0
DA:271,0
DA:272,0
DA:273,0
DA:274,0
DA:277,0
DA:278,0
DA:283,0
DA:284,0
DA:287,0
DA:288,0
DA:289,0
DA:290,0
DA:293,0
DA:295,0
DA:296,0
DA:298,0
DA:299,0
DA:300,0
DA:304,0
DA:309,0
DA:310,0
DA:311,0
DA:314,0
DA:315,0
DA:316,0
DA:317,0
DA:320,0
DA:321,0
DA:322,0
DA:329,0
DA:331,0
DA:332,0
DA:335,0
DA:338,0
DA:339,0
DA:341,0
DA:342,0
DA:349,0
DA:350,0
DA:351,0
DA:353,0
DA:361,0
DA:362,0
DA:365,0
DA:366,0
DA:367,0
DA:368,0
DA:370,0
DA:373,0
DA:374,0
DA:375,0
DA:377,0
DA:378,0
DA:385,0
DA:386,0
DA:387,0
DA:392,0
DA:393,0
DA:395,0
DA:396,0
DA:397,0
DA:398,0
DA:401,0
DA:402,0
DA:403,0
DA:404,0
DA:406,0
DA:408,0
DA:412,0
DA:417,0
DA:418,0
DA:420,0
DA:428,0
DA:429,0
DA:432,0
DA:433,0
DA:435,0
DA:436,0
DA:438,0
DA:441,0
DA:443,0
DA:444,0
DA:451,0
DA:452,0
DA:454,0
DA:455,0
DA:456,0
DA:457,0
DA:458,0
DA:460,0
DA:461,0
DA:468,0
DA:469,0
DA:471,0
DA:472,0
DA:473,0
DA:474,0
DA:475,0
DA:477,0
DA:478,0
DA:485,0
DA:486,0
DA:488,0
DA:489,0
DA:491,0
DA:492,0
DA:493,0
DA:495,0
DA:496,0
DA:503,0
DA:504,0
DA:505,0
DA:506,0
DA:510,0
DA:511,0
DA:514,0
DA:515,0
DA:516,0
DA:517,0
DA:522,0
DA:523,0
DA:524,0
DA:525,0
DA:530,0
DA:534,0
DA:535,0
DA:537,0
DA:540,0
DA:541,0
DA:542,0
DA:544,0
DA:548,0
DA:549,0
DA:550,0
DA:552,0
DA:553,0
DA:555,0
DA:557,0
DA:562,0
DA:566,0
DA:567,0
DA:570,0
DA:571,0
DA:572,0
DA:573,0
DA:577,0
DA:578,0
DA:579,0
DA:581,0
DA:582,0
DA:583,0
DA:584,0
DA:585,0
DA:586,0
DA:590,0
DA:591,0
DA:592,0
DA:597,0
DA:599,0
DA:600,0
DA:601,0
DA:602,0
DA:603,0
DA:605,0
DA:607,0
DA:610,0
DA:611,0
DA:612,0
DA:616,0
DA:617,0
DA:622,0
DA:623,0
DA:624,0
DA:628,0
DA:629,0
DA:630,0
DA:633,0
DA:634,0
DA:638,0
DA:639,0
DA:642,0
DA:643,0
DA:647,0
DA:650,0
DA:653,0
DA:655,0
DA:656,0
DA:659,0
DA:662,0
DA:663,0
DA:664,0
DA:665,0
DA:666,0
DA:669,0
DA:674,0
DA:678,0
DA:679,0
DA:682,0
DA:683,0
DA:687,0
DA:690,0
DA:692,0
DA:693,0
DA:694,0
DA:695,0
DA:697,0
DA:698,0
DA:699,0
DA:700,0
DA:701,0
DA:702,0
DA:709,0
DA:710,0
DA:711,0
DA:715,0
DA:716,0
DA:717,0
DA:720,0
DA:721,0
DA:724,0
DA:737,0
DA:775,0
DA:776,0
DA:777,0
DA:781,0
DA:783,0
DA:811,0
DA:823,0
DA:824,0
DA:828,0
DA:910,0
DA:918,0
DA:936,0
DA:992,0
DA:998,0
DA:1031,0
DA:1033,0
DA:1034,0
DA:1035,0
DA:1036,0
DA:1044,0
DA:1058,0
DA:1097,0
DA:1104,0
DA:1117,0
DA:1130,0
DA:1132,0
DA:1134,0
DA:1135,0
DA:1136,0
DA:1137,0
DA:1141,0
DA:1142,0
DA:1147,0
DA:1158,0
DA:1164,0
DA:1186,0
DA:1194,0
DA:1205,0
DA:1213,0
DA:1268,0
DA:1357,0
DA:1378,0
DA:1379,0
DA:1381,0
DA:1396,0
DA:1397,0
DA:1441,0
DA:1457,0
DA:1480,0
DA:1481,0
DA:1482,0
DA:1485,0
DA:1486,0
DA:1487,0
DA:1491,0
DA:1492,0
DA:1493,0
LF:395
LH:0
BRDA:98,0,0,0
BRDA:115,1,0,0
BRDA:125,2,0,0
BRDA:125,2,1,0
BRDA:140,3,0,0
BRDA:158,4,0,0
BRDA:169,5,0,0
BRDA:169,5,1,0
BRDA:170,6,0,0
BRDA:170,6,1,0
BRDA:174,7,0,0
BRDA:174,7,1,0
BRDA:176,8,0,0
BRDA:176,8,1,0
BRDA:197,9,0,0
BRDA:197,10,0,0
BRDA:197,10,1,0
BRDA:202,11,0,0
BRDA:202,11,1,0
BRDA:213,12,0,0
BRDA:213,12,1,0
BRDA:222,13,0,0
BRDA:262,14,0,0
BRDA:262,14,1,0
BRDA:273,15,0,0
BRDA:273,15,1,0
BRDA:278,16,0,0
BRDA:278,16,1,0
BRDA:298,17,0,0
BRDA:300,18,0,0
BRDA:300,18,1,0
BRDA:311,19,0,0
BRDA:332,20,0,0
BRDA:332,20,1,0
BRDA:343,21,0,0
BRDA:343,21,1,0
BRDA:351,22,0,0
BRDA:361,23,0,0
BRDA:379,24,0,0
BRDA:379,24,1,0
BRDA:387,25,0,0
BRDA:387,25,1,0
BRDA:393,26,0,0
BRDA:393,27,0,0
BRDA:393,27,1,0
BRDA:396,28,0,0
BRDA:396,29,0,0
BRDA:396,29,1,0
BRDA:409,30,0,0
BRDA:409,30,1,0
BRDA:418,31,0,0
BRDA:428,32,0,0
BRDA:445,33,0,0
BRDA:445,33,1,0
BRDA:452,34,0,0
BRDA:462,35,0,0
BRDA:462,35,1,0
BRDA:469,36,0,0
BRDA:479,37,0,0
BRDA:479,37,1,0
BRDA:486,38,0,0
BRDA:497,39,0,0
BRDA:497,39,1,0
BRDA:511,40,0,0
BRDA:516,41,0,0
BRDA:517,42,0,0
BRDA:517,42,1,0
BRDA:522,43,0,0
BRDA:522,43,1,0
BRDA:523,44,0,0
BRDA:523,44,1,0
BRDA:524,45,0,0
BRDA:524,46,0,0
BRDA:524,46,1,0
BRDA:530,47,0,0
BRDA:530,47,1,0
BRDA:535,48,0,0
BRDA:541,49,0,0
BRDA:549,50,0,0
BRDA:549,50,1,0
BRDA:550,51,0,0
BRDA:550,51,1,0
BRDA:553,52,0,0
BRDA:553,52,1,0
BRDA:567,53,0,0
BRDA:571,54,0,0
BRDA:579,55,0,0
BRDA:579,55,1,0
BRDA:590,56,0,0
BRDA:597,57,0,0
BRDA:597,58,0,0
BRDA:597,58,1,0
BRDA:605,59,0,0
BRDA:605,59,1,0
BRDA:610,60,0,0
BRDA:622,61,0,0
BRDA:622,62,0,0
BRDA:622,62,1,0
BRDA:622,63,0,0
BRDA:622,63,1,0
BRDA:628,64,0,0
BRDA:628,65,0,0
BRDA:628,65,1,0
BRDA:639,66,0,0
BRDA:642,67,0,0
BRDA:642,68,0,0
BRDA:642,68,1,0
BRDA:647,69,0,0
BRDA:650,70,0,0
BRDA:653,71,0,0
BRDA:659,72,0,0
BRDA:669,73,0,0
BRDA:669,73,1,0
BRDA:674,74,0,0
BRDA:674,74,1,0
BRDA:679,75,0,0
BRDA:682,76,0,0
BRDA:682,77,0,0
BRDA:682,77,1,0
BRDA:687,78,0,0
BRDA:690,79,0,0
BRDA:695,80,0,0
BRDA:695,80,1,0
BRDA:709,81,0,0
BRDA:709,82,0,0
BRDA:709,82,1,0
BRDA:715,83,0,0
BRDA:724,84,0,0
BRDA:737,85,0,0
BRDA:737,86,0,0
BRDA:737,86,1,0
BRDA:754,87,0,0
BRDA:754,87,1,0
BRDA:771,88,0,0
BRDA:771,88,1,0
BRDA:775,89,0,0
BRDA:775,89,1,0
BRDA:778,90,0,0
BRDA:778,90,1,0
BRDA:779,91,0,0
BRDA:779,91,1,0
BRDA:808,92,0,0
BRDA:825,93,0,0
BRDA:825,93,1,0
BRDA:826,94,0,0
BRDA:826,94,1,0
BRDA:836,95,0,0
BRDA:836,95,1,0
BRDA:841,96,0,0
BRDA:864,97,0,0
BRDA:864,97,1,0
BRDA:879,98,0,0
BRDA:879,98,1,0
BRDA:890,99,0,0
BRDA:890,99,1,0
BRDA:891,100,0,0
BRDA:891,100,1,0
BRDA:894,101,0,0
BRDA:894,101,1,0
BRDA:907,102,0,0
BRDA:908,103,0,0
BRDA:908,103,1,0
BRDA:919,104,0,0
BRDA:919,104,1,0
BRDA:919,105,0,0
BRDA:919,105,1,0
BRDA:926,106,0,0
BRDA:926,106,1,0
BRDA:926,106,2,0
BRDA:934,107,0,0
BRDA:942,108,0,0
BRDA:942,108,1,0
BRDA:955,109,0,0
BRDA:955,109,1,0
BRDA:959,110,0,0
BRDA:959,110,1,0
BRDA:989,111,0,0
BRDA:989,111,1,0
BRDA:1006,112,0,0
BRDA:1008,113,0,0
BRDA:1008,113,1,0
BRDA:1018,114,0,0
BRDA:1033,115,0,0
BRDA:1033,116,0,0
BRDA:1033,116,1,0
BRDA:1038,117,0,0
BRDA:1038,117,1,0
BRDA:1076,118,0,0
BRDA:1099,119,0,0
BRDA:1099,119,1,0
BRDA:1104,120,0,0
BRDA:1104,120,1,0
BRDA:1112,121,0,0
BRDA:1112,121,1,0
BRDA:1117,122,0,0
BRDA:1117,122,1,0
BRDA:1125,123,0,0
BRDA:1125,123,1,0
BRDA:1128,124,0,0
BRDA:1128,124,1,0
BRDA:1132,125,0,0
BRDA:1132,126,0,0
BRDA:1132,126,1,0
BRDA:1142,127,0,0
BRDA:1142,127,1,0
BRDA:1158,128,0,0
BRDA:1158,128,1,0
BRDA:1158,129,0,0
BRDA:1158,129,1,0
BRDA:1164,130,0,0
BRDA:1164,130,1,0
BRDA:1182,131,0,0
BRDA:1232,132,0,0
BRDA:1232,132,1,0
BRDA:1232,133,0,0
BRDA:1232,133,1,0
BRDA:1244,134,0,0
BRDA:1244,134,1,0
BRDA:1245,135,0,0
BRDA:1245,135,1,0
BRDA:1249,136,0,0
BRDA:1262,137,0,0
BRDA:1262,137,1,0
BRDA:1277,138,0,0
BRDA:1296,139,0,0
BRDA:1296,139,1,0
BRDA:1302,140,0,0
BRDA:1302,140,1,0
BRDA:1302,141,0,0
BRDA:1302,141,1,0
BRDA:1302,142,0,0
BRDA:1302,142,1,0
BRDA:1318,143,0,0
BRDA:1353,144,0,0
BRDA:1353,144,1,0
BRDA:1353,144,2,0
BRDA:1368,145,0,0
BRDA:1367,146,0,0
BRDA:1367,146,1,0
BRDA:1397,147,0,0
BRDA:1397,147,1,0
BRDA:1406,148,0,0
BRDA:1406,148,1,0
BRDA:1406,148,2,0
BRDA:1411,149,0,0
BRDA:1427,150,0,0
BRDA:1438,151,0,0
BRDA:1453,152,0,0
BRDA:1453,152,1,0
BRDA:1457,153,0,0
BRDA:1457,153,1,0
BRDA:1478,154,0,0
BRDA:1478,154,1,0
BRF:253
BRH:0
end_of_record
TN:
SF:app\listado\analisis\pureza\loading.tsx
FN:1,Loading
FNF:1
FNH:0
FNDA:0,Loading
DA:1,0
DA:2,0
LF:2
LH:0
BRF:0
BRH:0
end_of_record
TN:
SF:app\listado\analisis\pureza\page.tsx
FN:34,(anonymous_2)
FN:62,ListadoPurezaPage
FN:77,(anonymous_4)
FN:84,(anonymous_5)
FN:93,(anonymous_6)
FN:98,(anonymous_7)
FN:132,(anonymous_8)
FN:143,(anonymous_9)
FN:158,(anonymous_10)
FN:159,(anonymous_11)
FN:160,(anonymous_12)
FN:163,(anonymous_13)
FN:165,(anonymous_14)
FN:168,(anonymous_15)
FN:185,(anonymous_16)
FN:283,(anonymous_17)
FN:294,(anonymous_18)
FN:306,(anonymous_19)
FN:318,(anonymous_20)
FN:365,(anonymous_21)
FN:417,(anonymous_22)
FN:427,(anonymous_23)
FN:457,(anonymous_24)
FNF:23
FNH:0
FNDA:0,(anonymous_2)
FNDA:0,ListadoPurezaPage
FNDA:0,(anonymous_4)
FNDA:0,(anonymous_5)
FNDA:0,(anonymous_6)
FNDA:0,(anonymous_7)
FNDA:0,(anonymous_8)
FNDA:0,(anonymous_9)
FNDA:0,(anonymous_10)
FNDA:0,(anonymous_11)
FNDA:0,(anonymous_12)
FNDA:0,(anonymous_13)
FNDA:0,(anonymous_14)
FNDA:0,(anonymous_15)
FNDA:0,(anonymous_16)
FNDA:0,(anonymous_17)
FNDA:0,(anonymous_18)
FNDA:0,(anonymous_19)
FNDA:0,(anonymous_20)
FNDA:0,(anonymous_21)
FNDA:0,(anonymous_22)
FNDA:0,(anonymous_23)
FNDA:0,(anonymous_24)
DA:3,0
DA:4,0
DA:5,0
DA:6,0
DA:7,0
DA:8,0
DA:9,0
DA:10,0
DA:11,0
DA:12,0
DA:29,0
DA:30,0
DA:31,0
DA:34,0
DA:35,0
DA:37,0
DA:39,0
DA:40,0
DA:41,0
DA:42,0
DA:50,0
DA:51,0
DA:57,0
DA:58,0
DA:62,0
DA:63,0
DA:64,0
DA:65,0
DA:66,0
DA:67,0
DA:68,0
DA:69,0
DA:70,0
DA:71,0
DA:72,0
DA:73,0
DA:74,0
DA:75,0
DA:78,0
DA:79,0
DA:84,0
DA:85,0
DA:86,0
DA:87,0
DA:88,0
DA:93,0
DA:94,0
DA:95,0
DA:98,0
DA:99,0
DA:100,0
DA:102,0
DA:104,0
DA:112,0
DA:115,0
DA:117,0
DA:118,0
DA:119,0
DA:120,0
DA:121,0
DA:122,0
DA:124,0
DA:125,0
DA:127,0
DA:132,0
DA:133,0
DA:134,0
DA:135,0
DA:136,0
DA:137,0
DA:139,0
DA:143,0
DA:144,0
DA:145,0
DA:146,0
DA:147,0
DA:149,0
DA:154,0
DA:157,0
DA:158,0
DA:159,0
DA:160,0
DA:163,0
DA:164,0
DA:165,0
DA:168,0
DA:169,0
DA:171,0
DA:173,0
DA:175,0
DA:177,0
DA:179,0
DA:181,0
DA:185,0
DA:186,0
DA:188,0
DA:190,0
DA:192,0
DA:194,0
DA:196,0
DA:198,0
DA:284,0
DA:285,0
DA:294,0
DA:306,0
DA:318,0
DA:367,0
DA:372,0
DA:376,0
DA:417,0
DA:427,0
DA:457,0
LF:112
LH:0
BRDA:35,0,0,0
BRDA:39,1,0,0
BRDA:85,2,0,0
BRDA:98,3,0,0
BRDA:102,4,0,0
BRDA:102,4,1,0
BRDA:109,5,0,0
BRDA:109,5,1,0
BRDA:133,6,0,0
BRDA:160,7,0,0
BRDA:160,7,1,0
BRDA:163,8,0,0
BRDA:163,8,1,0
BRDA:164,9,0,0
BRDA:164,9,1,0
BRDA:165,10,0,0
BRDA:165,10,1,0
BRDA:169,11,0,0
BRDA:169,11,1,0
BRDA:169,11,2,0
BRDA:169,11,3,0
BRDA:169,11,4,0
BRDA:169,11,5,0
BRDA:186,12,0,0
BRDA:186,12,1,0
BRDA:186,12,2,0
BRDA:186,12,3,0
BRDA:186,12,4,0
BRDA:186,12,5,0
BRDA:355,13,0,0
BRDA:355,13,1,0
BRDA:367,14,0,0
BRDA:367,14,1,0
BRDA:367,15,0,0
BRDA:367,15,1,0
BRDA:372,16,0,0
BRDA:372,16,1,0
BRDA:372,17,0,0
BRDA:372,17,1,0
BRDA:383,18,0,0
BRDA:383,18,1,0
BRDA:398,19,0,0
BRDA:398,19,1,0
BRDA:412,20,0,0
BRDA:412,20,1,0
BRDA:413,21,0,0
BRDA:413,21,1,0
BRDA:448,22,0,0
BRF:48
BRH:0
end_of_record
TN:
SF:app\listado\analisis\pureza\[id]\loading.tsx
FN:1,Loading
FNF:1
FNH:0
FNDA:0,Loading
DA:1,0
LF:1
LH:0
BRF:0
BRH:0
end_of_record
TN:
SF:app\listado\analisis\pureza\[id]\page.tsx
FN:37,(anonymous_5)
FN:55,(anonymous_6)
FN:73,(anonymous_7)
FN:102,(anonymous_8)
FN:113,(anonymous_9)
FN:123,(anonymous_10)
FN:148,PurezaDetailPage
FN:156,(anonymous_12)
FN:157,(anonymous_13)
FN:175,(anonymous_14)
FN:435,(anonymous_15)
FN:444,(anonymous_16)
FN:453,(anonymous_17)
FN:462,(anonymous_18)
FN:471,(anonymous_19)
FN:480,(anonymous_20)
FN:519,(anonymous_21)
FN:528,(anonymous_22)
FN:537,(anonymous_23)
FN:546,(anonymous_24)
FN:555,(anonymous_25)
FN:564,(anonymous_26)
FN:590,(anonymous_27)
[...]
BRDA:114,10,1,0
BRDA:116,11,0,0
BRDA:116,12,0,0
BRDA:116,12,1,0
BRDA:139,13,0,0
BRDA:139,13,1,0
BRDA:149,14,0,0
BRDA:154,15,0,0
BRDA:175,16,0,0
BRDA:180,17,0,0
BRDA:198,18,0,0
BRDA:198,18,1,0
BRDA:198,19,0,0
BRDA:198,19,1,0
BRDA:201,20,0,0
BRDA:206,21,0,0
BRDA:216,22,0,0
BRDA:223,23,0,0
BRDA:223,24,0,0
BRDA:223,24,1,0
BRDA:235,25,0,0
BRDA:249,26,0,0
BRDA:260,27,0,0
BRDA:260,27,1,0
BRDA:274,28,0,0
BRDA:274,28,1,0
BRDA:275,29,0,0
BRF:40
BRH:0
end_of_record
TN:
SF:lib\hooks\use-online-status.ts
FN:5,useOnlineStatus
FN:8,(anonymous_4)
FN:12,(anonymous_5)
FN:17,(anonymous_6)
FN:25,(anonymous_7)
FN:34,useNetworkStatus
FN:42,(anonymous_9)
FN:43,(anonymous_10)
FN:69,(anonymous_11)
FNF:9
FNH:0
FNDA:0,useOnlineStatus
FNDA:0,(anonymous_4)
FNDA:0,(anonymous_5)
FNDA:0,(anonymous_6)
FNDA:0,(anonymous_7)
FNDA:0,useNetworkStatus
FNDA:0,(anonymous_9)
FNDA:0,(anonymous_10)
FNDA:0,(anonymous_11)
DA:3,0
DA:5,0
DA:6,0
DA:8,0
DA:10,0
DA:12,0
DA:13,0
DA:14,0
DA:17,0
DA:18,0
DA:19,0
DA:22,0
DA:23,0
DA:25,0
DA:26,0
DA:27,0
DA:31,0
DA:34,0
DA:35,0
DA:42,0
DA:43,0
DA:44,0
DA:48,0
DA:56,0
DA:58,0
DA:59,0
DA:61,0
DA:65,0
DA:66,0
DA:69,0
DA:70,0
DA:71,0
DA:73,0
DA:74,0
DA:79,0
LF:35
LH:0
BRDA:44,0,0,0
BRDA:44,0,1,0
BRDA:44,0,2,0
BRDA:50,1,0,0
BRDA:50,1,1,0
BRDA:51,2,0,0
BRDA:51,2,1,0
BRDA:52,3,0,0
BRDA:52,3,1,0
BRDA:61,4,0,0
BRDA:61,4,1,0
BRDA:61,4,2,0
BRDA:65,5,0,0
BRDA:73,6,0,0
BRF:14
BRH:0
end_of_record
TN:
SF:lib\hooks\useAsyncValidation.ts
FN:13,useAsyncValidation
FN:21,(anonymous_2)
FN:23,(anonymous_3)
FN:32,(anonymous_4)
FN:33,(anonymous_5)
FN:34,(anonymous_6)
FN:38,(anonymous_7)
FN:47,(anonymous_8)
FN:53,(anonymous_9)
FN:55,(anonymous_10)
FN:64,(anonymous_11)
FN:65,(anonymous_12)
FN:66,(anonymous_13)
FN:70,(anonymous_14)
FN:79,(anonymous_15)
FN:85,(anonymous_16)
FN:87,(anonymous_17)
FNF:17
FNH:0
FNDA:0,useAsyncValidation
FNDA:0,(anonymous_2)
FNDA:0,(anonymous_3)
FNDA:0,(anonymous_4)
FNDA:0,(anonymous_5)
FNDA:0,(anonymous_6)
FNDA:0,(anonymous_7)
FNDA:0,(anonymous_8)
FNDA:0,(anonymous_9)
FNDA:0,(anonymous_10)
FNDA:0,(anonymous_11)
FNDA:0,(anonymous_12)
FNDA:0,(anonymous_13)
FNDA:0,(anonymous_14)
FNDA:0,(anonymous_15)
FNDA:0,(anonymous_16)
FNDA:0,(anonymous_17)
DA:4,0
DA:5,0
DA:13,0
DA:14,0
DA:18,0
DA:19,0
DA:21,0
DA:22,0
DA:23,0
DA:24,0
DA:28,0
DA:29,0
DA:32,0
DA:33,0
DA:34,0
DA:35,0
DA:36,0
DA:37,0
DA:38,0
DA:42,0
DA:44,0
DA:45,0
DA:47,0
DA:53,0
DA:54,0
DA:55,0
DA:56,0
DA:60,0
DA:61,0
DA:64,0
DA:65,0
DA:66,0
DA:67,0
DA:68,0
DA:69,0
DA:70,0
DA:74,0
DA:76,0
DA:77,0
DA:79,0
DA:85,0
DA:86,0
DA:87,0
DA:92,0
DA:98,0
LF:45
LH:0
BRDA:22,0,0,0
BRDA:28,1,0,0
BRDA:37,2,0,0
BRDA:37,2,1,0
BRDA:40,3,0,0
BRDA:40,3,1,0
BRDA:54,4,0,0
BRDA:60,5,0,0
BRDA:69,6,0,0
BRDA:69,6,1,0
BRDA:72,7,0,0
BRDA:72,7,1,0
BRDA:86,8,0,0
BRDA:86,8,1,0
BRF:14
BRH:0
end_of_record
TN:
SF:lib\hooks\useCatalogs.ts
FN:18,(anonymous_13)
FN:20,(anonymous_14)
FN:23,(anonymous_15)
FN:25,(anonymous_16)
FN:28,(anonymous_17)
FN:30,(anonymous_18)
FN:33,(anonymous_19)
FN:35,(anonymous_20)
FN:52,(anonymous_21)
FN:61,(anonymous_22)
FN:70,(anonymous_23)
FN:79,(anonymous_24)
FN:88,(anonymous_25)
FN:97,(anonymous_26)
FN:106,(anonymous_27)
FN:115,(anonymous_28)
FN:124,(anonymous_29)
FN:133,(anonymous_30)
FN:143,(anonymous_31)
FN:166,(anonymous_32)
FN:179,(anonymous_33)
FN:196,(anonymous_34)
FNF:22
FNH:0
FNDA:0,(anonymous_13)
FNDA:0,(anonymous_14)
FNDA:0,(anonymous_15)
FNDA:0,(anonymous_16)
FNDA:0,(anonymous_17)
FNDA:0,(anonymous_18)
FNDA:0,(anonymous_19)
FNDA:0,(anonymous_20)
FNDA:0,(anonymous_21)
FNDA:0,(anonymous_22)
FNDA:0,(anonymous_23)
FNDA:0,(anonymous_24)
FNDA:0,(anonymous_25)
FNDA:0,(anonymous_26)
FNDA:0,(anonymous_27)
FNDA:0,(anonymous_28)
FNDA:0,(anonymous_29)
FNDA:0,(anonymous_30)
FNDA:0,(anonymous_31)
FNDA:0,(anonymous_32)
FNDA:0,(anonymous_33)
FNDA:0,(anonymous_34)
DA:1,0
DA:9,0
DA:10,0
DA:11,0
DA:15,0
DA:18,0
DA:19,0
DA:20,0
DA:23,0
DA:24,0
DA:25,0
DA:28,0
DA:29,0
DA:30,0
DA:33,0
DA:34,0
DA:35,0
DA:39,0
DA:52,0
DA:53,0
DA:61,0
DA:62,0
DA:70,0
DA:71,0
DA:79,0
DA:80,0
DA:88,0
DA:89,0
DA:97,0
DA:98,0
DA:106,0
DA:107,0
DA:115,0
DA:116,0
DA:124,0
DA:125,0
DA:133,0
DA:134,0
DA:143,0
DA:144,0
DA:145,0
DA:146,0
DA:147,0
DA:148,0
DA:149,0
DA:150,0
DA:151,0
DA:152,0
DA:153,0
DA:155,0
DA:166,0
DA:168,0
DA:179,0
DA:181,0
DA:197,0
LF:55
LH:0
BRDA:183,0,0,0
BRDA:183,0,1,0
BRDA:184,1,0,0
BRDA:184,1,1,0
BRDA:185,2,0,0
BRDA:185,2,1,0
BRDA:186,3,0,0
BRDA:186,3,1,0
BRDA:187,4,0,0
BRDA:187,4,1,0
BRDA:188,5,0,0
BRDA:188,5,1,0
BRDA:189,6,0,0
BRDA:189,6,1,0
BRDA:190,7,0,0
BRDA:190,7,1,0
BRDA:191,8,0,0
BRDA:191,8,1,0
BRDA:192,9,0,0
BRDA:192,9,1,0
BRF:20
BRH:0
end_of_record
TN:
SF:lib\hooks\useConfirm.tsx
FN:27,(anonymous_7)
FN:33,(anonymous_8)
FN:40,(anonymous_9)
FN:48,(anonymous_10)
FN:53,(anonymous_11)
FN:63,(anonymous_12)
FN:72,(anonymous_13)
FN:78,(anonymous_14)
FN:84,(anonymous_15)
FN:86,(anonymous_16)
FN:91,(anonymous_17)
FNF:11
FNH:0
FNDA:0,(anonymous_7)
FNDA:0,(anonymous_8)
FNDA:0,(anonymous_9)
FNDA:0,(anonymous_10)
FNDA:0,(anonymous_11)
FNDA:0,(anonymous_12)
FNDA:0,(anonymous_13)
FNDA:0,(anonymous_14)
FNDA:0,(anonymous_15)
FNDA:0,(anonymous_16)
FNDA:0,(anonymous_17)
DA:15,0
DA:16,0
DA:27,0
DA:28,0
DA:29,0
DA:33,0
DA:40,0
DA:41,0
DA:49,0
DA:50,0
DA:51,0
DA:54,0
DA:55,0
DA:56,0
DA:59,0
DA:63,0
DA:64,0
DA:65,0
DA:67,0
DA:68,0
DA:72,0
DA:73,0
DA:74,0
DA:78,0
DA:79,0
DA:80,0
DA:84,0
DA:85,0
DA:86,0
DA:87,0
DA:91,0
DA:92,0
LF:32
LH:0
BRDA:28,0,0,0
BRDA:45,1,0,0
BRDA:45,1,1,0
BRDA:46,2,0,0
BRDA:46,2,1,0
BRDA:47,3,0,0
BRDA:47,3,1,0
BRDA:64,4,0,0
BRDA:64,4,1,0
BRDA:73,5,0,0
BRDA:79,6,0,0
BRF:11
BRH:0
end_of_record
TN:
SF:lib\hooks\useDebounce.ts
FN:6,useDebounce
FN:13,(anonymous_2)
FN:18,(anonymous_3)
FNF:3
FNH:0
FNDA:0,useDebounce
FNDA:0,(anonymous_2)
FNDA:0,(anonymous_3)
DA:4,0
DA:6,0
DA:10,0
DA:12,0
DA:14,0
DA:15,0
DA:18,0
DA:19,0
LF:8
LH:0
BRDA:14,0,0,0
BRF:1
BRH:0
end_of_record
TN:
SF:lib\hooks\useFormValidation.ts
FN:18,useFormValidation
FN:28,(anonymous_2)
FN:35,(anonymous_3)
FN:50,(anonymous_4)
FN:55,(anonymous_5)
FN:64,(anonymous_6)
FN:74,(anonymous_7)
FN:75,(anonymous_8)
FN:82,(anonymous_9)
FN:90,(anonymous_10)
FN:97,(anonymous_11)
FN:104,(anonymous_12)
FN:106,(anonymous_13)
FN:116,(anonymous_14)
FNF:14
FNH:0
FNDA:0,useFormValidation
FNDA:0,(anonymous_2)
FNDA:0,(anonymous_3)
FNDA:0,(anonymous_4)
FNDA:0,(anonymous_5)
FNDA:0,(anonymous_6)
FNDA:0,(anonymous_7)
FNDA:0,(anonymous_8)
FNDA:0,(anonymous_9)
FNDA:0,(anonymous_10)
FNDA:0,(anonymous_11)
FNDA:0,(anonymous_12)
FNDA:0,(anonymous_13)
FNDA:0,(anonymous_14)
DA:3,0
DA:4,0
DA:18,0
DA:22,0
DA:23,0
DA:28,0
DA:29,0
DA:30,0
DA:31,0
DA:33,0
DA:34,0
DA:35,0
DA:36,0
DA:37,0
DA:40,0
DA:41,0
DA:43,0
DA:50,0
DA:51,0
DA:53,0
DA:54,0
DA:55,0
DA:56,0
DA:57,0
DA:58,0
DA:60,0
DA:62,0
DA:63,0
DA:64,0
DA:65,0
DA:67,0
DA:74,0
DA:75,0
DA:76,0
DA:82,0
DA:83,0
DA:84,0
DA:90,0
DA:91,0
DA:97,0
DA:98,0
DA:104,0
DA:105,0
DA:106,0
DA:107,0
DA:109,0
DA:110,0
DA:116,0
DA:117,0
DA:118,0
DA:121,0
LF:51
LH:0
BRDA:33,0,0,0
BRDA:36,1,0,0
BRDA:62,2,0,0
BRDA:91,3,0,0
BRDA:91,3,1,0
BRDA:98,4,0,0
BRDA:98,4,1,0
BRDA:98,5,0,0
BRDA:98,5,1,0
BRF:9
BRH:0
end_of_record
TN:
SF:lib\hooks\useLoteValidation.ts
FN:9,useLoteValidation
FN:27,(anonymous_2)
FN:36,(anonymous_3)
FN:37,(anonymous_4)
FN:41,(anonymous_5)
FN:54,(anonymous_6)
FN:65,(anonymous_7)
FN:73,(anonymous_8)
FN:75,(anonymous_9)
FN:82,(anonymous_10)
FN:86,(anonymous_11)
FNF:11
FNH:0
FNDA:0,useLoteValidation
FNDA:0,(anonymous_2)
FNDA:0,(anonymous_3)
FNDA:0,(anonymous_4)
FNDA:0,(anonymous_5)
FNDA:0,(anonymous_6)
FNDA:0,(anonymous_7)
FNDA:0,(anonymous_8)
FNDA:0,(anonymous_9)
FNDA:0,(anonymous_10)
FNDA:0,(anonymous_11)
DA:4,0
DA:6,0
DA:9,0
DA:21,0
DA:23,0
DA:24,0
DA:26,0
DA:28,0
DA:29,0
DA:30,0
DA:35,0
DA:37,0
DA:40,0
DA:41,0
DA:44,0
DA:45,0
DA:46,0
DA:47,0
DA:53,0
DA:55,0
DA:64,0
DA:66,0
DA:67,0
DA:68,0
DA:73,0
DA:75,0
DA:77,0
DA:79,0
DA:82,0
DA:83,0
DA:84,0
DA:86,0
DA:87,0
DA:88,0
DA:89,0
DA:90,0
DA:94,0
DA:95,0
DA:98,0
LF:39
LH:0
BRDA:29,0,0,0
BRDA:41,1,0,0
BRDA:41,1,1,0
BRDA:44,2,0,0
BRDA:44,2,1,0
BRDA:44,3,0,0
BRDA:44,3,1,0
BRDA:46,4,0,0
BRDA:46,5,0,0
BRDA:46,5,1,0
BRDA:56,6,0,0
BRDA:56,6,1,0
BRDA:56,6,2,0
BRDA:56,6,3,0
BRDA:56,6,4,0
BRDA:56,6,5,0
BRDA:66,7,0,0
BRDA:66,8,0,0
BRDA:66,8,1,0
BRDA:67,9,0,0
BRDA:67,10,0,0
BRDA:67,10,1,0
BRDA:68,11,0,0
BRDA:68,11,1,0
BRDA:77,12,0,0
BRDA:77,12,1,0
BRDA:79,13,0,0
BRDA:79,13,1,0
BRDA:79,13,2,0
BRDA:89,14,0,0
BRF:30
BRH:0
end_of_record
TN:
SF:lib\hooks\useToast.tsx
FN:18,(anonymous_5)
FN:19,(anonymous_6)
FN:22,(anonymous_7)
FN:30,(anonymous_8)
FN:31,(anonymous_9)
FN:36,(anonymous_10)
FN:37,(anonymous_11)
FN:41,(anonymous_12)
FN:44,(anonymous_13)
FN:46,(anonymous_14)
FN:47,(anonymous_15)
FN:54,(anonymous_16)
FN:56,(anonymous_17)
FN:58,(anonymous_18)
FN:60,(anonymous_19)
FN:62,(anonymous_20)
FNF:16
FNH:0
FNDA:0,(anonymous_5)
FNDA:0,(anonymous_6)
FNDA:0,(anonymous_7)
FNDA:0,(anonymous_8)
FNDA:0,(anonymous_9)
FNDA:0,(anonymous_10)
FNDA:0,(anonymous_11)
FNDA:0,(anonymous_12)
FNDA:0,(anonymous_13)
FNDA:0,(anonymous_14)
FNDA:0,(anonymous_15)
FNDA:0,(anonymous_16)
FNDA:0,(anonymous_17)
FNDA:0,(anonymous_18)
FNDA:0,(anonymous_19)
FNDA:0,(anonymous_20)
DA:3,0
DA:15,0
DA:16,0
DA:18,0
DA:19,0
DA:22,0
DA:23,0
DA:24,0
DA:26,0
DA:27,0
DA:30,0
DA:31,0
DA:32,0
DA:36,0
DA:37,0
DA:38,0
DA:41,0
DA:42,0
DA:44,0
DA:45,0
DA:46,0
DA:47,0
DA:51,0
DA:54,0
DA:55,0
DA:57,0
DA:59,0
DA:61,0
DA:63,0
LF:29
LH:0
BRDA:22,0,0,0
BRF:1
BRH:0
end_of_record
TN:
SF:lib\hooks\useValidation.ts
FN:17,useValidation
FN:28,(anonymous_4)
FN:38,(anonymous_5)
FN:41,(anonymous_6)
FN:57,(anonymous_7)
FN:66,(anonymous_8)
FN:67,(anonymous_9)
FN:70,(anonymous_10)
FN:80,(anonymous_11)
FN:88,(anonymous_12)
FN:96,(anonymous_13)
FN:98,(anonymous_14)
FN:108,(anonymous_15)
FN:115,(anonymous_16)
FNF:14
FNH:0
FNDA:0,useValidation
FNDA:0,(anonymous_4)
FNDA:0,(anonymous_5)
FNDA:0,(anonymous_6)
FNDA:0,(anonymous_7)
FNDA:0,(anonymous_8)
FNDA:0,(anonymous_9)
FNDA:0,(anonymous_10)
FNDA:0,(anonymous_11)
FNDA:0,(anonymous_12)
FNDA:0,(anonymous_13)
FNDA:0,(anonymous_14)
FNDA:0,(anonymous_15)
FNDA:0,(anonymous_16)
DA:5,0
DA:17,0
DA:22,0
DA:24,0
DA:27,0
DA:29,0
DA:30,0
DA:31,0
DA:37,0
DA:39,0
DA:41,0
DA:42,0
DA:43,0
DA:44,0
DA:45,0
DA:49,0
DA:50,0
DA:56,0
DA:58,0
DA:59,0
DA:65,0
DA:67,0
DA:69,0
DA:70,0
DA:79,0
DA:81,0
DA:87,0
DA:89,0
DA:95,0
DA:97,0
DA:98,0
DA:99,0
DA:101,0
DA:102,0
DA:108,0
DA:109,0
DA:110,0
DA:114,0
DA:115,0
DA:141,0
DA:144,0
LF:41
LH:0
BRDA:30,0,0,0
BRDA:44,1,0,0
BRDA:72,2,0,0
BRDA:72,2,1,0
BRDA:81,3,0,0
BRDA:81,3,1,0
BRDA:89,4,0,0
BRDA:89,4,1,0
BRDA:89,5,0,0
BRDA:89,5,1,0
BRF:10
BRH:0
end_of_record
TN:
SF:lib\utils\clear-form-storage.ts
FN:10,clearDosnStorage
FN:22,(anonymous_7)
FN:33,clearGerminacionStorage
FN:41,(anonymous_9)
FN:52,clearTetrazolioStorage
FN:60,(anonymous_11)
FN:71,clearPurezaStorage
FN:81,(anonymous_13)
FN:92,clearAllFormsStorage
FNF:9
FNH:0
FNDA:0,clearDosnStorage
FNDA:0,(anonymous_7)
FNDA:0,clearGerminacionStorage
FNDA:0,(anonymous_9)
FNDA:0,clearTetrazolioStorage
FNDA:0,(anonymous_11)
FNDA:0,clearPurezaStorage
FNDA:0,(anonymous_13)
FNDA:0,clearAllFormsStorage
DA:10,0
DA:11,0
DA:13,0
DA:22,0
DA:23,0
DA:24,0
DA:27,0
DA:33,0
DA:34,0
DA:36,0
DA:41,0
DA:42,0
DA:43,0
DA:46,0
DA:52,0
DA:53,0
DA:55,0
DA:60,0
DA:61,0
DA:62,0
DA:65,0
DA:71,0
DA:72,0
DA:74,0
DA:81,0
DA:82,0
DA:83,0
DA:86,0
DA:92,0
DA:93,0
DA:94,0
DA:95,0
DA:96,0
DA:97,0
LF:34
LH:0
BRDA:11,0,0,0
BRDA:34,1,0,0
BRDA:53,2,0,0
BRDA:72,3,0,0
BRF:4
BRH:0
end_of_record
TN:
SF:lib\utils\format-estado.ts
FN:6,formatearEstado
FN:26,(anonymous_2)
FNF:2
FNH:0
FNDA:0,formatearEstado
FNDA:0,(anonymous_2)
DA:6,0
DA:7,0
DA:9,0
DA:11,0
DA:13,0
DA:15,0
DA:17,0
DA:19,0
DA:21,0
DA:24,0
DA:26,0
LF:11
LH:0
BRDA:7,0,0,0
BRDA:7,0,1,0
BRDA:7,0,2,0
BRDA:7,0,3,0
BRDA:7,0,4,0
BRDA:7,0,5,0
BRDA:7,0,6,0
BRDA:7,0,7,0
BRF:8
BRH:0
end_of_record
TN:
SF:lib\utils\notification-utils.ts
FN:4,(anonymous_12)
FN:29,(anonymous_13)
FN:86,(anonymous_14)
FN:98,(anonymous_15)
FN:99,(anonymous_16)
FN:99,(anonymous_17)
FN:100,(anonymous_18)
FN:100,(anonymous_19)
FN:101,(anonymous_20)
FN:102,(anonymous_21)
FN:103,(anonymous_22)
FN:104,(anonymous_23)
FN:105,(anonymous_24)
FN:108,(anonymous_25)
FN:114,(anonymous_26)
FN:115,(anonymous_27)
FN:121,(anonymous_28)
FN:122,(anonymous_29)
FN:127,(anonymous_30)
FN:137,(anonymous_31)
FN:147,(anonymous_32)
FN:150,(anonymous_33)
FN:160,(anonymous_34)
FN:163,(anonymous_35)
FN:172,(anonymous_36)
FN:174,(anonymous_37)
FN:175,(anonymous_38)
FN:181,(anonymous_39)
FN:204,(anonymous_40)
FN:210,(anonymous_41)
FN:212,(anonymous_42)
FN:216,(anonymous_43)
FN:224,(anonymous_44)
FN:230,(anonymous_45)
FNF:34
FNH:0
FNDA:0,(anonymous_12)
FNDA:0,(anonymous_13)
FNDA:0,(anonymous_14)
FNDA:0,(anonymous_15)
FNDA:0,(anonymous_16)
FNDA:0,(anonymous_17)
FNDA:0,(anonymous_18)
FNDA:0,(anonymous_19)
FNDA:0,(anonymous_20)
FNDA:0,(anonymous_21)
FNDA:0,(anonymous_22)
FNDA:0,(anonymous_23)
FNDA:0,(anonymous_24)
FNDA:0,(anonymous_25)
FNDA:0,(anonymous_26)
FNDA:0,(anonymous_27)
FNDA:0,(anonymous_28)
FNDA:0,(anonymous_29)
FNDA:0,(anonymous_30)
FNDA:0,(anonymous_31)
FNDA:0,(anonymous_32)
FNDA:0,(anonymous_33)
FNDA:0,(anonymous_34)
FNDA:0,(anonymous_35)
FNDA:0,(anonymous_36)
FNDA:0,(anonymous_37)
FNDA:0,(anonymous_38)
FNDA:0,(anonymous_39)
FNDA:0,(anonymous_40)
FNDA:0,(anonymous_41)
FNDA:0,(anonymous_42)
FNDA:0,(anonymous_43)
FNDA:0,(anonymous_44)
FNDA:0,(anonymous_45)
DA:4,0
DA:5,0
DA:6,0
DA:7,0
DA:9,0
DA:10,0
DA:11,0
DA:12,0
DA:13,0
DA:14,0
DA:15,0
DA:16,0
DA:17,0
DA:18,0
DA:19,0
DA:21,0
DA:29,0
DA:30,0
DA:40,0
DA:86,0
DA:87,0
DA:97,0
DA:98,0
DA:99,0
DA:100,0
DA:102,0
DA:104,0
DA:106,0
DA:107,0
DA:108,0
DA:113,0
DA:115,0
DA:116,0
DA:117,0
DA:118,0
DA:122,0
DA:123,0
DA:124,0
DA:128,0
DA:137,0
DA:138,0
DA:139,0
DA:140,0
DA:146,0
DA:148,0
DA:150,0
DA:151,0
DA:152,0
DA:153,0
DA:155,0
DA:158,0
DA:161,0
DA:163,0
DA:164,0
DA:165,0
DA:167,0
DA:170,0
DA:173,0
DA:174,0
DA:175,0
DA:181,0
DA:182,0
DA:184,0
DA:185,0
DA:188,0
DA:189,0
DA:192,0
DA:193,0
DA:196,0
DA:197,0
DA:200,0
DA:204,0
DA:205,0
DA:206,0
DA:210,0
DA:211,0
DA:212,0
DA:213,0
DA:215,0
DA:217,0
DA:218,0
DA:222,0
DA:223,0
DA:224,0
DA:225,0
DA:228,0
DA:229,0
DA:230,0
DA:231,0
DA:234,0
DA:246,0
LF:91
LH:0
BRDA:9,0,0,0
BRDA:9,0,1,0
BRDA:11,1,0,0
BRDA:11,1,1,0
BRDA:14,2,0,0
BRDA:14,2,1,0
BRDA:17,3,0,0
BRDA:17,3,1,0
BRDA:87,4,0,0
BRDA:87,4,1,0
BRDA:104,5,0,0
BRDA:104,5,1,0
BRDA:105,6,0,0
BRDA:114,7,0,0
BRDA:118,8,0,0
BRDA:118,8,1,0
BRDA:123,9,0,0
BRDA:124,10,0,0
BRDA:124,10,1,0
BRDA:152,11,0,0
BRDA:164,12,0,0
BRDA:184,13,0,0
BRDA:184,14,0,0
BRDA:184,14,1,0
BRDA:188,15,0,0
BRDA:188,16,0,0
BRDA:188,16,1,0
BRDA:192,17,0,0
BRDA:196,18,0,0
BRDA:196,19,0,0
BRDA:196,19,1,0
BRDA:204,20,0,0
BRDA:205,21,0,0
BRDA:217,22,0,0
BRDA:217,22,1,0
BRDA:238,23,0,0
BRDA:238,23,1,0
BRF:37
BRH:0
end_of_record
TN:
SF:lib\utils\pagination-helper.ts
FN:45,extractPageMetadata
FNF:1
FNH:0
FNDA:0,extractPageMetadata
DA:45,0
DA:47,0
DA:50,0
DA:53,0
DA:54,0
DA:55,0
DA:57,0
LF:7
LH:0
BRDA:45,0,0,0
BRDA:47,1,0,0
BRDA:47,1,1,0
BRDA:50,2,0,0
BRDA:50,2,1,0
BRDA:53,3,0,0
BRDA:53,3,1,0
BRDA:54,4,0,0
BRDA:54,4,1,0
BRDA:55,5,0,0
BRDA:55,5,1,0
BRF:11
BRH:0
end_of_record
TN:
SF:lib\validations\lotes-async-validation.ts
FN:7,validarFichaUnica
FN:17,validarNombreLoteUnico
FNF:2
FNH:0
FNDA:0,validarFichaUnica
FNDA:0,validarNombreLoteUnico
DA:5,0
DA:7,0
DA:8,0
DA:9,0
DA:10,0
DA:12,0
DA:13,0
DA:17,0
DA:18,0
DA:19,0
DA:20,0
DA:22,0
DA:23,0
LF:13
LH:0
BRF:0
BRH:0
end_of_record
TN:
SF:lib\validations\lotes-validation.ts
FN:103,(anonymous_3)
FN:115,(anonymous_4)
FNF:2
FNH:0
FNDA:0,(anonymous_3)
FNDA:0,(anonymous_4)
DA:18,0
DA:53,0
DA:104,0
DA:105,0
DA:107,0
DA:115,0
DA:116,0
DA:118,0
DA:119,0
DA:121,0
DA:122,0
DA:125,0
DA:126,0
DA:127,0
DA:128,0
DA:129,0
DA:130,0
DA:134,0
LF:18
LH:0
BRDA:104,0,0,0
BRDA:104,1,0,0
BRDA:104,1,1,0
BRDA:118,2,0,0
BRDA:118,3,0,0
BRDA:118,3,1,0
BRDA:121,4,0,0
BRDA:121,5,0,0
BRDA:121,5,1,0
BRDA:125,6,0,0
BRDA:125,6,1,0
BRDA:125,7,0,0
BRDA:125,7,1,0
BRDA:127,8,0,0
BRDA:127,8,1,0
BRDA:129,9,0,0
BRDA:129,10,0,0
BRDA:129,10,1,0
BRF:18
BRH:0
end_of_record
TN:
SF:lib\validations\validation-rules.ts
FN:9,(anonymous_13)
FN:19,(anonymous_14)
FN:30,(anonymous_15)
FN:30,(anonymous_16)
FN:42,(anonymous_17)
FN:42,(anonymous_18)
FN:54,(anonymous_19)
FN:54,(anonymous_20)
FN:65,(anonymous_21)
FN:65,(anonymous_22)
FN:76,(anonymous_23)
FN:76,(anonymous_24)
FN:87,(anonymous_25)
FN:99,(anonymous_26)
FN:116,(anonymous_27)
FN:116,(anonymous_28)
FN:131,(anonymous_29)
FN:143,(anonymous_30)
FN:143,(anonymous_31)
FNF:19
FNH:0
FNDA:0,(anonymous_13)
FNDA:0,(anonymous_14)
FNDA:0,(anonymous_15)
FNDA:0,(anonymous_16)
FNDA:0,(anonymous_17)
FNDA:0,(anonymous_18)
FNDA:0,(anonymous_19)
FNDA:0,(anonymous_20)
FNDA:0,(anonymous_21)
FNDA:0,(anonymous_22)
FNDA:0,(anonymous_23)
FNDA:0,(anonymous_24)
FNDA:0,(anonymous_25)
FNDA:0,(anonymous_26)
FNDA:0,(anonymous_27)
FNDA:0,(anonymous_28)
FNDA:0,(anonymous_29)
FNDA:0,(anonymous_30)
FNDA:0,(anonymous_31)
DA:9,0
DA:10,0
DA:11,0
DA:13,0
DA:19,0
DA:20,0
DA:21,0
DA:22,0
DA:24,0
DA:30,0
DA:31,0
DA:32,0
DA:33,0
DA:34,0
DA:36,0
DA:42,0
DA:43,0
DA:44,0
DA:45,0
DA:46,0
DA:48,0
DA:54,0
DA:55,0
DA:56,0
DA:57,0
DA:59,0
DA:65,0
DA:66,0
DA:67,0
DA:68,0
DA:70,0
DA:76,0
DA:77,0
DA:78,0
DA:79,0
DA:81,0
DA:87,0
DA:88,0
DA:89,0
DA:90,0
DA:91,0
DA:93,0
DA:99,0
DA:100,0
DA:101,0
DA:102,0
DA:105,0
DA:107,0
DA:108,0
DA:110,0
DA:116,0
DA:117,0
DA:119,0
DA:120,0
DA:122,0
DA:123,0
DA:125,0
DA:131,0
DA:132,0
DA:133,0
DA:134,0
DA:135,0
DA:137,0
DA:143,0
DA:144,0
DA:145,0
DA:146,0
DA:148,0
LF:68
LH:0
BRDA:10,0,0,0
BRDA:10,1,0,0
BRDA:10,1,1,0
BRDA:10,1,2,0
BRDA:20,2,0,0
BRDA:20,3,0,0
BRDA:20,3,1,0
BRDA:20,3,2,0
BRDA:21,4,0,0
BRDA:31,5,0,0
BRDA:31,6,0,0
BRDA:31,6,1,0
BRDA:31,6,2,0
BRDA:33,7,0,0
BRDA:33,8,0,0
BRDA:33,8,1,0
BRDA:43,9,0,0
BRDA:43,10,0,0
BRDA:43,10,1,0
BRDA:43,10,2,0
BRDA:45,11,0,0
BRDA:45,12,0,0
BRDA:45,12,1,0
BRDA:55,13,0,0
BRDA:56,14,0,0
BRDA:66,15,0,0
BRDA:67,16,0,0
BRDA:77,17,0,0
BRDA:78,18,0,0
BRDA:88,19,0,0
BRDA:90,20,0,0
BRDA:100,21,0,0
BRDA:107,22,0,0
BRDA:117,23,0,0
BRDA:117,24,0,0
BRDA:117,24,1,0
BRDA:122,25,0,0
BRDA:123,26,0,0
BRDA:123,26,1,0
BRDA:132,27,0,0
BRDA:134,28,0,0
BRDA:146,29,0,0
BRF:42
BRH:0
end_of_record
TN:
SF:lib\websocket\notification-websocket.ts
FN:94,(anonymous_2)
FN:95,(anonymous_3)
FN:114,(anonymous_4)
FN:122,(anonymous_5)
FN:139,(anonymous_6)
FN:149,(anonymous_7)
FN:158,(anonymous_8)
FN:166,(anonymous_9)
FN:187,(anonymous_10)
FN:195,(anonymous_11)
FN:210,(anonymous_12)
FN:225,(anonymous_13)
FN:240,(anonymous_14)
FN:261,(anonymous_15)
FN:265,(anonymous_16)
FN:293,(anonymous_17)
FN:303,(anonymous_18)
FN:314,(anonymous_19)
FN:317,(anonymous_20)
FN:333,(anonymous_21)
FN:351,(anonymous_22)
FN:358,(anonymous_23)
FNF:22
FNH:0
FNDA:0,(anonymous_2)
FNDA:0,(anonymous_3)
FNDA:0,(anonymous_4)
FNDA:0,(anonymous_5)
FNDA:0,(anonymous_6)
FNDA:0,(anonymous_7)
FNDA:0,(anonymous_8)
FNDA:0,(anonymous_9)
FNDA:0,(anonymous_10)
FNDA:0,(anonymous_11)
FNDA:0,(anonymous_12)
FNDA:0,(anonymous_13)
FNDA:0,(anonymous_14)
FNDA:0,(anonymous_15)
FNDA:0,(anonymous_16)
FNDA:0,(anonymous_17)
FNDA:0,(anonymous_18)
FNDA:0,(anonymous_19)
FNDA:0,(anonymous_20)
FNDA:0,(anonymous_21)
FNDA:0,(anonymous_22)
FNDA:0,(anonymous_23)
DA:15,0
DA:16,0
DA:53,0
DA:59,0
DA:65,0
DA:70,0
DA:72,0
DA:77,0
DA:95,0
DA:97,0
DA:98,0
DA:99,0
DA:100,0
DA:103,0
DA:106,0
DA:108,0
DA:111,0
DA:114,0
DA:123,0
DA:124,0
DA:140,0
DA:141,0
DA:142,0
DA:143,0
DA:150,0
DA:151,0
DA:152,0
DA:159,0
DA:160,0
DA:167,0
DA:172,0
DA:188,0
DA:190,0
DA:193,0
DA:196,0
DA:197,0
DA:198,0
DA:199,0
DA:201,0
DA:205,0
DA:208,0
DA:211,0
DA:212,0
DA:213,0
DA:214,0
DA:216,0
DA:220,0
DA:223,0
DA:226,0
DA:227,0
DA:228,0
DA:229,0
DA:231,0
DA:235,0
DA:238,0
DA:241,0
DA:242,0
DA:243,0
DA:244,0
DA:246,0
DA:250,0
DA:252,0
DA:262,0
DA:265,0
DA:266,0
DA:269,0
DA:270,0
DA:271,0
DA:273,0
DA:295,0
DA:296,0
DA:300,0
DA:303,0
DA:304,0
DA:315,0
DA:316,0
DA:317,0
DA:318,0
DA:319,0
DA:321,0
DA:334,0
DA:335,0
DA:336,0
DA:339,0
DA:340,0
DA:352,0
DA:359,0
DA:373,0
LF:88
LH:0
BRDA:97,0,0,0
BRDA:106,1,0,0
BRDA:106,1,1,0
BRDA:123,2,0,0
BRDA:188,3,0,0
BRDA:188,4,0,0
BRDA:188,4,1,0
BRDA:295,5,0,0
BRDA:316,6,0,0
BRDA:334,7,0,0
BRDA:352,8,0,0
BRDA:352,8,1,0
BRF:12
BRH:0
end_of_record
