TN:
SF:app\page.tsx
FN:3,HomePage
FNF:1
FNH:0
FNDA:0,HomePage
DA:1,0
DA:3,0
DA:4,0
LF:3
LH:0
BRF:0
BRH:0
end_of_record
TN:
SF:app\admin-setup\page.tsx
FN:24,AdminSetupPage
FN:50,(anonymous_3)
FN:56,loadSetupData
FN:88,(anonymous_5)
FN:95,(anonymous_6)
FN:105,(anonymous_7)
FN:106,(anonymous_8)
FN:109,(anonymous_9)
FN:171,(anonymous_10)
FN:172,(anonymous_11)
FN:189,(anonymous_12)
FN:190,(anonymous_13)
FN:195,(anonymous_14)
FN:233,(anonymous_15)
FN:317,(anonymous_16)
FN:334,(anonymous_17)
FN:340,(anonymous_18)
FN:376,(anonymous_19)
FN:382,(anonymous_20)
FN:466,(anonymous_21)
FNF:20
FNH:0
FNDA:0,AdminSetupPage
FNDA:0,(anonymous_3)
FNDA:0,loadSetupData
FNDA:0,(anonymous_5)
FNDA:0,(anonymous_6)
FNDA:0,(anonymous_7)
FNDA:0,(anonymous_8)
FNDA:0,(anonymous_9)
FNDA:0,(anonymous_10)
FNDA:0,(anonymous_11)
FNDA:0,(anonymous_12)
FNDA:0,(anonymous_13)
FNDA:0,(anonymous_14)
FNDA:0,(anonymous_15)
FNDA:0,(anonymous_16)
FNDA:0,(anonymous_17)
FNDA:0,(anonymous_18)
FNDA:0,(anonymous_19)
FNDA:0,(anonymous_20)
FNDA:0,(anonymous_21)
DA:5,0
DA:6,0
DA:7,0
DA:8,0
DA:9,0
DA:10,0
DA:11,0
DA:12,0
DA:13,0
DA:20,0
DA:21,0
DA:22,0
DA:24,0
DA:25,0
DA:26,0
DA:33,0
DA:34,0
DA:35,0
DA:36,0
DA:37,0
DA:38,0
DA:43,0
DA:44,0
DA:48,0
DA:50,0
DA:52,0
DA:53,0
DA:58,0
DA:60,0
DA:61,0
DA:62,0
DA:63,0
DA:66,0
DA:67,0
DA:70,0
DA:73,0
DA:74,0
DA:76,0
DA:79,0
DA:81,0
DA:82,0
DA:88,0
DA:92,0
DA:95,0
DA:97,0
DA:98,0
DA:99,0
DA:101,0
DA:105,0
DA:106,0
DA:109,0
DA:110,0
DA:111,0
DA:113,0
DA:115,0
DA:116,0
DA:119,0
DA:120,0
DA:123,0
DA:124,0
DA:127,0
DA:128,0
DA:132,0
DA:133,0
DA:134,0
DA:137,0
DA:139,0
DA:146,0
DA:149,0
DA:150,0
DA:152,0
DA:158,0
DA:160,0
DA:162,0
DA:167,0
DA:171,0
DA:172,0
DA:173,0
DA:180,0
DA:181,0
DA:182,0
DA:183,0
DA:184,0
DA:185,0
DA:186,0
DA:189,0
DA:190,0
DA:191,0
DA:192,0
DA:195,0
DA:196,0
DA:198,0
DA:201,0
DA:210,0
DA:234,0
DA:317,0
DA:334,0
DA:340,0
DA:376,0
DA:382,0
DA:467,0
DA:468,0
LF:102
LH:0
BRDA:52,0,0,0
BRDA:60,1,0,0
BRDA:83,2,0,0
BRDA:83,2,1,0
BRDA:97,3,0,0
BRDA:97,3,1,0
BRDA:115,4,0,0
BRDA:119,5,0,0
BRDA:119,6,0,0
BRDA:119,6,1,0
BRDA:123,7,0,0
BRDA:127,8,0,0
BRDA:127,9,0,0
BRDA:127,9,1,0
BRDA:133,10,0,0
BRDA:160,11,0,0
BRDA:160,11,1,0
BRDA:201,12,0,0
BRDA:210,13,0,0
BRDA:210,14,0,0
BRDA:210,14,1,0
BRDA:331,15,0,0
BRDA:331,15,1,0
BRDA:343,16,0,0
BRDA:346,17,0,0
BRDA:351,18,0,0
BRDA:351,18,1,0
BRDA:352,19,0,0
BRDA:352,19,1,0
BRDA:358,20,0,0
BRDA:358,20,1,0
BRDA:359,21,0,0
BRDA:359,21,1,0
BRDA:373,22,0,0
BRDA:373,22,1,0
BRDA:385,23,0,0
BRDA:388,24,0,0
BRDA:388,24,1,0
BRDA:434,25,0,0
BRDA:483,26,0,0
BRDA:483,26,1,0
BRDA:483,26,2,0
BRDA:483,26,3,0
BRDA:483,26,4,0
BRDA:487,27,0,0
BRF:45
BRH:0
end_of_record
TN:
SF:app\administracion\layout.tsx
FN:4,AdministracionLayout
FNF:1
FNH:0
FNDA:0,AdministracionLayout
DA:2,0
DA:4,0
LF:2
LH:0
BRF:0
BRH:0
end_of_record
TN:
SF:app\administracion\page.tsx
FN:8,AdministracionPage
FNF:1
FNH:0
FNDA:0,AdministracionPage
DA:3,0
DA:4,0
DA:5,0
DA:6,0
DA:8,0
LF:5
LH:0
BRF:0
BRH:0
end_of_record
TN:
SF:app\administracion\catalogos\page.tsx
FN:105,CatalogosPage
FN:180,(anonymous_3)
FN:188,(anonymous_4)
FN:198,(anonymous_5)
FN:208,(anonymous_6)
FN:216,(anonymous_7)
FN:224,(anonymous_8)
FN:242,(anonymous_9)
FN:261,(anonymous_10)
FN:291,(anonymous_11)
FN:320,(anonymous_12)
FN:330,(anonymous_13)
FN:359,(anonymous_14)
FN:388,(anonymous_15)
FN:408,(anonymous_16)
FN:419,(anonymous_17)
FN:430,(anonymous_18)
FN:446,(anonymous_19)
FN:458,(anonymous_20)
FN:491,(anonymous_21)
FN:502,(anonymous_22)
FN:513,(anonymous_23)
FN:529,(anonymous_24)
FN:541,(anonymous_25)
FN:574,(anonymous_26)
FN:588,(anonymous_27)
FN:602,(anonymous_28)
FN:618,(anonymous_29)
FN:630,(anonymous_30)
FN:663,(anonymous_31)
FN:674,(anonymous_32)
FN:685,(anonymous_33)
FN:701,(anonymous_34)
FN:713,(anonymous_35)
FN:746,(anonymous_36)
FN:815,(anonymous_37)
FN:826,(anonymous_38)
FN:868,(anonymous_39)
FN:873,(anonymous_40)
FN:886,(anonymous_41)
FN:921,(anonymous_42)
FN:934,(anonymous_43)
FN:943,(anonymous_44)
FN:953,(anonymous_45)
FN:982,(anonymous_46)
FN:992,(anonymous_47)
FN:1027,(anonymous_48)
FN:1043,(anonymous_49)
FN:1052,(anonymous_50)
FN:1062,(anonymous_51)
FN:1091,(anonymous_52)
FN:1101,(anonymous_53)
FN:1150,(anonymous_54)
FN:1151,(anonymous_55)
FN:1179,(anonymous_56)
FN:1188,(anonymous_57)
FN:1198,(anonymous_58)
FN:1229,(anonymous_59)
FN:1240,(anonymous_60)
FN:1275,(anonymous_61)
FN:1291,(anonymous_62)
FN:1300,(anonymous_63)
FN:1310,(anonymous_64)
FN:1339,(anonymous_65)
FN:1396,(anonymous_66)
FN:1403,(anonymous_67)
FN:1416,(anonymous_68)
FN:1430,(anonymous_69)
FN:1439,(anonymous_70)
FN:1454,(anonymous_71)
FN:1462,(anonymous_72)
FN:1468,(anonymous_73)
FN:1486,(anonymous_74)
FN:1495,(anonymous_75)
FN:1507,(anonymous_76)
FN:1532,setMalezasCultivosForm
FNF:76
FNH:0
FNDA:0,CatalogosPage
FNDA:0,(anonymous_3)
FNDA:0,(anonymous_4)
FNDA:0,(anonymous_5)
FNDA:0,(anonymous_6)
FNDA:0,(anonymous_7)
FNDA:0,(anonymous_8)
FNDA:0,(anonymous_9)
FNDA:0,(anonymous_10)
FNDA:0,(anonymous_11)
FNDA:0,(anonymous_12)
FNDA:0,(anonymous_13)
FNDA:0,(anonymous_14)
FNDA:0,(anonymous_15)
FNDA:0,(anonymous_16)
FNDA:0,(anonymous_17)
FNDA:0,(anonymous_18)
FNDA:0,(anonymous_19)
FNDA:0,(anonymous_20)
FNDA:0,(anonymous_21)
FNDA:0,(anonymous_22)
FNDA:0,(anonymous_23)
FNDA:0,(anonymous_24)
FNDA:0,(anonymous_25)
FNDA:0,(anonymous_26)
FNDA:0,(anonymous_27)
FNDA:0,(anonymous_28)
FNDA:0,(anonymous_29)
FNDA:0,(anonymous_30)
FNDA:0,(anonymous_31)
FNDA:0,(anonymous_32)
FNDA:0,(anonymous_33)
FNDA:0,(anonymous_34)
FNDA:0,(anonymous_35)
FNDA:0,(anonymous_36)
FNDA:0,(anonymous_37)
FNDA:0,(anonymous_38)
FNDA:0,(anonymous_39)
FNDA:0,(anonymous_40)
FNDA:0,(anonymous_41)
FNDA:0,(anonymous_42)
FNDA:0,(anonymous_43)
FNDA:0,(anonymous_44)
FNDA:0,(anonymous_45)
FNDA:0,(anonymous_46)
FNDA:0,(anonymous_47)
FNDA:0,(anonymous_48)
FNDA:0,(anonymous_49)
FNDA:0,(anonymous_50)
FNDA:0,(anonymous_51)
FNDA:0,(anonymous_52)
FNDA:0,(anonymous_53)
FNDA:0,(anonymous_54)
FNDA:0,(anonymous_55)
FNDA:0,(anonymous_56)
FNDA:0,(anonymous_57)
FNDA:0,(anonymous_58)
FNDA:0,(anonymous_59)
FNDA:0,(anonymous_60)
FNDA:0,(anonymous_61)
FNDA:0,(anonymous_62)
FNDA:0,(anonymous_63)
FNDA:0,(anonymous_64)
FNDA:0,(anonymous_65)
FNDA:0,(anonymous_66)
FNDA:0,(anonymous_67)
FNDA:0,(anonymous_68)
FNDA:0,(anonymous_69)
FNDA:0,(anonymous_70)
FNDA:0,(anonymous_71)
FNDA:0,(anonymous_72)
FNDA:0,(anonymous_73)
FNDA:0,(anonymous_74)
FNDA:0,(anonymous_75)
FNDA:0,(anonymous_76)
FNDA:0,setMalezasCultivosForm
DA:3,0
DA:4,0
DA:5,0
DA:6,0
DA:7,0
DA:8,0
DA:9,0
DA:10,0
DA:11,0
DA:33,0
DA:34,0
DA:35,0
DA:36,0
DA:44,0
DA:51,0
DA:60,0
DA:68,0
DA:75,0
DA:82,0
DA:96,0
DA:105,0
DA:107,0
DA:108,0
DA:109,0
DA:112,0
DA:113,0
DA:114,0
DA:116,0
DA:117,0
DA:118,0
DA:120,0
DA:121,0
DA:122,0
DA:124,0
DA:125,0
DA:126,0
DA:128,0
DA:131,0
DA:132,0
DA:133,0
DA:134,0
DA:137,0
DA:138,0
DA:141,0
DA:142,0
DA:143,0
DA:146,0
DA:149,0
DA:152,0
DA:153,0
DA:154,0
DA:155,0
DA:156,0
DA:159,0
DA:164,0
DA:169,0
DA:174,0
DA:181,0
DA:182,0
DA:189,0
DA:190,0
DA:193,0
DA:199,0
DA:200,0
DA:202,0
DA:209,0
DA:210,0
DA:216,0
DA:217,0
DA:218,0
DA:219,0
DA:224,0
DA:225,0
DA:227,0
DA:228,0
DA:230,0
DA:231,0
DA:233,0
DA:234,0
DA:236,0
DA:237,0
DA:242,0
DA:243,0
DA:245,0
DA:247,0
DA:248,0
DA:250,0
DA:251,0
DA:253,0
DA:254,0
DA:256,0
DA:257,0
DA:261,0
DA:262,0
DA:263,0
DA:264,0
DA:265,0
DA:267,0
DA:275,0
DA:277,0
DA:278,0
DA:279,0
DA:280,0
DA:282,0
DA:285,0
DA:287,0
DA:291,0
DA:292,0
DA:293,0
DA:294,0
DA:295,0
DA:297,0
DA:304,0
DA:306,0
DA:307,0
DA:308,0
DA:309,0
DA:311,0
DA:314,0
DA:316,0
DA:320,0
DA:321,0
DA:322,0
DA:323,0
DA:324,0
DA:326,0
DA:330,0
DA:331,0
DA:332,0
DA:333,0
DA:334,0
DA:336,0
DA:343,0
DA:345,0
DA:346,0
DA:347,0
DA:348,0
DA:350,0
DA:353,0
DA:355,0
DA:359,0
DA:360,0
DA:361,0
DA:362,0
DA:363,0
DA:365,0
DA:372,0
DA:374,0
DA:375,0
DA:376,0
DA:377,0
DA:379,0
DA:382,0
DA:384,0
DA:388,0
DA:390,0
DA:392,0
DA:393,0
DA:395,0
DA:396,0
DA:397,0
DA:399,0
DA:400,0
DA:402,0
DA:403,0
DA:408,0
DA:409,0
DA:413,0
DA:414,0
DA:415,0
DA:416,0
DA:419,0
DA:420,0
DA:424,0
DA:425,0
DA:426,0
DA:427,0
DA:430,0
DA:431,0
DA:432,0
DA:435,0
DA:436,0
DA:437,0
DA:438,0
DA:440,0
DA:446,0
DA:447,0
DA:448,0
DA:449,0
DA:450,0
DA:452,0
DA:458,0
DA:459,0
DA:460,0
DA:461,0
DA:464,0
DA:465,0
DA:466,0
DA:471,0
DA:472,0
DA:473,0
DA:474,0
DA:475,0
DA:476,0
DA:479,0
DA:480,0
DA:482,0
DA:486,0
DA:491,0
DA:492,0
DA:496,0
DA:497,0
DA:498,0
DA:499,0
DA:502,0
DA:503,0
DA:507,0
DA:508,0
DA:509,0
DA:510,0
DA:513,0
DA:514,0
DA:515,0
DA:518,0
DA:519,0
DA:520,0
DA:521,0
DA:523,0
DA:529,0
DA:530,0
DA:531,0
DA:532,0
DA:533,0
DA:535,0
DA:541,0
DA:542,0
DA:543,0
DA:544,0
DA:547,0
DA:548,0
DA:549,0
DA:554,0
DA:555,0
DA:556,0
DA:557,0
DA:558,0
DA:559,0
DA:562,0
DA:563,0
DA:565,0
DA:569,0
DA:574,0
DA:576,0
DA:578,0
DA:582,0
DA:583,0
DA:584,0
DA:585,0
DA:588,0
DA:590,0
DA:592,0
DA:596,0
DA:597,0
DA:598,0
DA:599,0
DA:602,0
DA:603,0
DA:604,0
DA:607,0
DA:608,0
DA:609,0
DA:610,0
DA:612,0
DA:618,0
DA:619,0
DA:620,0
DA:621,0
DA:622,0
DA:624,0
DA:630,0
DA:631,0
DA:632,0
DA:633,0
DA:636,0
DA:637,0
DA:638,0
DA:643,0
DA:644,0
DA:645,0
DA:646,0
DA:647,0
DA:648,0
DA:651,0
DA:652,0
DA:654,0
DA:658,0
DA:663,0
DA:664,0
DA:668,0
DA:669,0
DA:670,0
DA:671,0
DA:674,0
DA:675,0
DA:679,0
DA:680,0
DA:681,0
DA:682,0
DA:685,0
DA:686,0
DA:687,0
DA:690,0
DA:691,0
DA:692,0
DA:693,0
DA:695,0
DA:701,0
DA:702,0
DA:703,0
DA:704,0
DA:705,0
DA:707,0
DA:713,0
DA:714,0
DA:715,0
DA:716,0
DA:719,0
DA:720,0
DA:721,0
DA:726,0
DA:727,0
DA:728,0
DA:729,0
DA:730,0
DA:731,0
DA:734,0
DA:735,0
DA:737,0
DA:741,0
DA:746,0
DA:747,0
DA:749,0
DA:750,0
DA:752,0
DA:753,0
DA:755,0
DA:756,0
DA:758,0
DA:759,0
DA:763,0
DA:816,0
DA:817,0
DA:826,0
DA:868,0
DA:874,0
DA:875,0
DA:886,0
DA:922,0
DA:934,0
DA:943,0
DA:953,0
DA:982,0
DA:992,0
DA:1028,0
DA:1043,0
DA:1052,0
DA:1062,0
DA:1091,0
DA:1101,0
DA:1151,0
DA:1152,0
DA:1179,0
DA:1188,0
DA:1198,0
DA:1229,0
DA:1240,0
DA:1276,0
DA:1291,0
DA:1300,0
DA:1310,0
DA:1339,0
DA:1396,0
DA:1404,0
DA:1416,0
DA:1430,0
DA:1439,0
DA:1454,0
DA:1462,0
DA:1469,0
DA:1486,0
DA:1495,0
DA:1507,0
DA:1533,0
LF:393
LH:0
BRDA:181,0,0,0
BRDA:189,1,0,0
BRDA:199,2,0,0
BRDA:209,3,0,0
BRDA:217,4,0,0
BRDA:225,5,0,0
BRDA:225,5,1,0
BRDA:225,5,2,0
BRDA:225,5,3,0
BRDA:245,6,0,0
BRDA:245,6,1,0
BRDA:245,6,2,0
BRDA:245,6,3,0
BRDA:264,7,0,0
BRDA:264,7,1,0
BRDA:265,8,0,0
BRDA:265,8,1,0
BRDA:270,9,0,0
BRDA:270,9,1,0
BRDA:283,10,0,0
BRDA:283,10,1,0
BRDA:294,11,0,0
BRDA:294,11,1,0
BRDA:295,12,0,0
BRDA:295,12,1,0
BRDA:300,13,0,0
BRDA:300,13,1,0
BRDA:333,14,0,0
BRDA:333,14,1,0
BRDA:334,15,0,0
BRDA:334,15,1,0
BRDA:339,16,0,0
BRDA:339,16,1,0
BRDA:362,17,0,0
BRDA:362,17,1,0
BRDA:363,18,0,0
BRDA:363,18,1,0
BRDA:368,19,0,0
BRDA:368,19,1,0
BRDA:390,20,0,0
BRDA:390,20,1,0
BRDA:390,20,2,0
BRDA:390,20,3,0
BRDA:422,21,0,0
BRDA:422,21,1,0
BRDA:431,22,0,0
BRDA:441,23,0,0
BRDA:441,23,1,0
BRDA:453,24,0,0
BRDA:453,24,1,0
BRDA:459,25,0,0
BRDA:471,26,0,0
BRDA:471,26,1,0
BRDA:474,27,0,0
BRDA:482,28,0,0
BRDA:482,28,1,0
BRDA:483,29,0,0
BRDA:483,29,1,0
BRDA:504,30,0,0
BRDA:504,30,1,0
BRDA:505,31,0,0
BRDA:505,31,1,0
BRDA:514,32,0,0
BRDA:542,33,0,0
BRDA:542,34,0,0
BRDA:542,34,1,0
BRDA:554,35,0,0
BRDA:554,35,1,0
BRDA:557,36,0,0
BRDA:565,37,0,0
BRDA:565,37,1,0
BRDA:580,38,0,0
BRDA:580,38,1,0
BRDA:593,39,0,0
BRDA:593,39,1,0
BRDA:594,40,0,0
BRDA:594,40,1,0
BRDA:603,41,0,0
BRDA:631,42,0,0
BRDA:631,43,0,0
BRDA:631,43,1,0
BRDA:643,44,0,0
BRDA:643,44,1,0
BRDA:646,45,0,0
BRDA:654,46,0,0
BRDA:654,46,1,0
BRDA:676,47,0,0
BRDA:676,47,1,0
BRDA:677,48,0,0
BRDA:677,48,1,0
BRDA:686,49,0,0
BRDA:714,50,0,0
BRDA:714,51,0,0
BRDA:714,51,1,0
BRDA:726,52,0,0
BRDA:726,52,1,0
BRDA:729,53,0,0
BRDA:737,54,0,0
BRDA:737,54,1,0
BRDA:747,55,0,0
BRDA:747,55,1,0
BRDA:747,55,2,0
BRDA:747,55,3,0
BRDA:763,56,0,0
BRDA:834,57,0,0
BRDA:913,58,0,0
BRDA:913,58,1,0
BRDA:925,59,0,0
BRDA:925,59,1,0
BRDA:926,60,0,0
BRDA:926,60,1,0
BRDA:940,61,0,0
BRDA:973,62,0,0
BRDA:1019,63,0,0
BRDA:1019,63,1,0
BRDA:1034,64,0,0
BRDA:1034,64,1,0
BRDA:1035,65,0,0
BRDA:1035,65,1,0
BRDA:1049,66,0,0
BRDA:1082,67,0,0
BRDA:1117,68,0,0
BRDA:1142,69,0,0
BRDA:1142,69,1,0
BRDA:1157,70,0,0
BRDA:1159,71,0,0
BRDA:1170,72,0,0
BRDA:1170,72,1,0
BRDA:1171,73,0,0
BRDA:1171,73,1,0
BRDA:1185,74,0,0
BRDA:1216,75,0,0
BRDA:1220,76,0,0
BRDA:1267,77,0,0
BRDA:1267,77,1,0
BRDA:1282,78,0,0
BRDA:1282,78,1,0
BRDA:1283,79,0,0
BRDA:1283,79,1,0
BRDA:1297,80,0,0
BRDA:1330,81,0,0
BRDA:1355,82,0,0
BRDA:1355,82,1,0
BRDA:1356,83,0,0
BRDA:1356,83,1,0
BRDA:1358,84,0,0
BRDA:1358,84,1,0
BRDA:1360,85,0,0
BRDA:1360,85,1,0
BRDA:1366,86,0,0
BRDA:1366,86,1,0
BRDA:1368,87,0,0
BRDA:1368,87,1,0
BRDA:1370,88,0,0
BRDA:1370,88,1,0
BRDA:1372,89,0,0
BRDA:1372,89,1,0
BRDA:1377,90,0,0
BRDA:1377,90,1,0
BRDA:1379,91,0,0
BRDA:1379,91,1,0
BRDA:1381,92,0,0
BRDA:1381,92,1,0
BRDA:1390,93,0,0
BRDA:1423,94,0,0
BRDA:1447,95,0,0
BRDA:1479,96,0,0
BRDA:1515,97,0,0
BRF:168
BRH:0
end_of_record
TN:
SF:app\administracion\contactos\page.tsx
FN:60,ContactosPage
FN:97,(anonymous_3)
FN:127,(anonymous_4)
FN:157,(anonymous_5)
FN:165,(anonymous_6)
FN:173,(anonymous_7)
FN:185,(anonymous_8)
FN:194,(anonymous_9)
FN:205,(anonymous_10)
FN:210,(anonymous_11)
FN:216,(anonymous_12)
FN:233,(anonymous_13)
FN:244,(anonymous_14)
FN:255,(anonymous_15)
FN:271,(anonymous_16)
FN:284,(anonymous_17)
FN:295,(anonymous_18)
FN:306,(anonymous_19)
FN:322,(anonymous_20)
FN:335,(anonymous_21)
FN:432,(anonymous_22)
FN:443,(anonymous_23)
FN:461,(anonymous_24)
FN:491,(anonymous_25)
FN:495,(anonymous_26)
FN:532,(anonymous_27)
FN:564,(anonymous_28)
FN:573,(anonymous_29)
FN:583,(anonymous_30)
FN:612,(anonymous_31)
FN:639,(anonymous_32)
FN:643,(anonymous_33)
FN:680,(anonymous_34)
FN:712,(anonymous_35)
FN:721,(anonymous_36)
FN:731,(anonymous_37)
FN:760,(anonymous_38)
FN:794,(anonymous_39)
FN:806,(anonymous_40)
FN:820,(anonymous_41)
FNF:40
FNH:0
FNDA:0,ContactosPage
FNDA:0,(anonymous_3)
FNDA:0,(anonymous_4)
FNDA:0,(anonymous_5)
FNDA:0,(anonymous_6)
FNDA:0,(anonymous_7)
FNDA:0,(anonymous_8)
FNDA:0,(anonymous_9)
FNDA:0,(anonymous_10)
FNDA:0,(anonymous_11)
FNDA:0,(anonymous_12)
FNDA:0,(anonymous_13)
FNDA:0,(anonymous_14)
FNDA:0,(anonymous_15)
FNDA:0,(anonymous_16)
FNDA:0,(anonymous_17)
FNDA:0,(anonymous_18)
FNDA:0,(anonymous_19)
FNDA:0,(anonymous_20)
FNDA:0,(anonymous_21)
FNDA:0,(anonymous_22)
FNDA:0,(anonymous_23)
FNDA:0,(anonymous_24)
FNDA:0,(anonymous_25)
FNDA:0,(anonymous_26)
FNDA:0,(anonymous_27)
FNDA:0,(anonymous_28)
FNDA:0,(anonymous_29)
FNDA:0,(anonymous_30)
FNDA:0,(anonymous_31)
FNDA:0,(anonymous_32)
FNDA:0,(anonymous_33)
FNDA:0,(anonymous_34)
FNDA:0,(anonymous_35)
FNDA:0,(anonymous_36)
FNDA:0,(anonymous_37)
FNDA:0,(anonymous_38)
FNDA:0,(anonymous_39)
FNDA:0,(anonymous_40)
FNDA:0,(anonymous_41)
DA:3,0
DA:4,0
DA:5,0
DA:6,0
DA:7,0
DA:8,0
DA:9,0
DA:10,0
DA:11,0
DA:27,0
DA:28,0
DA:29,0
DA:30,0
DA:38,0
DA:45,0
DA:54,0
DA:60,0
DA:62,0
DA:63,0
DA:64,0
DA:67,0
DA:68,0
DA:71,0
DA:72,0
DA:75,0
DA:76,0
DA:77,0
DA:79,0
DA:80,0
DA:81,0
DA:84,0
DA:85,0
DA:86,0
DA:87,0
DA:88,0
DA:91,0
DA:97,0
DA:98,0
DA:99,0
DA:100,0
DA:101,0
DA:103,0
DA:111,0
DA:113,0
DA:114,0
DA:115,0
DA:116,0
DA:118,0
DA:122,0
DA:127,0
DA:128,0
DA:129,0
DA:130,0
DA:131,0
DA:133,0
DA:141,0
DA:143,0
DA:144,0
DA:145,0
DA:146,0
DA:148,0
DA:152,0
DA:157,0
DA:158,0
DA:159,0
DA:165,0
DA:166,0
DA:167,0
DA:173,0
DA:174,0
DA:175,0
DA:176,0
DA:177,0
DA:179,0
DA:185,0
DA:186,0
DA:187,0
DA:189,0
DA:194,0
DA:195,0
DA:197,0
DA:198,0
DA:200,0
DA:205,0
DA:206,0
DA:207,0
DA:210,0
DA:212,0
DA:213,0
DA:216,0
DA:217,0
DA:218,0
DA:221,0
DA:222,0
DA:225,0
DA:226,0
DA:229,0
DA:233,0
DA:234,0
DA:238,0
DA:239,0
DA:240,0
DA:241,0
DA:244,0
DA:245,0
DA:249,0
DA:250,0
DA:251,0
DA:252,0
DA:255,0
DA:256,0
DA:257,0
DA:260,0
DA:261,0
DA:262,0
DA:263,0
DA:265,0
DA:271,0
DA:272,0
DA:273,0
DA:274,0
DA:275,0
DA:277,0
DA:284,0
DA:285,0
DA:289,0
DA:290,0
DA:291,0
DA:292,0
DA:295,0
DA:296,0
DA:300,0
DA:301,0
DA:302,0
DA:303,0
DA:306,0
DA:307,0
DA:308,0
DA:311,0
DA:312,0
DA:313,0
DA:314,0
DA:316,0
DA:322,0
DA:323,0
DA:324,0
DA:325,0
DA:326,0
DA:328,0
DA:335,0
DA:337,0
DA:338,0
DA:339,0
DA:343,0
DA:344,0
DA:345,0
DA:346,0
DA:349,0
DA:350,0
DA:351,0
DA:357,0
DA:358,0
DA:359,0
DA:360,0
DA:361,0
DA:362,0
DA:365,0
DA:366,0
DA:367,0
DA:369,0
DA:372,0
DA:376,0
DA:380,0
DA:433,0
DA:434,0
DA:443,0
DA:461,0
DA:491,0
DA:495,0
DA:533,0
DA:564,0
DA:573,0
DA:583,0
DA:612,0
DA:639,0
DA:643,0
DA:681,0
DA:712,0
DA:721,0
DA:731,0
DA:760,0
DA:794,0
DA:806,0
DA:820,0
LF:194
LH:0
BRDA:97,0,0,0
BRDA:100,1,0,0
BRDA:100,1,1,0
BRDA:101,2,0,0
BRDA:101,2,1,0
BRDA:106,3,0,0
BRDA:106,3,1,0
BRDA:119,4,0,0
BRDA:119,4,1,0
BRDA:127,5,0,0
BRDA:130,6,0,0
BRDA:130,6,1,0
BRDA:131,7,0,0
BRDA:131,7,1,0
BRDA:136,8,0,0
BRDA:136,8,1,0
BRDA:149,9,0,0
BRDA:149,9,1,0
BRDA:158,10,0,0
BRDA:166,11,0,0
BRDA:174,12,0,0
BRDA:176,13,0,0
BRDA:176,13,1,0
BRDA:186,14,0,0
BRDA:186,14,1,0
BRDA:197,15,0,0
BRDA:197,15,1,0
BRDA:213,16,0,0
BRDA:213,16,1,0
BRDA:217,17,0,0
BRDA:221,18,0,0
BRDA:225,19,0,0
BRDA:246,20,0,0
BRDA:246,20,1,0
BRDA:247,21,0,0
BRDA:247,21,1,0
BRDA:256,22,0,0
BRDA:297,23,0,0
BRDA:297,23,1,0
BRDA:298,24,0,0
BRDA:298,24,1,0
BRDA:307,25,0,0
BRDA:337,26,0,0
BRDA:344,27,0,0
BRDA:345,28,0,0
BRDA:345,28,1,0
BRDA:357,29,0,0
BRDA:357,29,1,0
BRDA:359,30,0,0
BRDA:359,30,1,0
BRDA:360,31,0,0
BRDA:362,32,0,0
BRDA:362,32,1,0
BRDA:366,33,0,0
BRDA:366,33,1,0
BRDA:372,34,0,0
BRDA:372,34,1,0
BRDA:373,35,0,0
BRDA:373,35,1,0
BRDA:380,36,0,0
BRDA:451,37,0,0
BRDA:524,38,0,0
BRDA:524,38,1,0
BRDA:537,39,0,0
BRDA:539,40,0,0
BRDA:555,41,0,0
BRDA:555,41,1,0
BRDA:556,42,0,0
BRDA:556,42,1,0
BRDA:570,43,0,0
BRDA:603,44,0,0
BRDA:672,45,0,0
BRDA:672,45,1,0
BRDA:685,46,0,0
BRDA:687,47,0,0
BRDA:703,48,0,0
BRDA:703,48,1,0
BRDA:704,49,0,0
BRDA:704,49,1,0
BRDA:718,50,0,0
BRDA:751,51,0,0
BRDA:778,52,0,0
BRDA:778,52,1,0
BRDA:778,53,0,0
BRDA:778,53,1,0
BRDA:781,54,0,0
BRDA:781,54,1,0
BRDA:782,55,0,0
BRDA:782,55,1,0
BRDA:783,56,0,0
BRDA:783,56,1,0
BRDA:795,57,0,0
BRDA:795,57,1,0
BRDA:828,58,0,0
BRDA:835,59,0,0
BRDA:835,59,1,0
BRF:96
BRH:0
end_of_record
TN:
SF:app\administracion\usuario\page.tsx
FN:65,UsuarioValidacionPage
FN:101,(anonymous_3)
FN:109,(anonymous_4)
FN:116,(anonymous_5)
FN:138,(anonymous_6)
FN:153,(anonymous_7)
FN:154,(anonymous_8)
FN:182,(anonymous_9)
FN:190,(anonymous_10)
FN:196,(anonymous_11)
FN:204,(anonymous_12)
FN:209,(anonymous_13)
FN:215,(anonymous_14)
FN:220,(anonymous_15)
FN:248,(anonymous_16)
FN:275,(anonymous_17)
FN:293,(anonymous_18)
FN:308,(anonymous_19)
FN:315,(anonymous_20)
FN:320,(anonymous_21)
FN:350,(anonymous_22)
FN:379,(anonymous_23)
FN:401,(anonymous_24)
FN:408,(anonymous_25)
FN:417,(anonymous_26)
FN:422,(anonymous_27)
FN:427,(anonymous_28)
FN:509,(anonymous_29)
FN:517,(anonymous_30)
FN:543,(anonymous_31)
FN:581,(anonymous_32)
FN:603,(anonymous_33)
FN:611,(anonymous_34)
FN:635,(anonymous_35)
FN:663,(anonymous_36)
FN:731,(anonymous_37)
FN:761,(anonymous_38)
FN:771,(anonymous_39)
FN:781,(anonymous_40)
FN:807,(anonymous_41)
FN:859,(anonymous_42)
FN:898,(anonymous_43)
FN:935,(anonymous_44)
FN:956,(anonymous_45)
FN:996,(anonymous_46)
FNF:45
FNH:0
FNDA:0,UsuarioValidacionPage
FNDA:0,(anonymous_3)
FNDA:0,(anonymous_4)
FNDA:0,(anonymous_5)
FNDA:0,(anonymous_6)
FNDA:0,(anonymous_7)
FNDA:0,(anonymous_8)
FNDA:0,(anonymous_9)
FNDA:0,(anonymous_10)
FNDA:0,(anonymous_11)
FNDA:0,(anonymous_12)
FNDA:0,(anonymous_13)
FNDA:0,(anonymous_14)
FNDA:0,(anonymous_15)
FNDA:0,(anonymous_16)
FNDA:0,(anonymous_17)
FNDA:0,(anonymous_18)
FNDA:0,(anonymous_19)
FNDA:0,(anonymous_20)
FNDA:0,(anonymous_21)
FNDA:0,(anonymous_22)
FNDA:0,(anonymous_23)
FNDA:0,(anonymous_24)
FNDA:0,(anonymous_25)
FNDA:0,(anonymous_26)
FNDA:0,(anonymous_27)
FNDA:0,(anonymous_28)
FNDA:0,(anonymous_29)
FNDA:0,(anonymous_30)
FNDA:0,(anonymous_31)
FNDA:0,(anonymous_32)
FNDA:0,(anonymous_33)
FNDA:0,(anonymous_34)
FNDA:0,(anonymous_35)
FNDA:0,(anonymous_36)
FNDA:0,(anonymous_37)
FNDA:0,(anonymous_38)
FNDA:0,(anonymous_39)
FNDA:0,(anonymous_40)
FNDA:0,(anonymous_41)
FNDA:0,(anonymous_42)
FNDA:0,(anonymous_43)
FNDA:0,(anonymous_44)
FNDA:0,(anonymous_45)
FNDA:0,(anonymous_46)
DA:3,0
DA:4,0
DA:5,0
DA:6,0
DA:14,0
DA:15,0
DA:17,0
DA:18,0
DA:19,0
DA:20,0
DA:27,0
DA:40,0
DA:47,0
DA:48,0
DA:49,0
DA:52,0
DA:59,0
DA:65,0
DA:66,0
DA:67,0
DA:70,0
DA:71,0
DA:72,0
DA:73,0
DA:74,0
DA:77,0
DA:78,0
DA:79,0
DA:80,0
DA:81,0
DA:84,0
DA:85,0
DA:87,0
DA:88,0
DA:89,0
DA:90,0
DA:91,0
DA:92,0
DA:93,0
DA:94,0
DA:95,0
DA:96,0
DA:97,0
DA:99,0
DA:101,0
DA:102,0
DA:103,0
DA:105,0
DA:109,0
DA:110,0
DA:111,0
DA:112,0
DA:116,0
DA:117,0
DA:118,0
DA:119,0
DA:122,0
DA:124,0
DA:125,0
DA:126,0
DA:127,0
DA:129,0
DA:130,0
DA:134,0
DA:138,0
DA:139,0
DA:140,0
DA:141,0
DA:144,0
DA:146,0
DA:147,0
DA:148,0
DA:149,0
DA:152,0
DA:153,0
DA:154,0
DA:155,0
DA:156,0
DA:161,0
DA:162,0
DA:163,0
DA:166,0
DA:167,0
DA:168,0
DA:172,0
DA:173,0
DA:177,0
DA:182,0
DA:183,0
DA:184,0
DA:185,0
DA:186,0
DA:190,0
DA:191,0
DA:192,0
DA:196,0
DA:197,0
DA:198,0
DA:199,0
DA:200,0
DA:204,0
DA:205,0
DA:206,0
DA:209,0
DA:210,0
DA:211,0
DA:212,0
DA:215,0
DA:216,0
DA:217,0
DA:220,0
DA:221,0
DA:223,0
DA:224,0
DA:225,0
DA:227,0
DA:231,0
DA:232,0
DA:233,0
DA:236,0
DA:239,0
DA:240,0
DA:244,0
DA:248,0
DA:249,0
DA:251,0
DA:252,0
DA:253,0
DA:255,0
DA:259,0
DA:260,0
DA:263,0
DA:266,0
DA:267,0
DA:271,0
DA:275,0
DA:276,0
DA:277,0
DA:279,0
DA:280,0
DA:281,0
DA:289,0
DA:293,0
DA:294,0
DA:295,0
DA:296,0
DA:297,0
DA:298,0
DA:304,0
DA:308,0
DA:309,0
DA:310,0
DA:311,0
DA:312,0
DA:315,0
DA:316,0
DA:317,0
DA:320,0
DA:321,0
DA:323,0
DA:324,0
DA:325,0
DA:329,0
DA:333,0
DA:334,0
DA:335,0
DA:338,0
DA:341,0
DA:342,0
DA:346,0
DA:350,0
DA:351,0
DA:353,0
DA:354,0
DA:355,0
DA:359,0
DA:363,0
DA:364,0
DA:367,0
DA:370,0
DA:371,0
DA:375,0
DA:379,0
DA:380,0
DA:381,0
DA:385,0
DA:390,0
DA:393,0
DA:394,0
DA:401,0
DA:403,0
DA:404,0
DA:405,0
DA:408,0
DA:409,0
DA:410,0
DA:411,0
DA:412,0
DA:413,0
DA:417,0
DA:419,0
DA:422,0
DA:424,0
DA:427,0
DA:428,0
DA:429,0
DA:430,0
DA:431,0
DA:432,0
DA:435,0
DA:437,0
DA:439,0
DA:441,0
DA:509,0
DA:517,0
DA:543,0
DA:582,0
DA:603,0
DA:611,0
DA:635,0
DA:663,0
DA:732,0
DA:761,0
DA:771,0
DA:781,0
DA:807,0
DA:859,0
DA:898,0
DA:936,0
DA:956,0
DA:996,0
LF:231
LH:0
BRDA:102,0,0,0
BRDA:102,0,1,0
BRDA:110,1,0,0
BRDA:116,2,0,0
BRDA:138,3,0,0
BRDA:152,4,0,0
BRDA:153,5,0,0
BRDA:153,5,1,0
BRDA:154,6,0,0
BRDA:154,6,1,0
BRDA:156,7,0,0
BRDA:156,7,1,0
BRDA:161,8,0,0
BRDA:161,8,1,0
BRDA:166,9,0,0
BRDA:166,9,1,0
BRDA:183,10,0,0
BRDA:197,11,0,0
BRDA:221,12,0,0
BRDA:221,13,0,0
BRDA:221,13,1,0
BRDA:249,14,0,0
BRDA:276,15,0,0
BRDA:280,16,0,0
BRDA:294,17,0,0
BRDA:297,18,0,0
BRDA:311,19,0,0
BRDA:311,19,1,0
BRDA:321,20,0,0
BRDA:321,21,0,0
BRDA:321,21,1,0
BRDA:351,22,0,0
BRDA:385,23,0,0
BRDA:385,23,1,0
BRDA:386,24,0,0
BRDA:386,24,1,0
BRDA:403,25,0,0
BRDA:404,26,0,0
BRDA:404,27,0,0
BRDA:404,27,1,0
BRDA:409,28,0,0
BRDA:411,29,0,0
BRDA:411,30,0,0
BRDA:411,30,1,0
BRDA:413,31,0,0
BRDA:413,31,1,0
BRDA:419,32,0,0
BRDA:419,32,1,0
BRDA:419,32,2,0
BRDA:424,33,0,0
BRDA:424,33,1,0
BRDA:424,33,2,0
BRDA:428,34,0,0
BRDA:430,35,0,0
BRDA:430,36,0,0
BRDA:430,36,1,0
BRDA:432,37,0,0
BRDA:432,37,1,0
BRDA:432,37,2,0
BRDA:432,37,3,0
BRDA:432,37,4,0
BRDA:508,38,0,0
BRDA:508,38,1,0
BRDA:516,39,0,0
BRDA:516,39,1,0
BRDA:528,40,0,0
BRDA:554,41,0,0
BRDA:561,42,0,0
BRDA:627,43,0,0
BRDA:702,44,0,0
BRDA:709,45,0,0
BRDA:749,46,0,0
BRDA:749,46,1,0
BRDA:750,47,0,0
BRDA:750,47,1,0
BRDA:768,48,0,0
BRDA:799,49,0,0
BRDA:847,50,0,0
BRDA:866,51,0,0
BRDA:866,51,1,0
BRDA:868,52,0,0
BRDA:868,52,1,0
BRDA:887,53,0,0
BRDA:908,54,0,0
BRDA:908,54,1,0
BRDA:944,55,0,0
BRDA:963,56,0,0
BRDA:963,56,1,0
BRDA:965,57,0,0
BRDA:965,57,1,0
BRDA:985,58,0,0
BRDA:1006,59,0,0
BRDA:1006,59,1,0
BRF:93
BRH:0
end_of_record
TN:
SF:app\dashboard\layout.tsx
FN:4,Layout
FNF:1
FNH:0
FNDA:0,Layout
DA:2,0
DA:4,0
LF:2
LH:0
BRF:0
BRH:0
end_of_record
TN:
SF:app\dashboard\loading.tsx
FN:3,Loading
FNF:1
FNH:0
FNDA:0,Loading
DA:1,0
DA:3,0
LF:2
LH:0
BRF:0
BRH:0
end_of_record
TN:
SF:app\dashboard\page.tsx
FN:20,DashboardPage
FN:25,(anonymous_3)
FN:26,(anonymous_4)
FN:93,(anonymous_5)
FN:219,(anonymous_6)
FN:261,(anonymous_7)
FNF:6
FNH:0
FNDA:0,DashboardPage
FNDA:0,(anonymous_3)
FNDA:0,(anonymous_4)
FNDA:0,(anonymous_5)
FNDA:0,(anonymous_6)
FNDA:0,(anonymous_7)
DA:3,0
DA:4,0
DA:14,0
DA:15,0
DA:16,0
DA:17,0
DA:18,0
DA:20,0
DA:21,0
DA:22,0
DA:23,0
DA:25,0
DA:26,0
DA:28,0
DA:29,0
DA:30,0
DA:31,0
DA:37,0
DA:39,0
DA:40,0
DA:41,0
DA:42,0
DA:43,0
DA:44,0
DA:45,0
DA:46,0
DA:47,0
DA:48,0
DA:49,0
DA:50,0
DA:51,0
DA:52,0
DA:57,0
DA:61,0
DA:62,0
DA:65,0
DA:66,0
DA:67,0
DA:70,0
DA:71,0
DA:73,0
DA:77,0
DA:78,0
DA:79,0
DA:80,0
DA:82,0
DA:83,0
DA:85,0
DA:89,0
DA:93,0
DA:94,0
DA:95,0
DA:104,0
DA:116,0
DA:117,0
DA:118,0
DA:127,0
DA:131,0
DA:148,0
DA:151,0
DA:243,0
DA:262,0
LF:62
LH:0
BRDA:41,0,0,0
BRDA:42,1,0,0
BRDA:42,1,1,0
BRDA:42,2,0,0
BRDA:42,2,1,0
BRDA:44,3,0,0
BRDA:44,3,1,0
BRDA:44,4,0,0
BRDA:44,4,1,0
BRDA:46,5,0,0
BRDA:46,5,1,0
BRDA:46,6,0,0
BRDA:46,6,1,0
BRDA:48,7,0,0
BRDA:49,8,0,0
BRDA:49,8,1,0
BRDA:49,9,0,0
BRDA:49,9,1,0
BRDA:51,10,0,0
BRDA:51,11,0,0
BRDA:51,11,1,0
BRDA:61,12,0,0
BRDA:65,13,0,0
BRDA:107,14,0,0
BRDA:107,14,1,0
BRDA:107,15,0,0
BRDA:107,15,1,0
BRDA:116,16,0,0
BRDA:116,16,1,0
BRDA:120,17,0,0
BRDA:120,17,1,0
BRDA:120,18,0,0
BRDA:120,18,1,0
BRDA:134,19,0,0
BRDA:134,19,1,0
BRDA:134,20,0,0
BRDA:134,20,1,0
BRDA:141,21,0,0
BRDA:141,21,1,0
BRDA:141,22,0,0
BRDA:141,22,1,0
BRDA:222,23,0,0
BRDA:222,23,1,0
BRDA:231,24,0,0
BRDA:235,25,0,0
BRDA:235,25,1,0
BRDA:243,26,0,0
BRDA:243,26,1,0
BRF:48
BRH:0
end_of_record
TN:
SF:app\dashboard\analisis-pendientes\page.tsx
FN:31,AnalisisPendientesPage
FN:43,(anonymous_3)
FN:47,(anonymous_4)
FN:70,(anonymous_5)
FN:93,(anonymous_6)
FN:119,(anonymous_7)
FN:156,(anonymous_8)
FN:176,(anonymous_9)
FN:191,(anonymous_10)
FN:215,(anonymous_11)
FNF:10
FNH:0
FNDA:0,AnalisisPendientesPage
FNDA:0,(anonymous_3)
FNDA:0,(anonymous_4)
FNDA:0,(anonymous_5)
FNDA:0,(anonymous_6)
FNDA:0,(anonymous_7)
FNDA:0,(anonymous_8)
FNDA:0,(anonymous_9)
FNDA:0,(anonymous_10)
FNDA:0,(anonymous_11)
DA:3,0
DA:4,0
DA:5,0
DA:6,0
DA:7,0
DA:8,0
DA:9,0
DA:10,0
DA:11,0
DA:12,0
DA:13,0
DA:15,0
DA:23,0
DA:31,0
DA:32,0
DA:33,0
DA:34,0
DA:35,0
DA:36,0
DA:37,0
DA:38,0
DA:39,0
DA:40,0
DA:41,0
DA:43,0
DA:44,0
DA:47,0
DA:48,0
DA:49,0
DA:50,0
DA:51,0
DA:54,0
DA:56,0
DA:57,0
DA:58,0
DA:59,0
DA:60,0
DA:61,0
DA:63,0
DA:64,0
DA:66,0
DA:70,0
DA:71,0
DA:72,0
DA:73,0
DA:74,0
DA:77,0
DA:79,0
DA:80,0
DA:81,0
DA:82,0
DA:83,0
DA:84,0
DA:86,0
DA:87,0
DA:89,0
DA:93,0
DA:94,0
DA:97,0
DA:119,0
DA:156,0
DA:177,0
DA:191,0
DA:215,0
LF:64
LH:0
BRDA:70,0,0,0
BRDA:97,1,0,0
BRDA:134,2,0,0
BRDA:150,3,0,0
BRDA:184,4,0,0
BRDA:184,4,1,0
BRDA:185,5,0,0
BRDA:185,5,1,0
BRDA:207,6,0,0
BRF:9
BRH:0
end_of_record
TN:
SF:app\dashboard\analisis-por-aprobar\page.tsx
FN:42,AnalisisPorAprobarPage
FN:55,(anonymous_3)
FN:59,(anonymous_4)
FN:95,(anonymous_5)
FN:118,(anonymous_6)
FN:125,(anonymous_7)
FN:167,(anonymous_8)
FN:180,(anonymous_9)
FN:217,(anonymous_10)
FN:238,(anonymous_11)
FN:254,(anonymous_12)
FN:278,(anonymous_13)
FNF:12
FNH:0
FNDA:0,AnalisisPorAprobarPage
FNDA:0,(anonymous_3)
FNDA:0,(anonymous_4)
FNDA:0,(anonymous_5)
FNDA:0,(anonymous_6)
FNDA:0,(anonymous_7)
FNDA:0,(anonymous_8)
FNDA:0,(anonymous_9)
FNDA:0,(anonymous_10)
FNDA:0,(anonymous_11)
FNDA:0,(anonymous_12)
FNDA:0,(anonymous_13)
DA:3,0
DA:4,0
DA:5,0
DA:6,0
DA:7,0
DA:8,0
DA:9,0
DA:10,0
DA:11,0
DA:12,0
DA:13,0
DA:14,0
DA:15,0
DA:16,0
DA:18,0
DA:26,0
DA:34,0
DA:42,0
DA:43,0
DA:44,0
DA:45,0
DA:46,0
DA:47,0
DA:48,0
DA:49,0
DA:50,0
DA:51,0
DA:52,0
DA:53,0
DA:55,0
DA:56,0
DA:59,0
DA:60,0
DA:61,0
DA:62,0
DA:65,0
DA:66,0
DA:67,0
DA:69,0
DA:70,0
DA:71,0
DA:72,0
DA:76,0
DA:79,0
DA:81,0
DA:82,0
DA:83,0
DA:84,0
DA:85,0
DA:86,0
DA:88,0
DA:89,0
DA:91,0
DA:95,0
DA:96,0
DA:97,0
DA:98,0
DA:99,0
DA:102,0
DA:104,0
DA:105,0
DA:106,0
DA:107,0
DA:108,0
DA:109,0
DA:111,0
DA:112,0
DA:114,0
DA:118,0
DA:119,0
DA:120,0
DA:121,0
DA:125,0
DA:126,0
DA:127,0
DA:128,0
DA:130,0
DA:134,0
DA:152,0
DA:167,0
DA:180,0
DA:217,0
DA:239,0
DA:254,0
DA:278,0
LF:85
LH:0
BRDA:66,0,0,0
BRDA:66,0,1,0
BRDA:66,0,2,0
BRDA:66,0,3,0
BRDA:69,1,0,0
BRDA:95,2,0,0
BRDA:120,3,0,0
BRDA:126,4,0,0
BRDA:134,5,0,0
BRDA:152,6,0,0
BRDA:195,7,0,0
BRDA:211,8,0,0
BRDA:242,9,0,0
BRDA:242,9,1,0
BRDA:243,10,0,0
BRDA:243,10,1,0
BRDA:270,11,0,0
BRF:17
BRH:0
end_of_record
TN:
SF:app\forgot-password\page.tsx
FN:16,ForgotPasswordPage
FN:23,(anonymous_6)
FN:41,(anonymous_7)
FN:159,(anonymous_8)
FNF:4
FNH:0
FNDA:0,ForgotPasswordPage
FNDA:0,(anonymous_6)
FNDA:0,(anonymous_7)
FNDA:0,(anonymous_8)
DA:3,0
DA:4,0
DA:5,0
DA:6,0
DA:7,0
DA:8,0
DA:9,0
DA:10,0
DA:11,0
DA:12,0
DA:13,0
DA:14,0
DA:16,0
DA:17,0
DA:18,0
DA:19,0
DA:20,0
DA:21,0
DA:23,0
DA:24,0
DA:25,0
DA:26,0
DA:28,0
DA:29,0
DA:31,0
DA:33,0
DA:35,0
DA:41,0
DA:42,0
DA:46,0
DA:48,0
DA:50,0
DA:52,0
DA:53,0
DA:54,0
DA:55,0
DA:56,0
DA:57,0
DA:60,0
DA:62,0
DA:67,0
DA:159,0
LF:42
LH:0
BRDA:50,0,0,0
BRDA:50,0,1,0
BRDA:52,1,0,0
BRDA:52,1,1,0
BRDA:52,2,0,0
BRDA:52,2,1,0
BRDA:54,3,0,0
BRDA:54,3,1,0
BRDA:54,4,0,0
BRDA:54,4,1,0
BRDA:56,5,0,0
BRDA:82,6,0,0
BRDA:82,6,1,0
BRDA:85,7,0,0
BRDA:85,7,1,0
BRDA:95,8,0,0
BRDA:130,9,0,0
BRDA:172,10,0,0
BRDA:172,10,1,0
BRDA:175,11,0,0
BRF:20
BRH:0
end_of_record
TN:
SF:app\listado\layout.tsx
FN:4,ListadoLayout
FNF:1
FNH:0
FNDA:0,ListadoLayout
DA:2,0
DA:4,0
LF:2
LH:0
BRF:0
BRH:0
end_of_record
TN:
SF:app\listado\loading.tsx
FN:3,Loading
FNF:1
FNH:0
FNDA:0,Loading
DA:1,0
DA:3,0
LF:2
LH:0
BRF:0
BRH:0
end_of_record
TN:
SF:app\listado\page.tsx
FN:87,ListadoPage
FN:101,(anonymous_3)
FN:102,(anonymous_4)
FN:108,(anonymous_5)
FN:109,(anonymous_6)
FN:110,(anonymous_7)
FN:111,(anonymous_8)
FN:112,(anonymous_9)
FN:113,(anonymous_10)
FN:131,(anonymous_11)
FN:137,(anonymous_12)
FN:143,(anonymous_13)
FN:149,(anonymous_14)
FN:155,(anonymous_15)
FN:258,(anonymous_16)
FNF:15
FNH:0
FNDA:0,ListadoPage
FNDA:0,(anonymous_3)
FNDA:0,(anonymous_4)
FNDA:0,(anonymous_5)
FNDA:0,(anonymous_6)
FNDA:0,(anonymous_7)
FNDA:0,(anonymous_8)
FNDA:0,(anonymous_9)
FNDA:0,(anonymous_10)
FNDA:0,(anonymous_11)
FNDA:0,(anonymous_12)
FNDA:0,(anonymous_13)
FNDA:0,(anonymous_14)
FNDA:0,(anonymous_15)
FNDA:0,(anonymous_16)
DA:3,0
DA:4,0
DA:5,0
DA:6,0
DA:7,0
DA:8,0
DA:9,0
DA:10,0
DA:11,0
DA:12,0
DA:14,0
DA:87,0
DA:88,0
DA:89,0
DA:101,0
DA:102,0
DA:103,0
DA:104,0
DA:107,0
DA:108,0
DA:109,0
DA:110,0
DA:111,0
DA:112,0
DA:113,0
DA:117,0
DA:118,0
DA:119,0
DA:120,0
DA:121,0
DA:122,0
DA:124,0
DA:127,0
DA:128,0
DA:131,0
DA:132,0
DA:133,0
DA:137,0
DA:138,0
DA:139,0
DA:143,0
DA:144,0
DA:145,0
DA:149,0
DA:150,0
DA:151,0
DA:155,0
DA:156,0
DA:157,0
DA:160,0
DA:172,0
DA:174,0
DA:178,0
DA:259,0
DA:262,0
DA:263,0
DA:264,0
DA:266,0
DA:267,0
DA:269,0
DA:270,0
DA:272,0
DA:273,0
DA:275,0
DA:276,0
DA:278,0
DA:279,0
DA:281,0
DA:282,0
DA:284,0
DA:285,0
DA:289,0
LF:72
LH:0
BRDA:117,0,0,0
BRDA:117,0,1,0
BRDA:118,1,0,0
BRDA:118,1,1,0
BRDA:119,2,0,0
BRDA:119,2,1,0
BRDA:120,3,0,0
BRDA:120,3,1,0
BRDA:121,4,0,0
BRDA:121,4,1,0
BRDA:122,5,0,0
BRDA:122,5,1,0
BRDA:132,6,0,0
BRDA:132,6,1,0
BRDA:132,7,0,0
BRDA:132,7,1,0
BRDA:133,8,0,0
BRDA:133,9,0,0
BRDA:133,9,1,0
BRDA:138,10,0,0
BRDA:138,10,1,0
BRDA:138,11,0,0
BRDA:138,11,1,0
BRDA:139,12,0,0
BRDA:139,13,0,0
BRDA:139,13,1,0
BRDA:144,14,0,0
BRDA:144,14,1,0
BRDA:144,15,0,0
BRDA:144,15,1,0
BRDA:145,16,0,0
BRDA:145,17,0,0
BRDA:145,17,1,0
BRDA:150,18,0,0
BRDA:150,18,1,0
BRDA:150,19,0,0
BRDA:150,19,1,0
BRDA:151,20,0,0
BRDA:151,21,0,0
BRDA:151,21,1,0
BRDA:156,22,0,0
BRDA:156,22,1,0
BRDA:156,23,0,0
BRDA:156,23,1,0
BRDA:157,24,0,0
BRDA:157,25,0,0
BRDA:157,25,1,0
BRDA:198,26,0,0
BRDA:213,27,0,0
BRDA:228,28,0,0
BRDA:243,29,0,0
BRDA:263,30,0,0
BRDA:264,31,0,0
BRDA:264,31,1,0
BRDA:264,31,2,0
BRDA:264,31,3,0
BRDA:264,31,4,0
BRDA:264,31,5,0
BRDA:264,31,6,0
BRDA:304,32,0,0
BRF:60
BRH:0
end_of_record
TN:
SF:app\listado\analisis\dosn\loading.tsx
FN:1,Loading
FNF:1
FNH:0
FNDA:0,Loading
DA:1,0
DA:2,0
LF:2
LH:0
BRF:0
BRH:0
end_of_record
TN:
SF:app\listado\analisis\dosn\page.tsx
FN:34,ListadoDOSNPage
FN:47,(anonymous_3)
FN:54,(anonymous_4)
FN:63,(anonymous_5)
FN:68,(anonymous_6)
FN:100,(anonymous_7)
FN:112,(anonymous_8)
FN:126,(anonymous_9)
FN:127,(anonymous_10)
FN:128,(anonymous_11)
FN:132,(anonymous_12)
FN:148,(anonymous_13)
FN:165,(anonymous_14)
FN:262,(anonymous_15)
FN:273,(anonymous_16)
FN:297,(anonymous_17)
FN:349,(anonymous_18)
FN:395,(anonymous_19)
FN:405,(anonymous_20)
FN:433,(anonymous_21)
FNF:20
FNH:0
FNDA:0,ListadoDOSNPage
FNDA:0,(anonymous_3)
FNDA:0,(anonymous_4)
FNDA:0,(anonymous_5)
FNDA:0,(anonymous_6)
FNDA:0,(anonymous_7)
FNDA:0,(anonymous_8)
FNDA:0,(anonymous_9)
FNDA:0,(anonymous_10)
FNDA:0,(anonymous_11)
FNDA:0,(anonymous_12)
FNDA:0,(anonymous_13)
FNDA:0,(anonymous_14)
FNDA:0,(anonymous_15)
FNDA:0,(anonymous_16)
FNDA:0,(anonymous_17)
FNDA:0,(anonymous_18)
FNDA:0,(anonymous_19)
FNDA:0,(anonymous_20)
FNDA:0,(anonymous_21)
DA:3,0
DA:4,0
DA:5,0
DA:6,0
DA:7,0
DA:8,0
DA:9,0
DA:10,0
DA:11,0
DA:12,0
DA:13,0
DA:15,0
DA:16,0
DA:17,0
DA:34,0
DA:35,0
DA:36,0
DA:37,0
DA:38,0
DA:39,0
DA:40,0
DA:41,0
DA:42,0
DA:43,0
DA:44,0
DA:45,0
DA:48,0
DA:49,0
DA:54,0
DA:55,0
DA:56,0
DA:57,0
DA:58,0
DA:63,0
DA:64,0
DA:65,0
DA:68,0
DA:69,0
DA:70,0
DA:72,0
DA:74,0
DA:82,0
DA:85,0
DA:87,0
DA:88,0
DA:89,0
DA:90,0
DA:92,0
DA:93,0
DA:95,0
DA:100,0
DA:101,0
DA:102,0
DA:103,0
DA:104,0
DA:105,0
DA:107,0
DA:108,0
DA:112,0
DA:113,0
DA:114,0
DA:115,0
DA:116,0
DA:118,0
DA:119,0
DA:124,0
DA:125,0
DA:126,0
DA:127,0
DA:128,0
DA:129,0
DA:132,0
DA:133,0
DA:135,0
DA:138,0
DA:140,0
DA:142,0
DA:144,0
DA:148,0
DA:149,0
DA:151,0
DA:153,0
DA:155,0
DA:157,0
DA:159,0
DA:161,0
DA:165,0
DA:166,0
DA:167,0
DA:168,0
DA:169,0
DA:170,0
DA:171,0
DA:263,0
DA:264,0
DA:273,0
DA:297,0
DA:350,0
DA:395,0
DA:405,0
DA:433,0
LF:101
LH:0
BRDA:55,0,0,0
BRDA:68,1,0,0
BRDA:72,2,0,0
BRDA:72,2,1,0
BRDA:79,3,0,0
BRDA:79,3,1,0
BRDA:101,4,0,0
BRDA:127,5,0,0
BRDA:127,5,1,0
BRDA:129,6,0,0
BRDA:129,6,1,0
BRDA:133,7,0,0
BRDA:133,7,1,0
BRDA:133,7,2,0
BRDA:133,7,3,0
BRDA:133,7,4,0
BRDA:133,7,5,0
BRDA:149,8,0,0
BRDA:149,8,1,0
BRDA:149,8,2,0
BRDA:149,8,3,0
BRDA:149,8,4,0
BRDA:149,8,5,0
BRDA:166,9,0,0
BRDA:330,10,0,0
BRDA:330,10,1,0
BRDA:339,11,0,0
BRDA:339,11,1,0
BRDA:355,12,0,0
BRDA:355,12,1,0
BRDA:358,13,0,0
BRDA:358,13,1,0
BRDA:367,14,0,0
BRDA:368,15,0,0
BRDA:368,15,1,0
BRDA:371,16,0,0
BRDA:371,16,1,0
BRDA:389,17,0,0
BRDA:389,17,1,0
BRDA:390,18,0,0
BRDA:390,18,1,0
BRDA:424,19,0,0
BRF:42
BRH:0
end_of_record
TN:
SF:app\listado\analisis\dosn\[id]\loading.tsx
FN:1,Loading
FN:26,(anonymous_2)
FN:36,(anonymous_3)
FN:40,(anonymous_4)
FN:57,(anonymous_5)
FN:67,(anonymous_6)
FNF:6
FNH:0
FNDA:0,Loading
FNDA:0,(anonymous_2)
FNDA:0,(anonymous_3)
FNDA:0,(anonymous_4)
FNDA:0,(anonymous_5)
FNDA:0,(anonymous_6)
DA:1,0
DA:27,0
DA:37,0
DA:41,0
DA:58,0
DA:68,0
LF:6
LH:0
BRF:0
BRH:0
end_of_record
TN:
SF:app\listado\analisis\dosn\[id]\page.tsx
FN:30,(anonymous_5)
FN:48,(anonymous_6)
FN:66,(anonymous_7)
FN:94,DosnDetailPage
FN:102,(anonymous_9)
FN:103,(anonymous_10)
FN:121,(anonymous_11)
FN:136,(anonymous_12)
FN:139,(anonymous_13)
FN:381,(anonymous_14)
FN:457,(anonymous_15)
FNF:11
FNH:0
FNDA:0,(anonymous_5)
FNDA:0,(anonymous_6)
FNDA:0,(anonymous_7)
FNDA:0,DosnDetailPage
FNDA:0,(anonymous_9)
FNDA:0,(anonymous_10)
FNDA:0,(anonymous_11)
FNDA:0,(anonymous_12)
FNDA:0,(anonymous_13)
FNDA:0,(anonymous_14)
FNDA:0,(anonymous_15)
DA:3,0
DA:4,0
DA:5,0
DA:6,0
DA:7,0
DA:16,0
DA:17,0
DA:18,0
DA:19,0
DA:22,0
DA:24,0
DA:25,0
DA:26,0
DA:30,0
DA:31,0
DA:33,0
DA:35,0
DA:37,0
DA:39,0
DA:41,0
DA:43,0
DA:48,0
DA:49,0
DA:51,0
DA:53,0
DA:55,0
DA:57,0
DA:59,0
DA:61,0
DA:66,0
DA:67,0
DA:69,0
DA:71,0
DA:72,0
DA:73,0
DA:74,0
DA:82,0
DA:83,0
DA:89,0
DA:90,0
DA:94,0
DA:95,0
DA:96,0
DA:97,0
DA:98,0
DA:99,0
DA:100,0
DA:102,0
DA:103,0
DA:104,0
DA:105,0
DA:106,0
DA:107,0
DA:109,0
DA:110,0
DA:112,0
DA:116,0
DA:117,0
DA:121,0
DA:122,0
DA:124,0
DA:126,0
DA:128,0
DA:130,0
DA:132,0
DA:136,0
DA:137,0
DA:138,0
DA:140,0
DA:142,0
DA:144,0
DA:146,0
DA:148,0
DA:150,0
DA:156,0
DA:171,0
DA:382,0
DA:384,0
DA:458,0
LF:79
LH:0
BRDA:31,0,0,0
BRDA:31,0,1,0
BRDA:31,0,2,0
BRDA:31,0,3,0
BRDA:31,0,4,0
BRDA:31,0,5,0
BRDA:49,1,0,0
BRDA:49,1,1,0
BRDA:49,1,2,0
BRDA:49,1,3,0
BRDA:49,1,4,0
BRDA:49,1,5,0
BRDA:67,2,0,0
BRDA:71,3,0,0
BRDA:116,4,0,0
BRDA:122,5,0,0
BRDA:122,5,1,0
BRDA:122,5,2,0
BRDA:122,5,3,0
BRDA:122,5,4,0
BRDA:137,6,0,0
BRDA:137,7,0,0
BRDA:137,7,1,0
BRDA:140,8,0,0
BRDA:140,8,1,0
BRDA:140,8,2,0
BRDA:140,8,3,0
BRDA:140,8,4,0
BRDA:156,9,0,0
BRDA:171,10,0,0
BRDA:171,11,0,0
BRDA:171,11,1,0
BRDA:180,12,0,0
BRDA:180,12,1,0
BRDA:222,13,0,0
BRDA:222,13,1,0
BRDA:275,14,0,0
BRDA:275,14,1,0
BRDA:275,14,2,0
BRDA:287,15,0,0
BRDA:297,16,0,0
BRDA:305,17,0,0
BRDA:330,18,0,0
BRDA:329,19,0,0
BRDA:329,19,1,0
BRDA:329,19,2,0
BRDA:329,19,3,0
BRDA:335,20,0,0
BRDA:345,21,0,0
BRDA:353,22,0,0
BRDA:353,22,1,0
BRDA:366,23,0,0
BRDA:366,23,1,0
BRDA:375,24,0,0
BRDA:375,24,1,0
BRDA:382,25,0,0
BRDA:382,25,1,0
BRDA:382,25,2,0
BRDA:382,25,3,0
BRDA:392,26,0,0
BRDA:397,27,0,0
BRDA:407,28,0,0
BRDA:413,29,0,0
BRDA:419,30,0,0
BRDA:419,30,1,0
BRDA:419,30,2,0
BRDA:425,31,0,0
BRDA:425,31,1,0
BRDA:425,31,2,0
BRDA:385,32,0,0
BRDA:385,32,1,0
BRDA:442,33,0,0
BRDA:442,33,1,0
BRDA:469,34,0,0
BRDA:476,35,0,0
BRDA:475,36,0,0
BRDA:475,36,1,0
BRDA:475,36,2,0
BRDA:488,37,0,0
BRDA:487,38,0,0
BRDA:487,38,1,0
BRDA:487,38,2,0
BRDA:497,39,0,0
BRDA:497,39,1,0
BRDA:497,39,2,0
BRDA:500,40,0,0
BRDA:505,41,0,0
BRDA:519,42,0,0
BRDA:544,43,0,0
BRDA:544,43,1,0
BRF:90
BRH:0
end_of_record
TN:
SF:app\listado\analisis\dosn\[id]\editar\loading.tsx
FN:1,Loading
FN:23,(anonymous_2)
FN:37,(anonymous_3)
FN:44,(anonymous_4)
FN:55,(anonymous_5)
FNF:5
FNH:0
FNDA:0,Loading
FNDA:0,(anonymous_2)
FNDA:0,(anonymous_3)
FNDA:0,(anonymous_4)
FNDA:0,(anonymous_5)
DA:1,0
DA:24,0
DA:38,0
DA:45,0
DA:56,0
LF:5
LH:0
BRF:0
BRH:0
end_of_record
TN:
SF:app\listado\analisis\dosn\[id]\editar\page.tsx
FN:33,(anonymous_5)
FN:51,(anonymous_6)
FN:68,EditarDosnPage
FN:105,(anonymous_8)
FN:106,(anonymous_9)
FN:120,(anonymous_10)
FN:123,(anonymous_11)
FN:126,(anonymous_12)
FN:178,(anonymous_13)
FN:207,(anonymous_14)
FN:216,(anonymous_15)
FN:248,(anonymous_16)
FN:249,(anonymous_17)
FN:255,(anonymous_18)
FN:257,(anonymous_19)
FN:259,(anonymous_20)
FN:263,(anonymous_21)
FN:264,(anonymous_22)
FN:270,(anonymous_23)
FN:271,(anonymous_24)
FN:273,(anonymous_25)
FN:277,(anonymous_26)
FN:278,(anonymous_27)
FN:293,(anonymous_28)
FN:294,(anonymous_29)
FN:296,(anonymous_30)
FN:300,(anonymous_31)
FN:301,(anonymous_32)
FN:320,(anonymous_33)
FN:324,(anonymous_34)
FN:328,(anonymous_35)
FN:336,(anonymous_36)
FN:341,(anonymous_37)
FN:368,(anonymous_38)
FN:389,(anonymous_39)
FN:422,(anonymous_40)
FN:423,(anonymous_41)
FN:430,(anonymous_42)
FN:453,(anonymous_43)
FN:470,(anonymous_44)
FN:489,(anonymous_45)
FN:508,(anonymous_46)
FN:562,(anonymous_47)
FN:581,(anonymous_48)
FN:618,(anonymous_49)
FN:647,(anonymous_50)
FN:687,(anonymous_51)
FN:705,(anonymous_52)
FN:735,(anonymous_53)
FN:744,(anonymous_54)
FN:782,(anonymous_55)
FN:797,(anonymous_56)
FN:821,(anonymous_57)
FN:829,(anonymous_58)
FN:868,(anonymous_59)
FN:876,(anonymous_60)
FN:889,(anonymous_61)
FN:904,(anonymous_62)
FN:922,(anonymous_63)
FN:945,(anonymous_64)
FN:975,(anonymous_65)
FN:993,(anonymous_66)
FN:994,(anonymous_67)
FN:1033,(anonymous_68)
FN:1034,(anonymous_69)
FN:1052,(anonymous_70)
FN:1063,(anonymous_71)
FN:1073,(anonymous_72)
FN:1087,(anonymous_73)
FN:1087,(anonymous_74)
FN:1105,(anonymous_75)
FN:1106,(anonymous_76)
FN:1120,(anonymous_77)
FN:1136,(anonymous_78)
FN:1137,(anonymous_79)
FN:1176,(anonymous_80)
FN:1215,(anonymous_81)
FN:1272,(anonymous_82)
FN:1297,(anonymous_83)
FN:1302,(anonymous_84)
FN:1307,(anonymous_85)
FN:1313,(anonymous_86)
FNF:82
FNH:0
FNDA:0,(anonymous_5)
FNDA:0,(anonymous_6)
FNDA:0,EditarDosnPage
FNDA:0,(anonymous_8)
FNDA:0,(anonymous_9)
FNDA:0,(anonymous_10)
FNDA:0,(anonymous_11)
FNDA:0,(anonymous_12)
FNDA:0,(anonymous_13)
FNDA:0,(anonymous_14)
FNDA:0,(anonymous_15)
FNDA:0,(anonymous_16)
FNDA:0,(anonymous_17)
FNDA:0,(anonymous_18)
FNDA:0,(anonymous_19)
FNDA:0,(anonymous_20)
FNDA:0,(anonymous_21)
FNDA:0,(anonymous_22)
FNDA:0,(anonymous_23)
FNDA:0,(anonymous_24)
FNDA:0,(anonymous_25)
FNDA:0,(anonymous_26)
FNDA:0,(anonymous_27)
FNDA:0,(anonymous_28)
FNDA:0,(anonymous_29)
FNDA:0,(anonymous_30)
FNDA:0,(anonymous_31)
FNDA:0,(anonymous_32)
FNDA:0,(anonymous_33)
FNDA:0,(anonymous_34)
FNDA:0,(anonymous_35)
FNDA:0,(anonymous_36)
FNDA:0,(anonymous_37)
FNDA:0,(anonymous_38)
FNDA:0,(anonymous_39)
FNDA:0,(anonymous_40)
FNDA:0,(anonymous_41)
FNDA:0,(anonymous_42)
FNDA:0,(anonymous_43)
FNDA:0,(anonymous_44)
FNDA:0,(anonymous_45)
FNDA:0,(anonymous_46)
FNDA:0,(anonymous_47)
FNDA:0,(anonymous_48)
FNDA:0,(anonymous_49)
FNDA:0,(anonymous_50)
FNDA:0,(anonymous_51)
FNDA:0,(anonymous_52)
FNDA:0,(anonymous_53)
FNDA:0,(anonymous_54)
FNDA:0,(anonymous_55)
FNDA:0,(anonymous_56)
FNDA:0,(anonymous_57)
FNDA:0,(anonymous_58)
FNDA:0,(anonymous_59)
FNDA:0,(anonymous_60)
FNDA:0,(anonymous_61)
FNDA:0,(anonymous_62)
FNDA:0,(anonymous_63)
FNDA:0,(anonymous_64)
FNDA:0,(anonymous_65)
FNDA:0,(anonymous_66)
FNDA:0,(anonymous_67)
FNDA:0,(anonymous_68)
FNDA:0,(anonymous_69)
FNDA:0,(anonymous_70)
FNDA:0,(anonymous_71)
FNDA:0,(anonymous_72)
FNDA:0,(anonymous_73)
FNDA:0,(anonymous_74)
FNDA:0,(anonymous_75)
FNDA:0,(anonymous_76)
FNDA:0,(anonymous_77)
FNDA:0,(anonymous_78)
FNDA:0,(anonymous_79)
FNDA:0,(anonymous_80)
FNDA:0,(anonymous_81)
FNDA:0,(anonymous_82)
FNDA:0,(anonymous_83)
FNDA:0,(anonymous_84)
FNDA:0,(anonymous_85)
FNDA:0,(anonymous_86)
DA:3,0
DA:4,0
DA:5,0
DA:6,0
DA:7,0
DA:8,0
DA:9,0
DA:10,0
DA:11,0
DA:12,0
DA:13,0
DA:14,0
DA:15,0
DA:23,0
DA:24,0
DA:25,0
DA:27,0
DA:28,0
DA:29,0
DA:30,0
DA:33,0
DA:34,0
DA:36,0
DA:38,0
DA:40,0
DA:42,0
DA:44,0
DA:46,0
DA:51,0
DA:52,0
DA:54,0
DA:56,0
DA:58,0
DA:60,0
DA:62,0
DA:64,0
DA:68,0
DA:69,0
DA:70,0
DA:71,0
DA:73,0
DA:74,0
DA:75,0
DA:76,0
DA:77,0
DA:78,0
DA:79,0
DA:82,0
DA:83,0
DA:92,0
DA:105,0
DA:106,0
DA:107,0
DA:108,0
DA:109,0
DA:111,0
DA:112,0
DA:115,0
DA:116,0
DA:117,0
DA:118,0
DA:120,0
DA:123,0
DA:124,0
DA:125,0
DA:126,0
DA:129,0
DA:131,0
DA:132,0
DA:133,0
DA:137,0
DA:138,0
DA:139,0
DA:140,0
DA:143,0
DA:144,0
DA:145,0
DA:146,0
DA:147,0
DA:148,0
DA:150,0
DA:151,0
DA:153,0
DA:154,0
DA:156,0
DA:158,0
DA:159,0
DA:162,0
DA:163,0
DA:166,0
DA:167,0
DA:168,0
DA:169,0
DA:170,0
DA:172,0
DA:173,0
DA:178,0
DA:179,0
DA:180,0
DA:182,0
DA:183,0
DA:186,0
DA:187,0
DA:188,0
DA:189,0
DA:190,0
DA:192,0
DA:193,0
DA:198,0
DA:207,0
DA:216,0
DA:229,0
DA:230,0
DA:232,0
DA:233,0
DA:234,0
DA:236,0
DA:240,0
DA:241,0
DA:243,0
DA:244,0
DA:248,0
DA:249,0
DA:255,0
DA:256,0
DA:257,0
DA:259,0
DA:263,0
DA:264,0
DA:270,0
DA:271,0
DA:273,0
DA:277,0
DA:278,0
DA:293,0
DA:294,0
DA:296,0
DA:300,0
DA:301,0
DA:302,0
DA:305,0
DA:306,0
DA:313,0
DA:316,0
DA:320,0
DA:321,0
DA:324,0
DA:325,0
DA:328,0
DA:329,0
DA:330,0
DA:331,0
DA:332,0
DA:333,0
DA:336,0
DA:337,0
DA:338,0
DA:341,0
DA:342,0
DA:346,0
DA:347,0
DA:350,0
DA:351,0
DA:354,0
DA:355,0
DA:359,0
DA:360,0
DA:362,0
DA:363,0
DA:367,0
DA:368,0
DA:369,0
DA:370,0
DA:375,0
DA:376,0
DA:380,0
DA:381,0
DA:382,0
DA:385,0
DA:386,0
DA:389,0
DA:390,0
DA:391,0
DA:393,0
DA:394,0
DA:395,0
DA:396,0
DA:399,0
DA:401,0
DA:402,0
DA:406,0
DA:407,0
DA:408,0
DA:409,0
DA:411,0
DA:422,0
DA:423,0
DA:430,0
DA:439,0
DA:441,0
DA:442,0
DA:443,0
DA:445,0
DA:446,0
DA:448,0
DA:453,0
DA:454,0
DA:456,0
DA:457,0
DA:458,0
DA:459,0
DA:460,0
DA:462,0
DA:463,0
DA:470,0
DA:471,0
DA:473,0
DA:474,0
DA:475,0
DA:476,0
DA:478,0
DA:479,0
DA:481,0
DA:482,0
DA:489,0
DA:490,0
DA:492,0
DA:493,0
DA:494,0
DA:495,0
DA:497,0
DA:498,0
DA:500,0
DA:501,0
DA:508,0
DA:509,0
DA:511,0
DA:512,0
DA:514,0
DA:515,0
DA:516,0
DA:518,0
DA:519,0
DA:525,0
DA:539,0
DA:562,0
DA:581,0
DA:618,0
DA:647,0
DA:687,0
DA:706,0
DA:736,0
DA:744,0
DA:782,0
DA:798,0
DA:822,0
DA:829,0
DA:869,0
DA:876,0
DA:889,0
DA:904,0
DA:923,0
DA:946,0
DA:975,0
DA:994,0
DA:1034,0
DA:1053,0
DA:1064,0
DA:1087,0
DA:1106,0
DA:1122,0
DA:1123,0
DA:1127,0
DA:1131,0
DA:1133,0
DA:1136,0
DA:1137,0
DA:1140,0
DA:1156,0
DA:1163,0
DA:1164,0
DA:1166,0
DA:1177,0
DA:1178,0
DA:1216,0
DA:1273,0
DA:1274,0
DA:1298,0
DA:1299,0
DA:1300,0
DA:1303,0
DA:1304,0
DA:1305,0
DA:1309,0
DA:1310,0
DA:1311,0
DA:1314,0
DA:1315,0
DA:1316,0
LF:299
LH:0
BRDA:34,0,0,0
BRDA:34,0,1,0
BRDA:34,0,2,0
BRDA:34,0,3,0
BRDA:34,0,4,0
BRDA:34,0,5,0
BRDA:52,1,0,0
BRDA:52,1,1,0
BRDA:52,1,2,0
BRDA:52,1,3,0
BRDA:52,1,4,0
BRDA:52,1,5,0
BRDA:124,2,0,0
BRDA:150,3,0,0
BRDA:150,3,1,0
BRDA:153,4,0,0
BRDA:179,5,0,0
BRDA:182,6,0,0
BRDA:199,7,0,0
BRDA:199,7,1,0
BRDA:200,8,0,0
BRDA:200,8,1,0
BRDA:202,9,0,0
BRDA:202,9,1,0
BRDA:203,10,0,0
BRDA:203,10,1,0
BRDA:205,11,0,0
BRDA:205,11,1,0
BRDA:206,12,0,0
BRDA:206,12,1,0
BRDA:207,13,0,0
BRDA:207,13,1,0
BRDA:209,14,0,0
BRDA:209,14,1,0
BRDA:209,14,2,0
BRDA:209,14,3,0
BRDA:211,15,0,0
BRDA:211,15,1,0
BRDA:212,16,0,0
BRDA:212,16,1,0
BRDA:216,17,0,0
BRDA:216,17,1,0
BRDA:220,18,0,0
BRDA:220,18,1,0
BRDA:221,19,0,0
BRDA:221,19,1,0
BRDA:222,20,0,0
BRDA:222,20,1,0
BRDA:223,21,0,0
BRDA:223,21,1,0
BRDA:224,22,0,0
BRDA:224,22,1,0
BRDA:225,23,0,0
BRDA:225,23,1,0
BRDA:233,24,0,0
BRDA:233,24,1,0
BRDA:240,25,0,0
BRDA:240,25,1,0
BRDA:240,26,0,0
BRDA:240,26,1,0
BRDA:240,26,2,0
BRDA:256,27,0,0
BRDA:256,27,1,0
BRDA:259,28,0,0
BRDA:259,28,1,0
BRDA:305,29,0,0
BRDA:305,29,1,0
BRDA:305,30,0,0
BRDA:305,30,1,0
BRDA:321,31,0,0
BRDA:329,32,0,0
BRDA:333,33,0,0
BRDA:333,33,1,0
BRDA:338,34,0,0
BRDA:338,34,1,0
BRDA:342,35,0,0
BRDA:342,35,1,0
BRDA:346,36,0,0
BRDA:350,37,0,0
BRDA:354,38,0,0
BRDA:359,39,0,0
BRDA:359,40,0,0
BRDA:359,40,1,0
BRDA:362,41,0,0
BRDA:362,42,0,0
BRDA:362,42,1,0
BRDA:367,43,0,0
BRDA:367,44,0,0
BRDA:367,44,1,0
BRDA:369,45,0,0
BRDA:369,46,0,0
BRDA:369,46,1,0
BRDA:380,47,0,0
BRDA:390,48,0,0
BRDA:394,49,0,0
BRDA:412,50,0,0
BRDA:412,50,1,0
BRDA:416,51,0,0
BRDA:416,51,1,0
BRDA:419,52,0,0
BRDA:419,52,1,0
BRDA:426,53,0,0
BRDA:426,53,1,0
BRDA:427,54,0,0
BRDA:427,54,1,0
BRDA:428,55,0,0
BRDA:428,55,1,0
BRDA:434,56,0,0
BRDA:434,56,1,0
BRDA:435,57,0,0
BRDA:435,57,1,0
BRDA:454,58,0,0
BRDA:464,59,0,0
BRDA:464,59,1,0
BRDA:471,60,0,0
BRDA:483,61,0,0
BRDA:483,61,1,0
BRDA:490,62,0,0
BRDA:502,63,0,0
BRDA:502,63,1,0
BRDA:509,64,0,0
BRDA:520,65,0,0
BRDA:520,65,1,0
BRDA:525,66,0,0
BRDA:539,67,0,0
BRDA:539,68,0,0
BRDA:539,68,1,0
BRDA:578,69,0,0
BRDA:578,69,1,0
BRDA:621,70,0,0
BRDA:621,70,1,0
BRDA:688,71,0,0
BRDA:688,71,1,0
BRDA:690,72,0,0
BRDA:704,73,0,0
BRDA:704,73,1,0
BRDA:708,74,0,0
BRDA:708,74,1,0
BRDA:708,75,0,0
BRDA:708,75,1,0
BRDA:714,76,0,0
BRDA:714,76,1,0
BRDA:720,77,0,0
BRDA:729,78,0,0
BRDA:729,78,1,0
BRDA:738,79,0,0
BRDA:738,79,1,0
BRDA:747,80,0,0
BRDA:747,80,1,0
BRDA:752,81,0,0
BRDA:796,82,0,0
BRDA:796,82,1,0
BRDA:800,83,0,0
BRDA:800,83,1,0
BRDA:800,84,0,0
BRDA:800,84,1,0
BRDA:832,85,0,0
BRDA:832,85,1,0
BRDA:862,86,0,0
BRDA:862,86,1,0
BRDA:873,87,0,0
BRDA:873,87,1,0
BRDA:888,88,0,0
BRDA:888,88,1,0
BRDA:903,89,0,0
BRDA:903,89,1,0
BRDA:921,90,0,0
BRDA:921,90,1,0
BRDA:926,91,0,0
BRDA:926,91,1,0
BRDA:926,92,0,0
BRDA:926,92,1,0
BRDA:944,93,0,0
BRDA:944,93,1,0
BRDA:949,94,0,0
BRDA:949,94,1,0
BRDA:949,95,0,0
BRDA:949,95,1,0
BRDA:982,96,0,0
BRDA:1018,97,0,0
BRDA:1021,98,0,0
BRDA:1029,99,0,0
BRDA:1029,99,1,0
BRDA:1036,100,0,0
BRDA:1036,100,1,0
BRDA:1046,101,0,0
BRDA:1046,101,1,0
BRDA:1047,102,0,0
BRDA:1047,102,1,0
BRDA:1058,103,0,0
BRDA:1058,103,1,0
BRDA:1073,104,0,0
BRDA:1073,104,1,0
BRDA:1073,104,2,0
BRDA:1104,105,0,0
BRDA:1104,105,1,0
BRDA:1108,106,0,0
BRDA:1108,106,1,0
BRDA:1108,107,0,0
BRDA:1108,107,1,0
BRDA:1127,108,0,0
BRDA:1127,108,1,0
BRDA:1127,108,2,0
BRDA:1127,108,3,0
BRDA:1129,109,0,0
BRDA:1129,109,1,0
BRDA:1131,110,0,0
BRDA:1131,110,1,0
BRDA:1133,111,0,0
BRDA:1133,111,1,0
BRDA:1135,112,0,0
BRDA:1135,112,1,0
BRDA:1143,113,0,0
BRDA:1143,113,1,0
BRDA:1143,114,0,0
BRDA:1143,114,1,0
BRDA:1146,115,0,0
BRDA:1146,115,1,0
BRDA:1148,116,0,0
BRDA:1148,116,1,0
BRDA:1149,117,0,0
BRDA:1149,117,1,0
BRDA:1150,118,0,0
BRDA:1150,118,1,0
BRDA:1151,119,0,0
BRDA:1151,119,1,0
BRDA:1151,120,0,0
BRDA:1151,120,1,0
BRDA:1152,121,0,0
BRDA:1152,121,1,0
BRDA:1152,122,0,0
BRDA:1152,122,1,0
BRDA:1197,123,0,0
BRDA:1219,124,0,0
BRDA:1231,125,0,0
BRDA:1235,126,0,0
BRDA:1234,127,0,0
BRDA:1234,127,1,0
BRDA:1234,127,2,0
BRDA:1247,128,0,0
BRDA:1246,129,0,0
BRDA:1246,129,1,0
BRDA:1246,129,2,0
BRDA:1253,130,0,0
BRDA:1253,130,1,0
BRDA:1253,130,2,0
BRDA:1256,131,0,0
BRDA:1256,131,1,0
BRDA:1268,132,0,0
BRDA:1268,132,1,0
BRDA:1296,133,0,0
BRDA:1296,133,1,0
BRF:252
BRH:0
end_of_record
TN:
SF:app\listado\analisis\germinacion\loading.tsx
FN:1,Loading
FNF:1
FNH:0
FNDA:0,Loading
DA:1,0
LF:1
LH:0
BRF:0
BRH:0
end_of_record
TN:
SF:app\listado\analisis\germinacion\page.tsx
FN:19,(anonymous_2)
FN:47,(anonymous_3)
FN:65,ListadoGerminacionPage
FN:80,(anonymous_5)
FN:87,(anonymous_6)
FN:96,(anonymous_7)
FN:101,(anonymous_8)
FN:140,(anonymous_9)
FN:152,(anonymous_10)
FN:167,(anonymous_11)
FN:168,(anonymous_12)
FN:169,(anonymous_13)
FN:170,(anonymous_14)
FN:172,(anonymous_15)
FN:188,(anonymous_16)
FN:205,(anonymous_17)
FN:292,(anonymous_18)
FN:303,(anonymous_19)
FN:315,(anonymous_20)
FN:327,(anonymous_21)
FN:376,(anonymous_22)
FN:435,(anonymous_23)
FN:445,(anonymous_24)
FN:473,(anonymous_25)
FNF:24
FNH:0
FNDA:0,(anonymous_2)
FNDA:0,(anonymous_3)
FNDA:0,ListadoGerminacionPage
FNDA:0,(anonymous_5)
FNDA:0,(anonymous_6)
FNDA:0,(anonymous_7)
FNDA:0,(anonymous_8)
FNDA:0,(anonymous_9)
FNDA:0,(anonymous_10)
FNDA:0,(anonymous_11)
FNDA:0,(anonymous_12)
FNDA:0,(anonymous_13)
FNDA:0,(anonymous_14)
FNDA:0,(anonymous_15)
FNDA:0,(anonymous_16)
FNDA:0,(anonymous_17)
FNDA:0,(anonymous_18)
FNDA:0,(anonymous_19)
FNDA:0,(anonymous_20)
FNDA:0,(anonymous_21)
FNDA:0,(anonymous_22)
FNDA:0,(anonymous_23)
FNDA:0,(anonymous_24)
FNDA:0,(anonymous_25)
DA:3,0
DA:4,0
DA:5,0
DA:6,0
DA:7,0
DA:8,0
DA:9,0
DA:10,0
DA:11,0
DA:13,0
DA:14,0
DA:15,0
DA:16,0
DA:19,0
DA:20,0
DA:22,0
DA:24,0
DA:25,0
DA:26,0
DA:27,0
DA:35,0
DA:36,0
DA:42,0
DA:43,0
DA:47,0
DA:48,0
DA:50,0
DA:51,0
DA:52,0
DA:60,0
DA:61,0
DA:65,0
DA:66,0
DA:67,0
DA:68,0
DA:69,0
DA:70,0
DA:71,0
DA:72,0
DA:73,0
DA:74,0
DA:75,0
DA:76,0
DA:77,0
DA:78,0
DA:81,0
DA:82,0
DA:87,0
DA:88,0
DA:89,0
DA:90,0
DA:91,0
DA:96,0
DA:97,0
DA:98,0
DA:101,0
DA:102,0
DA:103,0
DA:105,0
DA:107,0
DA:117,0
DA:120,0
DA:121,0
DA:122,0
DA:125,0
DA:126,0
DA:127,0
DA:128,0
DA:129,0
DA:130,0
DA:132,0
DA:133,0
DA:135,0
DA:140,0
DA:141,0
DA:142,0
DA:143,0
DA:144,0
DA:145,0
DA:147,0
DA:148,0
DA:152,0
DA:153,0
DA:154,0
DA:155,0
DA:156,0
DA:158,0
DA:159,0
DA:163,0
DA:166,0
DA:167,0
DA:168,0
DA:169,0
DA:170,0
DA:172,0
DA:173,0
DA:175,0
DA:178,0
DA:180,0
DA:182,0
DA:184,0
DA:188,0
DA:189,0
DA:191,0
DA:193,0
DA:195,0
DA:197,0
DA:199,0
DA:201,0
DA:205,0
DA:206,0
DA:207,0
DA:293,0
DA:294,0
DA:303,0
DA:315,0
DA:327,0
DA:377,0
DA:435,0
DA:445,0
DA:473,0
LF:121
LH:0
BRDA:20,0,0,0
BRDA:24,1,0,0
BRDA:48,2,0,0
BRDA:88,3,0,0
BRDA:101,4,0,0
BRDA:105,5,0,0
BRDA:105,5,1,0
BRDA:112,6,0,0
BRDA:112,6,1,0
BRDA:121,7,0,0
BRDA:141,8,0,0
BRDA:168,9,0,0
BRDA:168,9,1,0
BRDA:170,10,0,0
BRDA:170,10,1,0
BRDA:173,11,0,0
BRDA:173,11,1,0
BRDA:173,11,2,0
BRDA:173,11,3,0
BRDA:173,11,4,0
BRDA:173,11,5,0
BRDA:189,12,0,0
BRDA:189,12,1,0
BRDA:189,12,2,0
BRDA:189,12,3,0
BRDA:189,12,4,0
BRDA:189,12,5,0
BRDA:206,13,0,0
BRDA:206,14,0,0
BRDA:206,14,1,0
BRDA:366,15,0,0
BRDA:366,15,1,0
BRDA:381,16,0,0
BRDA:381,16,1,0
BRDA:382,17,0,0
BRDA:388,18,0,0
BRDA:388,18,1,0
BRDA:396,19,0,0
BRDA:396,19,1,0
BRDA:401,20,0,0
BRDA:401,20,1,0
BRDA:405,21,0,0
BRDA:405,21,1,0
BRDA:406,22,0,0
BRDA:406,22,1,0
BRDA:408,23,0,0
BRDA:408,23,1,0
BRDA:409,24,0,0
BRDA:409,24,1,0
BRDA:413,25,0,0
BRDA:413,25,1,0
BRDA:414,26,0,0
BRDA:414,26,1,0
BRDA:429,27,0,0
BRDA:429,27,1,0
BRDA:430,28,0,0
BRDA:430,28,1,0
BRDA:464,29,0,0
BRF:58
BRH:0
end_of_record
TN:
SF:app\listado\analisis\germinacion\[id]\page.tsx
FN:32,(anonymous_2)
FN:60,GerminacionDetailPage
FN:68,(anonymous_4)
FN:69,(anonymous_5)
FN:76,(anonymous_6)
FN:94,(anonymous_7)
FN:146,(anonymous_8)
FN:255,(anonymous_9)
FN:319,(anonymous_10)
FN:396,(anonymous_11)
FN:397,(anonymous_12)
FN:424,(anonymous_13)
FN:425,(anonymous_14)
FN:432,(anonymous_15)
FN:438,(anonymous_16)
FN:444,(anonymous_17)
FN:450,(anonymous_18)
FN:465,(anonymous_19)
FN:467,(anonymous_20)
FN:468,(anonymous_21)
FN:470,(anonymous_22)
FN:471,(anonymous_23)
FN:472,(anonymous_24)
FN:473,(anonymous_25)
FN:582,(anonymous_26)
FN:592,(anonymous_27)
FN:634,(anonymous_28)
FN:639,(anonymous_29)
FN:672,(anonymous_30)
FNF:29
FNH:0
FNDA:0,(anonymous_2)
FNDA:0,GerminacionDetailPage
FNDA:0,(anonymous_4)
FNDA:0,(anonymous_5)
FNDA:0,(anonymous_6)
FNDA:0,(anonymous_7)
FNDA:0,(anonymous_8)
FNDA:0,(anonymous_9)
FNDA:0,(anonymous_10)
FNDA:0,(anonymous_11)
FNDA:0,(anonymous_12)
FNDA:0,(anonymous_13)
FNDA:0,(anonymous_14)
FNDA:0,(anonymous_15)
FNDA:0,(anonymous_16)
FNDA:0,(anonymous_17)
FNDA:0,(anonymous_18)
FNDA:0,(anonymous_19)
FNDA:0,(anonymous_20)
FNDA:0,(anonymous_21)
FNDA:0,(anonymous_22)
FNDA:0,(anonymous_23)
FNDA:0,(anonymous_24)
FNDA:0,(anonymous_25)
FNDA:0,(anonymous_26)
FNDA:0,(anonymous_27)
FNDA:0,(anonymous_28)
FNDA:0,(anonymous_29)
FNDA:0,(anonymous_30)
DA:3,0
DA:4,0
DA:5,0
DA:6,0
DA:19,0
DA:20,0
DA:21,0
DA:22,0
DA:26,0
DA:27,0
DA:28,0
DA:29,0
DA:32,0
DA:33,0
DA:35,0
DA:37,0
DA:38,0
DA:39,0
DA:40,0
DA:48,0
DA:49,0
DA:55,0
DA:56,0
DA:60,0
DA:61,0
DA:62,0
DA:63,0
DA:64,0
DA:65,0
DA:66,0
DA:68,0
DA:69,0
DA:70,0
DA:71,0
DA:74,0
DA:76,0
DA:79,0
DA:80,0
DA:82,0
DA:83,0
DA:85,0
DA:89,0
DA:90,0
DA:94,0
DA:95,0
DA:97,0
DA:99,0
DA:101,0
DA:103,0
DA:105,0
DA:109,0
DA:123,0
DA:146,0
DA:256,0
DA:320,0
DA:397,0
DA:398,0
DA:400,0
DA:401,0
DA:403,0
DA:425,0
DA:432,0
DA:438,0
DA:444,0
DA:450,0
DA:467,0
DA:468,0
DA:470,0
DA:471,0
DA:472,0
DA:473,0
DA:474,0
DA:583,0
DA:593,0
DA:635,0
DA:640,0
DA:673,0
LF:77
LH:0
BRDA:33,0,0,0
BRDA:37,1,0,0
BRDA:89,2,0,0
BRDA:95,3,0,0
BRDA:95,3,1,0
BRDA:95,3,2,0
BRDA:95,3,3,0
BRDA:95,3,4,0
BRDA:109,4,0,0
BRDA:123,5,0,0
BRDA:123,6,0,0
BRDA:123,6,1,0
BRDA:132,7,0,0
BRDA:132,7,1,0
BRDA:171,8,0,0
BRDA:171,8,1,0
BRDA:235,9,0,0
BRDA:266,10,0,0
BRDA:266,10,1,0
BRDA:271,11,0,0
BRDA:271,11,1,0
BRDA:272,12,0,0
BRDA:272,12,1,0
BRDA:274,13,0,0
BRDA:285,14,0,0
BRDA:285,14,1,0
BRDA:285,14,2,0
BRDA:292,15,0,0
BRDA:298,16,0,0
BRDA:304,17,0,0
BRDA:313,18,0,0
BRDA:313,18,1,0
BRDA:356,19,0,0
BRDA:358,20,0,0
BRDA:359,21,0,0
BRDA:370,22,0,0
BRDA:372,23,0,0
BRDA:373,24,0,0
BRDA:380,25,0,0
BRDA:389,26,0,0
BRDA:389,26,1,0
BRDA:389,26,2,0
BRDA:397,27,0,0
BRDA:397,27,1,0
BRDA:398,28,0,0
BRDA:398,28,1,0
BRDA:398,29,0,0
BRDA:398,29,1,0
BRDA:400,30,0,0
BRDA:400,30,1,0
BRDA:415,31,0,0
BRDA:415,31,1,0
BRDA:424,32,0,0
BRDA:424,32,1,0
BRDA:425,33,0,0
BRDA:425,33,1,0
BRDA:426,34,0,0
BRDA:426,34,1,0
BRDA:432,35,0,0
BRDA:432,35,1,0
BRDA:432,36,0,0
BRDA:432,36,1,0
BRDA:432,37,0,0
BRDA:432,37,1,0
BRDA:438,38,0,0
BRDA:438,38,1,0
BRDA:438,39,0,0
BRDA:438,39,1,0
BRDA:438,40,0,0
BRDA:438,40,1,0
BRDA:444,41,0,0
BRDA:444,41,1,0
BRDA:444,42,0,0
BRDA:444,42,1,0
BRDA:444,43,0,0
BRDA:444,43,1,0
BRDA:450,44,0,0
BRDA:450,44,1,0
BRDA:450,45,0,0
BRDA:450,45,1,0
BRDA:450,46,0,0
BRDA:450,46,1,0
BRDA:459,47,0,0
BRDA:459,47,1,0
BRDA:467,48,0,0
BRDA:467,48,1,0
BRDA:468,49,0,0
BRDA:468,49,1,0
BRDA:470,50,0,0
BRDA:470,50,1,0
BRDA:470,51,0,0
BRDA:470,51,1,0
BRDA:471,52,0,0
BRDA:471,52,1,0
BRDA:471,53,0,0
BRDA:471,53,1,0
BRDA:472,54,0,0
BRDA:472,54,1,0
BRDA:472,55,0,0
BRDA:472,55,1,0
BRDA:473,56,0,0
BRDA:473,56,1,0
BRDA:473,57,0,0
BRDA:473,57,1,0
BRDA:480,58,0,0
BRDA:480,58,1,0
BRDA:486,59,0,0
BRDA:486,59,1,0
BRDA:492,60,0,0
BRDA:492,60,1,0
BRDA:498,61,0,0
BRDA:498,61,1,0
BRDA:504,62,0,0
BRDA:504,62,1,0
BRDA:515,63,0,0
BRDA:515,63,1,0
BRDA:515,63,2,0
BRDA:515,63,3,0
BRDA:515,63,4,0
BRDA:530,64,0,0
BRDA:536,65,0,0
BRDA:542,66,0,0
BRDA:548,67,0,0
BRDA:554,68,0,0
BRDA:565,69,0,0
BRDA:565,69,1,0
BRDA:661,70,0,0
BRDA:661,70,1,0
BRF:128
BRH:0
end_of_record
TN:
SF:app\listado\analisis\germinacion\[id]\editar\page.tsx
FN:32,(anonymous_1)
FN:47,(anonymous_2)
FN:67,(anonymous_3)
FN:83,GerminacionDetailPage
FN:111,(anonymous_5)
FN:150,(anonymous_6)
FN:156,(anonymous_7)
FN:177,(anonymous_8)
FN:211,(anonymous_9)
FN:227,(anonymous_10)
FN:235,(anonymous_11)
FN:240,(anonymous_12)
FN:272,(anonymous_13)
FN:287,(anonymous_14)
FN:302,(anonymous_15)
FN:317,(anonymous_16)
FN:351,(anonymous_17)
FN:423,(anonymous_18)
FN:423,(anonymous_19)
FN:432,(anonymous_20)
FN:448,(anonymous_21)
FN:448,(anonymous_22)
FN:463,(anonymous_23)
FN:469,(anonymous_24)
FN:470,(anonymous_25)
FN:575,(anonymous_26)
FN:583,(anonymous_27)
FN:588,(anonymous_28)
FN:593,(anonymous_29)
FN:599,(anonymous_30)
FNF:30
FNH:0
FNDA:0,(anonymous_1)
FNDA:0,(anonymous_2)
FNDA:0,(anonymous_3)
FNDA:0,GerminacionDetailPage
FNDA:0,(anonymous_5)
FNDA:0,(anonymous_6)
FNDA:0,(anonymous_7)
FNDA:0,(anonymous_8)
FNDA:0,(anonymous_9)
FNDA:0,(anonymous_10)
FNDA:0,(anonymous_11)
FNDA:0,(anonymous_12)
FNDA:0,(anonymous_13)
FNDA:0,(anonymous_14)
FNDA:0,(anonymous_15)
FNDA:0,(anonymous_16)
FNDA:0,(anonymous_17)
FNDA:0,(anonymous_18)
FNDA:0,(anonymous_19)
FNDA:0,(anonymous_20)
FNDA:0,(anonymous_21)
FNDA:0,(anonymous_22)
FNDA:0,(anonymous_23)
FNDA:0,(anonymous_24)
FNDA:0,(anonymous_25)
FNDA:0,(anonymous_26)
FNDA:0,(anonymous_27)
FNDA:0,(anonymous_28)
FNDA:0,(anonymous_29)
FNDA:0,(anonymous_30)
DA:3,0
DA:4,0
DA:5,0
DA:6,0
DA:7,0
DA:8,0
DA:17,0
DA:18,0
DA:22,0
DA:23,0
DA:24,0
DA:25,0
DA:26,0
DA:27,0
DA:28,0
DA:29,0
DA:32,0
DA:33,0
DA:36,0
DA:37,0
DA:39,0
DA:47,0
DA:48,0
DA:50,0
DA:51,0
DA:54,0
DA:62,0
DA:67,0
DA:68,0
DA:71,0
DA:72,0
DA:76,0
DA:80,0
DA:83,0
DA:84,0
DA:85,0
DA:86,0
DA:87,0
DA:89,0
DA:90,0
DA:91,0
DA:92,0
DA:93,0
DA:94,0
DA:95,0
DA:98,0
DA:106,0
DA:111,0
DA:112,0
DA:113,0
DA:114,0
DA:117,0
DA:122,0
DA:123,0
DA:124,0
DA:125,0
DA:128,0
DA:129,0
DA:130,0
DA:131,0
DA:133,0
DA:135,0
DA:136,0
DA:137,0
DA:143,0
DA:144,0
DA:146,0
DA:150,0
DA:151,0
DA:152,0
DA:156,0
DA:157,0
DA:158,0
DA:159,0
DA:161,0
DA:163,0
DA:164,0
DA:167,0
DA:168,0
DA:170,0
DA:171,0
DA:173,0
DA:177,0
DA:178,0
DA:186,0
DA:187,0
DA:190,0
DA:191,0
DA:193,0
DA:196,0
DA:197,0
DA:204,0
DA:206,0
DA:207,0
DA:211,0
DA:212,0
DA:214,0
DA:217,0
DA:222,0
DA:223,0
DA:224,0
DA:227,0
DA:228,0
DA:229,0
DA:231,0
DA:232,0
DA:235,0
DA:236,0
DA:237,0
DA:240,0
DA:241,0
DA:242,0
DA:243,0
DA:244,0
DA:247,0
DA:248,0
DA:251,0
DA:256,0
DA:258,0
DA:259,0
DA:262,0
DA:263,0
DA:264,0
DA:266,0
DA:267,0
DA:272,0
DA:273,0
DA:275,0
DA:276,0
DA:277,0
DA:278,0
DA:279,0
DA:281,0
DA:282,0
DA:287,0
DA:288,0
DA:290,0
DA:291,0
DA:292,0
DA:293,0
DA:294,0
DA:296,0
DA:297,0
DA:302,0
DA:303,0
DA:305,0
DA:306,0
DA:307,0
DA:308,0
DA:309,0
DA:311,0
DA:312,0
DA:317,0
DA:318,0
DA:320,0
DA:321,0
DA:323,0
DA:324,0
DA:325,0
DA:327,0
DA:328,0
DA:332,0
DA:344,0
DA:351,0
DA:423,0
DA:433,0
DA:448,0
DA:463,0
DA:470,0
DA:471,0
DA:575,0
DA:584,0
DA:585,0
DA:586,0
DA:589,0
DA:590,0
DA:591,0
DA:595,0
DA:596,0
DA:597,0
DA:600,0
DA:608,0
DA:609,0
DA:611,0
DA:612,0
DA:613,0
LF:186
LH:0
BRDA:33,0,0,0
BRDA:48,1,0,0
BRDA:68,2,0,0
BRDA:71,3,0,0
BRDA:135,4,0,0
BRDA:135,4,1,0
BRDA:135,5,0,0
BRDA:135,5,1,0
BRDA:144,6,0,0
BRDA:144,6,1,0
BRDA:151,7,0,0
BRDA:171,8,0,0
BRDA:171,8,1,0
BRDA:186,9,0,0
BRDA:196,10,0,0
BRDA:207,11,0,0
BRDA:207,11,1,0
BRDA:212,12,0,0
BRDA:218,13,0,0
BRDA:218,13,1,0
BRDA:219,14,0,0
BRDA:219,14,1,0
BRDA:228,15,0,0
BRDA:236,16,0,0
BRDA:241,17,0,0
BRDA:267,18,0,0
BRDA:267,18,1,0
BRDA:273,19,0,0
BRDA:282,20,0,0
BRDA:282,20,1,0
BRDA:288,21,0,0
BRDA:297,22,0,0
BRDA:297,22,1,0
BRDA:303,23,0,0
BRDA:312,24,0,0
BRDA:312,24,1,0
BRDA:318,25,0,0
BRDA:328,26,0,0
BRDA:328,26,1,0
BRDA:332,27,0,0
BRDA:344,28,0,0
BRDA:369,29,0,0
BRDA:369,29,1,0
BRDA:375,30,0,0
BRDA:396,31,0,0
BRDA:412,32,0,0
BRDA:422,33,0,0
BRDA:422,33,1,0
BRDA:463,34,0,0
BRDA:463,34,1,0
BRDA:471,35,0,0
BRDA:471,35,1,0
BRDA:483,36,0,0
BRDA:483,36,1,0
BRDA:507,37,0,0
BRDA:507,37,1,0
BRDA:512,38,0,0
BRDA:512,38,1,0
BRDA:524,39,0,0
BRDA:524,39,1,0
BRDA:530,40,0,0
BRDA:539,41,0,0
BRDA:548,42,0,0
BRDA:554,43,0,0
BRDA:558,44,0,0
BRDA:558,44,1,0
BRDA:572,45,0,0
BRDA:572,45,1,0
BRDA:582,46,0,0
BRDA:582,46,1,0
BRDA:608,47,0,0
BRF:71
BRH:0
end_of_record
TN:
SF:app\listado\analisis\pms\loading.tsx
FN:1,Loading
FNF:1
FNH:0
FNDA:0,Loading
DA:1,0
DA:2,0
LF:2
LH:0
BRF:0
BRH:0
end_of_record
TN:
SF:app\listado\analisis\pms\page.tsx
FN:34,ListadoPMSPage
FN:47,(anonymous_3)
FN:54,(anonymous_4)
FN:63,(anonymous_5)
FN:69,(anonymous_6)
FN:100,(anonymous_7)
FN:112,(anonymous_8)
FN:126,(anonymous_9)
FN:127,(anonymous_10)
FN:130,(anonymous_11)
FN:134,(anonymous_12)
FN:138,(anonymous_13)
FN:154,(anonymous_14)
FN:171,(anonymous_15)
FN:295,(anonymous_16)
FN:306,(anonymous_17)
FN:330,(anonymous_18)
FN:380,(anonymous_19)
FN:420,(anonymous_20)
FN:430,(anonymous_21)
FN:457,(anonymous_22)
FNF:21
FNH:0
FNDA:0,ListadoPMSPage
FNDA:0,(anonymous_3)
FNDA:0,(anonymous_4)
FNDA:0,(anonymous_5)
FNDA:0,(anonymous_6)
FNDA:0,(anonymous_7)
FNDA:0,(anonymous_8)
FNDA:0,(anonymous_9)
FNDA:0,(anonymous_10)
FNDA:0,(anonymous_11)
FNDA:0,(anonymous_12)
FNDA:0,(anonymous_13)
FNDA:0,(anonymous_14)
FNDA:0,(anonymous_15)
FNDA:0,(anonymous_16)
FNDA:0,(anonymous_17)
FNDA:0,(anonymous_18)
FNDA:0,(anonymous_19)
FNDA:0,(anonymous_20)
FNDA:0,(anonymous_21)
FNDA:0,(anonymous_22)
DA:3,0
DA:4,0
DA:5,0
DA:6,0
DA:7,0
DA:8,0
DA:9,0
DA:10,0
DA:11,0
DA:12,0
DA:13,0
DA:14,0
DA:16,0
DA:17,0
DA:34,0
DA:35,0
DA:36,0
DA:37,0
DA:38,0
DA:39,0
DA:40,0
DA:41,0
DA:42,0
DA:43,0
DA:44,0
DA:45,0
DA:48,0
DA:49,0
DA:54,0
DA:55,0
DA:56,0
DA:57,0
DA:58,0
DA:63,0
DA:64,0
DA:65,0
DA:69,0
DA:70,0
DA:71,0
DA:73,0
DA:75,0
DA:85,0
DA:87,0
DA:88,0
DA:89,0
DA:90,0
DA:92,0
DA:93,0
DA:95,0
DA:100,0
DA:101,0
DA:102,0
DA:103,0
DA:104,0
DA:105,0
DA:107,0
DA:108,0
DA:112,0
DA:113,0
DA:114,0
DA:115,0
DA:116,0
DA:118,0
DA:119,0
DA:124,0
DA:125,0
DA:126,0
DA:127,0
DA:129,0
DA:130,0
DA:133,0
DA:134,0
DA:138,0
DA:139,0
DA:141,0
DA:144,0
DA:146,0
DA:148,0
DA:150,0
DA:154,0
DA:155,0
DA:157,0
DA:159,0
DA:161,0
DA:163,0
DA:165,0
DA:167,0
DA:171,0
DA:172,0
DA:173,0
DA:174,0
DA:175,0
DA:176,0
DA:177,0
DA:296,0
DA:297,0
DA:306,0
DA:330,0
DA:381,0
DA:420,0
DA:430,0
DA:457,0
LF:102
LH:0
BRDA:55,0,0,0
BRDA:69,1,0,0
BRDA:73,2,0,0
BRDA:73,2,1,0
BRDA:80,3,0,0
BRDA:80,3,1,0
BRDA:101,4,0,0
BRDA:127,5,0,0
BRDA:127,5,1,0
BRDA:129,6,0,0
BRDA:129,6,1,0
BRDA:130,7,0,0
BRDA:130,7,1,0
BRDA:133,8,0,0
BRDA:133,8,1,0
BRDA:134,9,0,0
BRDA:134,9,1,0
BRDA:139,10,0,0
BRDA:139,10,1,0
BRDA:139,10,2,0
BRDA:139,10,3,0
BRDA:139,10,4,0
BRDA:139,10,5,0
BRDA:155,11,0,0
BRDA:155,11,1,0
BRDA:155,11,2,0
BRDA:155,11,3,0
BRDA:155,11,4,0
BRDA:155,11,5,0
BRDA:172,12,0,0
BRDA:257,13,0,0
BRDA:257,13,1,0
BRDA:268,14,0,0
BRDA:364,15,0,0
BRDA:364,15,1,0
BRDA:373,16,0,0
BRDA:373,16,1,0
BRDA:386,17,0,0
BRDA:386,17,1,0
BRDA:389,18,0,0
BRDA:389,18,1,0
BRDA:397,19,0,0
BRDA:397,19,1,0
BRDA:400,20,0,0
BRDA:400,20,1,0
BRDA:414,21,0,0
BRDA:414,21,1,0
BRDA:415,22,0,0
BRDA:415,22,1,0
BRDA:448,23,0,0
BRF:50
BRH:0
end_of_record
TN:
SF:app\listado\analisis\pms\[id]\page.tsx
FN:29,DetallePMSPage
FN:41,(anonymous_3)
FN:42,(anonymous_4)
FN:70,(anonymous_5)
FN:87,(anonymous_6)
FN:104,(anonymous_7)
FN:121,(anonymous_8)
FN:140,(anonymous_9)
FN:156,(anonymous_10)
FN:160,(anonymous_11)
FN:395,(anonymous_12)
FNF:11
FNH:0
FNDA:0,DetallePMSPage
FNDA:0,(anonymous_3)
FNDA:0,(anonymous_4)
FNDA:0,(anonymous_5)
FNDA:0,(anonymous_6)
FNDA:0,(anonymous_7)
FNDA:0,(anonymous_8)
FNDA:0,(anonymous_9)
FNDA:0,(anonymous_10)
FNDA:0,(anonymous_11)
FNDA:0,(anonymous_12)
DA:3,0
DA:4,0
DA:5,0
DA:6,0
DA:7,0
DA:8,0
DA:18,0
DA:19,0
DA:20,0
DA:22,0
DA:23,0
DA:24,0
DA:25,0
DA:26,0
DA:27,0
DA:29,0
DA:30,0
DA:31,0
DA:32,0
DA:34,0
DA:35,0
DA:36,0
DA:37,0
DA:38,0
DA:41,0
DA:42,0
DA:43,0
DA:45,0
DA:46,0
DA:48,0
DA:49,0
DA:54,0
DA:55,0
DA:57,0
DA:58,0
DA:59,0
DA:63,0
DA:67,0
DA:70,0
DA:71,0
DA:73,0
DA:74,0
DA:75,0
DA:76,0
DA:77,0
DA:79,0
DA:83,0
DA:87,0
DA:88,0
DA:90,0
DA:91,0
DA:92,0
DA:93,0
DA:94,0
DA:96,0
DA:100,0
DA:104,0
DA:105,0
DA:107,0
DA:108,0
DA:109,0
DA:110,0
DA:111,0
DA:113,0
DA:117,0
DA:121,0
DA:122,0
DA:124,0
DA:125,0
DA:128,0
DA:129,0
DA:130,0
DA:131,0
DA:132,0
DA:134,0
DA:140,0
DA:141,0
DA:143,0
DA:147,0
DA:150,0
DA:152,0
DA:156,0
DA:157,0
DA:160,0
DA:161,0
DA:176,0
DA:189,0
DA:396,0
LF:88
LH:0
BRDA:43,0,0,0
BRDA:57,1,0,0
BRDA:57,1,1,0
BRDA:71,2,0,0
BRDA:80,3,0,0
BRDA:80,3,1,0
BRDA:88,4,0,0
BRDA:97,5,0,0
BRDA:97,5,1,0
BRDA:105,6,0,0
BRDA:114,7,0,0
BRDA:114,7,1,0
BRDA:122,8,0,0
BRDA:124,9,0,0
BRDA:135,10,0,0
BRDA:135,10,1,0
BRDA:141,11,0,0
BRDA:141,11,1,0
BRDA:141,11,2,0
BRDA:141,11,3,0
BRDA:141,11,4,0
BRDA:141,11,5,0
BRDA:141,11,6,0
BRDA:161,12,0,0
BRDA:161,12,1,0
BRDA:161,12,2,0
BRDA:176,13,0,0
BRDA:189,14,0,0
BRDA:189,15,0,0
BRDA:189,15,1,0
BRDA:206,16,0,0
BRDA:206,16,1,0
BRDA:240,17,0,0
BRDA:240,17,1,0
BRDA:245,18,0,0
BRDA:245,18,1,0
BRDA:299,19,0,0
BRDA:299,19,1,0
BRDA:303,20,0,0
BRDA:303,20,1,0
BRDA:308,21,0,0
BRDA:308,21,1,0
BRDA:314,22,0,0
BRDA:314,22,1,0
BRDA:320,23,0,0
BRDA:320,23,1,0
BRDA:320,24,0,0
BRDA:320,24,1,0
BRDA:324,25,0,0
BRDA:324,25,1,0
BRDA:331,26,0,0
BRDA:331,26,1,0
BRDA:337,27,0,0
BRDA:339,28,0,0
BRDA:339,28,1,0
BRDA:345,29,0,0
BRDA:350,30,0,0
BRDA:350,30,1,0
BRDA:374,31,0,0
BRDA:377,32,0,0
BRDA:399,33,0,0
BRDA:399,33,1,0
BRDA:401,34,0,0
BRDA:401,34,1,0
BRDA:401,35,0,0
BRDA:401,35,1,0
BRDA:402,36,0,0
BRDA:402,36,1,0
BRDA:402,37,0,0
BRDA:402,37,1,0
BRF:70
BRH:0
end_of_record
TN:
SF:app\listado\analisis\pms\[id]\editar\page.tsx
FN:55,EditarPMSPage
FN:96,(anonymous_3)
FN:113,(anonymous_4)
FN:119,(anonymous_5)
FN:128,(anonymous_6)
FN:137,(anonymous_7)
FN:138,(anonymous_8)
FN:156,(anonymous_9)
FN:162,(anonymous_10)
FN:189,(anonymous_11)
FN:190,(anonymous_12)
FN:195,(anonymous_13)
FN:220,(anonymous_14)
FN:238,(anonymous_15)
FN:267,(anonymous_16)
FN:270,(anonymous_17)
FN:276,(anonymous_18)
FN:276,(anonymous_19)
FN:282,(anonymous_20)
FN:286,(anonymous_21)
FN:295,(anonymous_22)
FN:298,(anonymous_23)
FN:298,(anonymous_24)
FN:308,(anonymous_25)
FN:313,(anonymous_26)
FN:330,(anonymous_27)
FN:330,(anonymous_28)
FN:348,(anonymous_29)
FN:367,(anonymous_30)
FN:367,(anonymous_31)
FN:384,(anonymous_32)
FN:385,(anonymous_33)
FN:385,(anonymous_34)
FN:391,(anonymous_35)
FN:416,(anonymous_36)
FN:450,(anonymous_37)
FN:467,(anonymous_38)
FN:484,(anonymous_39)
FN:502,(anonymous_40)
FN:504,(anonymous_41)
FN:509,(anonymous_42)
FN:514,(anonymous_43)
FN:533,(anonymous_44)
FN:539,(anonymous_45)
FN:551,(anonymous_46)
FN:556,(anonymous_47)
FN:565,(anonymous_48)
FN:576,(anonymous_49)
FN:577,(anonymous_50)
FN:578,(anonymous_51)
FN:598,(anonymous_52)
FN:599,(anonymous_53)
FN:600,(anonymous_54)
FN:637,(anonymous_55)
FN:655,(anonymous_56)
FN:661,(anonymous_57)
FN:662,(anonymous_58)
FN:663,(anonymous_59)
FN:677,(anonymous_60)
FN:692,(anonymous_61)
FN:693,(anonymous_62)
FN:694,(anonymous_63)
FN:773,(anonymous_64)
FN:810,(anonymous_65)
FN:821,(anonymous_66)
FN:908,(anonymous_67)
FN:916,(anonymous_68)
FN:935,(anonymous_69)
FN:990,(anonymous_70)
FN:1029,(anonymous_71)
FN:1035,(anonymous_72)
FN:1041,(anonymous_73)
FN:1057,(anonymous_74)
FN:1095,(anonymous_75)
FN:1103,(anonymous_76)
FN:1116,(anonymous_77)
FN:1128,(anonymous_78)
FN:1133,(anonymous_79)
FN:1144,(anonymous_80)
FN:1155,(anonymous_81)
FN:1185,(anonymous_82)
FN:1193,(anonymous_83)
FN:1204,(anonymous_84)
FN:1212,(anonymous_85)
FN:1267,(anonymous_86)
FN:1356,(anonymous_87)
FN:1376,(anonymous_88)
FN:1380,(anonymous_89)
FN:1394,(anonymous_90)
FN:1440,(anonymous_91)
FN:1456,(anonymous_92)
FN:1478,(anonymous_93)
FN:1483,(anonymous_94)
FN:1488,(anonymous_95)
FNF:94
FNH:0
FNDA:0,EditarPMSPage
FNDA:0,(anonymous_3)
FNDA:0,(anonymous_4)
FNDA:0,(anonymous_5)
FNDA:0,(anonymous_6)
FNDA:0,(anonymous_7)
FNDA:0,(anonymous_8)
FNDA:0,(anonymous_9)
FNDA:0,(anonymous_10)
FNDA:0,(anonymous_11)
FNDA:0,(anonymous_12)
FNDA:0,(anonymous_13)
FNDA:0,(anonymous_14)
FNDA:0,(anonymous_15)
FNDA:0,(anonymous_16)
FNDA:0,(anonymous_17)
FNDA:0,(anonymous_18)
FNDA:0,(anonymous_19)
FNDA:0,(anonymous_20)
FNDA:0,(anonymous_21)
FNDA:0,(anonymous_22)
FNDA:0,(anonymous_23)
FNDA:0,(anonymous_24)
FNDA:0,(anonymous_25)
FNDA:0,(anonymous_26)
FNDA:0,(anonymous_27)
FNDA:0,(anonymous_28)
FNDA:0,(anonymous_29)
FNDA:0,(anonymous_30)
FNDA:0,(anonymous_31)
FNDA:0,(anonymous_32)
FNDA:0,(anonymous_33)
FNDA:0,(anonymous_34)
FNDA:0,(anonymous_35)
FNDA:0,(anonymous_36)
FNDA:0,(anonymous_37)
FNDA:0,(anonymous_38)
FNDA:0,(anonymous_39)
FNDA:0,(anonymous_40)
FNDA:0,(anonymous_41)
FNDA:0,(anonymous_42)
FNDA:0,(anonymous_43)
FNDA:0,(anonymous_44)
FNDA:0,(anonymous_45)
FNDA:0,(anonymous_46)
FNDA:0,(anonymous_47)
FNDA:0,(anonymous_48)
FNDA:0,(anonymous_49)
FNDA:0,(anonymous_50)
FNDA:0,(anonymous_51)
FNDA:0,(anonymous_52)
FNDA:0,(anonymous_53)
FNDA:0,(anonymous_54)
FNDA:0,(anonymous_55)
FNDA:0,(anonymous_56)
FNDA:0,(anonymous_57)
FNDA:0,(anonymous_58)
FNDA:0,(anonymous_59)
FNDA:0,(anonymous_60)
FNDA:0,(anonymous_61)
FNDA:0,(anonymous_62)
FNDA:0,(anonymous_63)
FNDA:0,(anonymous_64)
FNDA:0,(anonymous_65)
FNDA:0,(anonymous_66)
FNDA:0,(anonymous_67)
FNDA:0,(anonymous_68)
FNDA:0,(anonymous_69)
FNDA:0,(anonymous_70)
FNDA:0,(anonymous_71)
FNDA:0,(anonymous_72)
FNDA:0,(anonymous_73)
FNDA:0,(anonymous_74)
FNDA:0,(anonymous_75)
FNDA:0,(anonymous_76)
FNDA:0,(anonymous_77)
FNDA:0,(anonymous_78)
FNDA:0,(anonymous_79)
FNDA:0,(anonymous_80)
FNDA:0,(anonymous_81)
FNDA:0,(anonymous_82)
FNDA:0,(anonymous_83)
FNDA:0,(anonymous_84)
FNDA:0,(anonymous_85)
FNDA:0,(anonymous_86)
FNDA:0,(anonymous_87)
FNDA:0,(anonymous_88)
FNDA:0,(anonymous_89)
FNDA:0,(anonymous_90)
FNDA:0,(anonymous_91)
FNDA:0,(anonymous_92)
FNDA:0,(anonymous_93)
FNDA:0,(anonymous_94)
FNDA:0,(anonymous_95)
DA:3,0
DA:4,0
DA:5,0
DA:6,0
DA:7,0
DA:8,0
DA:9,0
DA:10,0
DA:11,0
DA:12,0
DA:13,0
DA:26,0
DA:27,0
DA:28,0
DA:38,0
DA:39,0
DA:40,0
DA:41,0
DA:47,0
DA:48,0
DA:55,0
DA:56,0
DA:57,0
DA:58,0
DA:59,0
DA:61,0
DA:62,0
DA:63,0
DA:64,0
DA:65,0
DA:66,0
DA:67,0
DA:70,0
DA:74,0
DA:77,0
DA:78,0
DA:84,0
DA:88,0
DA:91,0
DA:92,0
DA:93,0
DA:96,0
DA:97,0
DA:99,0
DA:100,0
DA:101,0
DA:106,0
DA:107,0
DA:109,0
DA:112,0
DA:114,0
DA:115,0
DA:117,0
DA:119,0
DA:121,0
DA:124,0
DA:126,0
DA:127,0
DA:128,0
DA:129,0
DA:132,0
DA:137,0
DA:138,0
DA:139,0
DA:141,0
DA:142,0
DA:144,0
DA:145,0
DA:151,0
DA:152,0
DA:155,0
DA:157,0
DA:158,0
DA:160,0
DA:162,0
DA:164,0
DA:167,0
DA:173,0
DA:175,0
DA:176,0
DA:177,0
DA:181,0
DA:185,0
DA:189,0
DA:190,0
DA:191,0
DA:195,0
DA:196,0
DA:198,0
DA:199,0
DA:200,0
DA:206,0
DA:207,0
DA:208,0
DA:209,0
DA:211,0
DA:215,0
DA:220,0
DA:221,0
DA:223,0
DA:224,0
DA:225,0
DA:227,0
DA:229,0
DA:236,0
DA:238,0
DA:241,0
DA:247,0
DA:248,0
DA:250,0
DA:253,0
DA:254,0
DA:256,0
DA:259,0
DA:260,0
DA:267,0
DA:268,0
DA:270,0
DA:271,0
DA:272,0
DA:273,0
DA:276,0
DA:277,0
DA:282,0
DA:283,0
DA:286,0
DA:287,0
DA:288,0
DA:289,0
DA:292,0
DA:294,0
DA:295,0
DA:297,0
DA:298,0
DA:299,0
DA:303,0
DA:308,0
DA:309,0
DA:310,0
DA:313,0
DA:314,0
DA:315,0
DA:316,0
DA:319,0
DA:320,0
DA:321,0
DA:328,0
DA:330,0
DA:331,0
DA:334,0
DA:337,0
DA:338,0
DA:340,0
DA:341,0
DA:348,0
DA:349,0
DA:350,0
DA:352,0
DA:360,0
DA:361,0
DA:364,0
DA:365,0
DA:366,0
DA:367,0
DA:369,0
DA:372,0
DA:373,0
DA:374,0
DA:376,0
DA:377,0
DA:384,0
DA:385,0
DA:386,0
DA:391,0
DA:392,0
DA:394,0
DA:395,0
DA:396,0
DA:397,0
DA:400,0
DA:401,0
DA:402,0
DA:403,0
DA:405,0
DA:407,0
DA:411,0
DA:416,0
DA:417,0
DA:419,0
DA:427,0
DA:428,0
DA:431,0
DA:432,0
DA:434,0
DA:435,0
DA:437,0
DA:440,0
DA:442,0
DA:443,0
DA:450,0
DA:451,0
DA:453,0
DA:454,0
DA:455,0
DA:456,0
DA:457,0
DA:459,0
DA:460,0
DA:467,0
DA:468,0
DA:470,0
DA:471,0
DA:472,0
DA:473,0
DA:474,0
DA:476,0
DA:477,0
DA:484,0
DA:485,0
DA:487,0
DA:488,0
DA:490,0
DA:491,0
DA:492,0
DA:494,0
DA:495,0
DA:502,0
DA:503,0
DA:504,0
DA:505,0
DA:509,0
DA:510,0
DA:513,0
DA:514,0
DA:515,0
DA:516,0
DA:521,0
DA:522,0
DA:523,0
DA:524,0
DA:529,0
DA:533,0
DA:534,0
DA:536,0
DA:539,0
DA:540,0
DA:541,0
DA:543,0
DA:547,0
DA:548,0
DA:549,0
DA:551,0
DA:552,0
DA:554,0
DA:556,0
DA:561,0
DA:565,0
DA:566,0
DA:569,0
DA:570,0
DA:571,0
DA:572,0
DA:576,0
DA:577,0
DA:578,0
DA:580,0
DA:581,0
DA:582,0
DA:583,0
DA:584,0
DA:585,0
DA:589,0
DA:590,0
DA:591,0
DA:596,0
DA:598,0
DA:599,0
DA:600,0
DA:601,0
DA:602,0
DA:604,0
DA:606,0
DA:609,0
DA:610,0
DA:611,0
DA:615,0
DA:616,0
DA:621,0
DA:622,0
DA:623,0
DA:627,0
DA:628,0
DA:629,0
DA:632,0
DA:633,0
DA:637,0
DA:638,0
DA:641,0
DA:642,0
DA:646,0
DA:649,0
DA:652,0
DA:654,0
DA:655,0
DA:658,0
DA:661,0
DA:662,0
DA:663,0
DA:664,0
DA:665,0
DA:668,0
DA:673,0
DA:677,0
DA:678,0
DA:681,0
DA:682,0
DA:686,0
DA:689,0
DA:691,0
DA:692,0
DA:693,0
DA:694,0
DA:696,0
DA:697,0
DA:698,0
DA:699,0
DA:700,0
DA:701,0
DA:708,0
DA:709,0
DA:710,0
DA:714,0
DA:715,0
DA:716,0
DA:719,0
DA:720,0
DA:723,0
DA:736,0
DA:774,0
DA:775,0
DA:776,0
DA:780,0
DA:782,0
DA:810,0
DA:822,0
DA:823,0
DA:827,0
DA:909,0
DA:917,0
DA:935,0
DA:991,0
DA:997,0
DA:1030,0
DA:1032,0
DA:1033,0
DA:1034,0
DA:1035,0
DA:1043,0
DA:1057,0
DA:1096,0
DA:1103,0
DA:1116,0
DA:1129,0
DA:1131,0
DA:1133,0
DA:1134,0
DA:1135,0
DA:1136,0
DA:1140,0
DA:1141,0
DA:1146,0
DA:1157,0
DA:1163,0
DA:1185,0
DA:1193,0
DA:1204,0
DA:1212,0
DA:1267,0
DA:1356,0
DA:1377,0
DA:1378,0
DA:1380,0
DA:1395,0
DA:1396,0
DA:1440,0
DA:1456,0
DA:1479,0
DA:1480,0
DA:1481,0
DA:1484,0
DA:1485,0
DA:1486,0
DA:1490,0
DA:1491,0
DA:1492,0
LF:395
LH:0
BRDA:97,0,0,0
BRDA:114,1,0,0
BRDA:124,2,0,0
BRDA:124,2,1,0
BRDA:139,3,0,0
BRDA:157,4,0,0
BRDA:168,5,0,0
BRDA:168,5,1,0
BRDA:169,6,0,0
BRDA:169,6,1,0
BRDA:173,7,0,0
BRDA:173,7,1,0
BRDA:175,8,0,0
BRDA:175,8,1,0
BRDA:196,9,0,0
BRDA:196,10,0,0
BRDA:196,10,1,0
BRDA:201,11,0,0
BRDA:201,11,1,0
BRDA:212,12,0,0
BRDA:212,12,1,0
BRDA:221,13,0,0
BRDA:261,14,0,0
BRDA:261,14,1,0
BRDA:272,15,0,0
BRDA:272,15,1,0
BRDA:277,16,0,0
BRDA:277,16,1,0
BRDA:297,17,0,0
BRDA:299,18,0,0
BRDA:299,18,1,0
BRDA:310,19,0,0
BRDA:331,20,0,0
BRDA:331,20,1,0
BRDA:342,21,0,0
BRDA:342,21,1,0
BRDA:350,22,0,0
BRDA:360,23,0,0
BRDA:378,24,0,0
BRDA:378,24,1,0
BRDA:386,25,0,0
BRDA:386,25,1,0
BRDA:392,26,0,0
BRDA:392,27,0,0
BRDA:392,27,1,0
BRDA:395,28,0,0
BRDA:395,29,0,0
BRDA:395,29,1,0
BRDA:408,30,0,0
BRDA:408,30,1,0
BRDA:417,31,0,0
BRDA:427,32,0,0
BRDA:444,33,0,0
BRDA:444,33,1,0
BRDA:451,34,0,0
BRDA:461,35,0,0
BRDA:461,35,1,0
BRDA:468,36,0,0
BRDA:478,37,0,0
BRDA:478,37,1,0
BRDA:485,38,0,0
BRDA:496,39,0,0
BRDA:496,39,1,0
BRDA:510,40,0,0
BRDA:515,41,0,0
BRDA:516,42,0,0
BRDA:516,42,1,0
BRDA:521,43,0,0
BRDA:521,43,1,0
BRDA:522,44,0,0
BRDA:522,44,1,0
BRDA:523,45,0,0
BRDA:523,46,0,0
BRDA:523,46,1,0
BRDA:529,47,0,0
BRDA:529,47,1,0
BRDA:534,48,0,0
BRDA:540,49,0,0
BRDA:548,50,0,0
BRDA:548,50,1,0
BRDA:549,51,0,0
BRDA:549,51,1,0
BRDA:552,52,0,0
BRDA:552,52,1,0
BRDA:566,53,0,0
BRDA:570,54,0,0
BRDA:578,55,0,0
BRDA:578,55,1,0
BRDA:589,56,0,0
BRDA:596,57,0,0
BRDA:596,58,0,0
BRDA:596,58,1,0
BRDA:604,59,0,0
BRDA:604,59,1,0
BRDA:609,60,0,0
BRDA:621,61,0,0
BRDA:621,62,0,0
BRDA:621,62,1,0
BRDA:621,63,0,0
BRDA:621,63,1,0
BRDA:627,64,0,0
BRDA:627,65,0,0
BRDA:627,65,1,0
BRDA:638,66,0,0
BRDA:641,67,0,0
BRDA:641,68,0,0
BRDA:641,68,1,0
BRDA:646,69,0,0
BRDA:649,70,0,0
BRDA:652,71,0,0
BRDA:658,72,0,0
BRDA:668,73,0,0
BRDA:668,73,1,0
BRDA:673,74,0,0
BRDA:673,74,1,0
BRDA:678,75,0,0
BRDA:681,76,0,0
BRDA:681,77,0,0
BRDA:681,77,1,0
BRDA:686,78,0,0
BRDA:689,79,0,0
BRDA:694,80,0,0
BRDA:694,80,1,0
BRDA:708,81,0,0
BRDA:708,82,0,0
BRDA:708,82,1,0
BRDA:714,83,0,0
BRDA:723,84,0,0
BRDA:736,85,0,0
BRDA:736,86,0,0
BRDA:736,86,1,0
BRDA:753,87,0,0
BRDA:753,87,1,0
BRDA:770,88,0,0
BRDA:770,88,1,0
BRDA:774,89,0,0
BRDA:774,89,1,0
BRDA:777,90,0,0
BRDA:777,90,1,0
BRDA:778,91,0,0
BRDA:778,91,1,0
BRDA:807,92,0,0
BRDA:824,93,0,0
BRDA:824,93,1,0
BRDA:825,94,0,0
BRDA:825,94,1,0
BRDA:835,95,0,0
BRDA:835,95,1,0
BRDA:840,96,0,0
BRDA:863,97,0,0
BRDA:863,97,1,0
BRDA:878,98,0,0
BRDA:878,98,1,0
BRDA:889,99,0,0
BRDA:889,99,1,0
BRDA:890,100,0,0
BRDA:890,100,1,0
BRDA:893,101,0,0
BRDA:893,101,1,0
BRDA:906,102,0,0
BRDA:907,103,0,0
BRDA:907,103,1,0
BRDA:918,104,0,0
BRDA:918,104,1,0
BRDA:918,105,0,0
BRDA:918,105,1,0
BRDA:925,106,0,0
BRDA:925,106,1,0
BRDA:925,106,2,0
BRDA:933,107,0,0
BRDA:941,108,0,0
BRDA:941,108,1,0
BRDA:954,109,0,0
BRDA:954,109,1,0
BRDA:958,110,0,0
BRDA:958,110,1,0
BRDA:988,111,0,0
BRDA:988,111,1,0
BRDA:1005,112,0,0
BRDA:1007,113,0,0
BRDA:1007,113,1,0
BRDA:1017,114,0,0
BRDA:1032,115,0,0
BRDA:1032,116,0,0
BRDA:1032,116,1,0
BRDA:1037,117,0,0
BRDA:1037,117,1,0
BRDA:1075,118,0,0
BRDA:1098,119,0,0
BRDA:1098,119,1,0
BRDA:1103,120,0,0
BRDA:1103,120,1,0
BRDA:1111,121,0,0
BRDA:1111,121,1,0
BRDA:1116,122,0,0
BRDA:1116,122,1,0
BRDA:1124,123,0,0
BRDA:1124,123,1,0
BRDA:1127,124,0,0
BRDA:1127,124,1,0
BRDA:1131,125,0,0
BRDA:1131,126,0,0
BRDA:1131,126,1,0
BRDA:1141,127,0,0
BRDA:1141,127,1,0
BRDA:1157,128,0,0
BRDA:1157,128,1,0
BRDA:1157,129,0,0
BRDA:1157,129,1,0
BRDA:1163,130,0,0
BRDA:1163,130,1,0
BRDA:1181,131,0,0
BRDA:1231,132,0,0
BRDA:1231,132,1,0
BRDA:1231,133,0,0
BRDA:1231,133,1,0
BRDA:1243,134,0,0
BRDA:1243,134,1,0
BRDA:1244,135,0,0
BRDA:1244,135,1,0
BRDA:1248,136,0,0
BRDA:1261,137,0,0
BRDA:1261,137,1,0
BRDA:1276,138,0,0
BRDA:1295,139,0,0
BRDA:1295,139,1,0
BRDA:1301,140,0,0
BRDA:1301,140,1,0
BRDA:1301,141,0,0
BRDA:1301,141,1,0
BRDA:1301,142,0,0
BRDA:1301,142,1,0
BRDA:1317,143,0,0
BRDA:1352,144,0,0
BRDA:1352,144,1,0
BRDA:1352,144,2,0
BRDA:1367,145,0,0
BRDA:1366,146,0,0
BRDA:1366,146,1,0
BRDA:1396,147,0,0
BRDA:1396,147,1,0
BRDA:1405,148,0,0
BRDA:1405,148,1,0
BRDA:1405,148,2,0
BRDA:1410,149,0,0
BRDA:1426,150,0,0
BRDA:1437,151,0,0
BRDA:1452,152,0,0
BRDA:1452,152,1,0
BRDA:1456,153,0,0
BRDA:1456,153,1,0
BRDA:1477,154,0,0
BRDA:1477,154,1,0
BRF:253
BRH:0
end_of_record
TN:
SF:app\listado\analisis\pureza\loading.tsx
FN:1,Loading
FNF:1
FNH:0
FNDA:0,Loading
DA:1,0
DA:2,0
LF:2
LH:0
BRF:0
BRH:0
end_of_record
TN:
SF:app\listado\analisis\pureza\page.tsx
FN:34,(anonymous_2)
FN:62,ListadoPurezaPage
FN:77,(anonymous_4)
FN:84,(anonymous_5)
FN:93,(anonymous_6)
FN:98,(anonymous_7)
FN:132,(anonymous_8)
FN:143,(anonymous_9)
FN:158,(anonymous_10)
FN:159,(anonymous_11)
FN:160,(anonymous_12)
FN:163,(anonymous_13)
FN:165,(anonymous_14)
FN:168,(anonymous_15)
FN:185,(anonymous_16)
FN:283,(anonymous_17)
FN:294,(anonymous_18)
FN:306,(anonymous_19)
FN:318,(anonymous_20)
FN:365,(anonymous_21)
FN:417,(anonymous_22)
FN:427,(anonymous_23)
FN:457,(anonymous_24)
FNF:23
FNH:0
FNDA:0,(anonymous_2)
FNDA:0,ListadoPurezaPage
FNDA:0,(anonymous_4)
FNDA:0,(anonymous_5)
FNDA:0,(anonymous_6)
FNDA:0,(anonymous_7)
FNDA:0,(anonymous_8)
FNDA:0,(anonymous_9)
FNDA:0,(anonymous_10)
FNDA:0,(anonymous_11)
FNDA:0,(anonymous_12)
FNDA:0,(anonymous_13)
FNDA:0,(anonymous_14)
FNDA:0,(anonymous_15)
FNDA:0,(anonymous_16)
FNDA:0,(anonymous_17)
FNDA:0,(anonymous_18)
FNDA:0,(anonymous_19)
FNDA:0,(anonymous_20)
FNDA:0,(anonymous_21)
FNDA:0,(anonymous_22)
FNDA:0,(anonymous_23)
FNDA:0,(anonymous_24)
DA:3,0
DA:4,0
DA:5,0
DA:6,0
DA:7,0
DA:8,0
DA:9,0
DA:10,0
DA:11,0
DA:12,0
DA:29,0
DA:30,0
DA:31,0
DA:34,0
DA:35,0
DA:37,0
DA:39,0
DA:40,0
DA:41,0
DA:42,0
DA:50,0
DA:51,0
DA:57,0
DA:58,0
DA:62,0
DA:63,0
DA:64,0
DA:65,0
DA:66,0
DA:67,0
DA:68,0
DA:69,0
DA:70,0
DA:71,0
DA:72,0
DA:73,0
DA:74,0
DA:75,0
DA:78,0
DA:79,0
DA:84,0
DA:85,0
DA:86,0
DA:87,0
DA:88,0
DA:93,0
DA:94,0
DA:95,0
DA:98,0
DA:99,0
DA:100,0
DA:102,0
DA:104,0
DA:112,0
DA:115,0
DA:117,0
DA:118,0
DA:119,0
DA:120,0
DA:121,0
DA:122,0
DA:124,0
DA:125,0
DA:127,0
DA:132,0
DA:133,0
DA:134,0
DA:135,0
DA:136,0
DA:137,0
DA:139,0
DA:143,0
DA:144,0
DA:145,0
DA:146,0
DA:147,0
DA:149,0
DA:154,0
DA:157,0
DA:158,0
DA:159,0
DA:160,0
DA:163,0
DA:164,0
DA:165,0
DA:168,0
DA:169,0
DA:171,0
DA:173,0
DA:175,0
DA:177,0
DA:179,0
DA:181,0
DA:185,0
DA:186,0
DA:188,0
DA:190,0
DA:192,0
DA:194,0
DA:196,0
DA:198,0
DA:284,0
DA:285,0
DA:294,0
DA:306,0
DA:318,0
DA:367,0
DA:372,0
DA:376,0
DA:417,0
DA:427,0
DA:457,0
LF:112
LH:0
BRDA:35,0,0,0
BRDA:39,1,0,0
BRDA:85,2,0,0
BRDA:98,3,0,0
BRDA:102,4,0,0
BRDA:102,4,1,0
BRDA:109,5,0,0
BRDA:109,5,1,0
BRDA:133,6,0,0
BRDA:160,7,0,0
BRDA:160,7,1,0
BRDA:163,8,0,0
BRDA:163,8,1,0
BRDA:164,9,0,0
BRDA:164,9,1,0
BRDA:165,10,0,0
BRDA:165,10,1,0
BRDA:169,11,0,0
BRDA:169,11,1,0
BRDA:169,11,2,0
BRDA:169,11,3,0
BRDA:169,11,4,0
BRDA:169,11,5,0
BRDA:186,12,0,0
BRDA:186,12,1,0
BRDA:186,12,2,0
BRDA:186,12,3,0
BRDA:186,12,4,0
BRDA:186,12,5,0
BRDA:355,13,0,0
BRDA:355,13,1,0
BRDA:367,14,0,0
BRDA:367,14,1,0
BRDA:367,15,0,0
BRDA:367,15,1,0
BRDA:372,16,0,0
BRDA:372,16,1,0
BRDA:372,17,0,0
BRDA:372,17,1,0
BRDA:383,18,0,0
BRDA:383,18,1,0
BRDA:398,19,0,0
BRDA:398,19,1,0
BRDA:412,20,0,0
BRDA:412,20,1,0
BRDA:413,21,0,0
BRDA:413,21,1,0
BRDA:448,22,0,0
BRF:48
BRH:0
end_of_record
TN:
SF:app\listado\analisis\pureza\[id]\loading.tsx
FN:1,Loading
FNF:1
FNH:0
FNDA:0,Loading
DA:1,0
LF:1
LH:0
BRF:0
BRH:0
end_of_record
TN:
SF:app\listado\analisis\pureza\[id]\page.tsx
FN:30,(anonymous_5)
FN:48,(anonymous_6)
FN:66,(anonymous_7)
FN:95,(anonymous_8)
FN:106,(anonymous_9)
FN:116,(anonymous_10)
FN:141,PurezaDetailPage
FN:149,(anonymous_12)
FN:150,(anonymous_13)
FN:168,(anonymous_14)
FN:428,(anonymous_15)
FN:437,(anonymous_16)
FN:446,(anonymous_17)
FN:455,(anonymous_18)
FN:464,(anonymous_19)
FN:473,(anonymous_20)
FN:512,(anonymous_21)
FN:521,(anonymous_22)
FN:530,(anonymous_23)
FN:539,(anonymous_24)
FN:548,(anonymous_25)
FN:557,(anonymous_26)
FN:583,(anonymous_27)
FNF:23
FNH:0
[...]
BRDA:114,10,1,0
BRDA:116,11,0,0
BRDA:116,12,0,0
BRDA:116,12,1,0
BRDA:139,13,0,0
BRDA:139,13,1,0
BRDA:149,14,0,0
BRDA:154,15,0,0
BRDA:175,16,0,0
BRDA:180,17,0,0
BRDA:198,18,0,0
BRDA:198,18,1,0
BRDA:198,19,0,0
BRDA:198,19,1,0
BRDA:201,20,0,0
BRDA:206,21,0,0
BRDA:216,22,0,0
BRDA:223,23,0,0
BRDA:223,24,0,0
BRDA:223,24,1,0
BRDA:235,25,0,0
BRDA:249,26,0,0
BRDA:260,27,0,0
BRDA:260,27,1,0
BRDA:274,28,0,0
BRDA:274,28,1,0
BRDA:275,29,0,0
BRF:40
BRH:0
end_of_record
TN:
SF:lib\hooks\use-online-status.ts
FN:5,useOnlineStatus
FN:8,(anonymous_4)
FN:12,(anonymous_5)
FN:17,(anonymous_6)
FN:25,(anonymous_7)
FN:34,useNetworkStatus
FN:42,(anonymous_9)
FN:43,(anonymous_10)
FN:69,(anonymous_11)
FNF:9
FNH:0
FNDA:0,useOnlineStatus
FNDA:0,(anonymous_4)
FNDA:0,(anonymous_5)
FNDA:0,(anonymous_6)
FNDA:0,(anonymous_7)
FNDA:0,useNetworkStatus
FNDA:0,(anonymous_9)
FNDA:0,(anonymous_10)
FNDA:0,(anonymous_11)
DA:3,0
DA:5,0
DA:6,0
DA:8,0
DA:10,0
DA:12,0
DA:13,0
DA:14,0
DA:17,0
DA:18,0
DA:19,0
DA:22,0
DA:23,0
DA:25,0
DA:26,0
DA:27,0
DA:31,0
DA:34,0
DA:35,0
DA:42,0
DA:43,0
DA:44,0
DA:48,0
DA:56,0
DA:58,0
DA:59,0
DA:61,0
DA:65,0
DA:66,0
DA:69,0
DA:70,0
DA:71,0
DA:73,0
DA:74,0
DA:79,0
LF:35
LH:0
BRDA:44,0,0,0
BRDA:44,0,1,0
BRDA:44,0,2,0
BRDA:50,1,0,0
BRDA:50,1,1,0
BRDA:51,2,0,0
BRDA:51,2,1,0
BRDA:52,3,0,0
BRDA:52,3,1,0
BRDA:61,4,0,0
BRDA:61,4,1,0
BRDA:61,4,2,0
BRDA:65,5,0,0
BRDA:73,6,0,0
BRF:14
BRH:0
end_of_record
TN:
SF:lib\hooks\useAsyncValidation.ts
FN:13,useAsyncValidation
FN:21,(anonymous_2)
FN:23,(anonymous_3)
FN:32,(anonymous_4)
FN:33,(anonymous_5)
FN:34,(anonymous_6)
FN:38,(anonymous_7)
FN:47,(anonymous_8)
FN:53,(anonymous_9)
FN:55,(anonymous_10)
FN:64,(anonymous_11)
FN:65,(anonymous_12)
FN:66,(anonymous_13)
FN:70,(anonymous_14)
FN:79,(anonymous_15)
FN:85,(anonymous_16)
FN:87,(anonymous_17)
FNF:17
FNH:0
FNDA:0,useAsyncValidation
FNDA:0,(anonymous_2)
FNDA:0,(anonymous_3)
FNDA:0,(anonymous_4)
FNDA:0,(anonymous_5)
FNDA:0,(anonymous_6)
FNDA:0,(anonymous_7)
FNDA:0,(anonymous_8)
FNDA:0,(anonymous_9)
FNDA:0,(anonymous_10)
FNDA:0,(anonymous_11)
FNDA:0,(anonymous_12)
FNDA:0,(anonymous_13)
FNDA:0,(anonymous_14)
FNDA:0,(anonymous_15)
FNDA:0,(anonymous_16)
FNDA:0,(anonymous_17)
DA:4,0
DA:5,0
DA:13,0
DA:14,0
DA:18,0
DA:19,0
DA:21,0
DA:22,0
DA:23,0
DA:24,0
DA:28,0
DA:29,0
DA:32,0
DA:33,0
DA:34,0
DA:35,0
DA:36,0
DA:37,0
DA:38,0
DA:42,0
DA:44,0
DA:45,0
DA:47,0
DA:53,0
DA:54,0
DA:55,0
DA:56,0
DA:60,0
DA:61,0
DA:64,0
DA:65,0
DA:66,0
DA:67,0
DA:68,0
DA:69,0
DA:70,0
DA:74,0
DA:76,0
DA:77,0
DA:79,0
DA:85,0
DA:86,0
DA:87,0
DA:92,0
DA:98,0
LF:45
LH:0
BRDA:22,0,0,0
BRDA:28,1,0,0
BRDA:37,2,0,0
BRDA:37,2,1,0
BRDA:40,3,0,0
BRDA:40,3,1,0
BRDA:54,4,0,0
BRDA:60,5,0,0
BRDA:69,6,0,0
BRDA:69,6,1,0
BRDA:72,7,0,0
BRDA:72,7,1,0
BRDA:86,8,0,0
BRDA:86,8,1,0
BRF:14
BRH:0
end_of_record
TN:
SF:lib\hooks\useCatalogs.ts
FN:18,(anonymous_13)
FN:20,(anonymous_14)
FN:23,(anonymous_15)
FN:25,(anonymous_16)
FN:28,(anonymous_17)
FN:30,(anonymous_18)
FN:33,(anonymous_19)
FN:35,(anonymous_20)
FN:52,(anonymous_21)
FN:61,(anonymous_22)
FN:70,(anonymous_23)
FN:79,(anonymous_24)
FN:88,(anonymous_25)
FN:97,(anonymous_26)
FN:106,(anonymous_27)
FN:115,(anonymous_28)
FN:124,(anonymous_29)
FN:133,(anonymous_30)
FN:143,(anonymous_31)
FN:166,(anonymous_32)
FN:179,(anonymous_33)
FN:196,(anonymous_34)
FNF:22
FNH:0
FNDA:0,(anonymous_13)
FNDA:0,(anonymous_14)
FNDA:0,(anonymous_15)
FNDA:0,(anonymous_16)
FNDA:0,(anonymous_17)
FNDA:0,(anonymous_18)
FNDA:0,(anonymous_19)
FNDA:0,(anonymous_20)
FNDA:0,(anonymous_21)
FNDA:0,(anonymous_22)
FNDA:0,(anonymous_23)
FNDA:0,(anonymous_24)
FNDA:0,(anonymous_25)
FNDA:0,(anonymous_26)
FNDA:0,(anonymous_27)
FNDA:0,(anonymous_28)
FNDA:0,(anonymous_29)
FNDA:0,(anonymous_30)
FNDA:0,(anonymous_31)
FNDA:0,(anonymous_32)
FNDA:0,(anonymous_33)
FNDA:0,(anonymous_34)
DA:1,0
DA:9,0
DA:10,0
DA:11,0
DA:15,0
DA:18,0
DA:19,0
DA:20,0
DA:23,0
DA:24,0
DA:25,0
DA:28,0
DA:29,0
DA:30,0
DA:33,0
DA:34,0
DA:35,0
DA:39,0
DA:52,0
DA:53,0
DA:61,0
DA:62,0
DA:70,0
DA:71,0
DA:79,0
DA:80,0
DA:88,0
DA:89,0
DA:97,0
DA:98,0
DA:106,0
DA:107,0
DA:115,0
DA:116,0
DA:124,0
DA:125,0
DA:133,0
DA:134,0
DA:143,0
DA:144,0
DA:145,0
DA:146,0
DA:147,0
DA:148,0
DA:149,0
DA:150,0
DA:151,0
DA:152,0
DA:153,0
DA:155,0
DA:166,0
DA:168,0
DA:179,0
DA:181,0
DA:197,0
LF:55
LH:0
BRDA:183,0,0,0
BRDA:183,0,1,0
BRDA:184,1,0,0
BRDA:184,1,1,0
BRDA:185,2,0,0
BRDA:185,2,1,0
BRDA:186,3,0,0
BRDA:186,3,1,0
BRDA:187,4,0,0
BRDA:187,4,1,0
BRDA:188,5,0,0
BRDA:188,5,1,0
BRDA:189,6,0,0
BRDA:189,6,1,0
BRDA:190,7,0,0
BRDA:190,7,1,0
BRDA:191,8,0,0
BRDA:191,8,1,0
BRDA:192,9,0,0
BRDA:192,9,1,0
BRF:20
BRH:0
end_of_record
TN:
SF:lib\hooks\useConfirm.tsx
FN:27,(anonymous_7)
FN:33,(anonymous_8)
FN:40,(anonymous_9)
FN:48,(anonymous_10)
FN:53,(anonymous_11)
FN:63,(anonymous_12)
FN:72,(anonymous_13)
FN:78,(anonymous_14)
FN:84,(anonymous_15)
FN:86,(anonymous_16)
FN:91,(anonymous_17)
FNF:11
FNH:0
FNDA:0,(anonymous_7)
FNDA:0,(anonymous_8)
FNDA:0,(anonymous_9)
FNDA:0,(anonymous_10)
FNDA:0,(anonymous_11)
FNDA:0,(anonymous_12)
FNDA:0,(anonymous_13)
FNDA:0,(anonymous_14)
FNDA:0,(anonymous_15)
FNDA:0,(anonymous_16)
FNDA:0,(anonymous_17)
DA:15,0
DA:16,0
DA:27,0
DA:28,0
DA:29,0
DA:33,0
DA:40,0
DA:41,0
DA:49,0
DA:50,0
DA:51,0
DA:54,0
DA:55,0
DA:56,0
DA:59,0
DA:63,0
DA:64,0
DA:65,0
DA:67,0
DA:68,0
DA:72,0
DA:73,0
DA:74,0
DA:78,0
DA:79,0
DA:80,0
DA:84,0
DA:85,0
DA:86,0
DA:87,0
DA:91,0
DA:92,0
LF:32
LH:0
BRDA:28,0,0,0
BRDA:45,1,0,0
BRDA:45,1,1,0
BRDA:46,2,0,0
BRDA:46,2,1,0
BRDA:47,3,0,0
BRDA:47,3,1,0
BRDA:64,4,0,0
BRDA:64,4,1,0
BRDA:73,5,0,0
BRDA:79,6,0,0
BRF:11
BRH:0
end_of_record
TN:
SF:lib\hooks\useDebounce.ts
FN:6,useDebounce
FN:13,(anonymous_2)
FN:18,(anonymous_3)
FNF:3
FNH:0
FNDA:0,useDebounce
FNDA:0,(anonymous_2)
FNDA:0,(anonymous_3)
DA:4,0
DA:6,0
DA:10,0
DA:12,0
DA:14,0
DA:15,0
DA:18,0
DA:19,0
LF:8
LH:0
BRDA:14,0,0,0
BRF:1
BRH:0
end_of_record
TN:
SF:lib\hooks\useFormValidation.ts
FN:18,useFormValidation
FN:28,(anonymous_2)
FN:35,(anonymous_3)
FN:50,(anonymous_4)
FN:55,(anonymous_5)
FN:64,(anonymous_6)
FN:74,(anonymous_7)
FN:75,(anonymous_8)
FN:82,(anonymous_9)
FN:90,(anonymous_10)
FN:97,(anonymous_11)
FN:104,(anonymous_12)
FN:106,(anonymous_13)
FN:116,(anonymous_14)
FNF:14
FNH:0
FNDA:0,useFormValidation
FNDA:0,(anonymous_2)
FNDA:0,(anonymous_3)
FNDA:0,(anonymous_4)
FNDA:0,(anonymous_5)
FNDA:0,(anonymous_6)
FNDA:0,(anonymous_7)
FNDA:0,(anonymous_8)
FNDA:0,(anonymous_9)
FNDA:0,(anonymous_10)
FNDA:0,(anonymous_11)
FNDA:0,(anonymous_12)
FNDA:0,(anonymous_13)
FNDA:0,(anonymous_14)
DA:3,0
DA:4,0
DA:18,0
DA:22,0
DA:23,0
DA:28,0
DA:29,0
DA:30,0
DA:31,0
DA:33,0
DA:34,0
DA:35,0
DA:36,0
DA:37,0
DA:40,0
DA:41,0
DA:43,0
DA:50,0
DA:51,0
DA:53,0
DA:54,0
DA:55,0
DA:56,0
DA:57,0
DA:58,0
DA:60,0
DA:62,0
DA:63,0
DA:64,0
DA:65,0
DA:67,0
DA:74,0
DA:75,0
DA:76,0
DA:82,0
DA:83,0
DA:84,0
DA:90,0
DA:91,0
DA:97,0
DA:98,0
DA:104,0
DA:105,0
DA:106,0
DA:107,0
DA:109,0
DA:110,0
DA:116,0
DA:117,0
DA:118,0
DA:121,0
LF:51
LH:0
BRDA:33,0,0,0
BRDA:36,1,0,0
BRDA:62,2,0,0
BRDA:91,3,0,0
BRDA:91,3,1,0
BRDA:98,4,0,0
BRDA:98,4,1,0
BRDA:98,5,0,0
BRDA:98,5,1,0
BRF:9
BRH:0
end_of_record
TN:
SF:lib\hooks\useLoteValidation.ts
FN:9,useLoteValidation
FN:27,(anonymous_2)
FN:36,(anonymous_3)
FN:37,(anonymous_4)
FN:41,(anonymous_5)
FN:54,(anonymous_6)
FN:65,(anonymous_7)
FN:73,(anonymous_8)
FN:75,(anonymous_9)
FN:82,(anonymous_10)
FN:86,(anonymous_11)
FNF:11
FNH:0
FNDA:0,useLoteValidation
FNDA:0,(anonymous_2)
FNDA:0,(anonymous_3)
FNDA:0,(anonymous_4)
FNDA:0,(anonymous_5)
FNDA:0,(anonymous_6)
FNDA:0,(anonymous_7)
FNDA:0,(anonymous_8)
FNDA:0,(anonymous_9)
FNDA:0,(anonymous_10)
FNDA:0,(anonymous_11)
DA:4,0
DA:6,0
DA:9,0
DA:21,0
DA:23,0
DA:24,0
DA:26,0
DA:28,0
DA:29,0
DA:30,0
DA:35,0
DA:37,0
DA:40,0
DA:41,0
DA:44,0
DA:45,0
DA:46,0
DA:47,0
DA:53,0
DA:55,0
DA:64,0
DA:66,0
DA:67,0
DA:68,0
DA:73,0
DA:75,0
DA:77,0
DA:79,0
DA:82,0
DA:83,0
DA:84,0
DA:86,0
DA:87,0
DA:88,0
DA:89,0
DA:90,0
DA:94,0
DA:95,0
DA:98,0
LF:39
LH:0
BRDA:29,0,0,0
BRDA:41,1,0,0
BRDA:41,1,1,0
BRDA:44,2,0,0
BRDA:44,2,1,0
BRDA:44,3,0,0
BRDA:44,3,1,0
BRDA:46,4,0,0
BRDA:46,5,0,0
BRDA:46,5,1,0
BRDA:56,6,0,0
BRDA:56,6,1,0
BRDA:56,6,2,0
BRDA:56,6,3,0
BRDA:56,6,4,0
BRDA:56,6,5,0
BRDA:66,7,0,0
BRDA:66,8,0,0
BRDA:66,8,1,0
BRDA:67,9,0,0
BRDA:67,10,0,0
BRDA:67,10,1,0
BRDA:68,11,0,0
BRDA:68,11,1,0
BRDA:77,12,0,0
BRDA:77,12,1,0
BRDA:79,13,0,0
BRDA:79,13,1,0
BRDA:79,13,2,0
BRDA:89,14,0,0
BRF:30
BRH:0
end_of_record
TN:
SF:lib\hooks\useToast.tsx
FN:18,(anonymous_5)
FN:19,(anonymous_6)
FN:22,(anonymous_7)
FN:30,(anonymous_8)
FN:31,(anonymous_9)
FN:36,(anonymous_10)
FN:37,(anonymous_11)
FN:41,(anonymous_12)
FN:44,(anonymous_13)
FN:46,(anonymous_14)
FN:47,(anonymous_15)
FN:54,(anonymous_16)
FN:56,(anonymous_17)
FN:58,(anonymous_18)
FN:60,(anonymous_19)
FN:62,(anonymous_20)
FNF:16
FNH:0
FNDA:0,(anonymous_5)
FNDA:0,(anonymous_6)
FNDA:0,(anonymous_7)
FNDA:0,(anonymous_8)
FNDA:0,(anonymous_9)
FNDA:0,(anonymous_10)
FNDA:0,(anonymous_11)
FNDA:0,(anonymous_12)
FNDA:0,(anonymous_13)
FNDA:0,(anonymous_14)
FNDA:0,(anonymous_15)
FNDA:0,(anonymous_16)
FNDA:0,(anonymous_17)
FNDA:0,(anonymous_18)
FNDA:0,(anonymous_19)
FNDA:0,(anonymous_20)
DA:3,0
DA:15,0
DA:16,0
DA:18,0
DA:19,0
DA:22,0
DA:23,0
DA:24,0
DA:26,0
DA:27,0
DA:30,0
DA:31,0
DA:32,0
DA:36,0
DA:37,0
DA:38,0
DA:41,0
DA:42,0
DA:44,0
DA:45,0
DA:46,0
DA:47,0
DA:51,0
DA:54,0
DA:55,0
DA:57,0
DA:59,0
DA:61,0
DA:63,0
LF:29
LH:0
BRDA:22,0,0,0
BRF:1
BRH:0
end_of_record
TN:
SF:lib\hooks\useValidation.ts
FN:17,useValidation
FN:28,(anonymous_4)
FN:38,(anonymous_5)
FN:41,(anonymous_6)
FN:57,(anonymous_7)
FN:66,(anonymous_8)
FN:67,(anonymous_9)
FN:70,(anonymous_10)
FN:80,(anonymous_11)
FN:88,(anonymous_12)
FN:96,(anonymous_13)
FN:98,(anonymous_14)
FN:108,(anonymous_15)
FN:115,(anonymous_16)
FNF:14
FNH:0
FNDA:0,useValidation
FNDA:0,(anonymous_4)
FNDA:0,(anonymous_5)
FNDA:0,(anonymous_6)
FNDA:0,(anonymous_7)
FNDA:0,(anonymous_8)
FNDA:0,(anonymous_9)
FNDA:0,(anonymous_10)
FNDA:0,(anonymous_11)
FNDA:0,(anonymous_12)
FNDA:0,(anonymous_13)
FNDA:0,(anonymous_14)
FNDA:0,(anonymous_15)
FNDA:0,(anonymous_16)
DA:5,0
DA:17,0
DA:22,0
DA:24,0
DA:27,0
DA:29,0
DA:30,0
DA:31,0
DA:37,0
DA:39,0
DA:41,0
DA:42,0
DA:43,0
DA:44,0
DA:45,0
DA:49,0
DA:50,0
DA:56,0
DA:58,0
DA:59,0
DA:65,0
DA:67,0
DA:69,0
DA:70,0
DA:79,0
DA:81,0
DA:87,0
DA:89,0
DA:95,0
DA:97,0
DA:98,0
DA:99,0
DA:101,0
DA:102,0
DA:108,0
DA:109,0
DA:110,0
DA:114,0
DA:115,0
DA:141,0
DA:144,0
LF:41
LH:0
BRDA:30,0,0,0
BRDA:44,1,0,0
BRDA:72,2,0,0
BRDA:72,2,1,0
BRDA:81,3,0,0
BRDA:81,3,1,0
BRDA:89,4,0,0
BRDA:89,4,1,0
BRDA:89,5,0,0
BRDA:89,5,1,0
BRF:10
BRH:0
end_of_record
TN:
SF:lib\utils\clear-form-storage.ts
FN:10,clearDosnStorage
FN:22,(anonymous_7)
FN:33,clearGerminacionStorage
FN:41,(anonymous_9)
FN:52,clearTetrazolioStorage
FN:60,(anonymous_11)
FN:71,clearPurezaStorage
FN:81,(anonymous_13)
FN:92,clearAllFormsStorage
FNF:9
FNH:0
FNDA:0,clearDosnStorage
FNDA:0,(anonymous_7)
FNDA:0,clearGerminacionStorage
FNDA:0,(anonymous_9)
FNDA:0,clearTetrazolioStorage
FNDA:0,(anonymous_11)
FNDA:0,clearPurezaStorage
FNDA:0,(anonymous_13)
FNDA:0,clearAllFormsStorage
DA:10,0
DA:11,0
DA:13,0
DA:22,0
DA:23,0
DA:24,0
DA:27,0
DA:33,0
DA:34,0
DA:36,0
DA:41,0
DA:42,0
DA:43,0
DA:46,0
DA:52,0
DA:53,0
DA:55,0
DA:60,0
DA:61,0
DA:62,0
DA:65,0
DA:71,0
DA:72,0
DA:74,0
DA:81,0
DA:82,0
DA:83,0
DA:86,0
DA:92,0
DA:93,0
DA:94,0
DA:95,0
DA:96,0
DA:97,0
LF:34
LH:0
BRDA:11,0,0,0
BRDA:34,1,0,0
BRDA:53,2,0,0
BRDA:72,3,0,0
BRF:4
BRH:0
end_of_record
TN:
SF:lib\utils\format-estado.ts
FN:6,formatearEstado
FN:26,(anonymous_2)
FNF:2
FNH:0
FNDA:0,formatearEstado
FNDA:0,(anonymous_2)
DA:6,0
DA:7,0
DA:9,0
DA:11,0
DA:13,0
DA:15,0
DA:17,0
DA:19,0
DA:21,0
DA:24,0
DA:26,0
LF:11
LH:0
BRDA:7,0,0,0
BRDA:7,0,1,0
BRDA:7,0,2,0
BRDA:7,0,3,0
BRDA:7,0,4,0
BRDA:7,0,5,0
BRDA:7,0,6,0
BRDA:7,0,7,0
BRF:8
BRH:0
end_of_record
TN:
SF:lib\utils\notification-utils.ts
FN:4,(anonymous_12)
FN:29,(anonymous_13)
FN:86,(anonymous_14)
FN:98,(anonymous_15)
FN:99,(anonymous_16)
FN:99,(anonymous_17)
FN:100,(anonymous_18)
FN:100,(anonymous_19)
FN:101,(anonymous_20)
FN:102,(anonymous_21)
FN:103,(anonymous_22)
FN:104,(anonymous_23)
FN:105,(anonymous_24)
FN:108,(anonymous_25)
FN:114,(anonymous_26)
FN:115,(anonymous_27)
FN:121,(anonymous_28)
FN:122,(anonymous_29)
FN:127,(anonymous_30)
FN:137,(anonymous_31)
FN:147,(anonymous_32)
FN:150,(anonymous_33)
FN:160,(anonymous_34)
FN:163,(anonymous_35)
FN:172,(anonymous_36)
FN:174,(anonymous_37)
FN:175,(anonymous_38)
FN:181,(anonymous_39)
FN:204,(anonymous_40)
FN:210,(anonymous_41)
FN:212,(anonymous_42)
FN:216,(anonymous_43)
FN:224,(anonymous_44)
FN:230,(anonymous_45)
FNF:34
FNH:0
FNDA:0,(anonymous_12)
FNDA:0,(anonymous_13)
FNDA:0,(anonymous_14)
FNDA:0,(anonymous_15)
FNDA:0,(anonymous_16)
FNDA:0,(anonymous_17)
FNDA:0,(anonymous_18)
FNDA:0,(anonymous_19)
FNDA:0,(anonymous_20)
FNDA:0,(anonymous_21)
FNDA:0,(anonymous_22)
FNDA:0,(anonymous_23)
FNDA:0,(anonymous_24)
FNDA:0,(anonymous_25)
FNDA:0,(anonymous_26)
FNDA:0,(anonymous_27)
FNDA:0,(anonymous_28)
FNDA:0,(anonymous_29)
FNDA:0,(anonymous_30)
FNDA:0,(anonymous_31)
FNDA:0,(anonymous_32)
FNDA:0,(anonymous_33)
FNDA:0,(anonymous_34)
FNDA:0,(anonymous_35)
FNDA:0,(anonymous_36)
FNDA:0,(anonymous_37)
FNDA:0,(anonymous_38)
FNDA:0,(anonymous_39)
FNDA:0,(anonymous_40)
FNDA:0,(anonymous_41)
FNDA:0,(anonymous_42)
FNDA:0,(anonymous_43)
FNDA:0,(anonymous_44)
FNDA:0,(anonymous_45)
DA:4,0
DA:5,0
DA:6,0
DA:7,0
DA:9,0
DA:10,0
DA:11,0
DA:12,0
DA:13,0
DA:14,0
DA:15,0
DA:16,0
DA:17,0
DA:18,0
DA:19,0
DA:21,0
DA:29,0
DA:30,0
DA:40,0
DA:86,0
DA:87,0
DA:97,0
DA:98,0
DA:99,0
DA:100,0
DA:102,0
DA:104,0
DA:106,0
DA:107,0
DA:108,0
DA:113,0
DA:115,0
DA:116,0
DA:117,0
DA:118,0
DA:122,0
DA:123,0
DA:124,0
DA:128,0
DA:137,0
DA:138,0
DA:139,0
DA:140,0
DA:146,0
DA:148,0
DA:150,0
DA:151,0
DA:152,0
DA:153,0
DA:155,0
DA:158,0
DA:161,0
DA:163,0
DA:164,0
DA:165,0
DA:167,0
DA:170,0
DA:173,0
DA:174,0
DA:175,0
DA:181,0
DA:182,0
DA:184,0
DA:185,0
DA:188,0
DA:189,0
DA:192,0
DA:193,0
DA:196,0
DA:197,0
DA:200,0
DA:204,0
DA:205,0
DA:206,0
DA:210,0
DA:211,0
DA:212,0
DA:213,0
DA:215,0
DA:217,0
DA:218,0
DA:222,0
DA:223,0
DA:224,0
DA:225,0
DA:228,0
DA:229,0
DA:230,0
DA:231,0
DA:234,0
DA:246,0
LF:91
LH:0
BRDA:9,0,0,0
BRDA:9,0,1,0
BRDA:11,1,0,0
BRDA:11,1,1,0
BRDA:14,2,0,0
BRDA:14,2,1,0
BRDA:17,3,0,0
BRDA:17,3,1,0
BRDA:87,4,0,0
BRDA:87,4,1,0
BRDA:104,5,0,0
BRDA:104,5,1,0
BRDA:105,6,0,0
BRDA:114,7,0,0
BRDA:118,8,0,0
BRDA:118,8,1,0
BRDA:123,9,0,0
BRDA:124,10,0,0
BRDA:124,10,1,0
BRDA:152,11,0,0
BRDA:164,12,0,0
BRDA:184,13,0,0
BRDA:184,14,0,0
BRDA:184,14,1,0
BRDA:188,15,0,0
BRDA:188,16,0,0
BRDA:188,16,1,0
BRDA:192,17,0,0
BRDA:196,18,0,0
BRDA:196,19,0,0
BRDA:196,19,1,0
BRDA:204,20,0,0
BRDA:205,21,0,0
BRDA:217,22,0,0
BRDA:217,22,1,0
BRDA:238,23,0,0
BRDA:238,23,1,0
BRF:37
BRH:0
end_of_record
TN:
SF:lib\utils\pagination-helper.ts
FN:45,extractPageMetadata
FNF:1
FNH:0
FNDA:0,extractPageMetadata
DA:45,0
DA:47,0
DA:50,0
DA:53,0
DA:54,0
DA:55,0
DA:57,0
LF:7
LH:0
BRDA:45,0,0,0
BRDA:47,1,0,0
BRDA:47,1,1,0
BRDA:50,2,0,0
BRDA:50,2,1,0
BRDA:53,3,0,0
BRDA:53,3,1,0
BRDA:54,4,0,0
BRDA:54,4,1,0
BRDA:55,5,0,0
BRDA:55,5,1,0
BRF:11
BRH:0
end_of_record
TN:
SF:lib\validations\lotes-async-validation.ts
FN:7,validarFichaUnica
FN:17,validarNombreLoteUnico
FNF:2
FNH:0
FNDA:0,validarFichaUnica
FNDA:0,validarNombreLoteUnico
DA:5,0
DA:7,0
DA:8,0
DA:9,0
DA:10,0
DA:12,0
DA:13,0
DA:17,0
DA:18,0
DA:19,0
DA:20,0
DA:22,0
DA:23,0
LF:13
LH:0
BRF:0
BRH:0
end_of_record
TN:
SF:lib\validations\lotes-validation.ts
FN:100,(anonymous_3)
FN:112,(anonymous_4)
FNF:2
FNH:0
FNDA:0,(anonymous_3)
FNDA:0,(anonymous_4)
DA:15,0
DA:50,0
DA:101,0
DA:102,0
DA:104,0
DA:112,0
DA:113,0
DA:115,0
DA:116,0
DA:118,0
DA:119,0
DA:122,0
DA:123,0
DA:124,0
DA:125,0
DA:126,0
DA:127,0
DA:131,0
LF:18
LH:0
BRDA:101,0,0,0
BRDA:101,1,0,0
BRDA:101,1,1,0
BRDA:115,2,0,0
BRDA:115,3,0,0
BRDA:115,3,1,0
BRDA:118,4,0,0
BRDA:118,5,0,0
BRDA:118,5,1,0
BRDA:122,6,0,0
BRDA:122,6,1,0
BRDA:122,7,0,0
BRDA:122,7,1,0
BRDA:124,8,0,0
BRDA:124,8,1,0
BRDA:126,9,0,0
BRDA:126,10,0,0
BRDA:126,10,1,0
BRF:18
BRH:0
end_of_record
TN:
SF:lib\validations\validation-rules.ts
FN:9,(anonymous_13)
FN:19,(anonymous_14)
FN:30,(anonymous_15)
FN:30,(anonymous_16)
FN:42,(anonymous_17)
FN:42,(anonymous_18)
FN:54,(anonymous_19)
FN:54,(anonymous_20)
FN:65,(anonymous_21)
FN:65,(anonymous_22)
FN:76,(anonymous_23)
FN:76,(anonymous_24)
FN:87,(anonymous_25)
FN:99,(anonymous_26)
FN:116,(anonymous_27)
FN:116,(anonymous_28)
FN:131,(anonymous_29)
FN:143,(anonymous_30)
FN:143,(anonymous_31)
FNF:19
FNH:0
FNDA:0,(anonymous_13)
FNDA:0,(anonymous_14)
FNDA:0,(anonymous_15)
FNDA:0,(anonymous_16)
FNDA:0,(anonymous_17)
FNDA:0,(anonymous_18)
FNDA:0,(anonymous_19)
FNDA:0,(anonymous_20)
FNDA:0,(anonymous_21)
FNDA:0,(anonymous_22)
FNDA:0,(anonymous_23)
FNDA:0,(anonymous_24)
FNDA:0,(anonymous_25)
FNDA:0,(anonymous_26)
FNDA:0,(anonymous_27)
FNDA:0,(anonymous_28)
FNDA:0,(anonymous_29)
FNDA:0,(anonymous_30)
FNDA:0,(anonymous_31)
DA:9,0
DA:10,0
DA:11,0
DA:13,0
DA:19,0
DA:20,0
DA:21,0
DA:22,0
DA:24,0
DA:30,0
DA:31,0
DA:32,0
DA:33,0
DA:34,0
DA:36,0
DA:42,0
DA:43,0
DA:44,0
DA:45,0
DA:46,0
DA:48,0
DA:54,0
DA:55,0
DA:56,0
DA:57,0
DA:59,0
DA:65,0
DA:66,0
DA:67,0
DA:68,0
DA:70,0
DA:76,0
DA:77,0
DA:78,0
DA:79,0
DA:81,0
DA:87,0
DA:88,0
DA:89,0
DA:90,0
DA:91,0
DA:93,0
DA:99,0
DA:100,0
DA:101,0
DA:102,0
DA:105,0
DA:107,0
DA:108,0
DA:110,0
DA:116,0
DA:117,0
DA:119,0
DA:120,0
DA:122,0
DA:123,0
DA:125,0
DA:131,0
DA:132,0
DA:133,0
DA:134,0
DA:135,0
DA:137,0
DA:143,0
DA:144,0
DA:145,0
DA:146,0
DA:148,0
LF:68
LH:0
BRDA:10,0,0,0
BRDA:10,1,0,0
BRDA:10,1,1,0
BRDA:10,1,2,0
BRDA:20,2,0,0
BRDA:20,3,0,0
BRDA:20,3,1,0
BRDA:20,3,2,0
BRDA:21,4,0,0
BRDA:31,5,0,0
BRDA:31,6,0,0
BRDA:31,6,1,0
BRDA:31,6,2,0
BRDA:33,7,0,0
BRDA:33,8,0,0
BRDA:33,8,1,0
BRDA:43,9,0,0
BRDA:43,10,0,0
BRDA:43,10,1,0
BRDA:43,10,2,0
BRDA:45,11,0,0
BRDA:45,12,0,0
BRDA:45,12,1,0
BRDA:55,13,0,0
BRDA:56,14,0,0
BRDA:66,15,0,0
BRDA:67,16,0,0
BRDA:77,17,0,0
BRDA:78,18,0,0
BRDA:88,19,0,0
BRDA:90,20,0,0
BRDA:100,21,0,0
BRDA:107,22,0,0
BRDA:117,23,0,0
BRDA:117,24,0,0
BRDA:117,24,1,0
BRDA:122,25,0,0
BRDA:123,26,0,0
BRDA:123,26,1,0
BRDA:132,27,0,0
BRDA:134,28,0,0
BRDA:146,29,0,0
BRF:42
BRH:0
end_of_record
TN:
SF:lib\websocket\notification-websocket.ts
FN:94,(anonymous_2)
FN:95,(anonymous_3)
FN:114,(anonymous_4)
FN:122,(anonymous_5)
FN:139,(anonymous_6)
FN:149,(anonymous_7)
FN:158,(anonymous_8)
FN:166,(anonymous_9)
FN:187,(anonymous_10)
FN:195,(anonymous_11)
FN:210,(anonymous_12)
FN:225,(anonymous_13)
FN:240,(anonymous_14)
FN:261,(anonymous_15)
FN:265,(anonymous_16)
FN:293,(anonymous_17)
FN:303,(anonymous_18)
FN:314,(anonymous_19)
FN:317,(anonymous_20)
FN:333,(anonymous_21)
FN:351,(anonymous_22)
FN:358,(anonymous_23)
FNF:22
FNH:0
FNDA:0,(anonymous_2)
FNDA:0,(anonymous_3)
FNDA:0,(anonymous_4)
FNDA:0,(anonymous_5)
FNDA:0,(anonymous_6)
FNDA:0,(anonymous_7)
FNDA:0,(anonymous_8)
FNDA:0,(anonymous_9)
FNDA:0,(anonymous_10)
FNDA:0,(anonymous_11)
FNDA:0,(anonymous_12)
FNDA:0,(anonymous_13)
FNDA:0,(anonymous_14)
FNDA:0,(anonymous_15)
FNDA:0,(anonymous_16)
FNDA:0,(anonymous_17)
FNDA:0,(anonymous_18)
FNDA:0,(anonymous_19)
FNDA:0,(anonymous_20)
FNDA:0,(anonymous_21)
FNDA:0,(anonymous_22)
FNDA:0,(anonymous_23)
DA:15,0
DA:16,0
DA:53,0
DA:59,0
DA:65,0
DA:70,0
DA:72,0
DA:77,0
DA:95,0
DA:97,0
DA:98,0
DA:99,0
DA:100,0
DA:103,0
DA:106,0
DA:108,0
DA:111,0
DA:114,0
DA:123,0
DA:124,0
DA:140,0
DA:141,0
DA:142,0
DA:143,0
DA:150,0
DA:151,0
DA:152,0
DA:159,0
DA:160,0
DA:167,0
DA:172,0
DA:188,0
DA:190,0
DA:193,0
DA:196,0
DA:197,0
DA:198,0
DA:199,0
DA:201,0
DA:205,0
DA:208,0
DA:211,0
DA:212,0
DA:213,0
DA:214,0
DA:216,0
DA:220,0
DA:223,0
DA:226,0
DA:227,0
DA:228,0
DA:229,0
DA:231,0
DA:235,0
DA:238,0
DA:241,0
DA:242,0
DA:243,0
DA:244,0
DA:246,0
DA:250,0
DA:252,0
DA:262,0
DA:265,0
DA:266,0
DA:269,0
DA:270,0
DA:271,0
DA:273,0
DA:295,0
DA:296,0
DA:300,0
DA:303,0
DA:304,0
DA:315,0
DA:316,0
DA:317,0
DA:318,0
DA:319,0
DA:321,0
DA:334,0
DA:335,0
DA:336,0
DA:339,0
DA:340,0
DA:352,0
DA:359,0
DA:373,0
LF:88
LH:0
BRDA:97,0,0,0
BRDA:106,1,0,0
BRDA:106,1,1,0
BRDA:123,2,0,0
BRDA:188,3,0,0
BRDA:188,4,0,0
BRDA:188,4,1,0
BRDA:295,5,0,0
BRDA:316,6,0,0
BRDA:334,7,0,0
BRDA:352,8,0,0
BRDA:352,8,1,0
BRF:12
BRH:0
end_of_record
